[0.106s] Invoking command in '/home/george/ROS2/ros2_hoverboard/build/mm_moveit_config': CMAKE_PREFIX_PATH=/home/george/ROS2/ros2_hoverboard/install/ur_description:/home/george/ROS2/ros2_hoverboard/install/ros_components_description:/home/george/ROS2/ros2_hoverboard/install/bringup:/home/george/ROS2/ros2_hoverboard/install/mm_moveit_config:/home/george/ROS2/ros2_hoverboard/install/bringup_mobile:/home/george/ROS2/ros2_hoverboard/install/twist_mux:/home/george/ROS2/ros2_hoverboard/install/topic_based_ros2_control:/home/george/ROS2/ros2_hoverboard/install/swerve_controller:/home/george/ROS2/ros2_hoverboard/install/rplidar_ros2:/home/george/ROS2/ros2_hoverboard/install/nav2:/home/george/ROS2/ros2_hoverboard/install/isaac_sim:/home/george/ROS2/ros2_hoverboard/install/description_mobile:/home/george/ROS2/ros2_hoverboard/install/description:/home/george/ROS2/BehaviorTree/install/mtc_samples:/home/george/ROS2/BehaviorTree/install/mtc_bt:/home/george/ROS2/BehaviorTree/install/moveit_task_constructor_visualization:/home/george/ROS2/BehaviorTree/install/moveit_task_constructor_demo:/home/george/ROS2/BehaviorTree/install/moveit_task_constructor_capabilities:/home/george/ROS2/BehaviorTree/install/moveit_task_constructor_core:/home/george/ROS2/BehaviorTree/install/rviz_marker_tools:/home/george/ROS2/BehaviorTree/install/moveit_task_constructor_msgs:/home/george/ROS2/BehaviorTree/install/btcpp_ros2_samples:/home/george/ROS2/BehaviorTree/install/behaviortree_ros2:/home/george/ROS2/BehaviorTree/install/btcpp_ros2_interfaces:/home/george/ROS2/ws_rmw_zenoh/install/rmw_zenoh_cpp:/home/george/ROS2/ws_rmw_zenoh/install/zenoh_cpp_vendor:/opt/ros/humble /usr/bin/cmake --build /home/george/ROS2/ros2_hoverboard/build/mm_moveit_config -- -j6 -l6
[0.228s] Built target ament_cmake_python_symlink_mm_moveit_config
[0.619s] running egg_info
[0.644s] writing mm_moveit_config.egg-info/PKG-INFO
[0.646s] writing dependency_links to mm_moveit_config.egg-info/dependency_links.txt
[0.646s] writing top-level names to mm_moveit_config.egg-info/top_level.txt
[0.719s] reading manifest file 'mm_moveit_config.egg-info/SOURCES.txt'
[0.720s] writing manifest file 'mm_moveit_config.egg-info/SOURCES.txt'
[0.753s] Built target ament_cmake_python_build_mm_moveit_config_egg
[0.765s] Invoked command in '/home/george/ROS2/ros2_hoverboard/build/mm_moveit_config' returned '0': CMAKE_PREFIX_PATH=/home/george/ROS2/ros2_hoverboard/install/ur_description:/home/george/ROS2/ros2_hoverboard/install/ros_components_description:/home/george/ROS2/ros2_hoverboard/install/bringup:/home/george/ROS2/ros2_hoverboard/install/mm_moveit_config:/home/george/ROS2/ros2_hoverboard/install/bringup_mobile:/home/george/ROS2/ros2_hoverboard/install/twist_mux:/home/george/ROS2/ros2_hoverboard/install/topic_based_ros2_control:/home/george/ROS2/ros2_hoverboard/install/swerve_controller:/home/george/ROS2/ros2_hoverboard/install/rplidar_ros2:/home/george/ROS2/ros2_hoverboard/install/nav2:/home/george/ROS2/ros2_hoverboard/install/isaac_sim:/home/george/ROS2/ros2_hoverboard/install/description_mobile:/home/george/ROS2/ros2_hoverboard/install/description:/home/george/ROS2/BehaviorTree/install/mtc_samples:/home/george/ROS2/BehaviorTree/install/mtc_bt:/home/george/ROS2/BehaviorTree/install/moveit_task_constructor_visualization:/home/george/ROS2/BehaviorTree/install/moveit_task_constructor_demo:/home/george/ROS2/BehaviorTree/install/moveit_task_constructor_capabilities:/home/george/ROS2/BehaviorTree/install/moveit_task_constructor_core:/home/george/ROS2/BehaviorTree/install/rviz_marker_tools:/home/george/ROS2/BehaviorTree/install/moveit_task_constructor_msgs:/home/george/ROS2/BehaviorTree/install/btcpp_ros2_samples:/home/george/ROS2/BehaviorTree/install/behaviortree_ros2:/home/george/ROS2/BehaviorTree/install/btcpp_ros2_interfaces:/home/george/ROS2/ws_rmw_zenoh/install/rmw_zenoh_cpp:/home/george/ROS2/ws_rmw_zenoh/install/zenoh_cpp_vendor:/opt/ros/humble /usr/bin/cmake --build /home/george/ROS2/ros2_hoverboard/build/mm_moveit_config -- -j6 -l6
[0.766s] Invoking command in '/home/george/ROS2/ros2_hoverboard/build/mm_moveit_config': CMAKE_PREFIX_PATH=/home/george/ROS2/ros2_hoverboard/install/ur_description:/home/george/ROS2/ros2_hoverboard/install/ros_components_description:/home/george/ROS2/ros2_hoverboard/install/bringup:/home/george/ROS2/ros2_hoverboard/install/mm_moveit_config:/home/george/ROS2/ros2_hoverboard/install/bringup_mobile:/home/george/ROS2/ros2_hoverboard/install/twist_mux:/home/george/ROS2/ros2_hoverboard/install/topic_based_ros2_control:/home/george/ROS2/ros2_hoverboard/install/swerve_controller:/home/george/ROS2/ros2_hoverboard/install/rplidar_ros2:/home/george/ROS2/ros2_hoverboard/install/nav2:/home/george/ROS2/ros2_hoverboard/install/isaac_sim:/home/george/ROS2/ros2_hoverboard/install/description_mobile:/home/george/ROS2/ros2_hoverboard/install/description:/home/george/ROS2/BehaviorTree/install/mtc_samples:/home/george/ROS2/BehaviorTree/install/mtc_bt:/home/george/ROS2/BehaviorTree/install/moveit_task_constructor_visualization:/home/george/ROS2/BehaviorTree/install/moveit_task_constructor_demo:/home/george/ROS2/BehaviorTree/install/moveit_task_constructor_capabilities:/home/george/ROS2/BehaviorTree/install/moveit_task_constructor_core:/home/george/ROS2/BehaviorTree/install/rviz_marker_tools:/home/george/ROS2/BehaviorTree/install/moveit_task_constructor_msgs:/home/george/ROS2/BehaviorTree/install/btcpp_ros2_samples:/home/george/ROS2/BehaviorTree/install/behaviortree_ros2:/home/george/ROS2/BehaviorTree/install/btcpp_ros2_interfaces:/home/george/ROS2/ws_rmw_zenoh/install/rmw_zenoh_cpp:/home/george/ROS2/ws_rmw_zenoh/install/zenoh_cpp_vendor:/opt/ros/humble /usr/bin/cmake --install /home/george/ROS2/ros2_hoverboard/build/mm_moveit_config
[0.777s] -- Install configuration: ""
[0.778s] -- Execute custom install script
[0.778s] -- Up-to-date symlink: /home/george/ROS2/ros2_hoverboard/install/mm_moveit_config/share/mm_moveit_config/config/controllers.yaml
[0.778s] -- Up-to-date symlink: /home/george/ROS2/ros2_hoverboard/install/mm_moveit_config/share/mm_moveit_config/config/joint_limits.yaml
[0.778s] -- Up-to-date symlink: /home/george/ROS2/ros2_hoverboard/install/mm_moveit_config/share/mm_moveit_config/config/kinematics.yaml
[0.778s] -- Up-to-date symlink: /home/george/ROS2/ros2_hoverboard/install/mm_moveit_config/share/mm_moveit_config/config/ompl_planning.yaml
[0.779s] -- Up-to-date symlink: /home/george/ROS2/ros2_hoverboard/install/mm_moveit_config/share/mm_moveit_config/config/ur_servo.yaml
[0.779s] -- Up-to-date symlink: /home/george/ROS2/ros2_hoverboard/install/mm_moveit_config/share/mm_moveit_config/config/ur_sim_servo.yaml
[0.779s] -- Up-to-date symlink: /home/george/ROS2/ros2_hoverboard/install/mm_moveit_config/share/mm_moveit_config/launch/mm_sim_moveit.launch.py
[0.779s] -- Up-to-date symlink: /home/george/ROS2/ros2_hoverboard/install/mm_moveit_config/share/mm_moveit_config/rviz/view_robot.rviz
[0.779s] -- Up-to-date symlink: /home/george/ROS2/ros2_hoverboard/install/mm_moveit_config/share/mm_moveit_config/srdf/mobile_manipulator.srdf.xacro
[0.779s] -- Up-to-date symlink: /home/george/ROS2/ros2_hoverboard/install/mm_moveit_config/share/mm_moveit_config/srdf/mobile_manipulator_macro.srdf.xacro
[0.780s] -- Up-to-date symlink: /home/george/ROS2/ros2_hoverboard/install/mm_moveit_config/share/mm_moveit_config/environment/pythonpath.sh
[0.780s] -- Up-to-date symlink: /home/george/ROS2/ros2_hoverboard/install/mm_moveit_config/share/mm_moveit_config/environment/pythonpath.dsv
[0.780s] -- Up-to-date symlink: /home/george/ROS2/ros2_hoverboard/install/mm_moveit_config/local/lib/python3.10/dist-packages/mm_moveit_config-2.5.2-py3.10.egg-info/PKG-INFO
[0.780s] -- Up-to-date symlink: /home/george/ROS2/ros2_hoverboard/install/mm_moveit_config/local/lib/python3.10/dist-packages/mm_moveit_config-2.5.2-py3.10.egg-info/SOURCES.txt
[0.781s] -- Up-to-date symlink: /home/george/ROS2/ros2_hoverboard/install/mm_moveit_config/local/lib/python3.10/dist-packages/mm_moveit_config-2.5.2-py3.10.egg-info/dependency_links.txt
[0.781s] -- Up-to-date symlink: /home/george/ROS2/ros2_hoverboard/install/mm_moveit_config/local/lib/python3.10/dist-packages/mm_moveit_config-2.5.2-py3.10.egg-info/top_level.txt
[0.781s] -- Up-to-date symlink: /home/george/ROS2/ros2_hoverboard/install/mm_moveit_config/local/lib/python3.10/dist-packages/mm_moveit_config/__init__.py
[0.781s] -- Up-to-date symlink: /home/george/ROS2/ros2_hoverboard/install/mm_moveit_config/local/lib/python3.10/dist-packages/mm_moveit_config/launch_common.py
[0.781s] -- Up-to-date symlink: /home/george/ROS2/ros2_hoverboard/install/mm_moveit_config/local/lib/python3.10/dist-packages/launch_common.py
[0.782s] -- Up-to-date symlink: /home/george/ROS2/ros2_hoverboard/install/mm_moveit_config/share/ament_index/resource_index/package_run_dependencies/mm_moveit_config
[0.782s] -- Up-to-date symlink: /home/george/ROS2/ros2_hoverboard/install/mm_moveit_config/share/ament_index/resource_index/parent_prefix_path/mm_moveit_config
[0.782s] -- Up-to-date symlink: /home/george/ROS2/ros2_hoverboard/install/mm_moveit_config/share/mm_moveit_config/environment/ament_prefix_path.sh
[0.782s] -- Up-to-date symlink: /home/george/ROS2/ros2_hoverboard/install/mm_moveit_config/share/mm_moveit_config/environment/ament_prefix_path.dsv
[0.782s] -- Up-to-date symlink: /home/george/ROS2/ros2_hoverboard/install/mm_moveit_config/share/mm_moveit_config/environment/path.sh
[0.783s] -- Up-to-date symlink: /home/george/ROS2/ros2_hoverboard/install/mm_moveit_config/share/mm_moveit_config/environment/path.dsv
[0.783s] -- Up-to-date symlink: /home/george/ROS2/ros2_hoverboard/install/mm_moveit_config/share/mm_moveit_config/local_setup.bash
[0.783s] -- Up-to-date symlink: /home/george/ROS2/ros2_hoverboard/install/mm_moveit_config/share/mm_moveit_config/local_setup.sh
[0.783s] -- Up-to-date symlink: /home/george/ROS2/ros2_hoverboard/install/mm_moveit_config/share/mm_moveit_config/local_setup.zsh
[0.783s] -- Up-to-date symlink: /home/george/ROS2/ros2_hoverboard/install/mm_moveit_config/share/mm_moveit_config/local_setup.dsv
[0.783s] -- Symlinking: /home/george/ROS2/ros2_hoverboard/install/mm_moveit_config/share/mm_moveit_config/package.dsv
[0.795s] -- Up-to-date symlink: /home/george/ROS2/ros2_hoverboard/install/mm_moveit_config/share/ament_index/resource_index/packages/mm_moveit_config
[0.795s] -- Up-to-date symlink: /home/george/ROS2/ros2_hoverboard/install/mm_moveit_config/share/mm_moveit_config/cmake/mm_moveit_configConfig.cmake
[0.795s] -- Up-to-date symlink: /home/george/ROS2/ros2_hoverboard/install/mm_moveit_config/share/mm_moveit_config/cmake/mm_moveit_configConfig-version.cmake
[0.795s] -- Up-to-date symlink: /home/george/ROS2/ros2_hoverboard/install/mm_moveit_config/share/mm_moveit_config/package.xml
[0.830s] Listing '/home/george/ROS2/ros2_hoverboard/install/mm_moveit_config/local/lib/python3.10/dist-packages/mm_moveit_config'...
[0.876s] Invoked command in '/home/george/ROS2/ros2_hoverboard/build/mm_moveit_config' returned '0': CMAKE_PREFIX_PATH=/home/george/ROS2/ros2_hoverboard/install/ur_description:/home/george/ROS2/ros2_hoverboard/install/ros_components_description:/home/george/ROS2/ros2_hoverboard/install/bringup:/home/george/ROS2/ros2_hoverboard/install/mm_moveit_config:/home/george/ROS2/ros2_hoverboard/install/bringup_mobile:/home/george/ROS2/ros2_hoverboard/install/twist_mux:/home/george/ROS2/ros2_hoverboard/install/topic_based_ros2_control:/home/george/ROS2/ros2_hoverboard/install/swerve_controller:/home/george/ROS2/ros2_hoverboard/install/rplidar_ros2:/home/george/ROS2/ros2_hoverboard/install/nav2:/home/george/ROS2/ros2_hoverboard/install/isaac_sim:/home/george/ROS2/ros2_hoverboard/install/description_mobile:/home/george/ROS2/ros2_hoverboard/install/description:/home/george/ROS2/BehaviorTree/install/mtc_samples:/home/george/ROS2/BehaviorTree/install/mtc_bt:/home/george/ROS2/BehaviorTree/install/moveit_task_constructor_visualization:/home/george/ROS2/BehaviorTree/install/moveit_task_constructor_demo:/home/george/ROS2/BehaviorTree/install/moveit_task_constructor_capabilities:/home/george/ROS2/BehaviorTree/install/moveit_task_constructor_core:/home/george/ROS2/BehaviorTree/install/rviz_marker_tools:/home/george/ROS2/BehaviorTree/install/moveit_task_constructor_msgs:/home/george/ROS2/BehaviorTree/install/btcpp_ros2_samples:/home/george/ROS2/BehaviorTree/install/behaviortree_ros2:/home/george/ROS2/BehaviorTree/install/btcpp_ros2_interfaces:/home/george/ROS2/ws_rmw_zenoh/install/rmw_zenoh_cpp:/home/george/ROS2/ws_rmw_zenoh/install/zenoh_cpp_vendor:/opt/ros/humble /usr/bin/cmake --install /home/george/ROS2/ros2_hoverboard/build/mm_moveit_config
