-- The C compiler identification is GNU 11.4.0
-- The CXX compiler identification is GNU 11.4.0
-- Detecting C compiler ABI info
-- Detecting C compiler ABI info - done
-- Check for working C compiler: /usr/bin/cc - skipped
-- Detecting C compile features
-- Detecting C compile features - done
-- Detecting CXX compiler ABI info
-- Detecting CXX compiler ABI info - done
-- Check for working CXX compiler: /usr/bin/c++ - skipped
-- Detecting CXX compile features
-- Detecting CXX compile features - done
-- Found ament_cmake: 1.3.11 (/opt/ros/humble/share/ament_cmake/cmake)
-- Found Python3: /usr/bin/python3 (found version "3.10.12") found components: Interpreter 
-- Override CMake install command with custom implementation using symlinks instead of copying resources
-- Configuring done
-- Generating done
-- Build files have been written to: /home/george/ROS2/ros2_hoverboard/build/mm_moveit_config
Built target ament_cmake_python_symlink_mm_moveit_config
running egg_info
creating mm_moveit_config.egg-info
writing mm_moveit_config.egg-info/PKG-INFO
writing dependency_links to mm_moveit_config.egg-info/dependency_links.txt
writing top-level names to mm_moveit_config.egg-info/top_level.txt
writing manifest file 'mm_moveit_config.egg-info/SOURCES.txt'
reading manifest file 'mm_moveit_config.egg-info/SOURCES.txt'
writing manifest file 'mm_moveit_config.egg-info/SOURCES.txt'
Built target ament_cmake_python_build_mm_moveit_config_egg
-- Install configuration: ""
-- Execute custom install script
-- Symlinking: /home/george/ROS2/ros2_hoverboard/install/mm_moveit_config/share/mm_moveit_config/config/controllers.yaml
-- Symlinking: /home/george/ROS2/ros2_hoverboard/install/mm_moveit_config/share/mm_moveit_config/config/joint_limits.yaml
-- Symlinking: /home/george/ROS2/ros2_hoverboard/install/mm_moveit_config/share/mm_moveit_config/config/kinematics.yaml
-- Symlinking: /home/george/ROS2/ros2_hoverboard/install/mm_moveit_config/share/mm_moveit_config/config/ompl_planning.yaml
-- Symlinking: /home/george/ROS2/ros2_hoverboard/install/mm_moveit_config/share/mm_moveit_config/config/ur_servo.yaml
-- Symlinking: /home/george/ROS2/ros2_hoverboard/install/mm_moveit_config/share/mm_moveit_config/config/ur_sim_servo.yaml
-- Symlinking: /home/george/ROS2/ros2_hoverboard/install/mm_moveit_config/share/mm_moveit_config/launch/mm_sim_moveit.launch.py
-- Symlinking: /home/george/ROS2/ros2_hoverboard/install/mm_moveit_config/share/mm_moveit_config/rviz/view_robot.rviz
-- Symlinking: /home/george/ROS2/ros2_hoverboard/install/mm_moveit_config/share/mm_moveit_config/srdf/mobile_manipulator.srdf.xacro
-- Symlinking: /home/george/ROS2/ros2_hoverboard/install/mm_moveit_config/share/mm_moveit_config/srdf/mobile_manipulator_macro.srdf.xacro
-- Symlinking: /home/george/ROS2/ros2_hoverboard/install/mm_moveit_config/share/mm_moveit_config/environment/pythonpath.sh
-- Symlinking: /home/george/ROS2/ros2_hoverboard/install/mm_moveit_config/share/mm_moveit_config/environment/pythonpath.dsv
-- Symlinking: /home/george/ROS2/ros2_hoverboard/install/mm_moveit_config/local/lib/python3.10/dist-packages/mm_moveit_config-2.5.2-py3.10.egg-info/PKG-INFO
-- Symlinking: /home/george/ROS2/ros2_hoverboard/install/mm_moveit_config/local/lib/python3.10/dist-packages/mm_moveit_config-2.5.2-py3.10.egg-info/SOURCES.txt
-- Symlinking: /home/george/ROS2/ros2_hoverboard/install/mm_moveit_config/local/lib/python3.10/dist-packages/mm_moveit_config-2.5.2-py3.10.egg-info/dependency_links.txt
-- Symlinking: /home/george/ROS2/ros2_hoverboard/install/mm_moveit_config/local/lib/python3.10/dist-packages/mm_moveit_config-2.5.2-py3.10.egg-info/top_level.txt
-- Symlinking: /home/george/ROS2/ros2_hoverboard/install/mm_moveit_config/local/lib/python3.10/dist-packages/mm_moveit_config/__init__.py
-- Symlinking: /home/george/ROS2/ros2_hoverboard/install/mm_moveit_config/local/lib/python3.10/dist-packages/mm_moveit_config/launch_common.py
-- Symlinking: /home/george/ROS2/ros2_hoverboard/install/mm_moveit_config/local/lib/python3.10/dist-packages/launch_common.py
-- Symlinking: /home/george/ROS2/ros2_hoverboard/install/mm_moveit_config/share/ament_index/resource_index/package_run_dependencies/mm_moveit_config
-- Symlinking: /home/george/ROS2/ros2_hoverboard/install/mm_moveit_config/share/ament_index/resource_index/parent_prefix_path/mm_moveit_config
-- Symlinking: /home/george/ROS2/ros2_hoverboard/install/mm_moveit_config/share/mm_moveit_config/environment/ament_prefix_path.sh
-- Symlinking: /home/george/ROS2/ros2_hoverboard/install/mm_moveit_config/share/mm_moveit_config/environment/ament_prefix_path.dsv
-- Symlinking: /home/george/ROS2/ros2_hoverboard/install/mm_moveit_config/share/mm_moveit_config/environment/path.sh
-- Symlinking: /home/george/ROS2/ros2_hoverboard/install/mm_moveit_config/share/mm_moveit_config/environment/path.dsv
-- Symlinking: /home/george/ROS2/ros2_hoverboard/install/mm_moveit_config/share/mm_moveit_config/local_setup.bash
-- Symlinking: /home/george/ROS2/ros2_hoverboard/install/mm_moveit_config/share/mm_moveit_config/local_setup.sh
-- Symlinking: /home/george/ROS2/ros2_hoverboard/install/mm_moveit_config/share/mm_moveit_config/local_setup.zsh
-- Symlinking: /home/george/ROS2/ros2_hoverboard/install/mm_moveit_config/share/mm_moveit_config/local_setup.dsv
-- Symlinking: /home/george/ROS2/ros2_hoverboard/install/mm_moveit_config/share/mm_moveit_config/package.dsv
-- Symlinking: /home/george/ROS2/ros2_hoverboard/install/mm_moveit_config/share/ament_index/resource_index/packages/mm_moveit_config
-- Symlinking: /home/george/ROS2/ros2_hoverboard/install/mm_moveit_config/share/mm_moveit_config/cmake/mm_moveit_configConfig.cmake
-- Symlinking: /home/george/ROS2/ros2_hoverboard/install/mm_moveit_config/share/mm_moveit_config/cmake/mm_moveit_configConfig-version.cmake
-- Symlinking: /home/george/ROS2/ros2_hoverboard/install/mm_moveit_config/share/mm_moveit_config/package.xml
Listing '/home/george/ROS2/ros2_hoverboard/install/mm_moveit_config/local/lib/python3.10/dist-packages/mm_moveit_config'...
Compiling '/home/george/ROS2/ros2_hoverboard/install/mm_moveit_config/local/lib/python3.10/dist-packages/mm_moveit_config/__init__.py'...
Compiling '/home/george/ROS2/ros2_hoverboard/install/mm_moveit_config/local/lib/python3.10/dist-packages/mm_moveit_config/launch_common.py'...
Compiling '/home/george/ROS2/ros2_hoverboard/install/mm_moveit_config/local/lib/python3.10/dist-packages/launch_common.py'...
