[0.026s] Invoking command in '/home/george/ROS2/ros2_hoverboard/build/mm_moveit_config': CMAKE_PREFIX_PATH=/home/george/ROS2/ros2_hoverboard/install/ur_description:/home/george/ROS2/ros2_hoverboard/install/ros_components_description:/home/george/ROS2/ros2_hoverboard/install/bringup:/home/george/ROS2/ros2_hoverboard/install/mm_moveit_config:/home/george/ROS2/ros2_hoverboard/install/bringup_mobile:/home/george/ROS2/ros2_hoverboard/install/twist_mux:/home/george/ROS2/ros2_hoverboard/install/topic_based_ros2_control:/home/george/ROS2/ros2_hoverboard/install/swerve_controller:/home/george/ROS2/ros2_hoverboard/install/rplidar_ros2:/home/george/ROS2/ros2_hoverboard/install/nav2:/home/george/ROS2/ros2_hoverboard/install/isaac_sim:/home/george/ROS2/ros2_hoverboard/install/description_mobile:/home/george/ROS2/ros2_hoverboard/install/description:/home/george/ROS2/ws_rmw_zenoh/install/rmw_zenoh_cpp:/home/george/ROS2/ws_rmw_zenoh/install/zenoh_cpp_vendor:/opt/ros/humble /usr/bin/cmake /home/george/ROS2/ros2_hoverboard/src/mobile_manipulator/mm_moveit_config -DAMENT_CMAKE_SYMLINK_INSTALL=1 -DCMAKE_INSTALL_PREFIX=/home/george/ROS2/ros2_hoverboard/install/mm_moveit_config
[0.270s] -- The C compiler identification is GNU 11.4.0
[0.270s] -- The CXX compiler identification is GNU 11.4.0
[0.287s] -- Detecting C compiler ABI info
[0.449s] -- Detecting C compiler ABI info - done
[0.462s] -- Check for working C compiler: /usr/bin/cc - skipped
[0.463s] -- Detecting C compile features
[0.463s] -- Detecting C compile features - done
[0.469s] -- Detecting CXX compiler ABI info
[0.678s] -- Detecting CXX compiler ABI info - done
[0.697s] -- Check for working CXX compiler: /usr/bin/c++ - skipped
[0.702s] -- Detecting CXX compile features
[0.702s] -- Detecting CXX compile features - done
[0.714s] -- Found ament_cmake: 1.3.11 (/opt/ros/humble/share/ament_cmake/cmake)
[1.800s] -- Found Python3: /usr/bin/python3 (found version "3.10.12") found components: Interpreter 
[1.985s] -- Override CMake install command with custom implementation using symlinks instead of copying resources
[2.679s] -- Configuring done
[2.691s] -- Generating done
[2.695s] -- Build files have been written to: /home/george/ROS2/ros2_hoverboard/build/mm_moveit_config
[2.711s] Invoked command in '/home/george/ROS2/ros2_hoverboard/build/mm_moveit_config' returned '0': CMAKE_PREFIX_PATH=/home/george/ROS2/ros2_hoverboard/install/ur_description:/home/george/ROS2/ros2_hoverboard/install/ros_components_description:/home/george/ROS2/ros2_hoverboard/install/bringup:/home/george/ROS2/ros2_hoverboard/install/mm_moveit_config:/home/george/ROS2/ros2_hoverboard/install/bringup_mobile:/home/george/ROS2/ros2_hoverboard/install/twist_mux:/home/george/ROS2/ros2_hoverboard/install/topic_based_ros2_control:/home/george/ROS2/ros2_hoverboard/install/swerve_controller:/home/george/ROS2/ros2_hoverboard/install/rplidar_ros2:/home/george/ROS2/ros2_hoverboard/install/nav2:/home/george/ROS2/ros2_hoverboard/install/isaac_sim:/home/george/ROS2/ros2_hoverboard/install/description_mobile:/home/george/ROS2/ros2_hoverboard/install/description:/home/george/ROS2/ws_rmw_zenoh/install/rmw_zenoh_cpp:/home/george/ROS2/ws_rmw_zenoh/install/zenoh_cpp_vendor:/opt/ros/humble /usr/bin/cmake /home/george/ROS2/ros2_hoverboard/src/mobile_manipulator/mm_moveit_config -DAMENT_CMAKE_SYMLINK_INSTALL=1 -DCMAKE_INSTALL_PREFIX=/home/george/ROS2/ros2_hoverboard/install/mm_moveit_config
[2.711s] Invoking command in '/home/george/ROS2/ros2_hoverboard/build/mm_moveit_config': CMAKE_PREFIX_PATH=/home/george/ROS2/ros2_hoverboard/install/ur_description:/home/george/ROS2/ros2_hoverboard/install/ros_components_description:/home/george/ROS2/ros2_hoverboard/install/bringup:/home/george/ROS2/ros2_hoverboard/install/mm_moveit_config:/home/george/ROS2/ros2_hoverboard/install/bringup_mobile:/home/george/ROS2/ros2_hoverboard/install/twist_mux:/home/george/ROS2/ros2_hoverboard/install/topic_based_ros2_control:/home/george/ROS2/ros2_hoverboard/install/swerve_controller:/home/george/ROS2/ros2_hoverboard/install/rplidar_ros2:/home/george/ROS2/ros2_hoverboard/install/nav2:/home/george/ROS2/ros2_hoverboard/install/isaac_sim:/home/george/ROS2/ros2_hoverboard/install/description_mobile:/home/george/ROS2/ros2_hoverboard/install/description:/home/george/ROS2/ws_rmw_zenoh/install/rmw_zenoh_cpp:/home/george/ROS2/ws_rmw_zenoh/install/zenoh_cpp_vendor:/opt/ros/humble /usr/bin/cmake --build /home/george/ROS2/ros2_hoverboard/build/mm_moveit_config -- -j6 -l6
[4.474s] Built target ament_cmake_python_symlink_mm_moveit_config
[4.475s] running egg_info
[4.475s] creating mm_moveit_config.egg-info
[4.475s] writing mm_moveit_config.egg-info/PKG-INFO
[4.475s] writing dependency_links to mm_moveit_config.egg-info/dependency_links.txt
[4.475s] writing top-level names to mm_moveit_config.egg-info/top_level.txt
[4.475s] writing manifest file 'mm_moveit_config.egg-info/SOURCES.txt'
[4.475s] reading manifest file 'mm_moveit_config.egg-info/SOURCES.txt'
[4.475s] writing manifest file 'mm_moveit_config.egg-info/SOURCES.txt'
[4.475s] Built target ament_cmake_python_build_mm_moveit_config_egg
[4.485s] Invoked command in '/home/george/ROS2/ros2_hoverboard/build/mm_moveit_config' returned '0': CMAKE_PREFIX_PATH=/home/george/ROS2/ros2_hoverboard/install/ur_description:/home/george/ROS2/ros2_hoverboard/install/ros_components_description:/home/george/ROS2/ros2_hoverboard/install/bringup:/home/george/ROS2/ros2_hoverboard/install/mm_moveit_config:/home/george/ROS2/ros2_hoverboard/install/bringup_mobile:/home/george/ROS2/ros2_hoverboard/install/twist_mux:/home/george/ROS2/ros2_hoverboard/install/topic_based_ros2_control:/home/george/ROS2/ros2_hoverboard/install/swerve_controller:/home/george/ROS2/ros2_hoverboard/install/rplidar_ros2:/home/george/ROS2/ros2_hoverboard/install/nav2:/home/george/ROS2/ros2_hoverboard/install/isaac_sim:/home/george/ROS2/ros2_hoverboard/install/description_mobile:/home/george/ROS2/ros2_hoverboard/install/description:/home/george/ROS2/ws_rmw_zenoh/install/rmw_zenoh_cpp:/home/george/ROS2/ws_rmw_zenoh/install/zenoh_cpp_vendor:/opt/ros/humble /usr/bin/cmake --build /home/george/ROS2/ros2_hoverboard/build/mm_moveit_config -- -j6 -l6
[4.485s] Invoking command in '/home/george/ROS2/ros2_hoverboard/build/mm_moveit_config': CMAKE_PREFIX_PATH=/home/george/ROS2/ros2_hoverboard/install/ur_description:/home/george/ROS2/ros2_hoverboard/install/ros_components_description:/home/george/ROS2/ros2_hoverboard/install/bringup:/home/george/ROS2/ros2_hoverboard/install/mm_moveit_config:/home/george/ROS2/ros2_hoverboard/install/bringup_mobile:/home/george/ROS2/ros2_hoverboard/install/twist_mux:/home/george/ROS2/ros2_hoverboard/install/topic_based_ros2_control:/home/george/ROS2/ros2_hoverboard/install/swerve_controller:/home/george/ROS2/ros2_hoverboard/install/rplidar_ros2:/home/george/ROS2/ros2_hoverboard/install/nav2:/home/george/ROS2/ros2_hoverboard/install/isaac_sim:/home/george/ROS2/ros2_hoverboard/install/description_mobile:/home/george/ROS2/ros2_hoverboard/install/description:/home/george/ROS2/ws_rmw_zenoh/install/rmw_zenoh_cpp:/home/george/ROS2/ws_rmw_zenoh/install/zenoh_cpp_vendor:/opt/ros/humble /usr/bin/cmake --install /home/george/ROS2/ros2_hoverboard/build/mm_moveit_config
[11.113s] -- Install configuration: ""
[11.113s] -- Execute custom install script
[11.113s] -- Symlinking: /home/george/ROS2/ros2_hoverboard/install/mm_moveit_config/share/mm_moveit_config/config/controllers.yaml
[11.114s] -- Symlinking: /home/george/ROS2/ros2_hoverboard/install/mm_moveit_config/share/mm_moveit_config/config/joint_limits.yaml
[11.114s] -- Symlinking: /home/george/ROS2/ros2_hoverboard/install/mm_moveit_config/share/mm_moveit_config/config/kinematics.yaml
[11.114s] -- Symlinking: /home/george/ROS2/ros2_hoverboard/install/mm_moveit_config/share/mm_moveit_config/config/ompl_planning.yaml
[11.114s] -- Symlinking: /home/george/ROS2/ros2_hoverboard/install/mm_moveit_config/share/mm_moveit_config/config/ur_servo.yaml
[11.114s] -- Symlinking: /home/george/ROS2/ros2_hoverboard/install/mm_moveit_config/share/mm_moveit_config/config/ur_sim_servo.yaml
[11.114s] -- Symlinking: /home/george/ROS2/ros2_hoverboard/install/mm_moveit_config/share/mm_moveit_config/launch/mm_sim_moveit.launch.py
[11.114s] -- Symlinking: /home/george/ROS2/ros2_hoverboard/install/mm_moveit_config/share/mm_moveit_config/rviz/view_robot.rviz
[11.114s] -- Symlinking: /home/george/ROS2/ros2_hoverboard/install/mm_moveit_config/share/mm_moveit_config/srdf/mobile_manipulator.srdf.xacro
[11.114s] -- Symlinking: /home/george/ROS2/ros2_hoverboard/install/mm_moveit_config/share/mm_moveit_config/srdf/mobile_manipulator_macro.srdf.xacro
[11.114s] -- Symlinking: /home/george/ROS2/ros2_hoverboard/install/mm_moveit_config/share/mm_moveit_config/environment/pythonpath.sh
[11.114s] -- Symlinking: /home/george/ROS2/ros2_hoverboard/install/mm_moveit_config/share/mm_moveit_config/environment/pythonpath.dsv
[11.114s] -- Symlinking: /home/george/ROS2/ros2_hoverboard/install/mm_moveit_config/local/lib/python3.10/dist-packages/mm_moveit_config-2.5.2-py3.10.egg-info/PKG-INFO
[11.114s] -- Symlinking: /home/george/ROS2/ros2_hoverboard/install/mm_moveit_config/local/lib/python3.10/dist-packages/mm_moveit_config-2.5.2-py3.10.egg-info/SOURCES.txt
[11.114s] -- Symlinking: /home/george/ROS2/ros2_hoverboard/install/mm_moveit_config/local/lib/python3.10/dist-packages/mm_moveit_config-2.5.2-py3.10.egg-info/dependency_links.txt
[11.114s] -- Symlinking: /home/george/ROS2/ros2_hoverboard/install/mm_moveit_config/local/lib/python3.10/dist-packages/mm_moveit_config-2.5.2-py3.10.egg-info/top_level.txt
[11.114s] -- Symlinking: /home/george/ROS2/ros2_hoverboard/install/mm_moveit_config/local/lib/python3.10/dist-packages/mm_moveit_config/__init__.py
[11.114s] -- Symlinking: /home/george/ROS2/ros2_hoverboard/install/mm_moveit_config/local/lib/python3.10/dist-packages/mm_moveit_config/launch_common.py
[11.114s] -- Symlinking: /home/george/ROS2/ros2_hoverboard/install/mm_moveit_config/local/lib/python3.10/dist-packages/launch_common.py
[11.114s] -- Symlinking: /home/george/ROS2/ros2_hoverboard/install/mm_moveit_config/share/ament_index/resource_index/package_run_dependencies/mm_moveit_config
[11.114s] -- Symlinking: /home/george/ROS2/ros2_hoverboard/install/mm_moveit_config/share/ament_index/resource_index/parent_prefix_path/mm_moveit_config
[11.115s] -- Symlinking: /home/george/ROS2/ros2_hoverboard/install/mm_moveit_config/share/mm_moveit_config/environment/ament_prefix_path.sh
[11.115s] -- Symlinking: /home/george/ROS2/ros2_hoverboard/install/mm_moveit_config/share/mm_moveit_config/environment/ament_prefix_path.dsv
[11.115s] -- Symlinking: /home/george/ROS2/ros2_hoverboard/install/mm_moveit_config/share/mm_moveit_config/environment/path.sh
[11.115s] -- Symlinking: /home/george/ROS2/ros2_hoverboard/install/mm_moveit_config/share/mm_moveit_config/environment/path.dsv
[11.115s] -- Symlinking: /home/george/ROS2/ros2_hoverboard/install/mm_moveit_config/share/mm_moveit_config/local_setup.bash
[11.115s] -- Symlinking: /home/george/ROS2/ros2_hoverboard/install/mm_moveit_config/share/mm_moveit_config/local_setup.sh
[11.115s] -- Symlinking: /home/george/ROS2/ros2_hoverboard/install/mm_moveit_config/share/mm_moveit_config/local_setup.zsh
[11.115s] -- Symlinking: /home/george/ROS2/ros2_hoverboard/install/mm_moveit_config/share/mm_moveit_config/local_setup.dsv
[11.115s] -- Symlinking: /home/george/ROS2/ros2_hoverboard/install/mm_moveit_config/share/mm_moveit_config/package.dsv
[11.115s] -- Symlinking: /home/george/ROS2/ros2_hoverboard/install/mm_moveit_config/share/ament_index/resource_index/packages/mm_moveit_config
[11.115s] -- Symlinking: /home/george/ROS2/ros2_hoverboard/install/mm_moveit_config/share/mm_moveit_config/cmake/mm_moveit_configConfig.cmake
[11.115s] -- Symlinking: /home/george/ROS2/ros2_hoverboard/install/mm_moveit_config/share/mm_moveit_config/cmake/mm_moveit_configConfig-version.cmake
[11.115s] -- Symlinking: /home/george/ROS2/ros2_hoverboard/install/mm_moveit_config/share/mm_moveit_config/package.xml
[11.115s] Listing '/home/george/ROS2/ros2_hoverboard/install/mm_moveit_config/local/lib/python3.10/dist-packages/mm_moveit_config'...
[11.115s] Compiling '/home/george/ROS2/ros2_hoverboard/install/mm_moveit_config/local/lib/python3.10/dist-packages/mm_moveit_config/__init__.py'...
[11.115s] Compiling '/home/george/ROS2/ros2_hoverboard/install/mm_moveit_config/local/lib/python3.10/dist-packages/mm_moveit_config/launch_common.py'...
[11.115s] Compiling '/home/george/ROS2/ros2_hoverboard/install/mm_moveit_config/local/lib/python3.10/dist-packages/launch_common.py'...
[11.115s] Invoked command in '/home/george/ROS2/ros2_hoverboard/build/mm_moveit_config' returned '0': CMAKE_PREFIX_PATH=/home/george/ROS2/ros2_hoverboard/install/ur_description:/home/george/ROS2/ros2_hoverboard/install/ros_components_description:/home/george/ROS2/ros2_hoverboard/install/bringup:/home/george/ROS2/ros2_hoverboard/install/mm_moveit_config:/home/george/ROS2/ros2_hoverboard/install/bringup_mobile:/home/george/ROS2/ros2_hoverboard/install/twist_mux:/home/george/ROS2/ros2_hoverboard/install/topic_based_ros2_control:/home/george/ROS2/ros2_hoverboard/install/swerve_controller:/home/george/ROS2/ros2_hoverboard/install/rplidar_ros2:/home/george/ROS2/ros2_hoverboard/install/nav2:/home/george/ROS2/ros2_hoverboard/install/isaac_sim:/home/george/ROS2/ros2_hoverboard/install/description_mobile:/home/george/ROS2/ros2_hoverboard/install/description:/home/george/ROS2/ws_rmw_zenoh/install/rmw_zenoh_cpp:/home/george/ROS2/ws_rmw_zenoh/install/zenoh_cpp_vendor:/opt/ros/humble /usr/bin/cmake --install /home/george/ROS2/ros2_hoverboard/build/mm_moveit_config
