[0.028s] Invoking command in '/home/george/ROS2/ros2_hoverboard/build/description': CMAKE_PREFIX_PATH=${CMAKE_PREFIX_PATH}:/opt/ros/humble /usr/bin/cmake /home/george/ROS2/ros2_hoverboard/src/mobile_manipulator/description -DAMENT_CMAKE_SYMLINK_INSTALL=1 -DCMAKE_INSTALL_PREFIX=/home/george/ROS2/ros2_hoverboard/install/description
[0.092s] -- The C compiler identification is GNU 11.4.0
[0.153s] -- The CXX compiler identification is GNU 11.4.0
[0.165s] -- Detecting C compiler ABI info
[0.248s] -- Detecting C compiler ABI info - done
[0.255s] -- Check for working C compiler: /usr/bin/cc - skipped
[0.255s] -- Detecting C compile features
[0.255s] -- Detecting C compile features - done
[0.258s] -- Detecting CXX compiler ABI info
[0.350s] -- Detecting CXX compiler ABI info - done
[0.361s] -- Check for working CXX compiler: /usr/bin/c++ - skipped
[0.362s] -- Detecting CXX compile features
[0.362s] -- Detecting CXX compile features - done
[0.364s] -- Found ament_cmake: 1.3.11 (/opt/ros/humble/share/ament_cmake/cmake)
[0.800s] -- Found Python3: /usr/bin/python3 (found version "3.10.12") found components: Interpreter 
[0.870s] -- Override CMake install command with custom implementation using symlinks instead of copying resources
[0.908s] -- Found ament_lint_auto: 0.12.11 (/opt/ros/humble/share/ament_lint_auto/cmake)
[1.033s] -- Added test 'flake8' to check Python code syntax and style conventions
[1.033s] -- Added test 'lint_cmake' to check CMake code style
[1.034s] -- Added test 'pep257' to check Python code against some of the docstring style conventions in PEP 257
[1.039s] -- Added test 'xmllint' to check XML markup files
[1.041s] -- Configuring done
[1.045s] -- Generating done
[1.045s] -- Build files have been written to: /home/george/ROS2/ros2_hoverboard/build/description
[1.052s] Invoked command in '/home/george/ROS2/ros2_hoverboard/build/description' returned '0': CMAKE_PREFIX_PATH=${CMAKE_PREFIX_PATH}:/opt/ros/humble /usr/bin/cmake /home/george/ROS2/ros2_hoverboard/src/mobile_manipulator/description -DAMENT_CMAKE_SYMLINK_INSTALL=1 -DCMAKE_INSTALL_PREFIX=/home/george/ROS2/ros2_hoverboard/install/description
[1.053s] Invoking command in '/home/george/ROS2/ros2_hoverboard/build/description': CMAKE_PREFIX_PATH=${CMAKE_PREFIX_PATH}:/opt/ros/humble /usr/bin/cmake --build /home/george/ROS2/ros2_hoverboard/build/description -- -j6 -l6
[1.101s] Invoked command in '/home/george/ROS2/ros2_hoverboard/build/description' returned '0': CMAKE_PREFIX_PATH=${CMAKE_PREFIX_PATH}:/opt/ros/humble /usr/bin/cmake --build /home/george/ROS2/ros2_hoverboard/build/description -- -j6 -l6
[1.111s] Invoking command in '/home/george/ROS2/ros2_hoverboard/build/description': CMAKE_PREFIX_PATH=${CMAKE_PREFIX_PATH}:/opt/ros/humble /usr/bin/cmake --install /home/george/ROS2/ros2_hoverboard/build/description
[1.121s] -- Install configuration: ""
[1.121s] -- Execute custom install script
[1.122s] -- Symlinking: /home/george/ROS2/ros2_hoverboard/install/description/share/description/launch/__pycache__/view_robot_ackermann.launch.cpython-310.pyc
[1.139s] -- Symlinking: /home/george/ROS2/ros2_hoverboard/install/description/share/description/launch/__pycache__/view_robot_ackermann_2BOT.launch.cpython-310.pyc
[1.148s] -- Symlinking: /home/george/ROS2/ros2_hoverboard/install/description/share/description/launch/__pycache__/view_robot_swerve.launch.cpython-310.pyc
[1.160s] -- Symlinking: /home/george/ROS2/ros2_hoverboard/install/description/share/description/launch/view_robot.launch.py
[1.169s] -- Symlinking: /home/george/ROS2/ros2_hoverboard/install/description/share/description/rviz/amr_view.rviz
[1.177s] -- Symlinking: /home/george/ROS2/ros2_hoverboard/install/description/share/description/rviz/display.rviz
[1.187s] -- Symlinking: /home/george/ROS2/ros2_hoverboard/install/description/share/description/rviz/view.rviz
[1.197s] -- Symlinking: /home/george/ROS2/ros2_hoverboard/install/description/share/description/urdf/mobile_manipulator.urdf.xacro
[1.209s] -- Symlinking: /home/george/ROS2/ros2_hoverboard/install/description/share/ament_index/resource_index/package_run_dependencies/description
[1.217s] -- Symlinking: /home/george/ROS2/ros2_hoverboard/install/description/share/ament_index/resource_index/parent_prefix_path/description
[1.227s] -- Symlinking: /home/george/ROS2/ros2_hoverboard/install/description/share/description/environment/ament_prefix_path.sh
[1.236s] -- Symlinking: /home/george/ROS2/ros2_hoverboard/install/description/share/description/environment/ament_prefix_path.dsv
[1.245s] -- Symlinking: /home/george/ROS2/ros2_hoverboard/install/description/share/description/environment/path.sh
[1.256s] -- Symlinking: /home/george/ROS2/ros2_hoverboard/install/description/share/description/environment/path.dsv
[1.268s] -- Symlinking: /home/george/ROS2/ros2_hoverboard/install/description/share/description/local_setup.bash
[1.278s] -- Symlinking: /home/george/ROS2/ros2_hoverboard/install/description/share/description/local_setup.sh
[1.288s] -- Symlinking: /home/george/ROS2/ros2_hoverboard/install/description/share/description/local_setup.zsh
[1.298s] -- Symlinking: /home/george/ROS2/ros2_hoverboard/install/description/share/description/local_setup.dsv
[1.309s] -- Symlinking: /home/george/ROS2/ros2_hoverboard/install/description/share/description/package.dsv
[1.321s] -- Symlinking: /home/george/ROS2/ros2_hoverboard/install/description/share/ament_index/resource_index/packages/description
[1.338s] -- Symlinking: /home/george/ROS2/ros2_hoverboard/install/description/share/description/cmake/descriptionConfig.cmake
[1.345s] -- Symlinking: /home/george/ROS2/ros2_hoverboard/install/description/share/description/cmake/descriptionConfig-version.cmake
[1.354s] -- Symlinking: /home/george/ROS2/ros2_hoverboard/install/description/share/description/package.xml
[1.371s] Invoked command in '/home/george/ROS2/ros2_hoverboard/build/description' returned '0': CMAKE_PREFIX_PATH=${CMAKE_PREFIX_PATH}:/opt/ros/humble /usr/bin/cmake --install /home/george/ROS2/ros2_hoverboard/build/description
