[0.024s] Invoking command in '/home/george/ROS2/ros2_hoverboard/build/twist_mux': CMAKE_PREFIX_PATH=${CMAKE_PREFIX_PATH}:/opt/ros/humble /usr/bin/cmake /home/george/ROS2/ros2_hoverboard/src/mobile_robot/teleop_ws/twist_mux -DAMENT_CMAKE_SYMLINK_INSTALL=1 -DCMAKE_INSTALL_PREFIX=/home/george/ROS2/ros2_hoverboard/install/twist_mux
[0.096s] -- The C compiler identification is GNU 11.4.0
[0.159s] -- The CXX compiler identification is GNU 11.4.0
[0.166s] -- Detecting C compiler ABI info
[0.236s] -- Detecting C compiler ABI info - done
[0.243s] -- Check for working C compiler: /usr/bin/cc - skipped
[0.243s] -- Detecting C compile features
[0.244s] -- Detecting C compile features - done
[0.249s] -- Detecting CXX compiler ABI info
[0.336s] -- Detecting CXX compiler ABI info - done
[0.343s] -- Check for working CXX compiler: /usr/bin/c++ - skipped
[0.343s] -- Detecting CXX compile features
[0.344s] -- Detecting CXX compile features - done
[0.349s] -- Found ament_cmake: 1.3.11 (/opt/ros/humble/share/ament_cmake/cmake)
[0.804s] -- Found Python3: /usr/bin/python3 (found version "3.10.12") found components: Interpreter 
[0.868s] -- Override CMake install command with custom implementation using symlinks instead of copying resources
[0.908s] -- Found rclcpp: 16.0.11 (/opt/ros/humble/share/rclcpp/cmake)
[0.957s] -- Found rosidl_generator_c: 3.1.6 (/opt/ros/humble/share/rosidl_generator_c/cmake)
[0.963s] -- Found rosidl_adapter: 3.1.6 (/opt/ros/humble/share/rosidl_adapter/cmake)
[0.973s] -- Found rosidl_generator_cpp: 3.1.6 (/opt/ros/humble/share/rosidl_generator_cpp/cmake)
[0.987s] -- Using all available rosidl_typesupport_c: rosidl_typesupport_fastrtps_c;rosidl_typesupport_introspection_c
[1.007s] -- Using all available rosidl_typesupport_cpp: rosidl_typesupport_fastrtps_cpp;rosidl_typesupport_introspection_cpp
[1.059s] -- Found rmw_implementation_cmake: 6.1.2 (/opt/ros/humble/share/rmw_implementation_cmake/cmake)
[1.063s] -- Found rmw_cyclonedds_cpp: 1.3.4 (/opt/ros/humble/share/rmw_cyclonedds_cpp/cmake)
[1.086s] -- Using RMW implementation 'rmw_cyclonedds_cpp' as default
[1.097s] -- Looking for pthread.h
[1.179s] -- Looking for pthread.h - found
[1.179s] -- Performing Test CMAKE_HAVE_LIBC_PTHREAD
[1.262s] -- Performing Test CMAKE_HAVE_LIBC_PTHREAD - Success
[1.265s] -- Found Threads: TRUE  
[1.324s] -- Found geometry_msgs: 4.2.4 (/opt/ros/humble/share/geometry_msgs/cmake)
[1.341s] -- Found visualization_msgs: 4.2.4 (/opt/ros/humble/share/visualization_msgs/cmake)
[1.382s] -- Found diagnostic_updater: 4.0.2 (/opt/ros/humble/share/diagnostic_updater/cmake)
[1.423s] -- Found launch_testing_ament_cmake: 1.0.7 (/opt/ros/humble/share/launch_testing_ament_cmake/cmake)
[1.426s] -- Found python_cmake_module: 0.10.0 (/opt/ros/humble/share/python_cmake_module/cmake)
[1.452s] -- Found PythonInterp: /usr/bin/python3 (found suitable version "3.10.12", minimum required is "3.6") 
[1.454s] -- Found PythonLibs: /usr/lib/x86_64-linux-gnu/libpython3.10.so (found suitable version "3.10.12", minimum required is "3.5") 
[1.455s] -- Using PYTHON_EXECUTABLE: /usr/bin/python3
[1.455s] -- Using PYTHON_INCLUDE_DIRS: /usr/include/python3.10
[1.455s] -- Using PYTHON_LIBRARIES: /usr/lib/x86_64-linux-gnu/libpython3.10.so
[1.477s] -- Found PythonExtra: .so  
[1.634s] -- Configuring done
[1.655s] -- Generating done
[1.662s] -- Build files have been written to: /home/george/ROS2/ros2_hoverboard/build/twist_mux
[1.674s] Invoked command in '/home/george/ROS2/ros2_hoverboard/build/twist_mux' returned '0': CMAKE_PREFIX_PATH=${CMAKE_PREFIX_PATH}:/opt/ros/humble /usr/bin/cmake /home/george/ROS2/ros2_hoverboard/src/mobile_robot/teleop_ws/twist_mux -DAMENT_CMAKE_SYMLINK_INSTALL=1 -DCMAKE_INSTALL_PREFIX=/home/george/ROS2/ros2_hoverboard/install/twist_mux
[1.678s] Invoking command in '/home/george/ROS2/ros2_hoverboard/build/twist_mux': CMAKE_PREFIX_PATH=${CMAKE_PREFIX_PATH}:/opt/ros/humble /usr/bin/cmake --build /home/george/ROS2/ros2_hoverboard/build/twist_mux -- -j6 -l6
[1.908s] [ 16%] [32mBuilding CXX object CMakeFiles/twist_mux.dir/src/twist_mux_node.cpp.o[0m
[1.908s] [ 33%] [32mBuilding CXX object CMakeFiles/twist_mux.dir/src/twist_mux.cpp.o[0m
[1.908s] [ 50%] [32mBuilding CXX object CMakeFiles/twist_mux.dir/src/twist_mux_diagnostics.cpp.o[0m
[1.908s] [ 66%] [32mBuilding CXX object CMakeFiles/twist_marker.dir/src/twist_marker.cpp.o[0m
[20.398s] [ 83%] [32m[1mLinking CXX executable twist_marker[0m
[21.046s] [ 83%] Built target twist_marker
[22.236s] [100%] [32m[1mLinking CXX executable twist_mux[0m
[23.055s] [100%] Built target twist_mux
[23.067s] Invoked command in '/home/george/ROS2/ros2_hoverboard/build/twist_mux' returned '0': CMAKE_PREFIX_PATH=${CMAKE_PREFIX_PATH}:/opt/ros/humble /usr/bin/cmake --build /home/george/ROS2/ros2_hoverboard/build/twist_mux -- -j6 -l6
[23.067s] Invoking command in '/home/george/ROS2/ros2_hoverboard/build/twist_mux': CMAKE_PREFIX_PATH=${CMAKE_PREFIX_PATH}:/opt/ros/humble /usr/bin/cmake --install /home/george/ROS2/ros2_hoverboard/build/twist_mux
[23.074s] -- Install configuration: ""
[23.074s] -- Execute custom install script
[23.074s] -- Symlinking: /home/george/ROS2/ros2_hoverboard/install/twist_mux/lib/twist_mux/twist_mux
[23.083s] -- Symlinking: /home/george/ROS2/ros2_hoverboard/install/twist_mux/lib/twist_mux/twist_marker
[23.091s] -- Symlinking: /home/george/ROS2/ros2_hoverboard/install/twist_mux/lib/twist_mux/joystick_relay.py
[23.100s] -- Symlinking: /home/george/ROS2/ros2_hoverboard/install/twist_mux/share/twist_mux/launch/twist_mux.launch
[23.109s] -- Symlinking: /home/george/ROS2/ros2_hoverboard/install/twist_mux/share/twist_mux/launch/twist_mux_launch.py
[23.117s] -- Symlinking: /home/george/ROS2/ros2_hoverboard/install/twist_mux/share/twist_mux/config/joystick.yaml
[23.126s] -- Symlinking: /home/george/ROS2/ros2_hoverboard/install/twist_mux/share/twist_mux/config/twist_mux_locks.yaml
[23.135s] -- Symlinking: /home/george/ROS2/ros2_hoverboard/install/twist_mux/share/twist_mux/config/twist_mux_topics.yaml
[23.144s] -- Symlinking: /home/george/ROS2/ros2_hoverboard/install/twist_mux/include/twist_mux/params_helpers.hpp
[23.152s] -- Symlinking: /home/george/ROS2/ros2_hoverboard/install/twist_mux/include/twist_mux/topic_handle.hpp
[23.161s] -- Symlinking: /home/george/ROS2/ros2_hoverboard/install/twist_mux/include/twist_mux/twist_mux.hpp
[23.169s] -- Symlinking: /home/george/ROS2/ros2_hoverboard/install/twist_mux/include/twist_mux/twist_mux_diagnostics.hpp
[23.177s] -- Symlinking: /home/george/ROS2/ros2_hoverboard/install/twist_mux/include/twist_mux/twist_mux_diagnostics_status.hpp
[23.186s] -- Symlinking: /home/george/ROS2/ros2_hoverboard/install/twist_mux/include/twist_mux/utils.hpp
[23.194s] -- Symlinking: /home/george/ROS2/ros2_hoverboard/install/twist_mux/share/ament_index/resource_index/package_run_dependencies/twist_mux
[23.203s] -- Symlinking: /home/george/ROS2/ros2_hoverboard/install/twist_mux/share/ament_index/resource_index/parent_prefix_path/twist_mux
[23.211s] -- Symlinking: /home/george/ROS2/ros2_hoverboard/install/twist_mux/share/twist_mux/environment/ament_prefix_path.sh
[23.220s] -- Symlinking: /home/george/ROS2/ros2_hoverboard/install/twist_mux/share/twist_mux/environment/ament_prefix_path.dsv
[23.229s] -- Symlinking: /home/george/ROS2/ros2_hoverboard/install/twist_mux/share/twist_mux/environment/path.sh
[23.237s] -- Symlinking: /home/george/ROS2/ros2_hoverboard/install/twist_mux/share/twist_mux/environment/path.dsv
[23.246s] -- Symlinking: /home/george/ROS2/ros2_hoverboard/install/twist_mux/share/twist_mux/local_setup.bash
[23.255s] -- Symlinking: /home/george/ROS2/ros2_hoverboard/install/twist_mux/share/twist_mux/local_setup.sh
[23.263s] -- Symlinking: /home/george/ROS2/ros2_hoverboard/install/twist_mux/share/twist_mux/local_setup.zsh
[23.272s] -- Symlinking: /home/george/ROS2/ros2_hoverboard/install/twist_mux/share/twist_mux/local_setup.dsv
[23.280s] -- Symlinking: /home/george/ROS2/ros2_hoverboard/install/twist_mux/share/twist_mux/package.dsv
[23.288s] -- Symlinking: /home/george/ROS2/ros2_hoverboard/install/twist_mux/share/ament_index/resource_index/packages/twist_mux
[23.297s] -- Symlinking: /home/george/ROS2/ros2_hoverboard/install/twist_mux/share/twist_mux/cmake/ament_cmake_export_include_directories-extras.cmake
[23.305s] -- Symlinking: /home/george/ROS2/ros2_hoverboard/install/twist_mux/share/twist_mux/cmake/ament_cmake_export_dependencies-extras.cmake
[23.314s] -- Symlinking: /home/george/ROS2/ros2_hoverboard/install/twist_mux/share/twist_mux/cmake/twist_muxConfig.cmake
[23.322s] -- Symlinking: /home/george/ROS2/ros2_hoverboard/install/twist_mux/share/twist_mux/cmake/twist_muxConfig-version.cmake
[23.331s] -- Symlinking: /home/george/ROS2/ros2_hoverboard/install/twist_mux/share/twist_mux/package.xml
[23.341s] Invoked command in '/home/george/ROS2/ros2_hoverboard/build/twist_mux' returned '0': CMAKE_PREFIX_PATH=${CMAKE_PREFIX_PATH}:/opt/ros/humble /usr/bin/cmake --install /home/george/ROS2/ros2_hoverboard/build/twist_mux
