-- Found ament_cmake: 1.3.11 (/opt/ros/humble/share/ament_cmake/cmake)
-- Override CMake install command with custom implementation using symlinks instead of copying resources
-- Configuring done
-- Generating done
-- Build files have been written to: /home/george/ROS2/ros2_hoverboard/build/mm_moveit_config
Built target ament_cmake_python_symlink_mm_moveit_config
running egg_info
writing mm_moveit_config.egg-info/PKG-INFO
writing dependency_links to mm_moveit_config.egg-info/dependency_links.txt
writing top-level names to mm_moveit_config.egg-info/top_level.txt
reading manifest file 'mm_moveit_config.egg-info/SOURCES.txt'
writing manifest file 'mm_moveit_config.egg-info/SOURCES.txt'
Built target ament_cmake_python_build_mm_moveit_config_egg
-- Install configuration: ""
-- Execute custom install script
-- Up-to-date symlink: /home/george/ROS2/ros2_hoverboard/install/mm_moveit_config/share/mm_moveit_config/config/controllers.yaml
-- Up-to-date symlink: /home/george/ROS2/ros2_hoverboard/install/mm_moveit_config/share/mm_moveit_config/config/joint_limits.yaml
-- Up-to-date symlink: /home/george/ROS2/ros2_hoverboard/install/mm_moveit_config/share/mm_moveit_config/config/kinematics.yaml
-- Up-to-date symlink: /home/george/ROS2/ros2_hoverboard/install/mm_moveit_config/share/mm_moveit_config/config/ompl_planning.yaml
-- Up-to-date symlink: /home/george/ROS2/ros2_hoverboard/install/mm_moveit_config/share/mm_moveit_config/config/ur_servo.yaml
-- Up-to-date symlink: /home/george/ROS2/ros2_hoverboard/install/mm_moveit_config/share/mm_moveit_config/config/ur_sim_servo.yaml
-- Up-to-date symlink: /home/george/ROS2/ros2_hoverboard/install/mm_moveit_config/share/mm_moveit_config/launch/mm_sim_moveit.launch.py
-- Up-to-date symlink: /home/george/ROS2/ros2_hoverboard/install/mm_moveit_config/share/mm_moveit_config/rviz/view_robot.rviz
-- Up-to-date symlink: /home/george/ROS2/ros2_hoverboard/install/mm_moveit_config/share/mm_moveit_config/srdf/mobile_manipulator.srdf.xacro
-- Up-to-date symlink: /home/george/ROS2/ros2_hoverboard/install/mm_moveit_config/share/mm_moveit_config/srdf/mobile_manipulator_macro.srdf.xacro
-- Up-to-date symlink: /home/george/ROS2/ros2_hoverboard/install/mm_moveit_config/share/mm_moveit_config/environment/pythonpath.sh
-- Up-to-date symlink: /home/george/ROS2/ros2_hoverboard/install/mm_moveit_config/share/mm_moveit_config/environment/pythonpath.dsv
-- Up-to-date symlink: /home/george/ROS2/ros2_hoverboard/install/mm_moveit_config/local/lib/python3.10/dist-packages/mm_moveit_config-2.5.2-py3.10.egg-info/PKG-INFO
-- Up-to-date symlink: /home/george/ROS2/ros2_hoverboard/install/mm_moveit_config/local/lib/python3.10/dist-packages/mm_moveit_config-2.5.2-py3.10.egg-info/SOURCES.txt
-- Up-to-date symlink: /home/george/ROS2/ros2_hoverboard/install/mm_moveit_config/local/lib/python3.10/dist-packages/mm_moveit_config-2.5.2-py3.10.egg-info/dependency_links.txt
-- Up-to-date symlink: /home/george/ROS2/ros2_hoverboard/install/mm_moveit_config/local/lib/python3.10/dist-packages/mm_moveit_config-2.5.2-py3.10.egg-info/top_level.txt
-- Up-to-date symlink: /home/george/ROS2/ros2_hoverboard/install/mm_moveit_config/local/lib/python3.10/dist-packages/mm_moveit_config/__init__.py
-- Up-to-date symlink: /home/george/ROS2/ros2_hoverboard/install/mm_moveit_config/local/lib/python3.10/dist-packages/mm_moveit_config/launch_common.py
-- Up-to-date symlink: /home/george/ROS2/ros2_hoverboard/install/mm_moveit_config/local/lib/python3.10/dist-packages/launch_common.py
-- Up-to-date symlink: /home/george/ROS2/ros2_hoverboard/install/mm_moveit_config/share/ament_index/resource_index/package_run_dependencies/mm_moveit_config
-- Up-to-date symlink: /home/george/ROS2/ros2_hoverboard/install/mm_moveit_config/share/ament_index/resource_index/parent_prefix_path/mm_moveit_config
-- Up-to-date symlink: /home/george/ROS2/ros2_hoverboard/install/mm_moveit_config/share/mm_moveit_config/environment/ament_prefix_path.sh
-- Up-to-date symlink: /home/george/ROS2/ros2_hoverboard/install/mm_moveit_config/share/mm_moveit_config/environment/ament_prefix_path.dsv
-- Up-to-date symlink: /home/george/ROS2/ros2_hoverboard/install/mm_moveit_config/share/mm_moveit_config/environment/path.sh
-- Up-to-date symlink: /home/george/ROS2/ros2_hoverboard/install/mm_moveit_config/share/mm_moveit_config/environment/path.dsv
-- Up-to-date symlink: /home/george/ROS2/ros2_hoverboard/install/mm_moveit_config/share/mm_moveit_config/local_setup.bash
-- Up-to-date symlink: /home/george/ROS2/ros2_hoverboard/install/mm_moveit_config/share/mm_moveit_config/local_setup.sh
-- Up-to-date symlink: /home/george/ROS2/ros2_hoverboard/install/mm_moveit_config/share/mm_moveit_config/local_setup.zsh
-- Up-to-date symlink: /home/george/ROS2/ros2_hoverboard/install/mm_moveit_config/share/mm_moveit_config/local_setup.dsv
-- Symlinking: /home/george/ROS2/ros2_hoverboard/install/mm_moveit_config/share/mm_moveit_config/package.dsv
-- Up-to-date symlink: /home/george/ROS2/ros2_hoverboard/install/mm_moveit_config/share/ament_index/resource_index/packages/mm_moveit_config
-- Up-to-date symlink: /home/george/ROS2/ros2_hoverboard/install/mm_moveit_config/share/mm_moveit_config/cmake/mm_moveit_configConfig.cmake
-- Up-to-date symlink: /home/george/ROS2/ros2_hoverboard/install/mm_moveit_config/share/mm_moveit_config/cmake/mm_moveit_configConfig-version.cmake
-- Up-to-date symlink: /home/george/ROS2/ros2_hoverboard/install/mm_moveit_config/share/mm_moveit_config/package.xml
Listing '/home/george/ROS2/ros2_hoverboard/install/mm_moveit_config/local/lib/python3.10/dist-packages/mm_moveit_config'...
