-- The C compiler identification is GNU 11.4.0
-- The CXX compiler identification is GNU 11.4.0
-- Detecting C compiler ABI info
-- Detecting C compiler ABI info - done
-- Check for working C compiler: /usr/bin/cc - skipped
-- Detecting C compile features
-- Detecting C compile features - done
-- Detecting CXX compiler ABI info
-- Detecting CXX compiler ABI info - done
-- Check for working CXX compiler: /usr/bin/c++ - skipped
-- Detecting CXX compile features
-- Detecting CXX compile features - done
-- Found ament_cmake: 1.3.11 (/opt/ros/humble/share/ament_cmake/cmake)
-- Found Python3: /usr/bin/python3 (found version "3.10.12") found components: Interpreter 
-- Override CMake install command with custom implementation using symlinks instead of copying resources
-- Found rclcpp: 16.0.11 (/opt/ros/humble/share/rclcpp/cmake)
-- Found rosidl_generator_c: 3.1.6 (/opt/ros/humble/share/rosidl_generator_c/cmake)
-- Found rosidl_adapter: 3.1.6 (/opt/ros/humble/share/rosidl_adapter/cmake)
-- Found rosidl_generator_cpp: 3.1.6 (/opt/ros/humble/share/rosidl_generator_cpp/cmake)
-- Using all available rosidl_typesupport_c: rosidl_typesupport_fastrtps_c;rosidl_typesupport_introspection_c
-- Using all available rosidl_typesupport_cpp: rosidl_typesupport_fastrtps_cpp;rosidl_typesupport_introspection_cpp
-- Found rmw_implementation_cmake: 6.1.2 (/opt/ros/humble/share/rmw_implementation_cmake/cmake)
-- Found rmw_cyclonedds_cpp: 1.3.4 (/opt/ros/humble/share/rmw_cyclonedds_cpp/cmake)
-- Using RMW implementation 'rmw_cyclonedds_cpp' as default
-- Looking for pthread.h
-- Looking for pthread.h - found
-- Performing Test CMAKE_HAVE_LIBC_PTHREAD
-- Performing Test CMAKE_HAVE_LIBC_PTHREAD - Success
-- Found Threads: TRUE  
-- Found sensor_msgs: 4.2.4 (/opt/ros/humble/share/sensor_msgs/cmake)
-- Configuring done
-- Generating done
-- Build files have been written to: /home/george/ROS2/ros2_hoverboard/build/isaac_sim
[ 50%] [32mBuilding CXX object CMakeFiles/test_wheel_command.dir/src/test_wheel_command.cpp.o[0m
[100%] [32m[1mLinking CXX executable test_wheel_command[0m
[100%] Built target test_wheel_command
-- Install configuration: ""
-- Execute custom install script
-- Symlinking: /home/george/ROS2/ros2_hoverboard/install/isaac_sim/share/isaac_sim//config/angular_filter_scan.yaml
-- Symlinking: /home/george/ROS2/ros2_hoverboard/install/isaac_sim/share/isaac_sim//config/isaac.rviz
-- Symlinking: /home/george/ROS2/ros2_hoverboard/install/isaac_sim/share/isaac_sim//launch/wheelbot_isaac.launch.py
-- Symlinking: /home/george/ROS2/ros2_hoverboard/install/isaac_sim/share/isaac_sim//launch/wheelbot_isaac.launch_2.py
-- Symlinking: /home/george/ROS2/ros2_hoverboard/install/isaac_sim/share/isaac_sim//launch/wheelbot_ur_isaac.launch.py
-- Symlinking: /home/george/ROS2/ros2_hoverboard/install/isaac_sim/share/isaac_sim//tools/isaac_launch_script_2.py
-- Symlinking: /home/george/ROS2/ros2_hoverboard/install/isaac_sim/share/isaac_sim//tools/isaac_launch_script_old.py
-- Symlinking: /home/george/ROS2/ros2_hoverboard/install/isaac_sim/share/isaac_sim//tools/run_isaac_manually.sh
-- Symlinking: /home/george/ROS2/ros2_hoverboard/install/isaac_sim/share/isaac_sim//tools/wheelbot_script.py
-- Symlinking: /home/george/ROS2/ros2_hoverboard/install/isaac_sim/share/isaac_sim//tools/wheelbot_ur_script.py
-- Symlinking: /home/george/ROS2/ros2_hoverboard/install/isaac_sim/share/isaac_sim//isaac_worlds/.thumbs/256x256/cilinder_garden.usda.png
-- Symlinking: /home/george/ROS2/ros2_hoverboard/install/isaac_sim/share/isaac_sim//isaac_worlds/.thumbs/256x256/cylinder_garden.usda.png
-- Symlinking: /home/george/ROS2/ros2_hoverboard/install/isaac_sim/share/isaac_sim//isaac_worlds/.thumbs/256x256/cylinder_garden2.usda.png
-- Symlinking: /home/george/ROS2/ros2_hoverboard/install/isaac_sim/share/isaac_sim//isaac_worlds/.thumbs/256x256/ekumen_hq.usda.png
-- Symlinking: /home/george/ROS2/ros2_hoverboard/install/isaac_sim/share/isaac_sim//isaac_worlds/.thumbs/256x256/empty_world.usd.png
-- Symlinking: /home/george/ROS2/ros2_hoverboard/install/isaac_sim/share/isaac_sim//isaac_worlds/.thumbs/256x256/my_world.usda.png
-- Symlinking: /home/george/ROS2/ros2_hoverboard/install/isaac_sim/share/isaac_sim//isaac_worlds/.thumbs/256x256/plain_world.usda.png
-- Symlinking: /home/george/ROS2/ros2_hoverboard/install/isaac_sim/share/isaac_sim//isaac_worlds/cilinder_garden.usda
-- Symlinking: /home/george/ROS2/ros2_hoverboard/install/isaac_sim/share/isaac_sim//isaac_worlds/cylinder_garden.usda
-- Symlinking: /home/george/ROS2/ros2_hoverboard/install/isaac_sim/share/isaac_sim//isaac_worlds/cylinder_garden2.usda
-- Symlinking: /home/george/ROS2/ros2_hoverboard/install/isaac_sim/share/isaac_sim//isaac_worlds/empty_world.usd
-- Symlinking: /home/george/ROS2/ros2_hoverboard/install/isaac_sim/share/isaac_sim//isaac_worlds/my_world.usda
-- Symlinking: /home/george/ROS2/ros2_hoverboard/install/isaac_sim/share/isaac_sim//isaac_worlds/office.usda
-- Symlinking: /home/george/ROS2/ros2_hoverboard/install/isaac_sim/share/isaac_sim//isaac_worlds/plain_world.usda
-- Symlinking: /home/george/ROS2/ros2_hoverboard/install/isaac_sim/share/isaac_sim//isaac_worlds/textures/Tiles054_1K-JPG_Color.jpg
-- Symlinking: /home/george/ROS2/ros2_hoverboard/install/isaac_sim/share/isaac_sim//isaac_worlds/textures/Tiles054_1K-JPG_Roughness.jpg
-- Symlinking: /home/george/ROS2/ros2_hoverboard/install/isaac_sim/share/isaac_sim//isaac_worlds/textures/macro_flour_diff_4k.jpg
-- Symlinking: /home/george/ROS2/ros2_hoverboard/install/isaac_sim/share/isaac_sim//isaac_worlds/textures/macro_flour_nor_gl_4k.exr
-- Symlinking: /home/george/ROS2/ros2_hoverboard/install/isaac_sim/share/isaac_sim//isaac_worlds/textures/macro_flour_rough_4k.exr
-- Symlinking: /home/george/ROS2/ros2_hoverboard/install/isaac_sim/share/isaac_sim//isaac_worlds/textures/wood_floor_diff_4k.jpg
-- Symlinking: /home/george/ROS2/ros2_hoverboard/install/isaac_sim/share/isaac_sim//isaac_worlds/textures/wood_floor_nor_gl_4k.exr
-- Symlinking: /home/george/ROS2/ros2_hoverboard/install/isaac_sim/share/isaac_sim//isaac_worlds/textures/wood_floor_rough_4k.exr
-- Symlinking: /home/george/ROS2/ros2_hoverboard/install/isaac_sim/share/isaac_sim//isaac_description/.thumbs/256x256/RPLIDAR.usd.png
-- Symlinking: /home/george/ROS2/ros2_hoverboard/install/isaac_sim/share/isaac_sim//isaac_description/.thumbs/256x256/andino.usda.png
-- Symlinking: /home/george/ROS2/ros2_hoverboard/install/isaac_sim/share/isaac_sim//isaac_description/.thumbs/256x256/andino_isaac.usda.png
-- Symlinking: /home/george/ROS2/ros2_hoverboard/install/isaac_sim/share/isaac_sim//isaac_description/.thumbs/256x256/just_andino.usda.png
-- Symlinking: /home/george/ROS2/ros2_hoverboard/install/isaac_sim/share/isaac_sim//isaac_description/.thumbs/256x256/swerveBOT.usda.png
-- Symlinking: /home/george/ROS2/ros2_hoverboard/install/isaac_sim/share/isaac_sim//isaac_description/.thumbs/256x256/swerveBOT2.usda.png
-- Symlinking: /home/george/ROS2/ros2_hoverboard/install/isaac_sim/share/isaac_sim//isaac_description/.thumbs/256x256/swerveBOT_2.usda.png
-- Symlinking: /home/george/ROS2/ros2_hoverboard/install/isaac_sim/share/isaac_sim//isaac_description/.thumbs/256x256/swerveBOT_3.usda.png
-- Symlinking: /home/george/ROS2/ros2_hoverboard/install/isaac_sim/share/isaac_sim//isaac_description/.thumbs/256x256/swerveBOT_910.usda.png
-- Symlinking: /home/george/ROS2/ros2_hoverboard/install/isaac_sim/share/isaac_sim//isaac_description/.thumbs/256x256/swerveBOT_910_UR10.usda.png
-- Symlinking: /home/george/ROS2/ros2_hoverboard/install/isaac_sim/share/isaac_sim//isaac_description/.thumbs/256x256/swerveBOT_910_UR10_ROS.usda.png
-- Symlinking: /home/george/ROS2/ros2_hoverboard/install/isaac_sim/share/isaac_sim//isaac_description/.thumbs/256x256/swerveBOT_910x1350.usda.png
-- Symlinking: /home/george/ROS2/ros2_hoverboard/install/isaac_sim/share/isaac_sim//isaac_description/.thumbs/256x256/swerveBOT_UR10.usda.png
-- Symlinking: /home/george/ROS2/ros2_hoverboard/install/isaac_sim/share/isaac_sim//isaac_description/.thumbs/256x256/swerveBOT_with_art.usd.png
-- Symlinking: /home/george/ROS2/ros2_hoverboard/install/isaac_sim/share/isaac_sim//isaac_description/.thumbs/256x256/wheelbot.usd.png
-- Symlinking: /home/george/ROS2/ros2_hoverboard/install/isaac_sim/share/isaac_sim//isaac_description/.thumbs/256x256/wheelbot.usda.png
-- Symlinking: /home/george/ROS2/ros2_hoverboard/install/isaac_sim/share/isaac_sim//isaac_description/RPLIDAR.usd
-- Symlinking: /home/george/ROS2/ros2_hoverboard/install/isaac_sim/share/isaac_sim//isaac_description/Robotiq/2F-140/.thumbs/256x256/.2f140_instanceable.usd.last_generated
-- Symlinking: /home/george/ROS2/ros2_hoverboard/install/isaac_sim/share/isaac_sim//isaac_description/Robotiq/2F-140/.thumbs/256x256/.Robotiq_2F_140_base.usd.last_generated
-- Symlinking: /home/george/ROS2/ros2_hoverboard/install/isaac_sim/share/isaac_sim//isaac_description/Robotiq/2F-140/.thumbs/256x256/.Robotiq_2F_140_config.usd.last_generated
-- Symlinking: /home/george/ROS2/ros2_hoverboard/install/isaac_sim/share/isaac_sim//isaac_description/Robotiq/2F-140/.thumbs/256x256/.Robotiq_2F_140_controller.usd.last_generated
-- Symlinking: /home/george/ROS2/ros2_hoverboard/install/isaac_sim/share/isaac_sim//isaac_description/Robotiq/2F-140/.thumbs/256x256/.Robotiq_2F_140_physics_edit.usd.last_generated
-- Symlinking: /home/george/ROS2/ros2_hoverboard/install/isaac_sim/share/isaac_sim//isaac_description/Robotiq/2F-140/.thumbs/256x256/Robotiq_2F_140_physics_edit.usd.png
-- Symlinking: /home/george/ROS2/ros2_hoverboard/install/isaac_sim/share/isaac_sim//isaac_description/Robotiq/2F-140/.thumbs/2f140_instanceable.thumb.usd
-- Symlinking: /home/george/ROS2/ros2_hoverboard/install/isaac_sim/share/isaac_sim//isaac_description/Robotiq/2F-140/.thumbs/Robotiq_2F_140_base.thumb.usd
-- Symlinking: /home/george/ROS2/ros2_hoverboard/install/isaac_sim/share/isaac_sim//isaac_description/Robotiq/2F-140/.thumbs/Robotiq_2F_140_config.thumb.usd
-- Symlinking: /home/george/ROS2/ros2_hoverboard/install/isaac_sim/share/isaac_sim//isaac_description/Robotiq/2F-140/.thumbs/Robotiq_2F_140_controller.thumb.usd
-- Symlinking: /home/george/ROS2/ros2_hoverboard/install/isaac_sim/share/isaac_sim//isaac_description/Robotiq/2F-140/.thumbs/Robotiq_2F_140_physics_edit.thumb.usd
-- Symlinking: /home/george/ROS2/ros2_hoverboard/install/isaac_sim/share/isaac_sim//isaac_description/Robotiq/2F-140/2f140_instanceable.usd
-- Symlinking: /home/george/ROS2/ros2_hoverboard/install/isaac_sim/share/isaac_sim//isaac_description/Robotiq/2F-140/Collected_2f140_instanceable/2f140_instanceable.usd
-- Symlinking: /home/george/ROS2/ros2_hoverboard/install/isaac_sim/share/isaac_sim//isaac_description/Robotiq/2F-140/Collected_2f140_instanceable/Props/instanceable_meshes.usd
-- Symlinking: /home/george/ROS2/ros2_hoverboard/install/isaac_sim/share/isaac_sim//isaac_description/Robotiq/2F-140/Props/instanceable_meshes.usd
-- Symlinking: /home/george/ROS2/ros2_hoverboard/install/isaac_sim/share/isaac_sim//isaac_description/Robotiq/2F-140/Robotiq_2F_140_base.usd
-- Symlinking: /home/george/ROS2/ros2_hoverboard/install/isaac_sim/share/isaac_sim//isaac_description/Robotiq/2F-140/Robotiq_2F_140_config.usd
-- Symlinking: /home/george/ROS2/ros2_hoverboard/install/isaac_sim/share/isaac_sim//isaac_description/Robotiq/2F-140/Robotiq_2F_140_controller.usd
-- Symlinking: /home/george/ROS2/ros2_hoverboard/install/isaac_sim/share/isaac_sim//isaac_description/Robotiq/2F-140/Robotiq_2F_140_physics_edit.usd
-- Symlinking: /home/george/ROS2/ros2_hoverboard/install/isaac_sim/share/isaac_sim//isaac_description/Robotiq/2F-140/materials/materials.usd
-- Symlinking: /home/george/ROS2/ros2_hoverboard/install/isaac_sim/share/isaac_sim//isaac_description/Robotiq/2F-140/parts/Finger1_JFT.usd
-- Symlinking: /home/george/ROS2/ros2_hoverboard/install/isaac_sim/share/isaac_sim//isaac_description/Robotiq/2F-140/parts/Finger2_JFP.usd
-- Symlinking: /home/george/ROS2/ros2_hoverboard/install/isaac_sim/share/isaac_sim//isaac_description/Robotiq/2F-140/parts/Finger3_JFH.usd
-- Symlinking: /home/george/ROS2/ros2_hoverboard/install/isaac_sim/share/isaac_sim//isaac_description/Robotiq/2F-140/parts/Finger4_JFL.usd
-- Symlinking: /home/george/ROS2/ros2_hoverboard/install/isaac_sim/share/isaac_sim//isaac_description/Robotiq/2F-140/parts/Fingertip_JFD.usd
-- Symlinking: /home/george/ROS2/ros2_hoverboard/install/isaac_sim/share/isaac_sim//isaac_description/Robotiq/2F-140/parts/_F_Body_JFX.usd
-- Symlinking: /home/george/ROS2/ros2_hoverboard/install/isaac_sim/share/isaac_sim//isaac_description/Robotiq/2F-85/.thumbs/256x256/.Robotiq_2F_85_base.usd.last_generated
-- Symlinking: /home/george/ROS2/ros2_hoverboard/install/isaac_sim/share/isaac_sim//isaac_description/Robotiq/2F-85/.thumbs/256x256/.Robotiq_2F_85_config.usd.last_generated
-- Symlinking: /home/george/ROS2/ros2_hoverboard/install/isaac_sim/share/isaac_sim//isaac_description/Robotiq/2F-85/.thumbs/256x256/.Robotiq_2F_85_controller.usd.last_generated
-- Symlinking: /home/george/ROS2/ros2_hoverboard/install/isaac_sim/share/isaac_sim//isaac_description/Robotiq/2F-85/.thumbs/256x256/.Robotiq_2F_85_edit.usd.last_generated
-- Symlinking: /home/george/ROS2/ros2_hoverboard/install/isaac_sim/share/isaac_sim//isaac_description/Robotiq/2F-85/.thumbs/256x256/.Robotiq_2F_85_flattened.usd.last_generated
-- Symlinking: /home/george/ROS2/ros2_hoverboard/install/isaac_sim/share/isaac_sim//isaac_description/Robotiq/2F-85/.thumbs/256x256/Robotiq_2F_85_edit.usd.png
-- Symlinking: /home/george/ROS2/ros2_hoverboard/install/isaac_sim/share/isaac_sim//isaac_description/Robotiq/2F-85/.thumbs/Robotiq_2F_85_base.thumb.usd
-- Symlinking: /home/george/ROS2/ros2_hoverboard/install/isaac_sim/share/isaac_sim//isaac_description/Robotiq/2F-85/.thumbs/Robotiq_2F_85_config.thumb.usd
-- Symlinking: /home/george/ROS2/ros2_hoverboard/install/isaac_sim/share/isaac_sim//isaac_description/Robotiq/2F-85/.thumbs/Robotiq_2F_85_controller.thumb.usd
-- Symlinking: /home/george/ROS2/ros2_hoverboard/install/isaac_sim/share/isaac_sim//isaac_description/Robotiq/2F-85/.thumbs/Robotiq_2F_85_edit.thumb.usd
-- Symlinking: /home/george/ROS2/ros2_hoverboard/install/isaac_sim/share/isaac_sim//isaac_description/Robotiq/2F-85/.thumbs/Robotiq_2F_85_flattened.thumb.usd
-- Symlinking: /home/george/ROS2/ros2_hoverboard/install/isaac_sim/share/isaac_sim//isaac_description/Robotiq/2F-85/Robotiq_2F_85_base.usd
-- Symlinking: /home/george/ROS2/ros2_hoverboard/install/isaac_sim/share/isaac_sim//isaac_description/Robotiq/2F-85/Robotiq_2F_85_config.usd
-- Symlinking: /home/george/ROS2/ros2_hoverboard/install/isaac_sim/share/isaac_sim//isaac_description/Robotiq/2F-85/Robotiq_2F_85_controller.usd
-- Symlinking: /home/george/ROS2/ros2_hoverboard/install/isaac_sim/share/isaac_sim//isaac_description/Robotiq/2F-85/Robotiq_2F_85_edit.usd
-- Symlinking: /home/george/ROS2/ros2_hoverboard/install/isaac_sim/share/isaac_sim//isaac_description/Robotiq/2F-85/Robotiq_2F_85_flattened.usd
-- Symlinking: /home/george/ROS2/ros2_hoverboard/install/isaac_sim/share/isaac_sim//isaac_description/Robotiq/2F-85/materials/materials.usd
-- Symlinking: /home/george/ROS2/ros2_hoverboard/install/isaac_sim/share/isaac_sim//isaac_description/Robotiq/2F-85/parts/Defeatured_2F_85_PAD_OPEN_Finger1step_JFT.usd
-- Symlinking: /home/george/ROS2/ros2_hoverboard/install/isaac_sim/share/isaac_sim//isaac_description/Robotiq/2F-85/parts/Defeatured_2F_85_PAD_OPEN_basestep_JFX.usd
-- Symlinking: /home/george/ROS2/ros2_hoverboard/install/isaac_sim/share/isaac_sim//isaac_description/Robotiq/2F-85/parts/Defeatured_2F_85_PAD_OPEN_finger2step_JFP.usd
-- Symlinking: /home/george/ROS2/ros2_hoverboard/install/isaac_sim/share/isaac_sim//isaac_description/Robotiq/2F-85/parts/Defeatured_2F_85_PAD_OPEN_finger3step_JFL.usd
-- Symlinking: /home/george/ROS2/ros2_hoverboard/install/isaac_sim/share/isaac_sim//isaac_description/Robotiq/2F-85/parts/Defeatured_2F_85_PAD_OPEN_finger4step_JFH.usd
-- Symlinking: /home/george/ROS2/ros2_hoverboard/install/isaac_sim/share/isaac_sim//isaac_description/Robotiq/2F-85/parts/Defeatured_2F_85_PAD_OPEN_fingertipsstep_JFD.usd
-- Symlinking: /home/george/ROS2/ros2_hoverboard/install/isaac_sim/share/isaac_sim//isaac_description/Robotiq/Hand-E/.thumbs/256x256/.Robotiq_Hand_E_base.usd.last_generated
-- Symlinking: /home/george/ROS2/ros2_hoverboard/install/isaac_sim/share/isaac_sim//isaac_description/Robotiq/Hand-E/.thumbs/256x256/.Robotiq_Hand_E_config.usd.last_generated
-- Symlinking: /home/george/ROS2/ros2_hoverboard/install/isaac_sim/share/isaac_sim//isaac_description/Robotiq/Hand-E/.thumbs/256x256/.Robotiq_Hand_E_edit.usd.last_generated
-- Symlinking: /home/george/ROS2/ros2_hoverboard/install/isaac_sim/share/isaac_sim//isaac_description/Robotiq/Hand-E/.thumbs/256x256/Robotiq_Hand_E_edit.usd.png
-- Symlinking: /home/george/ROS2/ros2_hoverboard/install/isaac_sim/share/isaac_sim//isaac_description/Robotiq/Hand-E/.thumbs/Robotiq_Hand_E_base.thumb.usd
-- Symlinking: /home/george/ROS2/ros2_hoverboard/install/isaac_sim/share/isaac_sim//isaac_description/Robotiq/Hand-E/.thumbs/Robotiq_Hand_E_config.thumb.usd
-- Symlinking: /home/george/ROS2/ros2_hoverboard/install/isaac_sim/share/isaac_sim//isaac_description/Robotiq/Hand-E/.thumbs/Robotiq_Hand_E_edit.thumb.usd
-- Symlinking: /home/george/ROS2/ros2_hoverboard/install/isaac_sim/share/isaac_sim//isaac_description/Robotiq/Hand-E/Robotiq_Hand_E_base.usd
-- Symlinking: /home/george/ROS2/ros2_hoverboard/install/isaac_sim/share/isaac_sim//isaac_description/Robotiq/Hand-E/Robotiq_Hand_E_config.usd
-- Symlinking: /home/george/ROS2/ros2_hoverboard/install/isaac_sim/share/isaac_sim//isaac_description/Robotiq/Hand-E/Robotiq_Hand_E_edit.usd
-- Symlinking: /home/george/ROS2/ros2_hoverboard/install/isaac_sim/share/isaac_sim//isaac_description/Robotiq/Hand-E/materials/materials.usd
-- Symlinking: /home/george/ROS2/ros2_hoverboard/install/isaac_sim/share/isaac_sim//isaac_description/Robotiq/Hand-E/parts/D_A03_ASM_DOIGTS_PARALLELES_1ROBOTIQ_HAND_E_DEFEATURE_JFP.usd
-- Symlinking: /home/george/ROS2/ros2_hoverboard/install/isaac_sim/share/isaac_sim//isaac_description/Robotiq/Hand-E/parts/D_A03_ASM_DOIGTS_PARALLELES_1ROBOTIQ_HAND_E_DEFEATURE_JFT.usd
-- Symlinking: /home/george/ROS2/ros2_hoverboard/install/isaac_sim/share/isaac_sim//isaac_description/Robotiq/Hand-E/parts/D_A03_ASM_DOIGTS_PARALLELES_1ROBOTIQ_HAND_E_DEFEATURE_JFX.usd
-- Symlinking: /home/george/ROS2/ros2_hoverboard/install/isaac_sim/share/isaac_sim//isaac_description/Robotiq/Hand-E/parts/D_A03_ASM_DOIGTS_PARALLELES_1ROBOTIQ_HAND_E_DEFEATURE_JFb.usd
-- Symlinking: /home/george/ROS2/ros2_hoverboard/install/isaac_sim/share/isaac_sim//isaac_description/Robotiq/Hand-E/parts/D_A03_ASM_DOIGTS_PARALLELES_1ROBOTIQ_HAND_E_DEFEATURE_JFf.usd
-- Symlinking: /home/george/ROS2/ros2_hoverboard/install/isaac_sim/share/isaac_sim//isaac_description/Robotiq/Hand-E/parts/D_A03_ASM_DOIGTS_PARALLELES_1ROBOTIQ_HAND_E_DEFEATURE_JFj.usd
-- Symlinking: /home/george/ROS2/ros2_hoverboard/install/isaac_sim/share/isaac_sim//isaac_description/Robotiq/Hand-E/parts/Group1ROBOTIQ_HAND_E_DEFEATURE_KFXB.usd
-- Symlinking: /home/george/ROS2/ros2_hoverboard/install/isaac_sim/share/isaac_sim//isaac_description/Robotiq/Hand-E/parts/Group2ROBOTIQ_HAND_E_DEFEATURE_KFTB.usd
-- Symlinking: /home/george/ROS2/ros2_hoverboard/install/isaac_sim/share/isaac_sim//isaac_description/Robotiq/Hand-E/parts/Group3ROBOTIQ_HAND_E_DEFEATURE_JF2F.usd
-- Symlinking: /home/george/ROS2/ros2_hoverboard/install/isaac_sim/share/isaac_sim//isaac_description/Robotiq/Hand-E/parts/Group3ROBOTIQ_HAND_E_DEFEATURE_JF7.usd
-- Symlinking: /home/george/ROS2/ros2_hoverboard/install/isaac_sim/share/isaac_sim//isaac_description/Robotiq/Hand-E/parts/Group3ROBOTIQ_HAND_E_DEFEATURE_KFDB.usd
-- Symlinking: /home/george/ROS2/ros2_hoverboard/install/isaac_sim/share/isaac_sim//isaac_description/Robotiq/Hand-E/parts/Group3ROBOTIQ_HAND_E_DEFEATURE_KFHB.usd
-- Symlinking: /home/george/ROS2/ros2_hoverboard/install/isaac_sim/share/isaac_sim//isaac_description/Robotiq/Hand-E/parts/Group3ROBOTIQ_HAND_E_DEFEATURE_KFLB.usd
-- Symlinking: /home/george/ROS2/ros2_hoverboard/install/isaac_sim/share/isaac_sim//isaac_description/Robotiq/Hand-E/parts/Group3ROBOTIQ_HAND_E_DEFEATURE_KFPB.usd
-- Symlinking: /home/george/ROS2/ros2_hoverboard/install/isaac_sim/share/isaac_sim//isaac_description/Robotiq/Hand-E/parts/socket_head_cap_screw_iso_robotiq_24ROBOTIQ_HAND_E_DEFEATURE_JFr.usd
-- Symlinking: /home/george/ROS2/ros2_hoverboard/install/isaac_sim/share/isaac_sim//isaac_description/Robotiq/Hand-E/parts/socket_head_cap_screw_iso_robotiq_25ROBOTIQ_HAND_E_DEFEATURE_JF3.usd
-- Symlinking: /home/george/ROS2/ros2_hoverboard/install/isaac_sim/share/isaac_sim//isaac_description/Robotiq/Hand-E/parts/socket_head_cap_screw_iso_robotiq_6ROBOTIQ_HAND_E_DEFEATURE_JFn.usd
-- Symlinking: /home/george/ROS2/ros2_hoverboard/install/isaac_sim/share/isaac_sim//isaac_description/Robotiq/Hand-E/parts/socket_head_cap_screw_iso_robotiq_7ROBOTIQ_HAND_E_DEFEATURE_JFL.usd
-- Symlinking: /home/george/ROS2/ros2_hoverboard/install/isaac_sim/share/isaac_sim//isaac_description/Robotiq/Hand-E/parts/toothed_lock_washer_metric_robotiq_10ROBOTIQ_HAND_E_DEFEATURE_JFH.usd
-- Symlinking: /home/george/ROS2/ros2_hoverboard/install/isaac_sim/share/isaac_sim//isaac_description/Robotiq/Hand-E/parts/toothed_lock_washer_metric_robotiq_11ROBOTIQ_HAND_E_DEFEATURE_JFv.usd
-- Symlinking: /home/george/ROS2/ros2_hoverboard/install/isaac_sim/share/isaac_sim//isaac_description/Robotiq/Hand-E/parts/toothed_lock_washer_metric_robotiq_12ROBOTIQ_HAND_E_DEFEATURE_JFD.usd
-- Symlinking: /home/george/ROS2/ros2_hoverboard/install/isaac_sim/share/isaac_sim//isaac_description/Robotiq/Hand-E/parts/toothed_lock_washer_metric_robotiq_13ROBOTIQ_HAND_E_DEFEATURE_JFz.usd
-- Symlinking: /home/george/ROS2/ros2_hoverboard/install/isaac_sim/share/isaac_sim//isaac_description/Robotiq/LICENSE
-- Symlinking: /home/george/ROS2/ros2_hoverboard/install/isaac_sim/share/isaac_sim//isaac_description/UR10/.thumbs/256x256/.ur10.usd.last_generated
-- Symlinking: /home/george/ROS2/ros2_hoverboard/install/isaac_sim/share/isaac_sim//isaac_description/UR10/.thumbs/256x256/.ur10_long_suction.usd.last_generated
-- Symlinking: /home/george/ROS2/ros2_hoverboard/install/isaac_sim/share/isaac_sim//isaac_description/UR10/.thumbs/256x256/.ur10_short_suction.usd.last_generated
-- Symlinking: /home/george/ROS2/ros2_hoverboard/install/isaac_sim/share/isaac_sim//isaac_description/UR10/.thumbs/256x256/.ur10e_robotiq2f-140.usd.last_generated
-- Symlinking: /home/george/ROS2/ros2_hoverboard/install/isaac_sim/share/isaac_sim//isaac_description/UR10/.thumbs/256x256/bkp_ur10.usd.png
-- Symlinking: /home/george/ROS2/ros2_hoverboard/install/isaac_sim/share/isaac_sim//isaac_description/UR10/.thumbs/256x256/ur10.usd.png
-- Symlinking: /home/george/ROS2/ros2_hoverboard/install/isaac_sim/share/isaac_sim//isaac_description/UR10/.thumbs/256x256/ur10_long_suction.usd.png
-- Symlinking: /home/george/ROS2/ros2_hoverboard/install/isaac_sim/share/isaac_sim//isaac_description/UR10/.thumbs/256x256/ur10_short_suction.usd.png
-- Symlinking: /home/george/ROS2/ros2_hoverboard/install/isaac_sim/share/isaac_sim//isaac_description/UR10/.thumbs/256x256/ur10e.usd.png
-- Symlinking: /home/george/ROS2/ros2_hoverboard/install/isaac_sim/share/isaac_sim//isaac_description/UR10/.thumbs/256x256/ur10e_ROS.usd.png
-- Symlinking: /home/george/ROS2/ros2_hoverboard/install/isaac_sim/share/isaac_sim//isaac_description/UR10/.thumbs/256x256/ur10e_robotiq2f-140.usd.png
-- Symlinking: /home/george/ROS2/ros2_hoverboard/install/isaac_sim/share/isaac_sim//isaac_description/UR10/.thumbs/256x256/ur10e_robotiq2f-140_ROS.usd.png
-- Symlinking: /home/george/ROS2/ros2_hoverboard/install/isaac_sim/share/isaac_sim//isaac_description/UR10/.thumbs/ur10.thumb.usd
-- Symlinking: /home/george/ROS2/ros2_hoverboard/install/isaac_sim/share/isaac_sim//isaac_description/UR10/.thumbs/ur10_long_suction.thumb.usd
-- Symlinking: /home/george/ROS2/ros2_hoverboard/install/isaac_sim/share/isaac_sim//isaac_description/UR10/.thumbs/ur10_short_suction.thumb.usd
-- Symlinking: /home/george/ROS2/ros2_hoverboard/install/isaac_sim/share/isaac_sim//isaac_description/UR10/.thumbs/ur10e_robotiq2f-140.thumb.usd
-- Symlinking: /home/george/ROS2/ros2_hoverboard/install/isaac_sim/share/isaac_sim//isaac_description/UR10/Props/Materials/material_library.usd
-- Symlinking: /home/george/ROS2/ros2_hoverboard/install/isaac_sim/share/isaac_sim//isaac_description/UR10/Props/long_gripper.usd
-- Symlinking: /home/george/ROS2/ros2_hoverboard/install/isaac_sim/share/isaac_sim//isaac_description/UR10/Props/short_gripper.usd
-- Symlinking: /home/george/ROS2/ros2_hoverboard/install/isaac_sim/share/isaac_sim//isaac_description/UR10/Props/ur10_base.usd
-- Symlinking: /home/george/ROS2/ros2_hoverboard/install/isaac_sim/share/isaac_sim//isaac_description/UR10/Props/ur10_elbow.usd
-- Symlinking: /home/george/ROS2/ros2_hoverboard/install/isaac_sim/share/isaac_sim//isaac_description/UR10/Props/ur10_forearm.usd
-- Symlinking: /home/george/ROS2/ros2_hoverboard/install/isaac_sim/share/isaac_sim//isaac_description/UR10/Props/ur10_shoulder.usd
-- Symlinking: /home/george/ROS2/ros2_hoverboard/install/isaac_sim/share/isaac_sim//isaac_description/UR10/Props/ur10_tool.usd
-- Symlinking: /home/george/ROS2/ros2_hoverboard/install/isaac_sim/share/isaac_sim//isaac_description/UR10/Props/ur10_upper_arm.usd
-- Symlinking: /home/george/ROS2/ros2_hoverboard/install/isaac_sim/share/isaac_sim//isaac_description/UR10/Props/ur10_wrist_1.usd
-- Symlinking: /home/george/ROS2/ros2_hoverboard/install/isaac_sim/share/isaac_sim//isaac_description/UR10/Props/ur10_wrist_2.usd
-- Symlinking: /home/george/ROS2/ros2_hoverboard/install/isaac_sim/share/isaac_sim//isaac_description/UR10/Props/ur10_wrist_3.usd
-- Symlinking: /home/george/ROS2/ros2_hoverboard/install/isaac_sim/share/isaac_sim//isaac_description/UR10/ur10.usd
-- Symlinking: /home/george/ROS2/ros2_hoverboard/install/isaac_sim/share/isaac_sim//isaac_description/UR10/ur10_long_suction.usd
-- Symlinking: /home/george/ROS2/ros2_hoverboard/install/isaac_sim/share/isaac_sim//isaac_description/UR10/ur10_short_suction.usd
-- Symlinking: /home/george/ROS2/ros2_hoverboard/install/isaac_sim/share/isaac_sim//isaac_description/UR10/ur10e.usd
-- Symlinking: /home/george/ROS2/ros2_hoverboard/install/isaac_sim/share/isaac_sim//isaac_description/UR10/ur10e_ROS.usd
-- Symlinking: /home/george/ROS2/ros2_hoverboard/install/isaac_sim/share/isaac_sim//isaac_description/UR10/ur10e_robotiq2f-140.usd
-- Symlinking: /home/george/ROS2/ros2_hoverboard/install/isaac_sim/share/isaac_sim//isaac_description/UR10/ur10e_robotiq2f-140_ROS.usd
-- Symlinking: /home/george/ROS2/ros2_hoverboard/install/isaac_sim/share/isaac_sim//isaac_description/swerveBOT.usda
-- Symlinking: /home/george/ROS2/ros2_hoverboard/install/isaac_sim/share/isaac_sim//isaac_description/swerveBOT2.usda
-- Symlinking: /home/george/ROS2/ros2_hoverboard/install/isaac_sim/share/isaac_sim//isaac_description/swerveBOT_910.usda
-- Symlinking: /home/george/ROS2/ros2_hoverboard/install/isaac_sim/share/isaac_sim//isaac_description/swerveBOT_910_UR10.usda
-- Symlinking: /home/george/ROS2/ros2_hoverboard/install/isaac_sim/share/isaac_sim//isaac_description/swerveBOT_910_UR10_ROS.usda
-- Symlinking: /home/george/ROS2/ros2_hoverboard/install/isaac_sim/share/isaac_sim//isaac_description/swerveBOT_910x1350.usda
-- Symlinking: /home/george/ROS2/ros2_hoverboard/install/isaac_sim/lib/isaac_sim/test_wheel_command
-- Symlinking: /home/george/ROS2/ros2_hoverboard/install/isaac_sim/share/ament_index/resource_index/package_run_dependencies/isaac_sim
-- Symlinking: /home/george/ROS2/ros2_hoverboard/install/isaac_sim/share/ament_index/resource_index/parent_prefix_path/isaac_sim
-- Symlinking: /home/george/ROS2/ros2_hoverboard/install/isaac_sim/share/isaac_sim/environment/ament_prefix_path.sh
-- Symlinking: /home/george/ROS2/ros2_hoverboard/install/isaac_sim/share/isaac_sim/environment/ament_prefix_path.dsv
-- Symlinking: /home/george/ROS2/ros2_hoverboard/install/isaac_sim/share/isaac_sim/environment/path.sh
-- Symlinking: /home/george/ROS2/ros2_hoverboard/install/isaac_sim/share/isaac_sim/environment/path.dsv
-- Symlinking: /home/george/ROS2/ros2_hoverboard/install/isaac_sim/share/isaac_sim/local_setup.bash
-- Symlinking: /home/george/ROS2/ros2_hoverboard/install/isaac_sim/share/isaac_sim/local_setup.sh
-- Symlinking: /home/george/ROS2/ros2_hoverboard/install/isaac_sim/share/isaac_sim/local_setup.zsh
-- Symlinking: /home/george/ROS2/ros2_hoverboard/install/isaac_sim/share/isaac_sim/local_setup.dsv
-- Symlinking: /home/george/ROS2/ros2_hoverboard/install/isaac_sim/share/isaac_sim/package.dsv
-- Symlinking: /home/george/ROS2/ros2_hoverboard/install/isaac_sim/share/ament_index/resource_index/packages/isaac_sim
-- Symlinking: /home/george/ROS2/ros2_hoverboard/install/isaac_sim/share/isaac_sim/cmake/isaac_simConfig.cmake
-- Symlinking: /home/george/ROS2/ros2_hoverboard/install/isaac_sim/share/isaac_sim/cmake/isaac_simConfig-version.cmake
-- Symlinking: /home/george/ROS2/ros2_hoverboard/install/isaac_sim/share/isaac_sim/package.xml
