[0.046s] Invoking command in '/home/george/ROS2/ros2_hoverboard/build/swerve_controller': CMAKE_PREFIX_PATH=${CMAKE_PREFIX_PATH}:/opt/ros/humble /usr/bin/cmake /home/george/ROS2/ros2_hoverboard/src/mobile_robot/swerve_controller -DAMENT_CMAKE_SYMLINK_INSTALL=1 -DCMAKE_INSTALL_PREFIX=/home/george/ROS2/ros2_hoverboard/install/swerve_controller
[0.065s] -- Found ament_cmake: 1.3.11 (/opt/ros/humble/share/ament_cmake/cmake)
[0.281s] -- Override CMake install command with custom implementation using symlinks instead of copying resources
[0.297s] -- Found controller_interface: 2.48.0 (/opt/ros/humble/share/controller_interface/cmake)
[0.371s] -- Found rosidl_generator_c: 3.1.6 (/opt/ros/humble/share/rosidl_generator_c/cmake)
[0.377s] -- Found rosidl_adapter: 3.1.6 (/opt/ros/humble/share/rosidl_adapter/cmake)
[0.396s] -- Found rosidl_generator_cpp: 3.1.6 (/opt/ros/humble/share/rosidl_generator_cpp/cmake)
[0.424s] -- Using all available rosidl_typesupport_c: rosidl_typesupport_fastrtps_c;rosidl_typesupport_introspection_c
[0.439s] -- Using all available rosidl_typesupport_cpp: rosidl_typesupport_fastrtps_cpp;rosidl_typesupport_introspection_cpp
[0.740s] -- Found rmw_implementation_cmake: 6.1.2 (/opt/ros/humble/share/rmw_implementation_cmake/cmake)
[0.743s] -- Found rmw_cyclonedds_cpp: 1.3.4 (/opt/ros/humble/share/rmw_cyclonedds_cpp/cmake)
[0.775s] -- Using RMW implementation 'rmw_cyclonedds_cpp' as default
[0.852s] -- Found nav_msgs: 4.2.4 (/opt/ros/humble/share/nav_msgs/cmake)
[0.876s] -- Found realtime_tools: 2.11.0 (/opt/ros/humble/share/realtime_tools/cmake)
[0.889s] -- Found tf2: 0.25.12 (/opt/ros/humble/share/tf2/cmake)
[0.895s] -- Found tf2_msgs: 0.25.12 (/opt/ros/humble/share/tf2_msgs/cmake)
[0.941s] -- Found ament_lint_auto: 0.12.11 (/opt/ros/humble/share/ament_lint_auto/cmake)
[1.133s] -- Added test 'copyright' to check source files copyright and LICENSE
[1.135s] -- Added test 'cppcheck' to perform static code analysis on C / C++ code
[1.135s] -- Configured cppcheck include dirs: /home/george/ROS2/ros2_hoverboard/src/mobile_robot/swerve_controller/include
[1.135s] -- Configured cppcheck exclude dirs and/or files: 
[1.137s] -- Added test 'cpplint' to check C / C++ code against the Google style
[1.137s] -- Configured cpplint exclude dirs and/or files: 
[1.139s] -- Added test 'lint_cmake' to check CMake code style
[1.142s] -- Added test 'uncrustify' to check C / C++ code style
[1.142s] -- Configured uncrustify additional arguments: 
[1.142s] -- Added test 'xmllint' to check XML markup files
[1.145s] -- Configuring done
[1.214s] -- Generating done
[1.226s] -- Build files have been written to: /home/george/ROS2/ros2_hoverboard/build/swerve_controller
[1.240s] Invoked command in '/home/george/ROS2/ros2_hoverboard/build/swerve_controller' returned '0': CMAKE_PREFIX_PATH=${CMAKE_PREFIX_PATH}:/opt/ros/humble /usr/bin/cmake /home/george/ROS2/ros2_hoverboard/src/mobile_robot/swerve_controller -DAMENT_CMAKE_SYMLINK_INSTALL=1 -DCMAKE_INSTALL_PREFIX=/home/george/ROS2/ros2_hoverboard/install/swerve_controller
[1.242s] Invoking command in '/home/george/ROS2/ros2_hoverboard/build/swerve_controller': CMAKE_PREFIX_PATH=${CMAKE_PREFIX_PATH}:/opt/ros/humble /usr/bin/cmake --build /home/george/ROS2/ros2_hoverboard/build/swerve_controller -- -j6 -l6
[1.340s] [35m[1mConsolidate compiler generated dependencies of target swerve_controller[0m
[1.384s] [100%] Built target swerve_controller
[1.420s] Invoked command in '/home/george/ROS2/ros2_hoverboard/build/swerve_controller' returned '0': CMAKE_PREFIX_PATH=${CMAKE_PREFIX_PATH}:/opt/ros/humble /usr/bin/cmake --build /home/george/ROS2/ros2_hoverboard/build/swerve_controller -- -j6 -l6
[1.421s] Invoking command in '/home/george/ROS2/ros2_hoverboard/build/swerve_controller': CMAKE_PREFIX_PATH=${CMAKE_PREFIX_PATH}:/opt/ros/humble /usr/bin/cmake --install /home/george/ROS2/ros2_hoverboard/build/swerve_controller
[1.434s] -- Install configuration: ""
[1.435s] -- Execute custom install script
[1.435s] -- Up-to-date symlink: /home/george/ROS2/ros2_hoverboard/install/swerve_controller/share/swerve_controller//swerve_plugin.xml
[1.436s] -- Up-to-date symlink: /home/george/ROS2/ros2_hoverboard/install/swerve_controller/include/swerve_controller/speed_limiter.hpp
[1.436s] -- Up-to-date symlink: /home/george/ROS2/ros2_hoverboard/install/swerve_controller/include/swerve_controller/swerve_controller.hpp
[1.436s] -- Up-to-date symlink: /home/george/ROS2/ros2_hoverboard/install/swerve_controller/include/swerve_controller/visibility_control.h
[1.436s] -- Up-to-date symlink: /home/george/ROS2/ros2_hoverboard/install/swerve_controller/lib/libswerve_controller.so
[1.437s] -- Up-to-date symlink: /home/george/ROS2/ros2_hoverboard/install/swerve_controller/share/ament_index/resource_index/package_run_dependencies/swerve_controller
[1.437s] -- Up-to-date symlink: /home/george/ROS2/ros2_hoverboard/install/swerve_controller/share/ament_index/resource_index/parent_prefix_path/swerve_controller
[1.437s] -- Up-to-date symlink: /home/george/ROS2/ros2_hoverboard/install/swerve_controller/share/swerve_controller/environment/ament_prefix_path.sh
[1.437s] -- Up-to-date symlink: /home/george/ROS2/ros2_hoverboard/install/swerve_controller/share/swerve_controller/environment/ament_prefix_path.dsv
[1.437s] -- Up-to-date symlink: /home/george/ROS2/ros2_hoverboard/install/swerve_controller/share/swerve_controller/environment/path.sh
[1.438s] -- Up-to-date symlink: /home/george/ROS2/ros2_hoverboard/install/swerve_controller/share/swerve_controller/environment/path.dsv
[1.438s] -- Up-to-date symlink: /home/george/ROS2/ros2_hoverboard/install/swerve_controller/share/swerve_controller/local_setup.bash
[1.438s] -- Up-to-date symlink: /home/george/ROS2/ros2_hoverboard/install/swerve_controller/share/swerve_controller/local_setup.sh
[1.438s] -- Up-to-date symlink: /home/george/ROS2/ros2_hoverboard/install/swerve_controller/share/swerve_controller/local_setup.zsh
[1.438s] -- Up-to-date symlink: /home/george/ROS2/ros2_hoverboard/install/swerve_controller/share/swerve_controller/local_setup.dsv
[1.438s] -- Symlinking: /home/george/ROS2/ros2_hoverboard/install/swerve_controller/share/swerve_controller/package.dsv
[1.449s] -- Up-to-date symlink: /home/george/ROS2/ros2_hoverboard/install/swerve_controller/share/ament_index/resource_index/packages/swerve_controller
[1.449s] -- Up-to-date symlink: /home/george/ROS2/ros2_hoverboard/install/swerve_controller/share/ament_index/resource_index/controller_interface__pluginlib__plugin/swerve_controller
[1.449s] -- Up-to-date symlink: /home/george/ROS2/ros2_hoverboard/install/swerve_controller/share/swerve_controller/cmake/swerve_controllerConfig.cmake
[1.450s] -- Up-to-date symlink: /home/george/ROS2/ros2_hoverboard/install/swerve_controller/share/swerve_controller/cmake/swerve_controllerConfig-version.cmake
[1.450s] -- Up-to-date symlink: /home/george/ROS2/ros2_hoverboard/install/swerve_controller/share/swerve_controller/package.xml
[1.454s] Invoked command in '/home/george/ROS2/ros2_hoverboard/build/swerve_controller' returned '0': CMAKE_PREFIX_PATH=${CMAKE_PREFIX_PATH}:/opt/ros/humble /usr/bin/cmake --install /home/george/ROS2/ros2_hoverboard/build/swerve_controller
