[35m[1mConsolidate compiler generated dependencies of target topic_based_ros2_control[0m
[ 25%] Built target topic_based_ros2_control
[35m[1mConsolidate compiler generated dependencies of target gtest[0m
[ 50%] Built target gtest
[35m[1mConsolidate compiler generated dependencies of target gtest_main[0m
[ 75%] Built target gtest_main
[35m[1mConsolidate compiler generated dependencies of target topic_based_system_test[0m
[100%] Built target topic_based_system_test
-- Install configuration: ""
-- Execute custom install script
-- Up-to-date symlink: /home/george/ROS2/ros2_hoverboard/install/topic_based_ros2_control/share/topic_based_ros2_control//topic_based_ros2_control_plugin_description.xml
-- Up-to-date symlink: /home/george/ROS2/ros2_hoverboard/install/topic_based_ros2_control/share/topic_based_ros2_control/environment/library_path.sh
-- Up-to-date symlink: /home/george/ROS2/ros2_hoverboard/install/topic_based_ros2_control/share/topic_based_ros2_control/environment/library_path.dsv
-- Up-to-date symlink: /home/george/ROS2/ros2_hoverboard/install/topic_based_ros2_control/share/ament_index/resource_index/package_run_dependencies/topic_based_ros2_control
-- Up-to-date symlink: /home/george/ROS2/ros2_hoverboard/install/topic_based_ros2_control/share/ament_index/resource_index/parent_prefix_path/topic_based_ros2_control
-- Up-to-date symlink: /home/george/ROS2/ros2_hoverboard/install/topic_based_ros2_control/share/topic_based_ros2_control/environment/ament_prefix_path.sh
-- Up-to-date symlink: /home/george/ROS2/ros2_hoverboard/install/topic_based_ros2_control/share/topic_based_ros2_control/environment/ament_prefix_path.dsv
-- Up-to-date symlink: /home/george/ROS2/ros2_hoverboard/install/topic_based_ros2_control/share/topic_based_ros2_control/environment/path.sh
-- Up-to-date symlink: /home/george/ROS2/ros2_hoverboard/install/topic_based_ros2_control/share/topic_based_ros2_control/environment/path.dsv
-- Up-to-date symlink: /home/george/ROS2/ros2_hoverboard/install/topic_based_ros2_control/share/topic_based_ros2_control/local_setup.bash
-- Up-to-date symlink: /home/george/ROS2/ros2_hoverboard/install/topic_based_ros2_control/share/topic_based_ros2_control/local_setup.sh
-- Up-to-date symlink: /home/george/ROS2/ros2_hoverboard/install/topic_based_ros2_control/share/topic_based_ros2_control/local_setup.zsh
-- Up-to-date symlink: /home/george/ROS2/ros2_hoverboard/install/topic_based_ros2_control/share/topic_based_ros2_control/local_setup.dsv
-- Symlinking: /home/george/ROS2/ros2_hoverboard/install/topic_based_ros2_control/share/topic_based_ros2_control/package.dsv
-- Up-to-date symlink: /home/george/ROS2/ros2_hoverboard/install/topic_based_ros2_control/share/ament_index/resource_index/packages/topic_based_ros2_control
-- Up-to-date symlink: /home/george/ROS2/ros2_hoverboard/install/topic_based_ros2_control/share/ament_index/resource_index/hardware_interface__pluginlib__plugin/topic_based_ros2_control
-- Up-to-date symlink: /home/george/ROS2/ros2_hoverboard/install/topic_based_ros2_control/share/topic_based_ros2_control/cmake/ament_cmake_export_targets-extras.cmake
-- Up-to-date symlink: /home/george/ROS2/ros2_hoverboard/install/topic_based_ros2_control/share/topic_based_ros2_control/cmake/ament_cmake_export_dependencies-extras.cmake
-- Up-to-date symlink: /home/george/ROS2/ros2_hoverboard/install/topic_based_ros2_control/share/topic_based_ros2_control/cmake/topic_based_ros2_controlConfig.cmake
-- Up-to-date symlink: /home/george/ROS2/ros2_hoverboard/install/topic_based_ros2_control/share/topic_based_ros2_control/cmake/topic_based_ros2_controlConfig-version.cmake
-- Up-to-date symlink: /home/george/ROS2/ros2_hoverboard/install/topic_based_ros2_control/share/topic_based_ros2_control/package.xml
-- Up-to-date: /home/george/ROS2/ros2_hoverboard/install/topic_based_ros2_control/lib/libtopic_based_ros2_control.so
-- Up-to-date: /home/george/ROS2/ros2_hoverboard/install/topic_based_ros2_control/share/topic_based_ros2_control/cmake/topic_based_ros2_controlTargetsExport.cmake
-- Up-to-date: /home/george/ROS2/ros2_hoverboard/install/topic_based_ros2_control/share/topic_based_ros2_control/cmake/topic_based_ros2_controlTargetsExport-noconfig.cmake
