[0.021s] Invoking command in '/home/george/ROS2/ros2_hoverboard/build/rplidar_ros2': CMAKE_PREFIX_PATH=${CMAKE_PREFIX_PATH}:/opt/ros/humble /usr/bin/cmake /home/george/ROS2/ros2_hoverboard/src/sensors/rplidar_ros2 -DCMAKE_INSTALL_PREFIX=/home/george/ROS2/ros2_hoverboard/install/rplidar_ros2
[0.260s] -- Found ament_cmake_auto: 1.3.11 (/opt/ros/humble/share/ament_cmake_auto/cmake)
[0.260s] -- Override CMake install command with custom implementation using symlinks instead of copying resources
[0.260s] -- Found ament_cmake_ros: 0.10.0 (/opt/ros/humble/share/ament_cmake_ros/cmake)
[0.341s] -- Found rosidl_generator_c: 3.1.6 (/opt/ros/humble/share/rosidl_generator_c/cmake)
[0.342s] -- Found rosidl_adapter: 3.1.6 (/opt/ros/humble/share/rosidl_adapter/cmake)
[0.354s] -- Found rosidl_generator_cpp: 3.1.6 (/opt/ros/humble/share/rosidl_generator_cpp/cmake)
[0.362s] -- Using all available rosidl_typesupport_c: rosidl_typesupport_fastrtps_c;rosidl_typesupport_introspection_c
[0.377s] -- Using all available rosidl_typesupport_cpp: rosidl_typesupport_fastrtps_cpp;rosidl_typesupport_introspection_cpp
[0.417s] -- Found rmw_implementation_cmake: 6.1.2 (/opt/ros/humble/share/rmw_implementation_cmake/cmake)
[0.418s] -- Found rmw_cyclonedds_cpp: 1.3.4 (/opt/ros/humble/share/rmw_cyclonedds_cpp/cmake)
[0.446s] -- Using RMW implementation 'rmw_cyclonedds_cpp' as default
[0.633s] -- Configuring done
[0.650s] -- Generating done
[0.660s] -- Build files have been written to: /home/george/ROS2/ros2_hoverboard/build/rplidar_ros2
[0.689s] Invoked command in '/home/george/ROS2/ros2_hoverboard/build/rplidar_ros2' returned '0': CMAKE_PREFIX_PATH=${CMAKE_PREFIX_PATH}:/opt/ros/humble /usr/bin/cmake /home/george/ROS2/ros2_hoverboard/src/sensors/rplidar_ros2 -DCMAKE_INSTALL_PREFIX=/home/george/ROS2/ros2_hoverboard/install/rplidar_ros2
[0.690s] Invoking command in '/home/george/ROS2/ros2_hoverboard/build/rplidar_ros2': CMAKE_PREFIX_PATH=${CMAKE_PREFIX_PATH}:/opt/ros/humble /usr/bin/cmake --build /home/george/ROS2/ros2_hoverboard/build/rplidar_ros2 -- -j6 -l6
[0.748s] [35m[1mConsolidate compiler generated dependencies of target rplidar_composition_node[0m
[0.774s] [ 77%] Built target rplidar_composition_node
[0.788s] [35m[1mConsolidate compiler generated dependencies of target rplidar_composition[0m
[0.812s] [100%] Built target rplidar_composition
[0.852s] Invoked command in '/home/george/ROS2/ros2_hoverboard/build/rplidar_ros2' returned '0': CMAKE_PREFIX_PATH=${CMAKE_PREFIX_PATH}:/opt/ros/humble /usr/bin/cmake --build /home/george/ROS2/ros2_hoverboard/build/rplidar_ros2 -- -j6 -l6
[0.853s] Invoking command in '/home/george/ROS2/ros2_hoverboard/build/rplidar_ros2': CMAKE_PREFIX_PATH=${CMAKE_PREFIX_PATH}:/opt/ros/humble /usr/bin/cmake --install /home/george/ROS2/ros2_hoverboard/build/rplidar_ros2
[0.867s] -- Install configuration: ""
[0.867s] -- Execute custom install script
[0.867s] -- Up-to-date symlink: /home/george/ROS2/ros2_hoverboard/install/rplidar_ros2/lib/rplidar_ros2/rplidar_composition
[0.867s] -- Up-to-date symlink: /home/george/ROS2/ros2_hoverboard/install/rplidar_ros2/share/rplidar_ros2/launch/rplidar.launch.py
[0.867s] -- Up-to-date symlink: /home/george/ROS2/ros2_hoverboard/install/rplidar_ros2/share/rplidar_ros2/launch/rplidar_a3.launch.py
[0.868s] -- Up-to-date symlink: /home/george/ROS2/ros2_hoverboard/install/rplidar_ros2/share/rplidar_ros2/launch/rplidar_s1.launch.py
[0.868s] -- Up-to-date symlink: /home/george/ROS2/ros2_hoverboard/install/rplidar_ros2/share/rplidar_ros2/launch/rplidar_s1_tcp.launch.py
[0.868s] -- Up-to-date symlink: /home/george/ROS2/ros2_hoverboard/install/rplidar_ros2/share/rplidar_ros2/launch/test_rplidar_a3.launch.py
[0.868s] -- Up-to-date symlink: /home/george/ROS2/ros2_hoverboard/install/rplidar_ros2/share/rplidar_ros2/launch/view_rplidar.launch.py
[0.868s] -- Up-to-date symlink: /home/george/ROS2/ros2_hoverboard/install/rplidar_ros2/share/rplidar_ros2/launch/view_rplidar_a3.launch.py
[0.868s] -- Up-to-date symlink: /home/george/ROS2/ros2_hoverboard/install/rplidar_ros2/share/rplidar_ros2/launch/view_rplidar_s1.launch.py
[0.868s] -- Up-to-date symlink: /home/george/ROS2/ros2_hoverboard/install/rplidar_ros2/share/rplidar_ros2/launch/view_rplidar_s1_tcp.launch.py
[0.869s] -- Up-to-date symlink: /home/george/ROS2/ros2_hoverboard/install/rplidar_ros2/share/rplidar_ros2/rviz/rplidar.rviz
[0.869s] -- Up-to-date symlink: /home/george/ROS2/ros2_hoverboard/install/rplidar_ros2/share/rplidar_ros2/meshes/rplidar_a2_simple.stl
[0.869s] -- Up-to-date symlink: /home/george/ROS2/ros2_hoverboard/install/rplidar_ros2/share/rplidar_ros2/urdf/rplidar.urdf.xacro
[0.869s] -- Up-to-date symlink: /home/george/ROS2/ros2_hoverboard/install/rplidar_ros2/share/rplidar_ros2/urdf/rplidar_A2.urdf.xacro
[0.870s] -- Up-to-date symlink: /home/george/ROS2/ros2_hoverboard/install/rplidar_ros2/lib/librplidar_composition_node.so
[0.870s] -- Up-to-date symlink: /home/george/ROS2/ros2_hoverboard/install/rplidar_ros2/include/rplidar_node.hpp
[0.870s] -- Up-to-date symlink: /home/george/ROS2/ros2_hoverboard/install/rplidar_ros2/include/visibility.h
[0.871s] -- Up-to-date symlink: /home/george/ROS2/ros2_hoverboard/install/rplidar_ros2/lib/rplidar_ros2/rplidar_composition
[0.871s] -- Up-to-date symlink: /home/george/ROS2/ros2_hoverboard/install/rplidar_ros2/share/ament_index/resource_index/package_run_dependencies/rplidar_ros2
[0.871s] -- Up-to-date symlink: /home/george/ROS2/ros2_hoverboard/install/rplidar_ros2/share/ament_index/resource_index/parent_prefix_path/rplidar_ros2
[0.872s] -- Up-to-date symlink: /home/george/ROS2/ros2_hoverboard/install/rplidar_ros2/share/rplidar_ros2/environment/ament_prefix_path.sh
[0.872s] -- Up-to-date symlink: /home/george/ROS2/ros2_hoverboard/install/rplidar_ros2/share/rplidar_ros2/environment/ament_prefix_path.dsv
[0.872s] -- Up-to-date symlink: /home/george/ROS2/ros2_hoverboard/install/rplidar_ros2/share/rplidar_ros2/environment/path.sh
[0.872s] -- Up-to-date symlink: /home/george/ROS2/ros2_hoverboard/install/rplidar_ros2/share/rplidar_ros2/environment/path.dsv
[0.872s] -- Up-to-date symlink: /home/george/ROS2/ros2_hoverboard/install/rplidar_ros2/share/rplidar_ros2/local_setup.bash
[0.872s] -- Up-to-date symlink: /home/george/ROS2/ros2_hoverboard/install/rplidar_ros2/share/rplidar_ros2/local_setup.sh
[0.872s] -- Up-to-date symlink: /home/george/ROS2/ros2_hoverboard/install/rplidar_ros2/share/rplidar_ros2/local_setup.zsh
[0.872s] -- Up-to-date symlink: /home/george/ROS2/ros2_hoverboard/install/rplidar_ros2/share/rplidar_ros2/local_setup.dsv
[0.872s] -- Symlinking: /home/george/ROS2/ros2_hoverboard/install/rplidar_ros2/share/rplidar_ros2/package.dsv
[0.885s] -- Up-to-date symlink: /home/george/ROS2/ros2_hoverboard/install/rplidar_ros2/share/ament_index/resource_index/packages/rplidar_ros2
[0.885s] -- Up-to-date symlink: /home/george/ROS2/ros2_hoverboard/install/rplidar_ros2/share/ament_index/resource_index/rclcpp_components/rplidar_ros2
[0.885s] -- Up-to-date symlink: /home/george/ROS2/ros2_hoverboard/install/rplidar_ros2/share/rplidar_ros2/cmake/ament_cmake_export_dependencies-extras.cmake
[0.885s] -- Up-to-date symlink: /home/george/ROS2/ros2_hoverboard/install/rplidar_ros2/share/rplidar_ros2/cmake/ament_cmake_export_include_directories-extras.cmake
[0.886s] -- Up-to-date symlink: /home/george/ROS2/ros2_hoverboard/install/rplidar_ros2/share/rplidar_ros2/cmake/rplidar_ros2Config.cmake
[0.886s] -- Up-to-date symlink: /home/george/ROS2/ros2_hoverboard/install/rplidar_ros2/share/rplidar_ros2/cmake/rplidar_ros2Config-version.cmake
[0.886s] -- Up-to-date symlink: /home/george/ROS2/ros2_hoverboard/install/rplidar_ros2/share/rplidar_ros2/package.xml
[0.890s] Invoked command in '/home/george/ROS2/ros2_hoverboard/build/rplidar_ros2' returned '0': CMAKE_PREFIX_PATH=${CMAKE_PREFIX_PATH}:/opt/ros/humble /usr/bin/cmake --install /home/george/ROS2/ros2_hoverboard/build/rplidar_ros2
