[0.043s] Invoking command in '/home/george/ROS2/ros2_hoverboard/build/twist_mux': CMAKE_PREFIX_PATH=${CMAKE_PREFIX_PATH}:/opt/ros/humble /usr/bin/cmake --build /home/george/ROS2/ros2_hoverboard/build/twist_mux -- -j6 -l6
[0.204s] [ 66%] Built target twist_mux
[0.237s] [100%] Built target twist_marker
[0.316s] Invoked command in '/home/george/ROS2/ros2_hoverboard/build/twist_mux' returned '0': CMAKE_PREFIX_PATH=${CMAKE_PREFIX_PATH}:/opt/ros/humble /usr/bin/cmake --build /home/george/ROS2/ros2_hoverboard/build/twist_mux -- -j6 -l6
[0.316s] Invoking command in '/home/george/ROS2/ros2_hoverboard/build/twist_mux': CMAKE_PREFIX_PATH=${CMAKE_PREFIX_PATH}:/opt/ros/humble /usr/bin/cmake --install /home/george/ROS2/ros2_hoverboard/build/twist_mux
[0.326s] -- Install configuration: ""
[0.326s] -- Execute custom install script
[0.327s] -- Up-to-date symlink: /home/george/ROS2/ros2_hoverboard/install/twist_mux/lib/twist_mux/twist_mux
[0.327s] -- Up-to-date symlink: /home/george/ROS2/ros2_hoverboard/install/twist_mux/lib/twist_mux/twist_marker
[0.327s] -- Up-to-date symlink: /home/george/ROS2/ros2_hoverboard/install/twist_mux/lib/twist_mux/joystick_relay.py
[0.328s] -- Up-to-date symlink: /home/george/ROS2/ros2_hoverboard/install/twist_mux/share/twist_mux/launch/twist_mux.launch
[0.329s] -- Up-to-date symlink: /home/george/ROS2/ros2_hoverboard/install/twist_mux/share/twist_mux/launch/twist_mux_launch.py
[0.329s] -- Up-to-date symlink: /home/george/ROS2/ros2_hoverboard/install/twist_mux/share/twist_mux/config/joystick.yaml
[0.329s] -- Up-to-date symlink: /home/george/ROS2/ros2_hoverboard/install/twist_mux/share/twist_mux/config/twist_mux_locks.yaml
[0.329s] -- Up-to-date symlink: /home/george/ROS2/ros2_hoverboard/install/twist_mux/share/twist_mux/config/twist_mux_topics.yaml
[0.330s] -- Up-to-date symlink: /home/george/ROS2/ros2_hoverboard/install/twist_mux/include/twist_mux/params_helpers.hpp
[0.330s] -- Up-to-date symlink: /home/george/ROS2/ros2_hoverboard/install/twist_mux/include/twist_mux/topic_handle.hpp
[0.330s] -- Up-to-date symlink: /home/george/ROS2/ros2_hoverboard/install/twist_mux/include/twist_mux/twist_mux.hpp
[0.330s] -- Up-to-date symlink: /home/george/ROS2/ros2_hoverboard/install/twist_mux/include/twist_mux/twist_mux_diagnostics.hpp
[0.330s] -- Up-to-date symlink: /home/george/ROS2/ros2_hoverboard/install/twist_mux/include/twist_mux/twist_mux_diagnostics_status.hpp
[0.331s] -- Up-to-date symlink: /home/george/ROS2/ros2_hoverboard/install/twist_mux/include/twist_mux/utils.hpp
[0.331s] -- Up-to-date symlink: /home/george/ROS2/ros2_hoverboard/install/twist_mux/share/ament_index/resource_index/package_run_dependencies/twist_mux
[0.331s] -- Up-to-date symlink: /home/george/ROS2/ros2_hoverboard/install/twist_mux/share/ament_index/resource_index/parent_prefix_path/twist_mux
[0.331s] -- Up-to-date symlink: /home/george/ROS2/ros2_hoverboard/install/twist_mux/share/twist_mux/environment/ament_prefix_path.sh
[0.331s] -- Up-to-date symlink: /home/george/ROS2/ros2_hoverboard/install/twist_mux/share/twist_mux/environment/ament_prefix_path.dsv
[0.331s] -- Up-to-date symlink: /home/george/ROS2/ros2_hoverboard/install/twist_mux/share/twist_mux/environment/path.sh
[0.332s] -- Up-to-date symlink: /home/george/ROS2/ros2_hoverboard/install/twist_mux/share/twist_mux/environment/path.dsv
[0.333s] -- Up-to-date symlink: /home/george/ROS2/ros2_hoverboard/install/twist_mux/share/twist_mux/local_setup.bash
[0.333s] -- Up-to-date symlink: /home/george/ROS2/ros2_hoverboard/install/twist_mux/share/twist_mux/local_setup.sh
[0.338s] -- Up-to-date symlink: /home/george/ROS2/ros2_hoverboard/install/twist_mux/share/twist_mux/local_setup.zsh
[0.338s] -- Up-to-date symlink: /home/george/ROS2/ros2_hoverboard/install/twist_mux/share/twist_mux/local_setup.dsv
[0.338s] -- Symlinking: /home/george/ROS2/ros2_hoverboard/install/twist_mux/share/twist_mux/package.dsv
[0.359s] -- Up-to-date symlink: /home/george/ROS2/ros2_hoverboard/install/twist_mux/share/ament_index/resource_index/packages/twist_mux
[0.359s] -- Up-to-date symlink: /home/george/ROS2/ros2_hoverboard/install/twist_mux/share/twist_mux/cmake/ament_cmake_export_include_directories-extras.cmake
[0.360s] -- Up-to-date symlink: /home/george/ROS2/ros2_hoverboard/install/twist_mux/share/twist_mux/cmake/ament_cmake_export_dependencies-extras.cmake
[0.360s] -- Up-to-date symlink: /home/george/ROS2/ros2_hoverboard/install/twist_mux/share/twist_mux/cmake/twist_muxConfig.cmake
[0.360s] -- Up-to-date symlink: /home/george/ROS2/ros2_hoverboard/install/twist_mux/share/twist_mux/cmake/twist_muxConfig-version.cmake
[0.360s] -- Up-to-date symlink: /home/george/ROS2/ros2_hoverboard/install/twist_mux/share/twist_mux/package.xml
[0.416s] Invoked command in '/home/george/ROS2/ros2_hoverboard/build/twist_mux' returned '0': CMAKE_PREFIX_PATH=${CMAKE_PREFIX_PATH}:/opt/ros/humble /usr/bin/cmake --install /home/george/ROS2/ros2_hoverboard/build/twist_mux
