-- Install configuration: ""
-- Execute custom install script
-- Up-to-date symlink: /home/george/ROS2/ros2_hoverboard/install/description_mobile/share/description_mobile/ros2_control/4ws.ros2_control.xacro
-- Up-to-date symlink: /home/george/ROS2/ros2_hoverboard/install/description_mobile/share/description_mobile/ros2_control/ackermann_2bot.ros2_control.xacro
-- Up-to-date symlink: /home/george/ROS2/ros2_hoverboard/install/description_mobile/share/description_mobile/ros2_control/ackermannbot.ros2_control.xacro
-- Up-to-date symlink: /home/george/ROS2/ros2_hoverboard/install/description_mobile/share/description_mobile/ros2_control/diffbot.ros2_control.xacro
-- Up-to-date symlink: /home/george/ROS2/ros2_hoverboard/install/description_mobile/share/description_mobile/ros2_control/drive_module.ros2_control.xacro
-- Up-to-date symlink: /home/george/ROS2/ros2_hoverboard/install/description_mobile/share/description_mobile/ros2_control/swerve.ros2_control.xacro
-- Up-to-date symlink: /home/george/ROS2/ros2_hoverboard/install/description_mobile/share/description_mobile/ros2_control/tricycle.ros2_control.xacro
-- Up-to-date symlink: /home/george/ROS2/ros2_hoverboard/install/description_mobile/share/description_mobile/ros2_control/tricyclebot.ros2_control.xacro
-- Up-to-date symlink: /home/george/ROS2/ros2_hoverboard/install/description_mobile/share/description_mobile/launch/__pycache__/view_robot_ackermann.launch.cpython-310.pyc
-- Up-to-date symlink: /home/george/ROS2/ros2_hoverboard/install/description_mobile/share/description_mobile/launch/__pycache__/view_robot_ackermann_2BOT.launch.cpython-310.pyc
-- Up-to-date symlink: /home/george/ROS2/ros2_hoverboard/install/description_mobile/share/description_mobile/launch/__pycache__/view_robot_swerve.launch.cpython-310.pyc
-- Up-to-date symlink: /home/george/ROS2/ros2_hoverboard/install/description_mobile/share/description_mobile/launch/view_robot_ackermann.launch.py
-- Up-to-date symlink: /home/george/ROS2/ros2_hoverboard/install/description_mobile/share/description_mobile/launch/view_robot_ackermann_2BOT.launch.py
-- Up-to-date symlink: /home/george/ROS2/ros2_hoverboard/install/description_mobile/share/description_mobile/launch/view_robot_swerve.launch.py
-- Up-to-date symlink: /home/george/ROS2/ros2_hoverboard/install/description_mobile/share/description_mobile/launch/view_robot_tricycle.launch.py
-- Up-to-date symlink: /home/george/ROS2/ros2_hoverboard/install/description_mobile/share/description_mobile/rviz/amr_view.rviz
-- Up-to-date symlink: /home/george/ROS2/ros2_hoverboard/install/description_mobile/share/description_mobile/rviz/carlikebot.rviz
-- Up-to-date symlink: /home/george/ROS2/ros2_hoverboard/install/description_mobile/share/description_mobile/rviz/display.rviz
-- Up-to-date symlink: /home/george/ROS2/ros2_hoverboard/install/description_mobile/share/description_mobile/rviz/drive_module.rviz
-- Up-to-date symlink: /home/george/ROS2/ros2_hoverboard/install/description_mobile/share/description_mobile/rviz/drive_module_view.rviz
-- Up-to-date symlink: /home/george/ROS2/ros2_hoverboard/install/description_mobile/share/description_mobile/rviz/view.rviz
-- Up-to-date symlink: /home/george/ROS2/ros2_hoverboard/install/description_mobile/share/description_mobile/urdf/mech/base.urdf.xacro
-- Up-to-date symlink: /home/george/ROS2/ros2_hoverboard/install/description_mobile/share/description_mobile/urdf/mech/caster_wheel.urdf.xacro
-- Up-to-date symlink: /home/george/ROS2/ros2_hoverboard/install/description_mobile/share/description_mobile/urdf/mech/chassis.urdf.xacro
-- Up-to-date symlink: /home/george/ROS2/ros2_hoverboard/install/description_mobile/share/description_mobile/urdf/mech/diff_drive_module.urdf.xacro
-- Up-to-date symlink: /home/george/ROS2/ros2_hoverboard/install/description_mobile/share/description_mobile/urdf/mech/drive_module.urdf.xacro
-- Up-to-date symlink: /home/george/ROS2/ros2_hoverboard/install/description_mobile/share/description_mobile/urdf/mech/mecanum_wheel.urdf.xacro
-- Up-to-date symlink: /home/george/ROS2/ros2_hoverboard/install/description_mobile/share/description_mobile/urdf/mech/rear_wheels.urdf.xacro
-- Up-to-date symlink: /home/george/ROS2/ros2_hoverboard/install/description_mobile/share/description_mobile/urdf/mech/rear_wheels_mimic.urdf.xacro
-- Up-to-date symlink: /home/george/ROS2/ros2_hoverboard/install/description_mobile/share/description_mobile/urdf/mech/tricycle_chassis.urdf.xacro
-- Up-to-date symlink: /home/george/ROS2/ros2_hoverboard/install/description_mobile/share/description_mobile/urdf/mech/virtual_ackermann_2_module.urdf.xacro
-- Up-to-date symlink: /home/george/ROS2/ros2_hoverboard/install/description_mobile/share/description_mobile/urdf/mech/virtual_ackermann_module.urdf.xacro
-- Up-to-date symlink: /home/george/ROS2/ros2_hoverboard/install/description_mobile/share/description_mobile/urdf/mech/virtual_bicycle_module.urdf.xacro
-- Up-to-date symlink: /home/george/ROS2/ros2_hoverboard/install/description_mobile/share/description_mobile/urdf/mech/virtual_swerve_module.urdf.xacro
-- Up-to-date symlink: /home/george/ROS2/ros2_hoverboard/install/description_mobile/share/description_mobile/urdf/mech/wheel.urdf.xacro
-- Up-to-date symlink: /home/george/ROS2/ros2_hoverboard/install/description_mobile/share/description_mobile/urdf/properties/drive_module_properties.urdf.xacro
-- Up-to-date symlink: /home/george/ROS2/ros2_hoverboard/install/description_mobile/share/description_mobile/urdf/properties/my_diffbot_properties.urdf.xacro
-- Up-to-date symlink: /home/george/ROS2/ros2_hoverboard/install/description_mobile/share/description_mobile/urdf/properties/properties_2wd.urdf.xacro
-- Up-to-date symlink: /home/george/ROS2/ros2_hoverboard/install/description_mobile/share/description_mobile/urdf/properties/properties_4wd.urdf.xacro
-- Up-to-date symlink: /home/george/ROS2/ros2_hoverboard/install/description_mobile/share/description_mobile/urdf/properties/properties_ackermannBOT.urdf.xacro
-- Up-to-date symlink: /home/george/ROS2/ros2_hoverboard/install/description_mobile/share/description_mobile/urdf/properties/properties_ackermann_2BOT.urdf.xacro
-- Up-to-date symlink: /home/george/ROS2/ros2_hoverboard/install/description_mobile/share/description_mobile/urdf/properties/properties_mecanum.urdf.xacro
-- Up-to-date symlink: /home/george/ROS2/ros2_hoverboard/install/description_mobile/share/description_mobile/urdf/properties/properties_swerveBOT.urdf.xacro
-- Up-to-date symlink: /home/george/ROS2/ros2_hoverboard/install/description_mobile/share/description_mobile/urdf/properties/properties_swerveBOT_910.urdf.xacro
-- Up-to-date symlink: /home/george/ROS2/ros2_hoverboard/install/description_mobile/share/description_mobile/urdf/properties/properties_swerveBOT_910x1350.urdf.xacro
-- Up-to-date symlink: /home/george/ROS2/ros2_hoverboard/install/description_mobile/share/description_mobile/urdf/properties/properties_tricycleBOT.urdf.xacro
-- Up-to-date symlink: /home/george/ROS2/ros2_hoverboard/install/description_mobile/share/description_mobile/urdf/robots/2wd.urdf.xacro
-- Up-to-date symlink: /home/george/ROS2/ros2_hoverboard/install/description_mobile/share/description_mobile/urdf/robots/4wd.urdf.xacro
-- Up-to-date symlink: /home/george/ROS2/ros2_hoverboard/install/description_mobile/share/description_mobile/urdf/robots/4ws4wd.urdf.xacro
-- Up-to-date symlink: /home/george/ROS2/ros2_hoverboard/install/description_mobile/share/description_mobile/urdf/robots/ackermannBOT.urdf.xacro
-- Up-to-date symlink: /home/george/ROS2/ros2_hoverboard/install/description_mobile/share/description_mobile/urdf/robots/ackermann_2BOT.urdf.xacro
-- Up-to-date symlink: /home/george/ROS2/ros2_hoverboard/install/description_mobile/share/description_mobile/urdf/robots/mecanum.urdf.xacro
-- Up-to-date symlink: /home/george/ROS2/ros2_hoverboard/install/description_mobile/share/description_mobile/urdf/robots/square.urdf.xacro
-- Up-to-date symlink: /home/george/ROS2/ros2_hoverboard/install/description_mobile/share/description_mobile/urdf/robots/swerveBOT.urdf
-- Up-to-date symlink: /home/george/ROS2/ros2_hoverboard/install/description_mobile/share/description_mobile/urdf/robots/swerveBOT.urdf.xacro
-- Up-to-date symlink: /home/george/ROS2/ros2_hoverboard/install/description_mobile/share/description_mobile/urdf/robots/swerveBOT/.thumbs/256x256/swerveBOT.usda.png
-- Up-to-date symlink: /home/george/ROS2/ros2_hoverboard/install/description_mobile/share/description_mobile/urdf/robots/swerveBOT/.thumbs/256x256/wheelBOT.usd.png
-- Up-to-date symlink: /home/george/ROS2/ros2_hoverboard/install/description_mobile/share/description_mobile/urdf/robots/swerveBOT/meshes/CollisionMesh.obj
-- Up-to-date symlink: /home/george/ROS2/ros2_hoverboard/install/description_mobile/share/description_mobile/urdf/robots/swerveBOT/swerveBOT.usd
-- Up-to-date symlink: /home/george/ROS2/ros2_hoverboard/install/description_mobile/share/description_mobile/urdf/robots/swerveBOT/swerveBOT.usda
-- Up-to-date symlink: /home/george/ROS2/ros2_hoverboard/install/description_mobile/share/description_mobile/urdf/robots/swerveBOT/wheelBOT.urdf
-- Up-to-date symlink: /home/george/ROS2/ros2_hoverboard/install/description_mobile/share/description_mobile/urdf/robots/swerveBOT_2.urdf.xacro
-- Up-to-date symlink: /home/george/ROS2/ros2_hoverboard/install/description_mobile/share/description_mobile/urdf/robots/swerveBOT_910.urdf.xacro
-- Up-to-date symlink: /home/george/ROS2/ros2_hoverboard/install/description_mobile/share/description_mobile/urdf/robots/swerveBOT_910_macro.xacro
-- Up-to-date symlink: /home/george/ROS2/ros2_hoverboard/install/description_mobile/share/description_mobile/urdf/robots/swerveBOT_910x.urdf.xacro
-- Up-to-date symlink: /home/george/ROS2/ros2_hoverboard/install/description_mobile/share/description_mobile/urdf/robots/swerveBOT_910x1350.urdf.xacro
-- Up-to-date symlink: /home/george/ROS2/ros2_hoverboard/install/description_mobile/share/description_mobile/urdf/robots/test_tricycle_drive.xacro.urdf
-- Up-to-date symlink: /home/george/ROS2/ros2_hoverboard/install/description_mobile/share/description_mobile/urdf/robots/tricycle.urdf.xacro
-- Up-to-date symlink: /home/george/ROS2/ros2_hoverboard/install/description_mobile/share/description_mobile/urdf/robots/tricycleBOT.urdf.xacro
-- Up-to-date symlink: /home/george/ROS2/ros2_hoverboard/install/description_mobile/share/description_mobile/urdf/sensors/d435i_realsense2_camera.urdf.xacro
-- Up-to-date symlink: /home/george/ROS2/ros2_hoverboard/install/description_mobile/share/description_mobile/urdf/sensors/depth_sensor.urdf.xacro
-- Up-to-date symlink: /home/george/ROS2/ros2_hoverboard/install/description_mobile/share/description_mobile/urdf/sensors/generic_laser.urdf.xacro
-- Up-to-date symlink: /home/george/ROS2/ros2_hoverboard/install/description_mobile/share/description_mobile/urdf/sensors/imu.urdf.xacro
-- Up-to-date symlink: /home/george/ROS2/ros2_hoverboard/install/description_mobile/share/description_mobile/urdf/sensors/imu_gazebo.urdf.xacro
-- Up-to-date symlink: /home/george/ROS2/ros2_hoverboard/install/description_mobile/share/description_mobile/urdf/sensors/laser.urdf.xacro
-- Up-to-date symlink: /home/george/ROS2/ros2_hoverboard/install/description_mobile/share/description_mobile/meshes/base_link.stl
-- Up-to-date symlink: /home/george/ROS2/ros2_hoverboard/install/description_mobile/share/description_mobile/meshes/body_link.stl
-- Up-to-date symlink: /home/george/ROS2/ros2_hoverboard/install/description_mobile/share/description_mobile/meshes/caster_wheel_left.stl
-- Up-to-date symlink: /home/george/ROS2/ros2_hoverboard/install/description_mobile/share/description_mobile/meshes/caster_wheel_left_1.stl
-- Up-to-date symlink: /home/george/ROS2/ros2_hoverboard/install/description_mobile/share/description_mobile/meshes/caster_wheel_right.stl
-- Up-to-date symlink: /home/george/ROS2/ros2_hoverboard/install/description_mobile/share/description_mobile/meshes/diff_bot_body.stl
-- Up-to-date symlink: /home/george/ROS2/ros2_hoverboard/install/description_mobile/share/description_mobile/meshes/front_wheel_body.stl
-- Up-to-date symlink: /home/george/ROS2/ros2_hoverboard/install/description_mobile/share/description_mobile/meshes/front_wheel_steering.stl
-- Up-to-date symlink: /home/george/ROS2/ros2_hoverboard/install/description_mobile/share/description_mobile/meshes/front_wheel_traction.stl
-- Up-to-date symlink: /home/george/ROS2/ros2_hoverboard/install/description_mobile/share/description_mobile/meshes/left_wheel.stl
-- Up-to-date symlink: /home/george/ROS2/ros2_hoverboard/install/description_mobile/share/description_mobile/meshes/materials.xacro
-- Up-to-date symlink: /home/george/ROS2/ros2_hoverboard/install/description_mobile/share/description_mobile/meshes/right_wheel.stl
-- Up-to-date symlink: /home/george/ROS2/ros2_hoverboard/install/description_mobile/share/ament_index/resource_index/package_run_dependencies/description_mobile
-- Up-to-date symlink: /home/george/ROS2/ros2_hoverboard/install/description_mobile/share/ament_index/resource_index/parent_prefix_path/description_mobile
-- Up-to-date symlink: /home/george/ROS2/ros2_hoverboard/install/description_mobile/share/description_mobile/environment/ament_prefix_path.sh
-- Up-to-date symlink: /home/george/ROS2/ros2_hoverboard/install/description_mobile/share/description_mobile/environment/ament_prefix_path.dsv
-- Up-to-date symlink: /home/george/ROS2/ros2_hoverboard/install/description_mobile/share/description_mobile/environment/path.sh
-- Up-to-date symlink: /home/george/ROS2/ros2_hoverboard/install/description_mobile/share/description_mobile/environment/path.dsv
-- Up-to-date symlink: /home/george/ROS2/ros2_hoverboard/install/description_mobile/share/description_mobile/local_setup.bash
-- Up-to-date symlink: /home/george/ROS2/ros2_hoverboard/install/description_mobile/share/description_mobile/local_setup.sh
-- Up-to-date symlink: /home/george/ROS2/ros2_hoverboard/install/description_mobile/share/description_mobile/local_setup.zsh
-- Up-to-date symlink: /home/george/ROS2/ros2_hoverboard/install/description_mobile/share/description_mobile/local_setup.dsv
-- Symlinking: /home/george/ROS2/ros2_hoverboard/install/description_mobile/share/description_mobile/package.dsv
-- Up-to-date symlink: /home/george/ROS2/ros2_hoverboard/install/description_mobile/share/ament_index/resource_index/packages/description_mobile
-- Up-to-date symlink: /home/george/ROS2/ros2_hoverboard/install/description_mobile/share/description_mobile/cmake/description_mobileConfig.cmake
-- Up-to-date symlink: /home/george/ROS2/ros2_hoverboard/install/description_mobile/share/description_mobile/cmake/description_mobileConfig-version.cmake
-- Up-to-date symlink: /home/george/ROS2/ros2_hoverboard/install/description_mobile/share/description_mobile/package.xml
