[0.168s] Invoking command in '/home/george/ROS2/ros2_hoverboard/build/rplidar_ros2': CMAKE_PREFIX_PATH=${CMAKE_PREFIX_PATH}:/opt/ros/humble /usr/bin/cmake --build /home/george/ROS2/ros2_hoverboard/build/rplidar_ros2 -- -j6 -l6
[0.293s] [ 77%] Built target rplidar_composition_node
[0.378s] [100%] Built target rplidar_composition
[0.481s] Invoked command in '/home/george/ROS2/ros2_hoverboard/build/rplidar_ros2' returned '0': CMAKE_PREFIX_PATH=${CMAKE_PREFIX_PATH}:/opt/ros/humble /usr/bin/cmake --build /home/george/ROS2/ros2_hoverboard/build/rplidar_ros2 -- -j6 -l6
[0.483s] Invoking command in '/home/george/ROS2/ros2_hoverboard/build/rplidar_ros2': CMAKE_PREFIX_PATH=${CMAKE_PREFIX_PATH}:/opt/ros/humble /usr/bin/cmake --install /home/george/ROS2/ros2_hoverboard/build/rplidar_ros2
[0.523s] -- Install configuration: ""
[0.523s] -- Execute custom install script
[0.523s] -- Up-to-date symlink: /home/george/ROS2/ros2_hoverboard/install/rplidar_ros2/lib/rplidar_ros2/rplidar_composition
[0.523s] -- Up-to-date symlink: /home/george/ROS2/ros2_hoverboard/install/rplidar_ros2/share/rplidar_ros2/launch/rplidar.launch.py
[0.528s] -- Up-to-date symlink: /home/george/ROS2/ros2_hoverboard/install/rplidar_ros2/share/rplidar_ros2/launch/rplidar_a3.launch.py
[0.528s] -- Up-to-date symlink: /home/george/ROS2/ros2_hoverboard/install/rplidar_ros2/share/rplidar_ros2/launch/rplidar_s1.launch.py
[0.528s] -- Up-to-date symlink: /home/george/ROS2/ros2_hoverboard/install/rplidar_ros2/share/rplidar_ros2/launch/rplidar_s1_tcp.launch.py
[0.528s] -- Up-to-date symlink: /home/george/ROS2/ros2_hoverboard/install/rplidar_ros2/share/rplidar_ros2/launch/test_rplidar_a3.launch.py
[0.528s] -- Up-to-date symlink: /home/george/ROS2/ros2_hoverboard/install/rplidar_ros2/share/rplidar_ros2/launch/view_rplidar.launch.py
[0.528s] -- Up-to-date symlink: /home/george/ROS2/ros2_hoverboard/install/rplidar_ros2/share/rplidar_ros2/launch/view_rplidar_a3.launch.py
[0.529s] -- Up-to-date symlink: /home/george/ROS2/ros2_hoverboard/install/rplidar_ros2/share/rplidar_ros2/launch/view_rplidar_s1.launch.py
[0.529s] -- Up-to-date symlink: /home/george/ROS2/ros2_hoverboard/install/rplidar_ros2/share/rplidar_ros2/launch/view_rplidar_s1_tcp.launch.py
[0.529s] -- Up-to-date symlink: /home/george/ROS2/ros2_hoverboard/install/rplidar_ros2/share/rplidar_ros2/rviz/rplidar.rviz
[0.529s] -- Up-to-date symlink: /home/george/ROS2/ros2_hoverboard/install/rplidar_ros2/share/rplidar_ros2/meshes/rplidar_a2_simple.stl
[0.529s] -- Up-to-date symlink: /home/george/ROS2/ros2_hoverboard/install/rplidar_ros2/share/rplidar_ros2/urdf/rplidar.urdf.xacro
[0.529s] -- Up-to-date symlink: /home/george/ROS2/ros2_hoverboard/install/rplidar_ros2/share/rplidar_ros2/urdf/rplidar_A2.urdf.xacro
[0.529s] -- Up-to-date symlink: /home/george/ROS2/ros2_hoverboard/install/rplidar_ros2/lib/librplidar_composition_node.so
[0.529s] -- Up-to-date symlink: /home/george/ROS2/ros2_hoverboard/install/rplidar_ros2/include/rplidar_node.hpp
[0.529s] -- Up-to-date symlink: /home/george/ROS2/ros2_hoverboard/install/rplidar_ros2/include/visibility.h
[0.529s] -- Up-to-date symlink: /home/george/ROS2/ros2_hoverboard/install/rplidar_ros2/lib/rplidar_ros2/rplidar_composition
[0.530s] -- Up-to-date symlink: /home/george/ROS2/ros2_hoverboard/install/rplidar_ros2/share/ament_index/resource_index/package_run_dependencies/rplidar_ros2
[0.530s] -- Up-to-date symlink: /home/george/ROS2/ros2_hoverboard/install/rplidar_ros2/share/ament_index/resource_index/parent_prefix_path/rplidar_ros2
[0.530s] -- Up-to-date symlink: /home/george/ROS2/ros2_hoverboard/install/rplidar_ros2/share/rplidar_ros2/environment/ament_prefix_path.sh
[0.530s] -- Up-to-date symlink: /home/george/ROS2/ros2_hoverboard/install/rplidar_ros2/share/rplidar_ros2/environment/ament_prefix_path.dsv
[0.530s] -- Up-to-date symlink: /home/george/ROS2/ros2_hoverboard/install/rplidar_ros2/share/rplidar_ros2/environment/path.sh
[0.530s] -- Up-to-date symlink: /home/george/ROS2/ros2_hoverboard/install/rplidar_ros2/share/rplidar_ros2/environment/path.dsv
[0.531s] -- Up-to-date symlink: /home/george/ROS2/ros2_hoverboard/install/rplidar_ros2/share/rplidar_ros2/local_setup.bash
[0.531s] -- Up-to-date symlink: /home/george/ROS2/ros2_hoverboard/install/rplidar_ros2/share/rplidar_ros2/local_setup.sh
[0.531s] -- Up-to-date symlink: /home/george/ROS2/ros2_hoverboard/install/rplidar_ros2/share/rplidar_ros2/local_setup.zsh
[0.531s] -- Up-to-date symlink: /home/george/ROS2/ros2_hoverboard/install/rplidar_ros2/share/rplidar_ros2/local_setup.dsv
[0.531s] -- Symlinking: /home/george/ROS2/ros2_hoverboard/install/rplidar_ros2/share/rplidar_ros2/package.dsv
[0.532s] -- Up-to-date symlink: /home/george/ROS2/ros2_hoverboard/install/rplidar_ros2/share/ament_index/resource_index/packages/rplidar_ros2
[0.532s] -- Up-to-date symlink: /home/george/ROS2/ros2_hoverboard/install/rplidar_ros2/share/ament_index/resource_index/rclcpp_components/rplidar_ros2
[0.532s] -- Up-to-date symlink: /home/george/ROS2/ros2_hoverboard/install/rplidar_ros2/share/rplidar_ros2/cmake/ament_cmake_export_dependencies-extras.cmake
[0.532s] -- Up-to-date symlink: /home/george/ROS2/ros2_hoverboard/install/rplidar_ros2/share/rplidar_ros2/cmake/ament_cmake_export_include_directories-extras.cmake
[0.532s] -- Up-to-date symlink: /home/george/ROS2/ros2_hoverboard/install/rplidar_ros2/share/rplidar_ros2/cmake/rplidar_ros2Config.cmake
[0.532s] -- Up-to-date symlink: /home/george/ROS2/ros2_hoverboard/install/rplidar_ros2/share/rplidar_ros2/cmake/rplidar_ros2Config-version.cmake
[0.533s] -- Up-to-date symlink: /home/george/ROS2/ros2_hoverboard/install/rplidar_ros2/share/rplidar_ros2/package.xml
[0.537s] Invoked command in '/home/george/ROS2/ros2_hoverboard/build/rplidar_ros2' returned '0': CMAKE_PREFIX_PATH=${CMAKE_PREFIX_PATH}:/opt/ros/humble /usr/bin/cmake --install /home/george/ROS2/ros2_hoverboard/build/rplidar_ros2
