[0.044s] Invoking command in '/home/george/ROS2/ros2_hoverboard/build/twist_mux': CMAKE_PREFIX_PATH=${CMAKE_PREFIX_PATH}:/opt/ros/humble /usr/bin/cmake /home/george/ROS2/ros2_hoverboard/src/mobile_robot/teleop_ws/twist_mux -DAMENT_CMAKE_SYMLINK_INSTALL=1 -DCMAKE_INSTALL_PREFIX=/home/george/ROS2/ros2_hoverboard/install/twist_mux
[0.064s] -- Found ament_cmake: 1.3.11 (/opt/ros/humble/share/ament_cmake/cmake)
[0.303s] -- Override CMake install command with custom implementation using symlinks instead of copying resources
[0.324s] -- Found rclcpp: 16.0.11 (/opt/ros/humble/share/rclcpp/cmake)
[0.410s] -- Found rosidl_generator_c: 3.1.6 (/opt/ros/humble/share/rosidl_generator_c/cmake)
[0.410s] -- Found rosidl_adapter: 3.1.6 (/opt/ros/humble/share/rosidl_adapter/cmake)
[0.414s] -- Found rosidl_generator_cpp: 3.1.6 (/opt/ros/humble/share/rosidl_generator_cpp/cmake)
[0.434s] -- Using all available rosidl_typesupport_c: rosidl_typesupport_fastrtps_c;rosidl_typesupport_introspection_c
[0.499s] -- Using all available rosidl_typesupport_cpp: rosidl_typesupport_fastrtps_cpp;rosidl_typesupport_introspection_cpp
[0.587s] -- Found rmw_implementation_cmake: 6.1.2 (/opt/ros/humble/share/rmw_implementation_cmake/cmake)
[0.593s] -- Found rmw_cyclonedds_cpp: 1.3.4 (/opt/ros/humble/share/rmw_cyclonedds_cpp/cmake)
[0.654s] -- Using RMW implementation 'rmw_cyclonedds_cpp' as default
[0.719s] -- Found geometry_msgs: 4.2.4 (/opt/ros/humble/share/geometry_msgs/cmake)
[0.725s] -- Found visualization_msgs: 4.2.4 (/opt/ros/humble/share/visualization_msgs/cmake)
[0.768s] -- Found diagnostic_updater: 4.0.2 (/opt/ros/humble/share/diagnostic_updater/cmake)
[0.806s] -- Found launch_testing_ament_cmake: 1.0.7 (/opt/ros/humble/share/launch_testing_ament_cmake/cmake)
[0.807s] -- Found python_cmake_module: 0.10.0 (/opt/ros/humble/share/python_cmake_module/cmake)
[0.840s] -- Using PYTHON_EXECUTABLE: /usr/bin/python3
[0.840s] -- Using PYTHON_INCLUDE_DIRS: /usr/include/python3.10
[0.841s] -- Using PYTHON_LIBRARIES: /usr/lib/x86_64-linux-gnu/libpython3.10.so
[0.947s] -- Configuring done
[0.971s] -- Generating done
[0.983s] -- Build files have been written to: /home/george/ROS2/ros2_hoverboard/build/twist_mux
[0.995s] Invoked command in '/home/george/ROS2/ros2_hoverboard/build/twist_mux' returned '0': CMAKE_PREFIX_PATH=${CMAKE_PREFIX_PATH}:/opt/ros/humble /usr/bin/cmake /home/george/ROS2/ros2_hoverboard/src/mobile_robot/teleop_ws/twist_mux -DAMENT_CMAKE_SYMLINK_INSTALL=1 -DCMAKE_INSTALL_PREFIX=/home/george/ROS2/ros2_hoverboard/install/twist_mux
[0.997s] Invoking command in '/home/george/ROS2/ros2_hoverboard/build/twist_mux': CMAKE_PREFIX_PATH=${CMAKE_PREFIX_PATH}:/opt/ros/humble /usr/bin/cmake --build /home/george/ROS2/ros2_hoverboard/build/twist_mux -- -j6 -l6
[1.222s] [35m[1mConsolidate compiler generated dependencies of target twist_mux[0m
[1.222s] [ 66%] Built target twist_mux
[1.222s] [35m[1mConsolidate compiler generated dependencies of target twist_marker[0m
[1.231s] [100%] Built target twist_marker
[1.259s] Invoked command in '/home/george/ROS2/ros2_hoverboard/build/twist_mux' returned '0': CMAKE_PREFIX_PATH=${CMAKE_PREFIX_PATH}:/opt/ros/humble /usr/bin/cmake --build /home/george/ROS2/ros2_hoverboard/build/twist_mux -- -j6 -l6
[1.262s] Invoking command in '/home/george/ROS2/ros2_hoverboard/build/twist_mux': CMAKE_PREFIX_PATH=${CMAKE_PREFIX_PATH}:/opt/ros/humble /usr/bin/cmake --install /home/george/ROS2/ros2_hoverboard/build/twist_mux
[1.353s] -- Install configuration: ""
[1.353s] -- Execute custom install script
[1.353s] -- Up-to-date symlink: /home/george/ROS2/ros2_hoverboard/install/twist_mux/lib/twist_mux/twist_mux
[1.353s] -- Up-to-date symlink: /home/george/ROS2/ros2_hoverboard/install/twist_mux/lib/twist_mux/twist_marker
[1.353s] -- Up-to-date symlink: /home/george/ROS2/ros2_hoverboard/install/twist_mux/lib/twist_mux/joystick_relay.py
[1.354s] -- Up-to-date symlink: /home/george/ROS2/ros2_hoverboard/install/twist_mux/share/twist_mux/launch/twist_mux.launch
[1.354s] -- Up-to-date symlink: /home/george/ROS2/ros2_hoverboard/install/twist_mux/share/twist_mux/launch/twist_mux_launch.py
[1.354s] -- Up-to-date symlink: /home/george/ROS2/ros2_hoverboard/install/twist_mux/share/twist_mux/config/joystick.yaml
[1.354s] -- Up-to-date symlink: /home/george/ROS2/ros2_hoverboard/install/twist_mux/share/twist_mux/config/twist_mux_locks.yaml
[1.354s] -- Up-to-date symlink: /home/george/ROS2/ros2_hoverboard/install/twist_mux/share/twist_mux/config/twist_mux_topics.yaml
[1.354s] -- Up-to-date symlink: /home/george/ROS2/ros2_hoverboard/install/twist_mux/include/twist_mux/params_helpers.hpp
[1.354s] -- Up-to-date symlink: /home/george/ROS2/ros2_hoverboard/install/twist_mux/include/twist_mux/topic_handle.hpp
[1.354s] -- Up-to-date symlink: /home/george/ROS2/ros2_hoverboard/install/twist_mux/include/twist_mux/twist_mux.hpp
[1.354s] -- Up-to-date symlink: /home/george/ROS2/ros2_hoverboard/install/twist_mux/include/twist_mux/twist_mux_diagnostics.hpp
[1.355s] -- Up-to-date symlink: /home/george/ROS2/ros2_hoverboard/install/twist_mux/include/twist_mux/twist_mux_diagnostics_status.hpp
[1.355s] -- Up-to-date symlink: /home/george/ROS2/ros2_hoverboard/install/twist_mux/include/twist_mux/utils.hpp
[1.355s] -- Up-to-date symlink: /home/george/ROS2/ros2_hoverboard/install/twist_mux/share/ament_index/resource_index/package_run_dependencies/twist_mux
[1.355s] -- Up-to-date symlink: /home/george/ROS2/ros2_hoverboard/install/twist_mux/share/ament_index/resource_index/parent_prefix_path/twist_mux
[1.355s] -- Up-to-date symlink: /home/george/ROS2/ros2_hoverboard/install/twist_mux/share/twist_mux/environment/ament_prefix_path.sh
[1.355s] -- Up-to-date symlink: /home/george/ROS2/ros2_hoverboard/install/twist_mux/share/twist_mux/environment/ament_prefix_path.dsv
[1.355s] -- Up-to-date symlink: /home/george/ROS2/ros2_hoverboard/install/twist_mux/share/twist_mux/environment/path.sh
[1.355s] -- Up-to-date symlink: /home/george/ROS2/ros2_hoverboard/install/twist_mux/share/twist_mux/environment/path.dsv
[1.356s] -- Up-to-date symlink: /home/george/ROS2/ros2_hoverboard/install/twist_mux/share/twist_mux/local_setup.bash
[1.356s] -- Up-to-date symlink: /home/george/ROS2/ros2_hoverboard/install/twist_mux/share/twist_mux/local_setup.sh
[1.356s] -- Up-to-date symlink: /home/george/ROS2/ros2_hoverboard/install/twist_mux/share/twist_mux/local_setup.zsh
[1.356s] -- Up-to-date symlink: /home/george/ROS2/ros2_hoverboard/install/twist_mux/share/twist_mux/local_setup.dsv
[1.356s] -- Symlinking: /home/george/ROS2/ros2_hoverboard/install/twist_mux/share/twist_mux/package.dsv
[1.357s] -- Up-to-date symlink: /home/george/ROS2/ros2_hoverboard/install/twist_mux/share/ament_index/resource_index/packages/twist_mux
[1.358s] -- Up-to-date symlink: /home/george/ROS2/ros2_hoverboard/install/twist_mux/share/twist_mux/cmake/ament_cmake_export_include_directories-extras.cmake
[1.358s] -- Up-to-date symlink: /home/george/ROS2/ros2_hoverboard/install/twist_mux/share/twist_mux/cmake/ament_cmake_export_dependencies-extras.cmake
[1.358s] -- Up-to-date symlink: /home/george/ROS2/ros2_hoverboard/install/twist_mux/share/twist_mux/cmake/twist_muxConfig.cmake
[1.358s] -- Up-to-date symlink: /home/george/ROS2/ros2_hoverboard/install/twist_mux/share/twist_mux/cmake/twist_muxConfig-version.cmake
[1.358s] -- Up-to-date symlink: /home/george/ROS2/ros2_hoverboard/install/twist_mux/share/twist_mux/package.xml
[1.362s] Invoked command in '/home/george/ROS2/ros2_hoverboard/build/twist_mux' returned '0': CMAKE_PREFIX_PATH=${CMAKE_PREFIX_PATH}:/opt/ros/humble /usr/bin/cmake --install /home/george/ROS2/ros2_hoverboard/build/twist_mux
