-- Install configuration: ""
-- Execute custom install script
-- Up-to-date symlink: /home/george/ROS2/ros2_hoverboard/install/nav2/share/nav2/launch/localization_amcl.launch.py
-- Up-to-date symlink: /home/george/ROS2/ros2_hoverboard/install/nav2/share/nav2/launch/localization_neo.launch.py
-- Up-to-date symlink: /home/george/ROS2/ros2_hoverboard/install/nav2/share/nav2/launch/mapping.launch.py
-- Up-to-date symlink: /home/george/ROS2/ros2_hoverboard/install/nav2/share/nav2/launch/navigation.launch.py
-- Up-to-date symlink: /home/george/ROS2/ros2_hoverboard/install/nav2/share/nav2/launch/navigation_wheelbot_sim.launch.py
-- Up-to-date symlink: /home/george/ROS2/ros2_hoverboard/install/nav2/share/nav2/launch/rviz_launch.py
-- Up-to-date symlink: /home/george/ROS2/ros2_hoverboard/install/nav2/share/nav2/config/lattice_primitives/output_0085.json
-- Up-to-date symlink: /home/george/ROS2/ros2_hoverboard/install/nav2/share/nav2/config/lattice_primitives/output_01.json
-- Up-to-date symlink: /home/george/ROS2/ros2_hoverboard/install/nav2/share/nav2/config/lattice_primitives/output_05.json
-- Up-to-date symlink: /home/george/ROS2/ros2_hoverboard/install/nav2/share/nav2/config/lattice_primitives/output_05diff.json
-- Up-to-date symlink: /home/george/ROS2/ros2_hoverboard/install/nav2/share/nav2/config/lattice_primitives/trajectory.png/0.0.png
-- Up-to-date symlink: /home/george/ROS2/ros2_hoverboard/install/nav2/share/nav2/config/lattice_primitives/trajectory.png/26.56505117707799.png
-- Up-to-date symlink: /home/george/ROS2/ros2_hoverboard/install/nav2/share/nav2/config/lattice_primitives/trajectory.png/45.0.png
-- Up-to-date symlink: /home/george/ROS2/ros2_hoverboard/install/nav2/share/nav2/config/lattice_primitives/trajectory.png/63.43494882292201.png
-- Up-to-date symlink: /home/george/ROS2/ros2_hoverboard/install/nav2/share/nav2/config/lattice_primitives/trajectory.png/90.0.png
-- Up-to-date symlink: /home/george/ROS2/ros2_hoverboard/install/nav2/share/nav2/config/lattice_primitives/trajectory.png/all_trajectories.png
-- Up-to-date symlink: /home/george/ROS2/ros2_hoverboard/install/nav2/share/nav2/config/mapping.yaml
-- Up-to-date symlink: /home/george/ROS2/ros2_hoverboard/install/nav2/share/nav2/config/navigation_sim.yaml
-- Up-to-date symlink: /home/george/ROS2/ros2_hoverboard/install/nav2/share/nav2/rviz/multi_robot.rviz
-- Up-to-date symlink: /home/george/ROS2/ros2_hoverboard/install/nav2/share/nav2/rviz/single_robot.rviz
-- Up-to-date symlink: /home/george/ROS2/ros2_hoverboard/install/nav2/share/nav2/maps/cylinder_garden2_map.pgm
-- Up-to-date symlink: /home/george/ROS2/ros2_hoverboard/install/nav2/share/nav2/maps/cylinder_garden2_map.yaml
-- Up-to-date symlink: /home/george/ROS2/ros2_hoverboard/install/nav2/share/nav2/behavior_tree/navigate_through_poses_w_replanning_and_recovery.xml
-- Up-to-date symlink: /home/george/ROS2/ros2_hoverboard/install/nav2/share/nav2/behavior_tree/navigate_to_pose_w_replanning_and_recovery.xml
-- Up-to-date symlink: /home/george/ROS2/ros2_hoverboard/install/nav2/share/ament_index/resource_index/package_run_dependencies/nav2
-- Up-to-date symlink: /home/george/ROS2/ros2_hoverboard/install/nav2/share/ament_index/resource_index/parent_prefix_path/nav2
-- Up-to-date symlink: /home/george/ROS2/ros2_hoverboard/install/nav2/share/nav2/environment/ament_prefix_path.sh
-- Up-to-date symlink: /home/george/ROS2/ros2_hoverboard/install/nav2/share/nav2/environment/ament_prefix_path.dsv
-- Up-to-date symlink: /home/george/ROS2/ros2_hoverboard/install/nav2/share/nav2/environment/path.sh
-- Up-to-date symlink: /home/george/ROS2/ros2_hoverboard/install/nav2/share/nav2/environment/path.dsv
-- Up-to-date symlink: /home/george/ROS2/ros2_hoverboard/install/nav2/share/nav2/local_setup.bash
-- Up-to-date symlink: /home/george/ROS2/ros2_hoverboard/install/nav2/share/nav2/local_setup.sh
-- Up-to-date symlink: /home/george/ROS2/ros2_hoverboard/install/nav2/share/nav2/local_setup.zsh
-- Up-to-date symlink: /home/george/ROS2/ros2_hoverboard/install/nav2/share/nav2/local_setup.dsv
-- Symlinking: /home/george/ROS2/ros2_hoverboard/install/nav2/share/nav2/package.dsv
-- Up-to-date symlink: /home/george/ROS2/ros2_hoverboard/install/nav2/share/ament_index/resource_index/packages/nav2
-- Up-to-date symlink: /home/george/ROS2/ros2_hoverboard/install/nav2/share/nav2/cmake/nav2Config.cmake
-- Up-to-date symlink: /home/george/ROS2/ros2_hoverboard/install/nav2/share/nav2/cmake/nav2Config-version.cmake
-- Up-to-date symlink: /home/george/ROS2/ros2_hoverboard/install/nav2/share/nav2/package.xml
