-- The C compiler identification is GNU 11.4.0
-- The CXX compiler identification is GNU 11.4.0
-- Detecting C compiler ABI info
-- Detecting C compiler ABI info - done
-- Check for working C compiler: /usr/bin/cc - skipped
-- Detecting C compile features
-- Detecting C compile features - done
-- Detecting CXX compiler ABI info
-- Detecting CXX compiler ABI info - done
-- Check for working CXX compiler: /usr/bin/c++ - skipped
-- Detecting CXX compile features
-- Detecting CXX compile features - done
-- Found ament_cmake_auto: 1.3.11 (/opt/ros/humble/share/ament_cmake_auto/cmake)
-- Found Python3: /usr/bin/python3 (found version "3.10.12") found components: Interpreter 
-- Override CMake install command with custom implementation using symlinks instead of copying resources
-- Found ament_cmake_ros: 0.10.0 (/opt/ros/humble/share/ament_cmake_ros/cmake)
-- Found rosidl_generator_c: 3.1.6 (/opt/ros/humble/share/rosidl_generator_c/cmake)
-- Found rosidl_adapter: 3.1.6 (/opt/ros/humble/share/rosidl_adapter/cmake)
-- Found rosidl_generator_cpp: 3.1.6 (/opt/ros/humble/share/rosidl_generator_cpp/cmake)
-- Using all available rosidl_typesupport_c: rosidl_typesupport_fastrtps_c;rosidl_typesupport_introspection_c
-- Using all available rosidl_typesupport_cpp: rosidl_typesupport_fastrtps_cpp;rosidl_typesupport_introspection_cpp
-- Found rmw_implementation_cmake: 6.1.2 (/opt/ros/humble/share/rmw_implementation_cmake/cmake)
-- Found rmw_cyclonedds_cpp: 1.3.4 (/opt/ros/humble/share/rmw_cyclonedds_cpp/cmake)
-- Using RMW implementation 'rmw_cyclonedds_cpp' as default
-- Looking for pthread.h
-- Looking for pthread.h - found
-- Performing Test CMAKE_HAVE_LIBC_PTHREAD
-- Performing Test CMAKE_HAVE_LIBC_PTHREAD - Success
-- Found Threads: TRUE  
-- Configuring done
-- Generating done
-- Build files have been written to: /home/george/ROS2/ros2_hoverboard/build/rplidar_ros2
[ 11%] [32mBuilding CXX object CMakeFiles/rplidar_composition_node.dir/src/rplidar_node.cpp.o[0m
[ 22%] [32mBuilding CXX object CMakeFiles/rplidar_composition_node.dir/sdk/src/arch/linux/net_serial.cpp.o[0m
[ 33%] [32mBuilding CXX object CMakeFiles/rplidar_composition_node.dir/sdk/src/arch/linux/net_socket.cpp.o[0m
[ 44%] [32mBuilding CXX object CMakeFiles/rplidar_composition_node.dir/sdk/src/arch/linux/timer.cpp.o[0m
[ 55%] [32mBuilding CXX object CMakeFiles/rplidar_composition_node.dir/sdk/src/hal/thread.cpp.o[0m
[ 66%] [32mBuilding CXX object CMakeFiles/rplidar_composition_node.dir/sdk/src/rplidar_driver.cpp.o[0m
[ 77%] [32m[1mLinking CXX shared library librplidar_composition_node.so[0m
[ 77%] Built target rplidar_composition_node
[ 88%] [32mBuilding CXX object CMakeFiles/rplidar_composition.dir/src/standalone_rplidar.cpp.o[0m
[100%] [32m[1mLinking CXX executable rplidar_composition[0m
[100%] Built target rplidar_composition
-- Install configuration: ""
-- Execute custom install script
-- Symlinking: /home/george/ROS2/ros2_hoverboard/install/rplidar_ros2/lib/rplidar_ros2/rplidar_composition
-- Symlinking: /home/george/ROS2/ros2_hoverboard/install/rplidar_ros2/share/rplidar_ros2/launch/rplidar.launch.py
-- Symlinking: /home/george/ROS2/ros2_hoverboard/install/rplidar_ros2/share/rplidar_ros2/launch/rplidar_a3.launch.py
-- Symlinking: /home/george/ROS2/ros2_hoverboard/install/rplidar_ros2/share/rplidar_ros2/launch/rplidar_s1.launch.py
-- Symlinking: /home/george/ROS2/ros2_hoverboard/install/rplidar_ros2/share/rplidar_ros2/launch/rplidar_s1_tcp.launch.py
-- Symlinking: /home/george/ROS2/ros2_hoverboard/install/rplidar_ros2/share/rplidar_ros2/launch/test_rplidar_a3.launch.py
-- Symlinking: /home/george/ROS2/ros2_hoverboard/install/rplidar_ros2/share/rplidar_ros2/launch/view_rplidar.launch.py
-- Symlinking: /home/george/ROS2/ros2_hoverboard/install/rplidar_ros2/share/rplidar_ros2/launch/view_rplidar_a3.launch.py
-- Symlinking: /home/george/ROS2/ros2_hoverboard/install/rplidar_ros2/share/rplidar_ros2/launch/view_rplidar_s1.launch.py
-- Symlinking: /home/george/ROS2/ros2_hoverboard/install/rplidar_ros2/share/rplidar_ros2/launch/view_rplidar_s1_tcp.launch.py
-- Symlinking: /home/george/ROS2/ros2_hoverboard/install/rplidar_ros2/share/rplidar_ros2/rviz/rplidar.rviz
-- Symlinking: /home/george/ROS2/ros2_hoverboard/install/rplidar_ros2/share/rplidar_ros2/meshes/rplidar_a2_simple.stl
-- Symlinking: /home/george/ROS2/ros2_hoverboard/install/rplidar_ros2/share/rplidar_ros2/urdf/rplidar.urdf.xacro
-- Symlinking: /home/george/ROS2/ros2_hoverboard/install/rplidar_ros2/share/rplidar_ros2/urdf/rplidar_A2.urdf.xacro
-- Symlinking: /home/george/ROS2/ros2_hoverboard/install/rplidar_ros2/lib/librplidar_composition_node.so
-- Symlinking: /home/george/ROS2/ros2_hoverboard/install/rplidar_ros2/include/rplidar_node.hpp
-- Symlinking: /home/george/ROS2/ros2_hoverboard/install/rplidar_ros2/include/visibility.h
-- Up-to-date symlink: /home/george/ROS2/ros2_hoverboard/install/rplidar_ros2/lib/rplidar_ros2/rplidar_composition
-- Symlinking: /home/george/ROS2/ros2_hoverboard/install/rplidar_ros2/share/ament_index/resource_index/package_run_dependencies/rplidar_ros2
-- Symlinking: /home/george/ROS2/ros2_hoverboard/install/rplidar_ros2/share/ament_index/resource_index/parent_prefix_path/rplidar_ros2
-- Symlinking: /home/george/ROS2/ros2_hoverboard/install/rplidar_ros2/share/rplidar_ros2/environment/ament_prefix_path.sh
-- Symlinking: /home/george/ROS2/ros2_hoverboard/install/rplidar_ros2/share/rplidar_ros2/environment/ament_prefix_path.dsv
-- Symlinking: /home/george/ROS2/ros2_hoverboard/install/rplidar_ros2/share/rplidar_ros2/environment/path.sh
-- Symlinking: /home/george/ROS2/ros2_hoverboard/install/rplidar_ros2/share/rplidar_ros2/environment/path.dsv
-- Symlinking: /home/george/ROS2/ros2_hoverboard/install/rplidar_ros2/share/rplidar_ros2/local_setup.bash
-- Symlinking: /home/george/ROS2/ros2_hoverboard/install/rplidar_ros2/share/rplidar_ros2/local_setup.sh
-- Symlinking: /home/george/ROS2/ros2_hoverboard/install/rplidar_ros2/share/rplidar_ros2/local_setup.zsh
-- Symlinking: /home/george/ROS2/ros2_hoverboard/install/rplidar_ros2/share/rplidar_ros2/local_setup.dsv
-- Symlinking: /home/george/ROS2/ros2_hoverboard/install/rplidar_ros2/share/rplidar_ros2/package.dsv
-- Symlinking: /home/george/ROS2/ros2_hoverboard/install/rplidar_ros2/share/ament_index/resource_index/packages/rplidar_ros2
-- Symlinking: /home/george/ROS2/ros2_hoverboard/install/rplidar_ros2/share/ament_index/resource_index/rclcpp_components/rplidar_ros2
-- Symlinking: /home/george/ROS2/ros2_hoverboard/install/rplidar_ros2/share/rplidar_ros2/cmake/ament_cmake_export_dependencies-extras.cmake
-- Symlinking: /home/george/ROS2/ros2_hoverboard/install/rplidar_ros2/share/rplidar_ros2/cmake/ament_cmake_export_include_directories-extras.cmake
-- Symlinking: /home/george/ROS2/ros2_hoverboard/install/rplidar_ros2/share/rplidar_ros2/cmake/rplidar_ros2Config.cmake
-- Symlinking: /home/george/ROS2/ros2_hoverboard/install/rplidar_ros2/share/rplidar_ros2/cmake/rplidar_ros2Config-version.cmake
-- Symlinking: /home/george/ROS2/ros2_hoverboard/install/rplidar_ros2/share/rplidar_ros2/package.xml
