[0.032s] Invoking command in '/home/george/ROS2/ros2_hoverboard/build/bringup_mobile': CMAKE_PREFIX_PATH=/home/george/ROS2/ros2_hoverboard/install/twist_mux:/home/george/ROS2/ros2_hoverboard/install/topic_based_ros2_control:/home/george/ROS2/ros2_hoverboard/install/swerve_controller:/home/george/ROS2/ros2_hoverboard/install/ros_components_description:/home/george/ROS2/ros2_hoverboard/install/bringup:/home/george/ROS2/ros2_hoverboard/install/mm_moveit_config:/home/george/ROS2/ros2_hoverboard/install/ur_description:/home/george/ROS2/ros2_hoverboard/install/bringup_mobile:/home/george/ROS2/ros2_hoverboard/install/rplidar_ros2:/home/george/ROS2/ros2_hoverboard/install/nav2:/home/george/ROS2/ros2_hoverboard/install/isaac_sim:/home/george/ROS2/ros2_hoverboard/install/description_mobile:/home/george/ROS2/ros2_hoverboard/install/description:/home/george/ROS2/BehaviorTree/install/mtc_samples:/home/george/ROS2/BehaviorTree/install/mtc_bt:/home/george/ROS2/BehaviorTree/install/moveit_task_constructor_visualization:/home/george/ROS2/BehaviorTree/install/moveit_task_constructor_demo:/home/george/ROS2/BehaviorTree/install/moveit_task_constructor_capabilities:/home/george/ROS2/BehaviorTree/install/moveit_task_constructor_core:/home/george/ROS2/BehaviorTree/install/rviz_marker_tools:/home/george/ROS2/BehaviorTree/install/moveit_task_constructor_msgs:/home/george/ROS2/BehaviorTree/install/btcpp_ros2_samples:/home/george/ROS2/BehaviorTree/install/behaviortree_ros2:/home/george/ROS2/BehaviorTree/install/btcpp_ros2_interfaces:/home/george/ROS2/ws_rmw_zenoh/install/rmw_zenoh_cpp:/home/george/ROS2/ws_rmw_zenoh/install/zenoh_cpp_vendor:/opt/ros/humble LD_LIBRARY_PATH=/home/george/ROS2/ros2_hoverboard/install/topic_based_ros2_control/lib:/home/george/ROS2/ros2_hoverboard/install/swerve_controller/lib:/usr/local/cuda-12.6/lib64:/home/george/ROS2/ros2_hoverboard/install/rplidar_ros2/lib:/home/george/ROS2/BehaviorTree/install/moveit_task_constructor_visualization/lib:/home/george/ROS2/BehaviorTree/install/moveit_task_constructor_demo/lib:/home/george/ROS2/BehaviorTree/install/moveit_task_constructor_capabilities/lib:/home/george/ROS2/BehaviorTree/install/moveit_task_constructor_core/lib:/home/george/ROS2/BehaviorTree/install/rviz_marker_tools/lib:/home/george/ROS2/BehaviorTree/install/moveit_task_constructor_msgs/lib:/home/george/ROS2/BehaviorTree/install/behaviortree_ros2/lib:/home/george/ROS2/BehaviorTree/install/btcpp_ros2_interfaces/lib:/home/george/ROS2/ws_rmw_zenoh/install/rmw_zenoh_cpp/lib:/home/george/ROS2/ws_rmw_zenoh/install/zenoh_cpp_vendor/opt/zenoh_cpp_vendor/lib:/usr/lib/x86_64-linux-gnu/gazebo-11/plugins:/opt/ros/humble/opt/rviz_ogre_vendor/lib:/opt/ros/humble/lib/x86_64-linux-gnu:/opt/ros/humble/lib /usr/bin/cmake /home/george/ROS2/ros2_hoverboard/src/mobile_robot/bringup_mobile -DCMAKE_INSTALL_PREFIX=/home/george/ROS2/ros2_hoverboard/install/bringup_mobile
[0.050s] -- Found ament_cmake: 1.3.11 (/opt/ros/humble/share/ament_cmake/cmake)
[0.280s] -- Override CMake install command with custom implementation using symlinks instead of copying resources
[0.296s] -- Found rclcpp: 16.0.11 (/opt/ros/humble/share/rclcpp/cmake)
[0.346s] -- Found rosidl_generator_c: 3.1.6 (/opt/ros/humble/share/rosidl_generator_c/cmake)
[0.349s] -- Found rosidl_adapter: 3.1.6 (/opt/ros/humble/share/rosidl_adapter/cmake)
[0.356s] -- Found rosidl_generator_cpp: 3.1.6 (/opt/ros/humble/share/rosidl_generator_cpp/cmake)
[0.369s] -- Using all available rosidl_typesupport_c: rosidl_typesupport_fastrtps_c;rosidl_typesupport_introspection_c
[0.386s] -- Using all available rosidl_typesupport_cpp: rosidl_typesupport_fastrtps_cpp;rosidl_typesupport_introspection_cpp
[0.432s] -- Found rmw_implementation_cmake: 6.1.2 (/opt/ros/humble/share/rmw_implementation_cmake/cmake)
[0.435s] -- Found rmw_cyclonedds_cpp: 1.3.4 (/opt/ros/humble/share/rmw_cyclonedds_cpp/cmake)
[0.460s] -- Using RMW implementation 'rmw_cyclonedds_cpp' as default
[0.541s] -- Found rclpy: 3.3.15 (/opt/ros/humble/share/rclpy/cmake)
[0.541s] -- Found sensor_msgs: 4.2.4 (/opt/ros/humble/share/sensor_msgs/cmake)
[0.600s] -- Found xacro: 2.0.8 (/opt/ros/humble/share/xacro/cmake)
[0.600s] -- Found controller_manager: 2.48.0 (/opt/ros/humble/share/controller_manager/cmake)
[0.821s] -- Found ros2_control: 2.48.0 (/opt/ros/humble/share/ros2_control/cmake)
[0.821s] -- Found joint_state_broadcaster: 2.41.0 (/opt/ros/humble/share/joint_state_broadcaster/cmake)
[0.859s] -- Found twist_mux: 4.4.0 (/home/george/ROS2/ros2_hoverboard/install/twist_mux/share/twist_mux/cmake)
[0.916s] -- Found diff_drive_controller: 2.41.0 (/opt/ros/humble/share/diff_drive_controller/cmake)
[0.986s] -- Found joint_trajectory_controller: 2.41.0 (/opt/ros/humble/share/joint_trajectory_controller/cmake)
[1.024s] -- Found topic_based_ros2_control: 0.2.0 (/home/george/ROS2/ros2_hoverboard/install/topic_based_ros2_control/share/topic_based_ros2_control/cmake)
[1.031s] -- Found ackermann_steering_controller: 2.41.0 (/opt/ros/humble/share/ackermann_steering_controller/cmake)
[1.081s] -- Found eigen3_cmake_module: 0.1.1 (/opt/ros/humble/share/eigen3_cmake_module/cmake)
[1.082s] -- Ensuring Eigen3 include directory is part of orocos-kdl CMake target
[1.145s] -- Found bicycle_steering_controller: 2.41.0 (/opt/ros/humble/share/bicycle_steering_controller/cmake)
[1.161s] -- Found swerve_controller: 0.0.0 (/home/george/ROS2/ros2_hoverboard/install/swerve_controller/share/swerve_controller/cmake)
[1.181s] -- Found ament_lint_auto: 0.12.11 (/opt/ros/humble/share/ament_lint_auto/cmake)
[1.290s] -- Added test 'copyright' to check source files copyright and LICENSE
[1.293s] -- Added test 'cppcheck' to perform static code analysis on C / C++ code
[1.294s] -- Configured cppcheck include dirs: 
[1.294s] -- Configured cppcheck exclude dirs and/or files: 
[1.300s] -- Added test 'cpplint' to check C / C++ code against the Google style
[1.300s] -- Configured cpplint exclude dirs and/or files: 
[1.301s] -- Added test 'flake8' to check Python code syntax and style conventions
[1.302s] -- Added test 'lint_cmake' to check CMake code style
[1.303s] -- Added test 'pep257' to check Python code against some of the docstring style conventions in PEP 257
[1.306s] -- Added test 'uncrustify' to check C / C++ code style
[1.307s] -- Configured uncrustify additional arguments: 
[1.307s] -- Added test 'xmllint' to check XML markup files
[1.310s] -- Configuring done
[1.368s] -- Generating done
[1.386s] -- Build files have been written to: /home/george/ROS2/ros2_hoverboard/build/bringup_mobile
[1.404s] Invoked command in '/home/george/ROS2/ros2_hoverboard/build/bringup_mobile' returned '0': CMAKE_PREFIX_PATH=/home/george/ROS2/ros2_hoverboard/install/twist_mux:/home/george/ROS2/ros2_hoverboard/install/topic_based_ros2_control:/home/george/ROS2/ros2_hoverboard/install/swerve_controller:/home/george/ROS2/ros2_hoverboard/install/ros_components_description:/home/george/ROS2/ros2_hoverboard/install/bringup:/home/george/ROS2/ros2_hoverboard/install/mm_moveit_config:/home/george/ROS2/ros2_hoverboard/install/ur_description:/home/george/ROS2/ros2_hoverboard/install/bringup_mobile:/home/george/ROS2/ros2_hoverboard/install/rplidar_ros2:/home/george/ROS2/ros2_hoverboard/install/nav2:/home/george/ROS2/ros2_hoverboard/install/isaac_sim:/home/george/ROS2/ros2_hoverboard/install/description_mobile:/home/george/ROS2/ros2_hoverboard/install/description:/home/george/ROS2/BehaviorTree/install/mtc_samples:/home/george/ROS2/BehaviorTree/install/mtc_bt:/home/george/ROS2/BehaviorTree/install/moveit_task_constructor_visualization:/home/george/ROS2/BehaviorTree/install/moveit_task_constructor_demo:/home/george/ROS2/BehaviorTree/install/moveit_task_constructor_capabilities:/home/george/ROS2/BehaviorTree/install/moveit_task_constructor_core:/home/george/ROS2/BehaviorTree/install/rviz_marker_tools:/home/george/ROS2/BehaviorTree/install/moveit_task_constructor_msgs:/home/george/ROS2/BehaviorTree/install/btcpp_ros2_samples:/home/george/ROS2/BehaviorTree/install/behaviortree_ros2:/home/george/ROS2/BehaviorTree/install/btcpp_ros2_interfaces:/home/george/ROS2/ws_rmw_zenoh/install/rmw_zenoh_cpp:/home/george/ROS2/ws_rmw_zenoh/install/zenoh_cpp_vendor:/opt/ros/humble LD_LIBRARY_PATH=/home/george/ROS2/ros2_hoverboard/install/topic_based_ros2_control/lib:/home/george/ROS2/ros2_hoverboard/install/swerve_controller/lib:/usr/local/cuda-12.6/lib64:/home/george/ROS2/ros2_hoverboard/install/rplidar_ros2/lib:/home/george/ROS2/BehaviorTree/install/moveit_task_constructor_visualization/lib:/home/george/ROS2/BehaviorTree/install/moveit_task_constructor_demo/lib:/home/george/ROS2/BehaviorTree/install/moveit_task_constructor_capabilities/lib:/home/george/ROS2/BehaviorTree/install/moveit_task_constructor_core/lib:/home/george/ROS2/BehaviorTree/install/rviz_marker_tools/lib:/home/george/ROS2/BehaviorTree/install/moveit_task_constructor_msgs/lib:/home/george/ROS2/BehaviorTree/install/behaviortree_ros2/lib:/home/george/ROS2/BehaviorTree/install/btcpp_ros2_interfaces/lib:/home/george/ROS2/ws_rmw_zenoh/install/rmw_zenoh_cpp/lib:/home/george/ROS2/ws_rmw_zenoh/install/zenoh_cpp_vendor/opt/zenoh_cpp_vendor/lib:/usr/lib/x86_64-linux-gnu/gazebo-11/plugins:/opt/ros/humble/opt/rviz_ogre_vendor/lib:/opt/ros/humble/lib/x86_64-linux-gnu:/opt/ros/humble/lib /usr/bin/cmake /home/george/ROS2/ros2_hoverboard/src/mobile_robot/bringup_mobile -DCMAKE_INSTALL_PREFIX=/home/george/ROS2/ros2_hoverboard/install/bringup_mobile
[1.405s] Invoking command in '/home/george/ROS2/ros2_hoverboard/build/bringup_mobile': CMAKE_PREFIX_PATH=/home/george/ROS2/ros2_hoverboard/install/twist_mux:/home/george/ROS2/ros2_hoverboard/install/topic_based_ros2_control:/home/george/ROS2/ros2_hoverboard/install/swerve_controller:/home/george/ROS2/ros2_hoverboard/install/ros_components_description:/home/george/ROS2/ros2_hoverboard/install/bringup:/home/george/ROS2/ros2_hoverboard/install/mm_moveit_config:/home/george/ROS2/ros2_hoverboard/install/ur_description:/home/george/ROS2/ros2_hoverboard/install/bringup_mobile:/home/george/ROS2/ros2_hoverboard/install/rplidar_ros2:/home/george/ROS2/ros2_hoverboard/install/nav2:/home/george/ROS2/ros2_hoverboard/install/isaac_sim:/home/george/ROS2/ros2_hoverboard/install/description_mobile:/home/george/ROS2/ros2_hoverboard/install/description:/home/george/ROS2/BehaviorTree/install/mtc_samples:/home/george/ROS2/BehaviorTree/install/mtc_bt:/home/george/ROS2/BehaviorTree/install/moveit_task_constructor_visualization:/home/george/ROS2/BehaviorTree/install/moveit_task_constructor_demo:/home/george/ROS2/BehaviorTree/install/moveit_task_constructor_capabilities:/home/george/ROS2/BehaviorTree/install/moveit_task_constructor_core:/home/george/ROS2/BehaviorTree/install/rviz_marker_tools:/home/george/ROS2/BehaviorTree/install/moveit_task_constructor_msgs:/home/george/ROS2/BehaviorTree/install/btcpp_ros2_samples:/home/george/ROS2/BehaviorTree/install/behaviortree_ros2:/home/george/ROS2/BehaviorTree/install/btcpp_ros2_interfaces:/home/george/ROS2/ws_rmw_zenoh/install/rmw_zenoh_cpp:/home/george/ROS2/ws_rmw_zenoh/install/zenoh_cpp_vendor:/opt/ros/humble LD_LIBRARY_PATH=/home/george/ROS2/ros2_hoverboard/install/topic_based_ros2_control/lib:/home/george/ROS2/ros2_hoverboard/install/swerve_controller/lib:/usr/local/cuda-12.6/lib64:/home/george/ROS2/ros2_hoverboard/install/rplidar_ros2/lib:/home/george/ROS2/BehaviorTree/install/moveit_task_constructor_visualization/lib:/home/george/ROS2/BehaviorTree/install/moveit_task_constructor_demo/lib:/home/george/ROS2/BehaviorTree/install/moveit_task_constructor_capabilities/lib:/home/george/ROS2/BehaviorTree/install/moveit_task_constructor_core/lib:/home/george/ROS2/BehaviorTree/install/rviz_marker_tools/lib:/home/george/ROS2/BehaviorTree/install/moveit_task_constructor_msgs/lib:/home/george/ROS2/BehaviorTree/install/behaviortree_ros2/lib:/home/george/ROS2/BehaviorTree/install/btcpp_ros2_interfaces/lib:/home/george/ROS2/ws_rmw_zenoh/install/rmw_zenoh_cpp/lib:/home/george/ROS2/ws_rmw_zenoh/install/zenoh_cpp_vendor/opt/zenoh_cpp_vendor/lib:/usr/lib/x86_64-linux-gnu/gazebo-11/plugins:/opt/ros/humble/opt/rviz_ogre_vendor/lib:/opt/ros/humble/lib/x86_64-linux-gnu:/opt/ros/humble/lib /usr/bin/cmake --build /home/george/ROS2/ros2_hoverboard/build/bringup_mobile -- -j6 -l6
[1.484s] [35m[1mConsolidate compiler generated dependencies of target jointstate_sim_aggregator_2[0m
[1.484s] [35m[1mConsolidate compiler generated dependencies of target jointstate_to_twist_2[0m
[1.493s] [35m[1mConsolidate compiler generated dependencies of target jointstate_to_twist_4[0m
[1.495s] [35m[1mConsolidate compiler generated dependencies of target jointstate_aggregator_2[0m
[1.509s] [35m[1mConsolidate compiler generated dependencies of target jointstate_to_twist_2_ackermann[0m
[1.510s] [35m[1mConsolidate compiler generated dependencies of target jointstate_sim_aggregator_4[0m
[1.512s] [ 11%] Built target jointstate_to_twist_2
[1.525s] [ 22%] Built target jointstate_sim_aggregator_2
[1.542s] [ 33%] Built target jointstate_to_twist_4
[1.545s] [35m[1mConsolidate compiler generated dependencies of target jointstate_aggregator_2_swerve[0m
[1.548s] [ 44%] Built target jointstate_to_twist_2_ackermann
[1.552s] [ 55%] Built target jointstate_sim_aggregator_4
[1.552s] [ 66%] Built target jointstate_aggregator_2
[1.558s] [35m[1mConsolidate compiler generated dependencies of target jointstate_aggregator_4[0m
[1.565s] [35m[1mConsolidate compiler generated dependencies of target jointstate_aggregator_2_ackermann[0m
[1.576s] [ 77%] Built target jointstate_aggregator_2_swerve
[1.588s] [ 88%] Built target jointstate_aggregator_4
[1.588s] [100%] Built target jointstate_aggregator_2_ackermann
[1.601s] Invoked command in '/home/george/ROS2/ros2_hoverboard/build/bringup_mobile' returned '0': CMAKE_PREFIX_PATH=/home/george/ROS2/ros2_hoverboard/install/twist_mux:/home/george/ROS2/ros2_hoverboard/install/topic_based_ros2_control:/home/george/ROS2/ros2_hoverboard/install/swerve_controller:/home/george/ROS2/ros2_hoverboard/install/ros_components_description:/home/george/ROS2/ros2_hoverboard/install/bringup:/home/george/ROS2/ros2_hoverboard/install/mm_moveit_config:/home/george/ROS2/ros2_hoverboard/install/ur_description:/home/george/ROS2/ros2_hoverboard/install/bringup_mobile:/home/george/ROS2/ros2_hoverboard/install/rplidar_ros2:/home/george/ROS2/ros2_hoverboard/install/nav2:/home/george/ROS2/ros2_hoverboard/install/isaac_sim:/home/george/ROS2/ros2_hoverboard/install/description_mobile:/home/george/ROS2/ros2_hoverboard/install/description:/home/george/ROS2/BehaviorTree/install/mtc_samples:/home/george/ROS2/BehaviorTree/install/mtc_bt:/home/george/ROS2/BehaviorTree/install/moveit_task_constructor_visualization:/home/george/ROS2/BehaviorTree/install/moveit_task_constructor_demo:/home/george/ROS2/BehaviorTree/install/moveit_task_constructor_capabilities:/home/george/ROS2/BehaviorTree/install/moveit_task_constructor_core:/home/george/ROS2/BehaviorTree/install/rviz_marker_tools:/home/george/ROS2/BehaviorTree/install/moveit_task_constructor_msgs:/home/george/ROS2/BehaviorTree/install/btcpp_ros2_samples:/home/george/ROS2/BehaviorTree/install/behaviortree_ros2:/home/george/ROS2/BehaviorTree/install/btcpp_ros2_interfaces:/home/george/ROS2/ws_rmw_zenoh/install/rmw_zenoh_cpp:/home/george/ROS2/ws_rmw_zenoh/install/zenoh_cpp_vendor:/opt/ros/humble LD_LIBRARY_PATH=/home/george/ROS2/ros2_hoverboard/install/topic_based_ros2_control/lib:/home/george/ROS2/ros2_hoverboard/install/swerve_controller/lib:/usr/local/cuda-12.6/lib64:/home/george/ROS2/ros2_hoverboard/install/rplidar_ros2/lib:/home/george/ROS2/BehaviorTree/install/moveit_task_constructor_visualization/lib:/home/george/ROS2/BehaviorTree/install/moveit_task_constructor_demo/lib:/home/george/ROS2/BehaviorTree/install/moveit_task_constructor_capabilities/lib:/home/george/ROS2/BehaviorTree/install/moveit_task_constructor_core/lib:/home/george/ROS2/BehaviorTree/install/rviz_marker_tools/lib:/home/george/ROS2/BehaviorTree/install/moveit_task_constructor_msgs/lib:/home/george/ROS2/BehaviorTree/install/behaviortree_ros2/lib:/home/george/ROS2/BehaviorTree/install/btcpp_ros2_interfaces/lib:/home/george/ROS2/ws_rmw_zenoh/install/rmw_zenoh_cpp/lib:/home/george/ROS2/ws_rmw_zenoh/install/zenoh_cpp_vendor/opt/zenoh_cpp_vendor/lib:/usr/lib/x86_64-linux-gnu/gazebo-11/plugins:/opt/ros/humble/opt/rviz_ogre_vendor/lib:/opt/ros/humble/lib/x86_64-linux-gnu:/opt/ros/humble/lib /usr/bin/cmake --build /home/george/ROS2/ros2_hoverboard/build/bringup_mobile -- -j6 -l6
[1.603s] Invoking command in '/home/george/ROS2/ros2_hoverboard/build/bringup_mobile': CMAKE_PREFIX_PATH=/home/george/ROS2/ros2_hoverboard/install/twist_mux:/home/george/ROS2/ros2_hoverboard/install/topic_based_ros2_control:/home/george/ROS2/ros2_hoverboard/install/swerve_controller:/home/george/ROS2/ros2_hoverboard/install/ros_components_description:/home/george/ROS2/ros2_hoverboard/install/bringup:/home/george/ROS2/ros2_hoverboard/install/mm_moveit_config:/home/george/ROS2/ros2_hoverboard/install/ur_description:/home/george/ROS2/ros2_hoverboard/install/bringup_mobile:/home/george/ROS2/ros2_hoverboard/install/rplidar_ros2:/home/george/ROS2/ros2_hoverboard/install/nav2:/home/george/ROS2/ros2_hoverboard/install/isaac_sim:/home/george/ROS2/ros2_hoverboard/install/description_mobile:/home/george/ROS2/ros2_hoverboard/install/description:/home/george/ROS2/BehaviorTree/install/mtc_samples:/home/george/ROS2/BehaviorTree/install/mtc_bt:/home/george/ROS2/BehaviorTree/install/moveit_task_constructor_visualization:/home/george/ROS2/BehaviorTree/install/moveit_task_constructor_demo:/home/george/ROS2/BehaviorTree/install/moveit_task_constructor_capabilities:/home/george/ROS2/BehaviorTree/install/moveit_task_constructor_core:/home/george/ROS2/BehaviorTree/install/rviz_marker_tools:/home/george/ROS2/BehaviorTree/install/moveit_task_constructor_msgs:/home/george/ROS2/BehaviorTree/install/btcpp_ros2_samples:/home/george/ROS2/BehaviorTree/install/behaviortree_ros2:/home/george/ROS2/BehaviorTree/install/btcpp_ros2_interfaces:/home/george/ROS2/ws_rmw_zenoh/install/rmw_zenoh_cpp:/home/george/ROS2/ws_rmw_zenoh/install/zenoh_cpp_vendor:/opt/ros/humble LD_LIBRARY_PATH=/home/george/ROS2/ros2_hoverboard/install/topic_based_ros2_control/lib:/home/george/ROS2/ros2_hoverboard/install/swerve_controller/lib:/usr/local/cuda-12.6/lib64:/home/george/ROS2/ros2_hoverboard/install/rplidar_ros2/lib:/home/george/ROS2/BehaviorTree/install/moveit_task_constructor_visualization/lib:/home/george/ROS2/BehaviorTree/install/moveit_task_constructor_demo/lib:/home/george/ROS2/BehaviorTree/install/moveit_task_constructor_capabilities/lib:/home/george/ROS2/BehaviorTree/install/moveit_task_constructor_core/lib:/home/george/ROS2/BehaviorTree/install/rviz_marker_tools/lib:/home/george/ROS2/BehaviorTree/install/moveit_task_constructor_msgs/lib:/home/george/ROS2/BehaviorTree/install/behaviortree_ros2/lib:/home/george/ROS2/BehaviorTree/install/btcpp_ros2_interfaces/lib:/home/george/ROS2/ws_rmw_zenoh/install/rmw_zenoh_cpp/lib:/home/george/ROS2/ws_rmw_zenoh/install/zenoh_cpp_vendor/opt/zenoh_cpp_vendor/lib:/usr/lib/x86_64-linux-gnu/gazebo-11/plugins:/opt/ros/humble/opt/rviz_ogre_vendor/lib:/opt/ros/humble/lib/x86_64-linux-gnu:/opt/ros/humble/lib /usr/bin/cmake --install /home/george/ROS2/ros2_hoverboard/build/bringup_mobile
[1.615s] -- Install configuration: ""
[1.615s] -- Execute custom install script
[1.615s] -- Up-to-date symlink: /home/george/ROS2/ros2_hoverboard/install/bringup_mobile/share/bringup_mobile/config/F710_sim.yaml
[1.615s] -- Up-to-date symlink: /home/george/ROS2/ros2_hoverboard/install/bringup_mobile/share/bringup_mobile/config/ackermannBOT_controllers.yaml
[1.615s] -- Up-to-date symlink: /home/george/ROS2/ros2_hoverboard/install/bringup_mobile/share/bringup_mobile/config/ackermann_2BOT_controllers.yaml
[1.615s] -- Up-to-date symlink: /home/george/ROS2/ros2_hoverboard/install/bringup_mobile/share/bringup_mobile/config/amr_view.rviz
[1.615s] -- Up-to-date symlink: /home/george/ROS2/ros2_hoverboard/install/bringup_mobile/share/bringup_mobile/config/angular_filter_scan.yaml
[1.615s] -- Up-to-date symlink: /home/george/ROS2/ros2_hoverboard/install/bringup_mobile/share/bringup_mobile/config/joy-params.yaml
[1.615s] -- Up-to-date symlink: /home/george/ROS2/ros2_hoverboard/install/bringup_mobile/share/bringup_mobile/config/joystick.yaml
[1.615s] -- Up-to-date symlink: /home/george/ROS2/ros2_hoverboard/install/bringup_mobile/share/bringup_mobile/config/navigation_namespaced.rviz
[1.616s] -- Up-to-date symlink: /home/george/ROS2/ros2_hoverboard/install/bringup_mobile/share/bringup_mobile/config/swerveBOT_2_controllers.yaml
[1.616s] -- Up-to-date symlink: /home/george/ROS2/ros2_hoverboard/install/bringup_mobile/share/bringup_mobile/config/swerveBOT_controllers.yaml
[1.616s] -- Up-to-date symlink: /home/george/ROS2/ros2_hoverboard/install/bringup_mobile/share/bringup_mobile/config/swerveBOT_controllers_stamped.yaml
[1.616s] -- Up-to-date symlink: /home/george/ROS2/ros2_hoverboard/install/bringup_mobile/share/bringup_mobile/config/swerve_2BOT_controllers.yaml
[1.616s] -- Up-to-date symlink: /home/george/ROS2/ros2_hoverboard/install/bringup_mobile/share/bringup_mobile/config/tricycleBOT_controllers.yaml
[1.616s] -- Up-to-date symlink: /home/george/ROS2/ros2_hoverboard/install/bringup_mobile/share/bringup_mobile/config/twist_mux_locks.yaml
[1.616s] -- Up-to-date symlink: /home/george/ROS2/ros2_hoverboard/install/bringup_mobile/share/bringup_mobile/config/twist_mux_topics.yaml
[1.617s] -- Up-to-date symlink: /home/george/ROS2/ros2_hoverboard/install/bringup_mobile/share/bringup_mobile/config/view.rviz
[1.617s] -- Up-to-date symlink: /home/george/ROS2/ros2_hoverboard/install/bringup_mobile/share/bringup_mobile/launch/ackermannBOT_launch.py
[1.617s] -- Up-to-date symlink: /home/george/ROS2/ros2_hoverboard/install/bringup_mobile/share/bringup_mobile/launch/ackermann_2BOT_launch.py
[1.617s] -- Up-to-date symlink: /home/george/ROS2/ros2_hoverboard/install/bringup_mobile/share/bringup_mobile/launch/control_Layer.launch.py
[1.617s] -- Up-to-date symlink: /home/george/ROS2/ros2_hoverboard/install/bringup_mobile/share/bringup_mobile/launch/control_Layer.launch_2.py
[1.617s] -- Up-to-date symlink: /home/george/ROS2/ros2_hoverboard/install/bringup_mobile/share/bringup_mobile/launch/debug_Layer.launch.py
[1.618s] -- Up-to-date symlink: /home/george/ROS2/ros2_hoverboard/install/bringup_mobile/share/bringup_mobile/launch/drive_module_launch.py
[1.618s] -- Up-to-date symlink: /home/george/ROS2/ros2_hoverboard/install/bringup_mobile/share/bringup_mobile/launch/swerveBOT_launch.py
[1.618s] -- Up-to-date symlink: /home/george/ROS2/ros2_hoverboard/install/bringup_mobile/share/bringup_mobile/launch/swerveBOT_sim.launch.py
[1.618s] -- Up-to-date symlink: /home/george/ROS2/ros2_hoverboard/install/bringup_mobile/share/bringup_mobile/launch/swerveBOT_sim.launch_2.py
[1.618s] -- Up-to-date symlink: /home/george/ROS2/ros2_hoverboard/install/bringup_mobile/share/bringup_mobile/launch/swerve_2BOT_launch.py
[1.618s] -- Up-to-date symlink: /home/george/ROS2/ros2_hoverboard/install/bringup_mobile/share/bringup_mobile/launch/teleop_Layer.launch.py
[1.619s] -- Up-to-date symlink: /home/george/ROS2/ros2_hoverboard/install/bringup_mobile/share/bringup_mobile/launch/tricycleBOT_launch.py
[1.619s] -- Up-to-date symlink: /home/george/ROS2/ros2_hoverboard/install/bringup_mobile/share/bringup_mobile/launch/twist_mux_launch.py
[1.619s] -- Up-to-date symlink: /home/george/ROS2/ros2_hoverboard/install/bringup_mobile/share/bringup_mobile/scripts/parseRviz.py
[1.619s] -- Up-to-date symlink: /home/george/ROS2/ros2_hoverboard/install/bringup_mobile/share/bringup_mobile/scripts/scan_filter.py
[1.619s] -- Up-to-date symlink: /home/george/ROS2/ros2_hoverboard/install/bringup_mobile/lib/bringup_mobile/jointstate_to_twist_2
[1.619s] -- Up-to-date symlink: /home/george/ROS2/ros2_hoverboard/install/bringup_mobile/lib/bringup_mobile/jointstate_sim_aggregator_2
[1.619s] -- Up-to-date symlink: /home/george/ROS2/ros2_hoverboard/install/bringup_mobile/lib/bringup_mobile/jointstate_to_twist_4
[1.620s] -- Up-to-date symlink: /home/george/ROS2/ros2_hoverboard/install/bringup_mobile/lib/bringup_mobile/jointstate_sim_aggregator_4
[1.620s] -- Up-to-date symlink: /home/george/ROS2/ros2_hoverboard/install/bringup_mobile/lib/bringup_mobile/jointstate_aggregator_2
[1.620s] -- Up-to-date symlink: /home/george/ROS2/ros2_hoverboard/install/bringup_mobile/lib/bringup_mobile/jointstate_aggregator_2_swerve
[1.620s] -- Up-to-date symlink: /home/george/ROS2/ros2_hoverboard/install/bringup_mobile/lib/bringup_mobile/jointstate_to_twist_2_ackermann
[1.620s] -- Up-to-date symlink: /home/george/ROS2/ros2_hoverboard/install/bringup_mobile/lib/bringup_mobile/jointstate_aggregator_2_ackermann
[1.620s] -- Up-to-date symlink: /home/george/ROS2/ros2_hoverboard/install/bringup_mobile/lib/bringup_mobile/jointstate_aggregator_4
[1.621s] -- Up-to-date symlink: /home/george/ROS2/ros2_hoverboard/install/bringup_mobile/share/ament_index/resource_index/package_run_dependencies/bringup_mobile
[1.621s] -- Up-to-date symlink: /home/george/ROS2/ros2_hoverboard/install/bringup_mobile/share/ament_index/resource_index/parent_prefix_path/bringup_mobile
[1.621s] -- Up-to-date symlink: /home/george/ROS2/ros2_hoverboard/install/bringup_mobile/share/bringup_mobile/environment/ament_prefix_path.sh
[1.621s] -- Up-to-date symlink: /home/george/ROS2/ros2_hoverboard/install/bringup_mobile/share/bringup_mobile/environment/ament_prefix_path.dsv
[1.621s] -- Up-to-date symlink: /home/george/ROS2/ros2_hoverboard/install/bringup_mobile/share/bringup_mobile/environment/path.sh
[1.621s] -- Up-to-date symlink: /home/george/ROS2/ros2_hoverboard/install/bringup_mobile/share/bringup_mobile/environment/path.dsv
[1.621s] -- Up-to-date symlink: /home/george/ROS2/ros2_hoverboard/install/bringup_mobile/share/bringup_mobile/local_setup.bash
[1.622s] -- Up-to-date symlink: /home/george/ROS2/ros2_hoverboard/install/bringup_mobile/share/bringup_mobile/local_setup.sh
[1.622s] -- Up-to-date symlink: /home/george/ROS2/ros2_hoverboard/install/bringup_mobile/share/bringup_mobile/local_setup.zsh
[1.622s] -- Up-to-date symlink: /home/george/ROS2/ros2_hoverboard/install/bringup_mobile/share/bringup_mobile/local_setup.dsv
[1.622s] -- Symlinking: /home/george/ROS2/ros2_hoverboard/install/bringup_mobile/share/bringup_mobile/package.dsv
[1.634s] -- Up-to-date symlink: /home/george/ROS2/ros2_hoverboard/install/bringup_mobile/share/ament_index/resource_index/packages/bringup_mobile
[1.635s] -- Up-to-date symlink: /home/george/ROS2/ros2_hoverboard/install/bringup_mobile/share/bringup_mobile/cmake/bringup_mobileConfig.cmake
[1.635s] -- Up-to-date symlink: /home/george/ROS2/ros2_hoverboard/install/bringup_mobile/share/bringup_mobile/cmake/bringup_mobileConfig-version.cmake
[1.635s] -- Up-to-date symlink: /home/george/ROS2/ros2_hoverboard/install/bringup_mobile/share/bringup_mobile/package.xml
[1.640s] Invoked command in '/home/george/ROS2/ros2_hoverboard/build/bringup_mobile' returned '0': CMAKE_PREFIX_PATH=/home/george/ROS2/ros2_hoverboard/install/twist_mux:/home/george/ROS2/ros2_hoverboard/install/topic_based_ros2_control:/home/george/ROS2/ros2_hoverboard/install/swerve_controller:/home/george/ROS2/ros2_hoverboard/install/ros_components_description:/home/george/ROS2/ros2_hoverboard/install/bringup:/home/george/ROS2/ros2_hoverboard/install/mm_moveit_config:/home/george/ROS2/ros2_hoverboard/install/ur_description:/home/george/ROS2/ros2_hoverboard/install/bringup_mobile:/home/george/ROS2/ros2_hoverboard/install/rplidar_ros2:/home/george/ROS2/ros2_hoverboard/install/nav2:/home/george/ROS2/ros2_hoverboard/install/isaac_sim:/home/george/ROS2/ros2_hoverboard/install/description_mobile:/home/george/ROS2/ros2_hoverboard/install/description:/home/george/ROS2/BehaviorTree/install/mtc_samples:/home/george/ROS2/BehaviorTree/install/mtc_bt:/home/george/ROS2/BehaviorTree/install/moveit_task_constructor_visualization:/home/george/ROS2/BehaviorTree/install/moveit_task_constructor_demo:/home/george/ROS2/BehaviorTree/install/moveit_task_constructor_capabilities:/home/george/ROS2/BehaviorTree/install/moveit_task_constructor_core:/home/george/ROS2/BehaviorTree/install/rviz_marker_tools:/home/george/ROS2/BehaviorTree/install/moveit_task_constructor_msgs:/home/george/ROS2/BehaviorTree/install/btcpp_ros2_samples:/home/george/ROS2/BehaviorTree/install/behaviortree_ros2:/home/george/ROS2/BehaviorTree/install/btcpp_ros2_interfaces:/home/george/ROS2/ws_rmw_zenoh/install/rmw_zenoh_cpp:/home/george/ROS2/ws_rmw_zenoh/install/zenoh_cpp_vendor:/opt/ros/humble LD_LIBRARY_PATH=/home/george/ROS2/ros2_hoverboard/install/topic_based_ros2_control/lib:/home/george/ROS2/ros2_hoverboard/install/swerve_controller/lib:/usr/local/cuda-12.6/lib64:/home/george/ROS2/ros2_hoverboard/install/rplidar_ros2/lib:/home/george/ROS2/BehaviorTree/install/moveit_task_constructor_visualization/lib:/home/george/ROS2/BehaviorTree/install/moveit_task_constructor_demo/lib:/home/george/ROS2/BehaviorTree/install/moveit_task_constructor_capabilities/lib:/home/george/ROS2/BehaviorTree/install/moveit_task_constructor_core/lib:/home/george/ROS2/BehaviorTree/install/rviz_marker_tools/lib:/home/george/ROS2/BehaviorTree/install/moveit_task_constructor_msgs/lib:/home/george/ROS2/BehaviorTree/install/behaviortree_ros2/lib:/home/george/ROS2/BehaviorTree/install/btcpp_ros2_interfaces/lib:/home/george/ROS2/ws_rmw_zenoh/install/rmw_zenoh_cpp/lib:/home/george/ROS2/ws_rmw_zenoh/install/zenoh_cpp_vendor/opt/zenoh_cpp_vendor/lib:/usr/lib/x86_64-linux-gnu/gazebo-11/plugins:/opt/ros/humble/opt/rviz_ogre_vendor/lib:/opt/ros/humble/lib/x86_64-linux-gnu:/opt/ros/humble/lib /usr/bin/cmake --install /home/george/ROS2/ros2_hoverboard/build/bringup_mobile
