[0.028s] Invoking command in '/home/george/ROS2/ros2_hoverboard/build/mm_moveit_config': CMAKE_PREFIX_PATH=/home/george/ROS2/ros2_hoverboard/install/ur_description:/home/george/ROS2/ros2_hoverboard/install/ros_components_description:/home/george/ROS2/ros2_hoverboard/install/bringup:/home/george/ROS2/ros2_hoverboard/install/mm_moveit_config:/home/george/ROS2/ros2_hoverboard/install/bringup_mobile:/home/george/ROS2/ros2_hoverboard/install/twist_mux:/home/george/ROS2/ros2_hoverboard/install/topic_based_ros2_control:/home/george/ROS2/ros2_hoverboard/install/swerve_controller:/home/george/ROS2/ros2_hoverboard/install/rplidar_ros2:/home/george/ROS2/ros2_hoverboard/install/nav2:/home/george/ROS2/ros2_hoverboard/install/isaac_sim:/home/george/ROS2/ros2_hoverboard/install/description_mobile:/home/george/ROS2/ros2_hoverboard/install/description:/home/george/ROS2/BehaviorTree/install/mtc_samples:/home/george/ROS2/BehaviorTree/install/mtc_bt:/home/george/ROS2/BehaviorTree/install/moveit_task_constructor_visualization:/home/george/ROS2/BehaviorTree/install/moveit_task_constructor_demo:/home/george/ROS2/BehaviorTree/install/moveit_task_constructor_capabilities:/home/george/ROS2/BehaviorTree/install/moveit_task_constructor_core:/home/george/ROS2/BehaviorTree/install/rviz_marker_tools:/home/george/ROS2/BehaviorTree/install/moveit_task_constructor_msgs:/home/george/ROS2/BehaviorTree/install/btcpp_ros2_samples:/home/george/ROS2/BehaviorTree/install/behaviortree_ros2:/home/george/ROS2/BehaviorTree/install/btcpp_ros2_interfaces:/home/george/ROS2/ws_rmw_zenoh/install/rmw_zenoh_cpp:/home/george/ROS2/ws_rmw_zenoh/install/zenoh_cpp_vendor:/opt/ros/humble /usr/bin/cmake /home/george/ROS2/ros2_hoverboard/src/mobile_manipulator/mm_moveit_config -DCMAKE_INSTALL_PREFIX=/home/george/ROS2/ros2_hoverboard/install/mm_moveit_config
[0.051s] -- Found ament_cmake: 1.3.11 (/opt/ros/humble/share/ament_cmake/cmake)
[0.216s] -- Override CMake install command with custom implementation using symlinks instead of copying resources
[0.509s] -- Configuring done
[0.522s] -- Generating done
[0.523s] -- Build files have been written to: /home/george/ROS2/ros2_hoverboard/build/mm_moveit_config
[0.530s] Invoked command in '/home/george/ROS2/ros2_hoverboard/build/mm_moveit_config' returned '0': CMAKE_PREFIX_PATH=/home/george/ROS2/ros2_hoverboard/install/ur_description:/home/george/ROS2/ros2_hoverboard/install/ros_components_description:/home/george/ROS2/ros2_hoverboard/install/bringup:/home/george/ROS2/ros2_hoverboard/install/mm_moveit_config:/home/george/ROS2/ros2_hoverboard/install/bringup_mobile:/home/george/ROS2/ros2_hoverboard/install/twist_mux:/home/george/ROS2/ros2_hoverboard/install/topic_based_ros2_control:/home/george/ROS2/ros2_hoverboard/install/swerve_controller:/home/george/ROS2/ros2_hoverboard/install/rplidar_ros2:/home/george/ROS2/ros2_hoverboard/install/nav2:/home/george/ROS2/ros2_hoverboard/install/isaac_sim:/home/george/ROS2/ros2_hoverboard/install/description_mobile:/home/george/ROS2/ros2_hoverboard/install/description:/home/george/ROS2/BehaviorTree/install/mtc_samples:/home/george/ROS2/BehaviorTree/install/mtc_bt:/home/george/ROS2/BehaviorTree/install/moveit_task_constructor_visualization:/home/george/ROS2/BehaviorTree/install/moveit_task_constructor_demo:/home/george/ROS2/BehaviorTree/install/moveit_task_constructor_capabilities:/home/george/ROS2/BehaviorTree/install/moveit_task_constructor_core:/home/george/ROS2/BehaviorTree/install/rviz_marker_tools:/home/george/ROS2/BehaviorTree/install/moveit_task_constructor_msgs:/home/george/ROS2/BehaviorTree/install/btcpp_ros2_samples:/home/george/ROS2/BehaviorTree/install/behaviortree_ros2:/home/george/ROS2/BehaviorTree/install/btcpp_ros2_interfaces:/home/george/ROS2/ws_rmw_zenoh/install/rmw_zenoh_cpp:/home/george/ROS2/ws_rmw_zenoh/install/zenoh_cpp_vendor:/opt/ros/humble /usr/bin/cmake /home/george/ROS2/ros2_hoverboard/src/mobile_manipulator/mm_moveit_config -DCMAKE_INSTALL_PREFIX=/home/george/ROS2/ros2_hoverboard/install/mm_moveit_config
[0.530s] Invoking command in '/home/george/ROS2/ros2_hoverboard/build/mm_moveit_config': CMAKE_PREFIX_PATH=/home/george/ROS2/ros2_hoverboard/install/ur_description:/home/george/ROS2/ros2_hoverboard/install/ros_components_description:/home/george/ROS2/ros2_hoverboard/install/bringup:/home/george/ROS2/ros2_hoverboard/install/mm_moveit_config:/home/george/ROS2/ros2_hoverboard/install/bringup_mobile:/home/george/ROS2/ros2_hoverboard/install/twist_mux:/home/george/ROS2/ros2_hoverboard/install/topic_based_ros2_control:/home/george/ROS2/ros2_hoverboard/install/swerve_controller:/home/george/ROS2/ros2_hoverboard/install/rplidar_ros2:/home/george/ROS2/ros2_hoverboard/install/nav2:/home/george/ROS2/ros2_hoverboard/install/isaac_sim:/home/george/ROS2/ros2_hoverboard/install/description_mobile:/home/george/ROS2/ros2_hoverboard/install/description:/home/george/ROS2/BehaviorTree/install/mtc_samples:/home/george/ROS2/BehaviorTree/install/mtc_bt:/home/george/ROS2/BehaviorTree/install/moveit_task_constructor_visualization:/home/george/ROS2/BehaviorTree/install/moveit_task_constructor_demo:/home/george/ROS2/BehaviorTree/install/moveit_task_constructor_capabilities:/home/george/ROS2/BehaviorTree/install/moveit_task_constructor_core:/home/george/ROS2/BehaviorTree/install/rviz_marker_tools:/home/george/ROS2/BehaviorTree/install/moveit_task_constructor_msgs:/home/george/ROS2/BehaviorTree/install/btcpp_ros2_samples:/home/george/ROS2/BehaviorTree/install/behaviortree_ros2:/home/george/ROS2/BehaviorTree/install/btcpp_ros2_interfaces:/home/george/ROS2/ws_rmw_zenoh/install/rmw_zenoh_cpp:/home/george/ROS2/ws_rmw_zenoh/install/zenoh_cpp_vendor:/opt/ros/humble /usr/bin/cmake --build /home/george/ROS2/ros2_hoverboard/build/mm_moveit_config -- -j6 -l6
[0.628s] Built target ament_cmake_python_symlink_mm_moveit_config
[0.947s] running egg_info
[0.979s] writing mm_moveit_config.egg-info/PKG-INFO
[0.980s] writing dependency_links to mm_moveit_config.egg-info/dependency_links.txt
[0.980s] writing top-level names to mm_moveit_config.egg-info/top_level.txt
[1.055s] reading manifest file 'mm_moveit_config.egg-info/SOURCES.txt'
[1.056s] writing manifest file 'mm_moveit_config.egg-info/SOURCES.txt'
[1.093s] Built target ament_cmake_python_build_mm_moveit_config_egg
[1.106s] Invoked command in '/home/george/ROS2/ros2_hoverboard/build/mm_moveit_config' returned '0': CMAKE_PREFIX_PATH=/home/george/ROS2/ros2_hoverboard/install/ur_description:/home/george/ROS2/ros2_hoverboard/install/ros_components_description:/home/george/ROS2/ros2_hoverboard/install/bringup:/home/george/ROS2/ros2_hoverboard/install/mm_moveit_config:/home/george/ROS2/ros2_hoverboard/install/bringup_mobile:/home/george/ROS2/ros2_hoverboard/install/twist_mux:/home/george/ROS2/ros2_hoverboard/install/topic_based_ros2_control:/home/george/ROS2/ros2_hoverboard/install/swerve_controller:/home/george/ROS2/ros2_hoverboard/install/rplidar_ros2:/home/george/ROS2/ros2_hoverboard/install/nav2:/home/george/ROS2/ros2_hoverboard/install/isaac_sim:/home/george/ROS2/ros2_hoverboard/install/description_mobile:/home/george/ROS2/ros2_hoverboard/install/description:/home/george/ROS2/BehaviorTree/install/mtc_samples:/home/george/ROS2/BehaviorTree/install/mtc_bt:/home/george/ROS2/BehaviorTree/install/moveit_task_constructor_visualization:/home/george/ROS2/BehaviorTree/install/moveit_task_constructor_demo:/home/george/ROS2/BehaviorTree/install/moveit_task_constructor_capabilities:/home/george/ROS2/BehaviorTree/install/moveit_task_constructor_core:/home/george/ROS2/BehaviorTree/install/rviz_marker_tools:/home/george/ROS2/BehaviorTree/install/moveit_task_constructor_msgs:/home/george/ROS2/BehaviorTree/install/btcpp_ros2_samples:/home/george/ROS2/BehaviorTree/install/behaviortree_ros2:/home/george/ROS2/BehaviorTree/install/btcpp_ros2_interfaces:/home/george/ROS2/ws_rmw_zenoh/install/rmw_zenoh_cpp:/home/george/ROS2/ws_rmw_zenoh/install/zenoh_cpp_vendor:/opt/ros/humble /usr/bin/cmake --build /home/george/ROS2/ros2_hoverboard/build/mm_moveit_config -- -j6 -l6
[1.111s] Invoking command in '/home/george/ROS2/ros2_hoverboard/build/mm_moveit_config': CMAKE_PREFIX_PATH=/home/george/ROS2/ros2_hoverboard/install/ur_description:/home/george/ROS2/ros2_hoverboard/install/ros_components_description:/home/george/ROS2/ros2_hoverboard/install/bringup:/home/george/ROS2/ros2_hoverboard/install/mm_moveit_config:/home/george/ROS2/ros2_hoverboard/install/bringup_mobile:/home/george/ROS2/ros2_hoverboard/install/twist_mux:/home/george/ROS2/ros2_hoverboard/install/topic_based_ros2_control:/home/george/ROS2/ros2_hoverboard/install/swerve_controller:/home/george/ROS2/ros2_hoverboard/install/rplidar_ros2:/home/george/ROS2/ros2_hoverboard/install/nav2:/home/george/ROS2/ros2_hoverboard/install/isaac_sim:/home/george/ROS2/ros2_hoverboard/install/description_mobile:/home/george/ROS2/ros2_hoverboard/install/description:/home/george/ROS2/BehaviorTree/install/mtc_samples:/home/george/ROS2/BehaviorTree/install/mtc_bt:/home/george/ROS2/BehaviorTree/install/moveit_task_constructor_visualization:/home/george/ROS2/BehaviorTree/install/moveit_task_constructor_demo:/home/george/ROS2/BehaviorTree/install/moveit_task_constructor_capabilities:/home/george/ROS2/BehaviorTree/install/moveit_task_constructor_core:/home/george/ROS2/BehaviorTree/install/rviz_marker_tools:/home/george/ROS2/BehaviorTree/install/moveit_task_constructor_msgs:/home/george/ROS2/BehaviorTree/install/btcpp_ros2_samples:/home/george/ROS2/BehaviorTree/install/behaviortree_ros2:/home/george/ROS2/BehaviorTree/install/btcpp_ros2_interfaces:/home/george/ROS2/ws_rmw_zenoh/install/rmw_zenoh_cpp:/home/george/ROS2/ws_rmw_zenoh/install/zenoh_cpp_vendor:/opt/ros/humble /usr/bin/cmake --install /home/george/ROS2/ros2_hoverboard/build/mm_moveit_config
[1.119s] -- Install configuration: ""
[1.119s] -- Execute custom install script
[1.119s] -- Up-to-date symlink: /home/george/ROS2/ros2_hoverboard/install/mm_moveit_config/share/mm_moveit_config/config/controllers.yaml
[1.119s] -- Up-to-date symlink: /home/george/ROS2/ros2_hoverboard/install/mm_moveit_config/share/mm_moveit_config/config/joint_limits.yaml
[1.120s] -- Up-to-date symlink: /home/george/ROS2/ros2_hoverboard/install/mm_moveit_config/share/mm_moveit_config/config/kinematics.yaml
[1.120s] -- Up-to-date symlink: /home/george/ROS2/ros2_hoverboard/install/mm_moveit_config/share/mm_moveit_config/config/ompl_planning.yaml
[1.120s] -- Up-to-date symlink: /home/george/ROS2/ros2_hoverboard/install/mm_moveit_config/share/mm_moveit_config/config/ur_servo.yaml
[1.120s] -- Up-to-date symlink: /home/george/ROS2/ros2_hoverboard/install/mm_moveit_config/share/mm_moveit_config/config/ur_sim_servo.yaml
[1.121s] -- Up-to-date symlink: /home/george/ROS2/ros2_hoverboard/install/mm_moveit_config/share/mm_moveit_config/launch/mm_sim_moveit.launch.py
[1.121s] -- Up-to-date symlink: /home/george/ROS2/ros2_hoverboard/install/mm_moveit_config/share/mm_moveit_config/rviz/view_robot.rviz
[1.121s] -- Up-to-date symlink: /home/george/ROS2/ros2_hoverboard/install/mm_moveit_config/share/mm_moveit_config/srdf/mobile_manipulator.srdf.xacro
[1.122s] -- Up-to-date symlink: /home/george/ROS2/ros2_hoverboard/install/mm_moveit_config/share/mm_moveit_config/srdf/mobile_manipulator_macro.srdf.xacro
[1.122s] -- Up-to-date symlink: /home/george/ROS2/ros2_hoverboard/install/mm_moveit_config/share/mm_moveit_config/environment/pythonpath.sh
[1.122s] -- Up-to-date symlink: /home/george/ROS2/ros2_hoverboard/install/mm_moveit_config/share/mm_moveit_config/environment/pythonpath.dsv
[1.123s] -- Up-to-date symlink: /home/george/ROS2/ros2_hoverboard/install/mm_moveit_config/local/lib/python3.10/dist-packages/mm_moveit_config-2.5.2-py3.10.egg-info/PKG-INFO
[1.123s] -- Up-to-date symlink: /home/george/ROS2/ros2_hoverboard/install/mm_moveit_config/local/lib/python3.10/dist-packages/mm_moveit_config-2.5.2-py3.10.egg-info/SOURCES.txt
[1.124s] -- Up-to-date symlink: /home/george/ROS2/ros2_hoverboard/install/mm_moveit_config/local/lib/python3.10/dist-packages/mm_moveit_config-2.5.2-py3.10.egg-info/dependency_links.txt
[1.124s] -- Up-to-date symlink: /home/george/ROS2/ros2_hoverboard/install/mm_moveit_config/local/lib/python3.10/dist-packages/mm_moveit_config-2.5.2-py3.10.egg-info/top_level.txt
[1.124s] -- Up-to-date symlink: /home/george/ROS2/ros2_hoverboard/install/mm_moveit_config/local/lib/python3.10/dist-packages/mm_moveit_config/__init__.py
[1.125s] -- Up-to-date symlink: /home/george/ROS2/ros2_hoverboard/install/mm_moveit_config/local/lib/python3.10/dist-packages/mm_moveit_config/launch_common.py
[1.125s] -- Up-to-date symlink: /home/george/ROS2/ros2_hoverboard/install/mm_moveit_config/local/lib/python3.10/dist-packages/launch_common.py
[1.125s] -- Up-to-date symlink: /home/george/ROS2/ros2_hoverboard/install/mm_moveit_config/share/ament_index/resource_index/package_run_dependencies/mm_moveit_config
[1.125s] -- Up-to-date symlink: /home/george/ROS2/ros2_hoverboard/install/mm_moveit_config/share/ament_index/resource_index/parent_prefix_path/mm_moveit_config
[1.126s] -- Up-to-date symlink: /home/george/ROS2/ros2_hoverboard/install/mm_moveit_config/share/mm_moveit_config/environment/ament_prefix_path.sh
[1.126s] -- Up-to-date symlink: /home/george/ROS2/ros2_hoverboard/install/mm_moveit_config/share/mm_moveit_config/environment/ament_prefix_path.dsv
[1.126s] -- Up-to-date symlink: /home/george/ROS2/ros2_hoverboard/install/mm_moveit_config/share/mm_moveit_config/environment/path.sh
[1.127s] -- Up-to-date symlink: /home/george/ROS2/ros2_hoverboard/install/mm_moveit_config/share/mm_moveit_config/environment/path.dsv
[1.127s] -- Up-to-date symlink: /home/george/ROS2/ros2_hoverboard/install/mm_moveit_config/share/mm_moveit_config/local_setup.bash
[1.127s] -- Up-to-date symlink: /home/george/ROS2/ros2_hoverboard/install/mm_moveit_config/share/mm_moveit_config/local_setup.sh
[1.128s] -- Up-to-date symlink: /home/george/ROS2/ros2_hoverboard/install/mm_moveit_config/share/mm_moveit_config/local_setup.zsh
[1.128s] -- Up-to-date symlink: /home/george/ROS2/ros2_hoverboard/install/mm_moveit_config/share/mm_moveit_config/local_setup.dsv
[1.129s] -- Symlinking: /home/george/ROS2/ros2_hoverboard/install/mm_moveit_config/share/mm_moveit_config/package.dsv
[1.139s] -- Up-to-date symlink: /home/george/ROS2/ros2_hoverboard/install/mm_moveit_config/share/ament_index/resource_index/packages/mm_moveit_config
[1.139s] -- Up-to-date symlink: /home/george/ROS2/ros2_hoverboard/install/mm_moveit_config/share/mm_moveit_config/cmake/mm_moveit_configConfig.cmake
[1.140s] -- Up-to-date symlink: /home/george/ROS2/ros2_hoverboard/install/mm_moveit_config/share/mm_moveit_config/cmake/mm_moveit_configConfig-version.cmake
[1.140s] -- Up-to-date symlink: /home/george/ROS2/ros2_hoverboard/install/mm_moveit_config/share/mm_moveit_config/package.xml
[1.183s] Listing '/home/george/ROS2/ros2_hoverboard/install/mm_moveit_config/local/lib/python3.10/dist-packages/mm_moveit_config'...
[1.234s] Invoked command in '/home/george/ROS2/ros2_hoverboard/build/mm_moveit_config' returned '0': CMAKE_PREFIX_PATH=/home/george/ROS2/ros2_hoverboard/install/ur_description:/home/george/ROS2/ros2_hoverboard/install/ros_components_description:/home/george/ROS2/ros2_hoverboard/install/bringup:/home/george/ROS2/ros2_hoverboard/install/mm_moveit_config:/home/george/ROS2/ros2_hoverboard/install/bringup_mobile:/home/george/ROS2/ros2_hoverboard/install/twist_mux:/home/george/ROS2/ros2_hoverboard/install/topic_based_ros2_control:/home/george/ROS2/ros2_hoverboard/install/swerve_controller:/home/george/ROS2/ros2_hoverboard/install/rplidar_ros2:/home/george/ROS2/ros2_hoverboard/install/nav2:/home/george/ROS2/ros2_hoverboard/install/isaac_sim:/home/george/ROS2/ros2_hoverboard/install/description_mobile:/home/george/ROS2/ros2_hoverboard/install/description:/home/george/ROS2/BehaviorTree/install/mtc_samples:/home/george/ROS2/BehaviorTree/install/mtc_bt:/home/george/ROS2/BehaviorTree/install/moveit_task_constructor_visualization:/home/george/ROS2/BehaviorTree/install/moveit_task_constructor_demo:/home/george/ROS2/BehaviorTree/install/moveit_task_constructor_capabilities:/home/george/ROS2/BehaviorTree/install/moveit_task_constructor_core:/home/george/ROS2/BehaviorTree/install/rviz_marker_tools:/home/george/ROS2/BehaviorTree/install/moveit_task_constructor_msgs:/home/george/ROS2/BehaviorTree/install/btcpp_ros2_samples:/home/george/ROS2/BehaviorTree/install/behaviortree_ros2:/home/george/ROS2/BehaviorTree/install/btcpp_ros2_interfaces:/home/george/ROS2/ws_rmw_zenoh/install/rmw_zenoh_cpp:/home/george/ROS2/ws_rmw_zenoh/install/zenoh_cpp_vendor:/opt/ros/humble /usr/bin/cmake --install /home/george/ROS2/ros2_hoverboard/build/mm_moveit_config
