[0.034s] Invoking command in '/home/george/ROS2/ros2_hoverboard/build/rplidar_ros2': CMAKE_PREFIX_PATH=${CMAKE_PREFIX_PATH}:/opt/ros/humble /usr/bin/cmake /home/george/ROS2/ros2_hoverboard/src/sensors/rplidar_ros2 -DAMENT_CMAKE_SYMLINK_INSTALL=1 -DCMAKE_INSTALL_PREFIX=/home/george/ROS2/ros2_hoverboard/install/rplidar_ros2
[0.229s] -- Found ament_cmake_auto: 1.3.11 (/opt/ros/humble/share/ament_cmake_auto/cmake)
[0.384s] -- Override CMake install command with custom implementation using symlinks instead of copying resources
[0.398s] -- Found ament_cmake_ros: 0.10.0 (/opt/ros/humble/share/ament_cmake_ros/cmake)
[0.549s] -- Found rosidl_generator_c: 3.1.6 (/opt/ros/humble/share/rosidl_generator_c/cmake)
[0.556s] -- Found rosidl_adapter: 3.1.6 (/opt/ros/humble/share/rosidl_adapter/cmake)
[0.573s] -- Found rosidl_generator_cpp: 3.1.6 (/opt/ros/humble/share/rosidl_generator_cpp/cmake)
[0.598s] -- Using all available rosidl_typesupport_c: rosidl_typesupport_fastrtps_c;rosidl_typesupport_introspection_c
[0.642s] -- Using all available rosidl_typesupport_cpp: rosidl_typesupport_fastrtps_cpp;rosidl_typesupport_introspection_cpp
[0.739s] -- Found rmw_implementation_cmake: 6.1.2 (/opt/ros/humble/share/rmw_implementation_cmake/cmake)
[0.743s] -- Found rmw_cyclonedds_cpp: 1.3.4 (/opt/ros/humble/share/rmw_cyclonedds_cpp/cmake)
[0.775s] -- Using RMW implementation 'rmw_cyclonedds_cpp' as default
[0.953s] -- Configuring done
[0.972s] -- Generating done
[0.980s] -- Build files have been written to: /home/george/ROS2/ros2_hoverboard/build/rplidar_ros2
[0.992s] Invoked command in '/home/george/ROS2/ros2_hoverboard/build/rplidar_ros2' returned '0': CMAKE_PREFIX_PATH=${CMAKE_PREFIX_PATH}:/opt/ros/humble /usr/bin/cmake /home/george/ROS2/ros2_hoverboard/src/sensors/rplidar_ros2 -DAMENT_CMAKE_SYMLINK_INSTALL=1 -DCMAKE_INSTALL_PREFIX=/home/george/ROS2/ros2_hoverboard/install/rplidar_ros2
[0.993s] Invoking command in '/home/george/ROS2/ros2_hoverboard/build/rplidar_ros2': CMAKE_PREFIX_PATH=${CMAKE_PREFIX_PATH}:/opt/ros/humble /usr/bin/cmake --build /home/george/ROS2/ros2_hoverboard/build/rplidar_ros2 -- -j6 -l6
[1.075s] [35m[1mConsolidate compiler generated dependencies of target rplidar_composition_node[0m
[1.114s] [ 77%] Built target rplidar_composition_node
[1.130s] [35m[1mConsolidate compiler generated dependencies of target rplidar_composition[0m
[1.153s] [100%] Built target rplidar_composition
[1.179s] Invoked command in '/home/george/ROS2/ros2_hoverboard/build/rplidar_ros2' returned '0': CMAKE_PREFIX_PATH=${CMAKE_PREFIX_PATH}:/opt/ros/humble /usr/bin/cmake --build /home/george/ROS2/ros2_hoverboard/build/rplidar_ros2 -- -j6 -l6
[1.180s] Invoking command in '/home/george/ROS2/ros2_hoverboard/build/rplidar_ros2': CMAKE_PREFIX_PATH=${CMAKE_PREFIX_PATH}:/opt/ros/humble /usr/bin/cmake --install /home/george/ROS2/ros2_hoverboard/build/rplidar_ros2
[1.187s] -- Install configuration: ""
[1.188s] -- Execute custom install script
[1.189s] -- Up-to-date symlink: /home/george/ROS2/ros2_hoverboard/install/rplidar_ros2/lib/rplidar_ros2/rplidar_composition
[1.189s] -- Up-to-date symlink: /home/george/ROS2/ros2_hoverboard/install/rplidar_ros2/share/rplidar_ros2/launch/rplidar.launch.py
[1.190s] -- Up-to-date symlink: /home/george/ROS2/ros2_hoverboard/install/rplidar_ros2/share/rplidar_ros2/launch/rplidar_a3.launch.py
[1.190s] -- Up-to-date symlink: /home/george/ROS2/ros2_hoverboard/install/rplidar_ros2/share/rplidar_ros2/launch/rplidar_s1.launch.py
[1.190s] -- Up-to-date symlink: /home/george/ROS2/ros2_hoverboard/install/rplidar_ros2/share/rplidar_ros2/launch/rplidar_s1_tcp.launch.py
[1.191s] -- Up-to-date symlink: /home/george/ROS2/ros2_hoverboard/install/rplidar_ros2/share/rplidar_ros2/launch/test_rplidar_a3.launch.py
[1.191s] -- Up-to-date symlink: /home/george/ROS2/ros2_hoverboard/install/rplidar_ros2/share/rplidar_ros2/launch/view_rplidar.launch.py
[1.191s] -- Up-to-date symlink: /home/george/ROS2/ros2_hoverboard/install/rplidar_ros2/share/rplidar_ros2/launch/view_rplidar_a3.launch.py
[1.191s] -- Up-to-date symlink: /home/george/ROS2/ros2_hoverboard/install/rplidar_ros2/share/rplidar_ros2/launch/view_rplidar_s1.launch.py
[1.191s] -- Up-to-date symlink: /home/george/ROS2/ros2_hoverboard/install/rplidar_ros2/share/rplidar_ros2/launch/view_rplidar_s1_tcp.launch.py
[1.192s] -- Up-to-date symlink: /home/george/ROS2/ros2_hoverboard/install/rplidar_ros2/share/rplidar_ros2/rviz/rplidar.rviz
[1.193s] -- Up-to-date symlink: /home/george/ROS2/ros2_hoverboard/install/rplidar_ros2/share/rplidar_ros2/meshes/rplidar_a2_simple.stl
[1.193s] -- Up-to-date symlink: /home/george/ROS2/ros2_hoverboard/install/rplidar_ros2/share/rplidar_ros2/urdf/rplidar.urdf.xacro
[1.193s] -- Up-to-date symlink: /home/george/ROS2/ros2_hoverboard/install/rplidar_ros2/share/rplidar_ros2/urdf/rplidar_A2.urdf.xacro
[1.194s] -- Up-to-date symlink: /home/george/ROS2/ros2_hoverboard/install/rplidar_ros2/lib/librplidar_composition_node.so
[1.194s] -- Up-to-date symlink: /home/george/ROS2/ros2_hoverboard/install/rplidar_ros2/include/rplidar_node.hpp
[1.194s] -- Up-to-date symlink: /home/george/ROS2/ros2_hoverboard/install/rplidar_ros2/include/visibility.h
[1.194s] -- Up-to-date symlink: /home/george/ROS2/ros2_hoverboard/install/rplidar_ros2/lib/rplidar_ros2/rplidar_composition
[1.195s] -- Up-to-date symlink: /home/george/ROS2/ros2_hoverboard/install/rplidar_ros2/share/ament_index/resource_index/package_run_dependencies/rplidar_ros2
[1.195s] -- Up-to-date symlink: /home/george/ROS2/ros2_hoverboard/install/rplidar_ros2/share/ament_index/resource_index/parent_prefix_path/rplidar_ros2
[1.195s] -- Up-to-date symlink: /home/george/ROS2/ros2_hoverboard/install/rplidar_ros2/share/rplidar_ros2/environment/ament_prefix_path.sh
[1.195s] -- Up-to-date symlink: /home/george/ROS2/ros2_hoverboard/install/rplidar_ros2/share/rplidar_ros2/environment/ament_prefix_path.dsv
[1.196s] -- Up-to-date symlink: /home/george/ROS2/ros2_hoverboard/install/rplidar_ros2/share/rplidar_ros2/environment/path.sh
[1.196s] -- Up-to-date symlink: /home/george/ROS2/ros2_hoverboard/install/rplidar_ros2/share/rplidar_ros2/environment/path.dsv
[1.197s] -- Up-to-date symlink: /home/george/ROS2/ros2_hoverboard/install/rplidar_ros2/share/rplidar_ros2/local_setup.bash
[1.197s] -- Up-to-date symlink: /home/george/ROS2/ros2_hoverboard/install/rplidar_ros2/share/rplidar_ros2/local_setup.sh
[1.197s] -- Up-to-date symlink: /home/george/ROS2/ros2_hoverboard/install/rplidar_ros2/share/rplidar_ros2/local_setup.zsh
[1.197s] -- Up-to-date symlink: /home/george/ROS2/ros2_hoverboard/install/rplidar_ros2/share/rplidar_ros2/local_setup.dsv
[1.197s] -- Symlinking: /home/george/ROS2/ros2_hoverboard/install/rplidar_ros2/share/rplidar_ros2/package.dsv
[1.217s] -- Up-to-date symlink: /home/george/ROS2/ros2_hoverboard/install/rplidar_ros2/share/ament_index/resource_index/packages/rplidar_ros2
[1.219s] -- Up-to-date symlink: /home/george/ROS2/ros2_hoverboard/install/rplidar_ros2/share/ament_index/resource_index/rclcpp_components/rplidar_ros2
[1.219s] -- Up-to-date symlink: /home/george/ROS2/ros2_hoverboard/install/rplidar_ros2/share/rplidar_ros2/cmake/ament_cmake_export_dependencies-extras.cmake
[1.219s] -- Up-to-date symlink: /home/george/ROS2/ros2_hoverboard/install/rplidar_ros2/share/rplidar_ros2/cmake/ament_cmake_export_include_directories-extras.cmake
[1.220s] -- Up-to-date symlink: /home/george/ROS2/ros2_hoverboard/install/rplidar_ros2/share/rplidar_ros2/cmake/rplidar_ros2Config.cmake
[1.220s] -- Up-to-date symlink: /home/george/ROS2/ros2_hoverboard/install/rplidar_ros2/share/rplidar_ros2/cmake/rplidar_ros2Config-version.cmake
[1.220s] -- Up-to-date symlink: /home/george/ROS2/ros2_hoverboard/install/rplidar_ros2/share/rplidar_ros2/package.xml
[1.224s] Invoked command in '/home/george/ROS2/ros2_hoverboard/build/rplidar_ros2' returned '0': CMAKE_PREFIX_PATH=${CMAKE_PREFIX_PATH}:/opt/ros/humble /usr/bin/cmake --install /home/george/ROS2/ros2_hoverboard/build/rplidar_ros2
