[100%] Built target test_wheel_command
-- Install configuration: ""
-- Execute custom install script
-- Up-to-date symlink: /home/george/ROS2/ros2_hoverboard/install/isaac_sim/share/isaac_sim//config/angular_filter_scan.yaml
-- Up-to-date symlink: /home/george/ROS2/ros2_hoverboard/install/isaac_sim/share/isaac_sim//config/isaac.rviz
-- Up-to-date symlink: /home/george/ROS2/ros2_hoverboard/install/isaac_sim/share/isaac_sim//launch/wheelbot_isaac.launch.py
-- Up-to-date symlink: /home/george/ROS2/ros2_hoverboard/install/isaac_sim/share/isaac_sim//launch/wheelbot_isaac.launch_2.py
-- Up-to-date symlink: /home/george/ROS2/ros2_hoverboard/install/isaac_sim/share/isaac_sim//launch/wheelbot_ur_isaac.launch.py
-- Up-to-date symlink: /home/george/ROS2/ros2_hoverboard/install/isaac_sim/share/isaac_sim//tools/isaac_launch_script_2.py
-- Up-to-date symlink: /home/george/ROS2/ros2_hoverboard/install/isaac_sim/share/isaac_sim//tools/isaac_launch_script_old.py
-- Up-to-date symlink: /home/george/ROS2/ros2_hoverboard/install/isaac_sim/share/isaac_sim//tools/run_isaac_manually.sh
-- Up-to-date symlink: /home/george/ROS2/ros2_hoverboard/install/isaac_sim/share/isaac_sim//tools/wheelbot_script.py
-- Up-to-date symlink: /home/george/ROS2/ros2_hoverboard/install/isaac_sim/share/isaac_sim//tools/wheelbot_ur_script.py
-- Up-to-date symlink: /home/george/ROS2/ros2_hoverboard/install/isaac_sim/share/isaac_sim//isaac_worlds/.thumbs/256x256/cilinder_garden.usda.png
-- Up-to-date symlink: /home/george/ROS2/ros2_hoverboard/install/isaac_sim/share/isaac_sim//isaac_worlds/.thumbs/256x256/cylinder_garden.usda.png
-- Up-to-date symlink: /home/george/ROS2/ros2_hoverboard/install/isaac_sim/share/isaac_sim//isaac_worlds/.thumbs/256x256/cylinder_garden2.usda.png
-- Up-to-date symlink: /home/george/ROS2/ros2_hoverboard/install/isaac_sim/share/isaac_sim//isaac_worlds/.thumbs/256x256/ekumen_hq.usda.png
-- Up-to-date symlink: /home/george/ROS2/ros2_hoverboard/install/isaac_sim/share/isaac_sim//isaac_worlds/.thumbs/256x256/empty_world.usd.png
-- Up-to-date symlink: /home/george/ROS2/ros2_hoverboard/install/isaac_sim/share/isaac_sim//isaac_worlds/.thumbs/256x256/my_world.usda.png
-- Up-to-date symlink: /home/george/ROS2/ros2_hoverboard/install/isaac_sim/share/isaac_sim//isaac_worlds/.thumbs/256x256/plain_world.usda.png
-- Up-to-date symlink: /home/george/ROS2/ros2_hoverboard/install/isaac_sim/share/isaac_sim//isaac_worlds/cilinder_garden.usda
-- Up-to-date symlink: /home/george/ROS2/ros2_hoverboard/install/isaac_sim/share/isaac_sim//isaac_worlds/cylinder_garden.usda
-- Up-to-date symlink: /home/george/ROS2/ros2_hoverboard/install/isaac_sim/share/isaac_sim//isaac_worlds/cylinder_garden2.usda
-- Up-to-date symlink: /home/george/ROS2/ros2_hoverboard/install/isaac_sim/share/isaac_sim//isaac_worlds/empty_world.usd
-- Up-to-date symlink: /home/george/ROS2/ros2_hoverboard/install/isaac_sim/share/isaac_sim//isaac_worlds/my_world.usda
-- Up-to-date symlink: /home/george/ROS2/ros2_hoverboard/install/isaac_sim/share/isaac_sim//isaac_worlds/office.usda
-- Up-to-date symlink: /home/george/ROS2/ros2_hoverboard/install/isaac_sim/share/isaac_sim//isaac_worlds/plain_world.usda
-- Up-to-date symlink: /home/george/ROS2/ros2_hoverboard/install/isaac_sim/share/isaac_sim//isaac_worlds/textures/Tiles054_1K-JPG_Color.jpg
-- Up-to-date symlink: /home/george/ROS2/ros2_hoverboard/install/isaac_sim/share/isaac_sim//isaac_worlds/textures/Tiles054_1K-JPG_Roughness.jpg
-- Up-to-date symlink: /home/george/ROS2/ros2_hoverboard/install/isaac_sim/share/isaac_sim//isaac_worlds/textures/macro_flour_diff_4k.jpg
-- Up-to-date symlink: /home/george/ROS2/ros2_hoverboard/install/isaac_sim/share/isaac_sim//isaac_worlds/textures/macro_flour_nor_gl_4k.exr
-- Up-to-date symlink: /home/george/ROS2/ros2_hoverboard/install/isaac_sim/share/isaac_sim//isaac_worlds/textures/macro_flour_rough_4k.exr
-- Up-to-date symlink: /home/george/ROS2/ros2_hoverboard/install/isaac_sim/share/isaac_sim//isaac_worlds/textures/wood_floor_diff_4k.jpg
-- Up-to-date symlink: /home/george/ROS2/ros2_hoverboard/install/isaac_sim/share/isaac_sim//isaac_worlds/textures/wood_floor_nor_gl_4k.exr
-- Up-to-date symlink: /home/george/ROS2/ros2_hoverboard/install/isaac_sim/share/isaac_sim//isaac_worlds/textures/wood_floor_rough_4k.exr
-- Up-to-date symlink: /home/george/ROS2/ros2_hoverboard/install/isaac_sim/share/isaac_sim//isaac_description/.thumbs/256x256/RPLIDAR.usd.png
-- Up-to-date symlink: /home/george/ROS2/ros2_hoverboard/install/isaac_sim/share/isaac_sim//isaac_description/.thumbs/256x256/andino.usda.png
-- Up-to-date symlink: /home/george/ROS2/ros2_hoverboard/install/isaac_sim/share/isaac_sim//isaac_description/.thumbs/256x256/andino_isaac.usda.png
-- Up-to-date symlink: /home/george/ROS2/ros2_hoverboard/install/isaac_sim/share/isaac_sim//isaac_description/.thumbs/256x256/just_andino.usda.png
-- Up-to-date symlink: /home/george/ROS2/ros2_hoverboard/install/isaac_sim/share/isaac_sim//isaac_description/.thumbs/256x256/swerveBOT.usda.png
-- Up-to-date symlink: /home/george/ROS2/ros2_hoverboard/install/isaac_sim/share/isaac_sim//isaac_description/.thumbs/256x256/swerveBOT2.usda.png
-- Up-to-date symlink: /home/george/ROS2/ros2_hoverboard/install/isaac_sim/share/isaac_sim//isaac_description/.thumbs/256x256/swerveBOT_2.usda.png
-- Up-to-date symlink: /home/george/ROS2/ros2_hoverboard/install/isaac_sim/share/isaac_sim//isaac_description/.thumbs/256x256/swerveBOT_3.usda.png
-- Up-to-date symlink: /home/george/ROS2/ros2_hoverboard/install/isaac_sim/share/isaac_sim//isaac_description/.thumbs/256x256/swerveBOT_910.usda.png
-- Up-to-date symlink: /home/george/ROS2/ros2_hoverboard/install/isaac_sim/share/isaac_sim//isaac_description/.thumbs/256x256/swerveBOT_910_UR10.usda.png
-- Up-to-date symlink: /home/george/ROS2/ros2_hoverboard/install/isaac_sim/share/isaac_sim//isaac_description/.thumbs/256x256/swerveBOT_910_UR10_ROS.usda.png
-- Up-to-date symlink: /home/george/ROS2/ros2_hoverboard/install/isaac_sim/share/isaac_sim//isaac_description/.thumbs/256x256/swerveBOT_910x1350.usda.png
-- Up-to-date symlink: /home/george/ROS2/ros2_hoverboard/install/isaac_sim/share/isaac_sim//isaac_description/.thumbs/256x256/swerveBOT_UR10.usda.png
-- Up-to-date symlink: /home/george/ROS2/ros2_hoverboard/install/isaac_sim/share/isaac_sim//isaac_description/.thumbs/256x256/swerveBOT_with_art.usd.png
-- Up-to-date symlink: /home/george/ROS2/ros2_hoverboard/install/isaac_sim/share/isaac_sim//isaac_description/.thumbs/256x256/wheelbot.usd.png
-- Up-to-date symlink: /home/george/ROS2/ros2_hoverboard/install/isaac_sim/share/isaac_sim//isaac_description/.thumbs/256x256/wheelbot.usda.png
-- Up-to-date symlink: /home/george/ROS2/ros2_hoverboard/install/isaac_sim/share/isaac_sim//isaac_description/RPLIDAR.usd
-- Up-to-date symlink: /home/george/ROS2/ros2_hoverboard/install/isaac_sim/share/isaac_sim//isaac_description/Robotiq/2F-140/.thumbs/256x256/.2f140_instanceable.usd.last_generated
-- Up-to-date symlink: /home/george/ROS2/ros2_hoverboard/install/isaac_sim/share/isaac_sim//isaac_description/Robotiq/2F-140/.thumbs/256x256/.Robotiq_2F_140_base.usd.last_generated
-- Up-to-date symlink: /home/george/ROS2/ros2_hoverboard/install/isaac_sim/share/isaac_sim//isaac_description/Robotiq/2F-140/.thumbs/256x256/.Robotiq_2F_140_config.usd.last_generated
-- Up-to-date symlink: /home/george/ROS2/ros2_hoverboard/install/isaac_sim/share/isaac_sim//isaac_description/Robotiq/2F-140/.thumbs/256x256/.Robotiq_2F_140_controller.usd.last_generated
-- Up-to-date symlink: /home/george/ROS2/ros2_hoverboard/install/isaac_sim/share/isaac_sim//isaac_description/Robotiq/2F-140/.thumbs/256x256/.Robotiq_2F_140_physics_edit.usd.last_generated
-- Up-to-date symlink: /home/george/ROS2/ros2_hoverboard/install/isaac_sim/share/isaac_sim//isaac_description/Robotiq/2F-140/.thumbs/256x256/Robotiq_2F_140_physics_edit.usd.png
-- Up-to-date symlink: /home/george/ROS2/ros2_hoverboard/install/isaac_sim/share/isaac_sim//isaac_description/Robotiq/2F-140/.thumbs/2f140_instanceable.thumb.usd
-- Up-to-date symlink: /home/george/ROS2/ros2_hoverboard/install/isaac_sim/share/isaac_sim//isaac_description/Robotiq/2F-140/.thumbs/Robotiq_2F_140_base.thumb.usd
-- Up-to-date symlink: /home/george/ROS2/ros2_hoverboard/install/isaac_sim/share/isaac_sim//isaac_description/Robotiq/2F-140/.thumbs/Robotiq_2F_140_config.thumb.usd
-- Up-to-date symlink: /home/george/ROS2/ros2_hoverboard/install/isaac_sim/share/isaac_sim//isaac_description/Robotiq/2F-140/.thumbs/Robotiq_2F_140_controller.thumb.usd
-- Up-to-date symlink: /home/george/ROS2/ros2_hoverboard/install/isaac_sim/share/isaac_sim//isaac_description/Robotiq/2F-140/.thumbs/Robotiq_2F_140_physics_edit.thumb.usd
-- Up-to-date symlink: /home/george/ROS2/ros2_hoverboard/install/isaac_sim/share/isaac_sim//isaac_description/Robotiq/2F-140/2f140_instanceable.usd
-- Up-to-date symlink: /home/george/ROS2/ros2_hoverboard/install/isaac_sim/share/isaac_sim//isaac_description/Robotiq/2F-140/Collected_2f140_instanceable/2f140_instanceable.usd
-- Up-to-date symlink: /home/george/ROS2/ros2_hoverboard/install/isaac_sim/share/isaac_sim//isaac_description/Robotiq/2F-140/Collected_2f140_instanceable/Props/instanceable_meshes.usd
-- Up-to-date symlink: /home/george/ROS2/ros2_hoverboard/install/isaac_sim/share/isaac_sim//isaac_description/Robotiq/2F-140/Props/instanceable_meshes.usd
-- Up-to-date symlink: /home/george/ROS2/ros2_hoverboard/install/isaac_sim/share/isaac_sim//isaac_description/Robotiq/2F-140/Robotiq_2F_140_base.usd
-- Up-to-date symlink: /home/george/ROS2/ros2_hoverboard/install/isaac_sim/share/isaac_sim//isaac_description/Robotiq/2F-140/Robotiq_2F_140_config.usd
-- Up-to-date symlink: /home/george/ROS2/ros2_hoverboard/install/isaac_sim/share/isaac_sim//isaac_description/Robotiq/2F-140/Robotiq_2F_140_controller.usd
-- Up-to-date symlink: /home/george/ROS2/ros2_hoverboard/install/isaac_sim/share/isaac_sim//isaac_description/Robotiq/2F-140/Robotiq_2F_140_physics_edit.usd
-- Up-to-date symlink: /home/george/ROS2/ros2_hoverboard/install/isaac_sim/share/isaac_sim//isaac_description/Robotiq/2F-140/materials/materials.usd
-- Up-to-date symlink: /home/george/ROS2/ros2_hoverboard/install/isaac_sim/share/isaac_sim//isaac_description/Robotiq/2F-140/parts/Finger1_JFT.usd
-- Up-to-date symlink: /home/george/ROS2/ros2_hoverboard/install/isaac_sim/share/isaac_sim//isaac_description/Robotiq/2F-140/parts/Finger2_JFP.usd
-- Up-to-date symlink: /home/george/ROS2/ros2_hoverboard/install/isaac_sim/share/isaac_sim//isaac_description/Robotiq/2F-140/parts/Finger3_JFH.usd
-- Up-to-date symlink: /home/george/ROS2/ros2_hoverboard/install/isaac_sim/share/isaac_sim//isaac_description/Robotiq/2F-140/parts/Finger4_JFL.usd
-- Up-to-date symlink: /home/george/ROS2/ros2_hoverboard/install/isaac_sim/share/isaac_sim//isaac_description/Robotiq/2F-140/parts/Fingertip_JFD.usd
-- Up-to-date symlink: /home/george/ROS2/ros2_hoverboard/install/isaac_sim/share/isaac_sim//isaac_description/Robotiq/2F-140/parts/_F_Body_JFX.usd
-- Up-to-date symlink: /home/george/ROS2/ros2_hoverboard/install/isaac_sim/share/isaac_sim//isaac_description/Robotiq/2F-85/.thumbs/256x256/.Robotiq_2F_85_base.usd.last_generated
-- Up-to-date symlink: /home/george/ROS2/ros2_hoverboard/install/isaac_sim/share/isaac_sim//isaac_description/Robotiq/2F-85/.thumbs/256x256/.Robotiq_2F_85_config.usd.last_generated
-- Up-to-date symlink: /home/george/ROS2/ros2_hoverboard/install/isaac_sim/share/isaac_sim//isaac_description/Robotiq/2F-85/.thumbs/256x256/.Robotiq_2F_85_controller.usd.last_generated
-- Up-to-date symlink: /home/george/ROS2/ros2_hoverboard/install/isaac_sim/share/isaac_sim//isaac_description/Robotiq/2F-85/.thumbs/256x256/.Robotiq_2F_85_edit.usd.last_generated
-- Up-to-date symlink: /home/george/ROS2/ros2_hoverboard/install/isaac_sim/share/isaac_sim//isaac_description/Robotiq/2F-85/.thumbs/256x256/.Robotiq_2F_85_flattened.usd.last_generated
-- Up-to-date symlink: /home/george/ROS2/ros2_hoverboard/install/isaac_sim/share/isaac_sim//isaac_description/Robotiq/2F-85/.thumbs/256x256/Robotiq_2F_85_edit.usd.png
-- Up-to-date symlink: /home/george/ROS2/ros2_hoverboard/install/isaac_sim/share/isaac_sim//isaac_description/Robotiq/2F-85/.thumbs/Robotiq_2F_85_base.thumb.usd
-- Up-to-date symlink: /home/george/ROS2/ros2_hoverboard/install/isaac_sim/share/isaac_sim//isaac_description/Robotiq/2F-85/.thumbs/Robotiq_2F_85_config.thumb.usd
-- Up-to-date symlink: /home/george/ROS2/ros2_hoverboard/install/isaac_sim/share/isaac_sim//isaac_description/Robotiq/2F-85/.thumbs/Robotiq_2F_85_controller.thumb.usd
-- Up-to-date symlink: /home/george/ROS2/ros2_hoverboard/install/isaac_sim/share/isaac_sim//isaac_description/Robotiq/2F-85/.thumbs/Robotiq_2F_85_edit.thumb.usd
-- Up-to-date symlink: /home/george/ROS2/ros2_hoverboard/install/isaac_sim/share/isaac_sim//isaac_description/Robotiq/2F-85/.thumbs/Robotiq_2F_85_flattened.thumb.usd
-- Up-to-date symlink: /home/george/ROS2/ros2_hoverboard/install/isaac_sim/share/isaac_sim//isaac_description/Robotiq/2F-85/Robotiq_2F_85_base.usd
-- Up-to-date symlink: /home/george/ROS2/ros2_hoverboard/install/isaac_sim/share/isaac_sim//isaac_description/Robotiq/2F-85/Robotiq_2F_85_config.usd
-- Up-to-date symlink: /home/george/ROS2/ros2_hoverboard/install/isaac_sim/share/isaac_sim//isaac_description/Robotiq/2F-85/Robotiq_2F_85_controller.usd
-- Up-to-date symlink: /home/george/ROS2/ros2_hoverboard/install/isaac_sim/share/isaac_sim//isaac_description/Robotiq/2F-85/Robotiq_2F_85_edit.usd
-- Up-to-date symlink: /home/george/ROS2/ros2_hoverboard/install/isaac_sim/share/isaac_sim//isaac_description/Robotiq/2F-85/Robotiq_2F_85_flattened.usd
-- Up-to-date symlink: /home/george/ROS2/ros2_hoverboard/install/isaac_sim/share/isaac_sim//isaac_description/Robotiq/2F-85/materials/materials.usd
-- Up-to-date symlink: /home/george/ROS2/ros2_hoverboard/install/isaac_sim/share/isaac_sim//isaac_description/Robotiq/2F-85/parts/Defeatured_2F_85_PAD_OPEN_Finger1step_JFT.usd
-- Up-to-date symlink: /home/george/ROS2/ros2_hoverboard/install/isaac_sim/share/isaac_sim//isaac_description/Robotiq/2F-85/parts/Defeatured_2F_85_PAD_OPEN_basestep_JFX.usd
-- Up-to-date symlink: /home/george/ROS2/ros2_hoverboard/install/isaac_sim/share/isaac_sim//isaac_description/Robotiq/2F-85/parts/Defeatured_2F_85_PAD_OPEN_finger2step_JFP.usd
-- Up-to-date symlink: /home/george/ROS2/ros2_hoverboard/install/isaac_sim/share/isaac_sim//isaac_description/Robotiq/2F-85/parts/Defeatured_2F_85_PAD_OPEN_finger3step_JFL.usd
-- Up-to-date symlink: /home/george/ROS2/ros2_hoverboard/install/isaac_sim/share/isaac_sim//isaac_description/Robotiq/2F-85/parts/Defeatured_2F_85_PAD_OPEN_finger4step_JFH.usd
-- Up-to-date symlink: /home/george/ROS2/ros2_hoverboard/install/isaac_sim/share/isaac_sim//isaac_description/Robotiq/2F-85/parts/Defeatured_2F_85_PAD_OPEN_fingertipsstep_JFD.usd
-- Up-to-date symlink: /home/george/ROS2/ros2_hoverboard/install/isaac_sim/share/isaac_sim//isaac_description/Robotiq/Hand-E/.thumbs/256x256/.Robotiq_Hand_E_base.usd.last_generated
-- Up-to-date symlink: /home/george/ROS2/ros2_hoverboard/install/isaac_sim/share/isaac_sim//isaac_description/Robotiq/Hand-E/.thumbs/256x256/.Robotiq_Hand_E_config.usd.last_generated
-- Up-to-date symlink: /home/george/ROS2/ros2_hoverboard/install/isaac_sim/share/isaac_sim//isaac_description/Robotiq/Hand-E/.thumbs/256x256/.Robotiq_Hand_E_edit.usd.last_generated
-- Up-to-date symlink: /home/george/ROS2/ros2_hoverboard/install/isaac_sim/share/isaac_sim//isaac_description/Robotiq/Hand-E/.thumbs/256x256/Robotiq_Hand_E_edit.usd.png
-- Up-to-date symlink: /home/george/ROS2/ros2_hoverboard/install/isaac_sim/share/isaac_sim//isaac_description/Robotiq/Hand-E/.thumbs/Robotiq_Hand_E_base.thumb.usd
-- Up-to-date symlink: /home/george/ROS2/ros2_hoverboard/install/isaac_sim/share/isaac_sim//isaac_description/Robotiq/Hand-E/.thumbs/Robotiq_Hand_E_config.thumb.usd
-- Up-to-date symlink: /home/george/ROS2/ros2_hoverboard/install/isaac_sim/share/isaac_sim//isaac_description/Robotiq/Hand-E/.thumbs/Robotiq_Hand_E_edit.thumb.usd
-- Up-to-date symlink: /home/george/ROS2/ros2_hoverboard/install/isaac_sim/share/isaac_sim//isaac_description/Robotiq/Hand-E/Robotiq_Hand_E_base.usd
-- Up-to-date symlink: /home/george/ROS2/ros2_hoverboard/install/isaac_sim/share/isaac_sim//isaac_description/Robotiq/Hand-E/Robotiq_Hand_E_config.usd
-- Up-to-date symlink: /home/george/ROS2/ros2_hoverboard/install/isaac_sim/share/isaac_sim//isaac_description/Robotiq/Hand-E/Robotiq_Hand_E_edit.usd
-- Up-to-date symlink: /home/george/ROS2/ros2_hoverboard/install/isaac_sim/share/isaac_sim//isaac_description/Robotiq/Hand-E/materials/materials.usd
-- Up-to-date symlink: /home/george/ROS2/ros2_hoverboard/install/isaac_sim/share/isaac_sim//isaac_description/Robotiq/Hand-E/parts/D_A03_ASM_DOIGTS_PARALLELES_1ROBOTIQ_HAND_E_DEFEATURE_JFP.usd
-- Up-to-date symlink: /home/george/ROS2/ros2_hoverboard/install/isaac_sim/share/isaac_sim//isaac_description/Robotiq/Hand-E/parts/D_A03_ASM_DOIGTS_PARALLELES_1ROBOTIQ_HAND_E_DEFEATURE_JFT.usd
-- Up-to-date symlink: /home/george/ROS2/ros2_hoverboard/install/isaac_sim/share/isaac_sim//isaac_description/Robotiq/Hand-E/parts/D_A03_ASM_DOIGTS_PARALLELES_1ROBOTIQ_HAND_E_DEFEATURE_JFX.usd
-- Up-to-date symlink: /home/george/ROS2/ros2_hoverboard/install/isaac_sim/share/isaac_sim//isaac_description/Robotiq/Hand-E/parts/D_A03_ASM_DOIGTS_PARALLELES_1ROBOTIQ_HAND_E_DEFEATURE_JFb.usd
-- Up-to-date symlink: /home/george/ROS2/ros2_hoverboard/install/isaac_sim/share/isaac_sim//isaac_description/Robotiq/Hand-E/parts/D_A03_ASM_DOIGTS_PARALLELES_1ROBOTIQ_HAND_E_DEFEATURE_JFf.usd
-- Up-to-date symlink: /home/george/ROS2/ros2_hoverboard/install/isaac_sim/share/isaac_sim//isaac_description/Robotiq/Hand-E/parts/D_A03_ASM_DOIGTS_PARALLELES_1ROBOTIQ_HAND_E_DEFEATURE_JFj.usd
-- Up-to-date symlink: /home/george/ROS2/ros2_hoverboard/install/isaac_sim/share/isaac_sim//isaac_description/Robotiq/Hand-E/parts/Group1ROBOTIQ_HAND_E_DEFEATURE_KFXB.usd
-- Up-to-date symlink: /home/george/ROS2/ros2_hoverboard/install/isaac_sim/share/isaac_sim//isaac_description/Robotiq/Hand-E/parts/Group2ROBOTIQ_HAND_E_DEFEATURE_KFTB.usd
-- Up-to-date symlink: /home/george/ROS2/ros2_hoverboard/install/isaac_sim/share/isaac_sim//isaac_description/Robotiq/Hand-E/parts/Group3ROBOTIQ_HAND_E_DEFEATURE_JF2F.usd
-- Up-to-date symlink: /home/george/ROS2/ros2_hoverboard/install/isaac_sim/share/isaac_sim//isaac_description/Robotiq/Hand-E/parts/Group3ROBOTIQ_HAND_E_DEFEATURE_JF7.usd
-- Up-to-date symlink: /home/george/ROS2/ros2_hoverboard/install/isaac_sim/share/isaac_sim//isaac_description/Robotiq/Hand-E/parts/Group3ROBOTIQ_HAND_E_DEFEATURE_KFDB.usd
-- Up-to-date symlink: /home/george/ROS2/ros2_hoverboard/install/isaac_sim/share/isaac_sim//isaac_description/Robotiq/Hand-E/parts/Group3ROBOTIQ_HAND_E_DEFEATURE_KFHB.usd
-- Up-to-date symlink: /home/george/ROS2/ros2_hoverboard/install/isaac_sim/share/isaac_sim//isaac_description/Robotiq/Hand-E/parts/Group3ROBOTIQ_HAND_E_DEFEATURE_KFLB.usd
-- Up-to-date symlink: /home/george/ROS2/ros2_hoverboard/install/isaac_sim/share/isaac_sim//isaac_description/Robotiq/Hand-E/parts/Group3ROBOTIQ_HAND_E_DEFEATURE_KFPB.usd
-- Up-to-date symlink: /home/george/ROS2/ros2_hoverboard/install/isaac_sim/share/isaac_sim//isaac_description/Robotiq/Hand-E/parts/socket_head_cap_screw_iso_robotiq_24ROBOTIQ_HAND_E_DEFEATURE_JFr.usd
-- Up-to-date symlink: /home/george/ROS2/ros2_hoverboard/install/isaac_sim/share/isaac_sim//isaac_description/Robotiq/Hand-E/parts/socket_head_cap_screw_iso_robotiq_25ROBOTIQ_HAND_E_DEFEATURE_JF3.usd
-- Up-to-date symlink: /home/george/ROS2/ros2_hoverboard/install/isaac_sim/share/isaac_sim//isaac_description/Robotiq/Hand-E/parts/socket_head_cap_screw_iso_robotiq_6ROBOTIQ_HAND_E_DEFEATURE_JFn.usd
-- Up-to-date symlink: /home/george/ROS2/ros2_hoverboard/install/isaac_sim/share/isaac_sim//isaac_description/Robotiq/Hand-E/parts/socket_head_cap_screw_iso_robotiq_7ROBOTIQ_HAND_E_DEFEATURE_JFL.usd
-- Up-to-date symlink: /home/george/ROS2/ros2_hoverboard/install/isaac_sim/share/isaac_sim//isaac_description/Robotiq/Hand-E/parts/toothed_lock_washer_metric_robotiq_10ROBOTIQ_HAND_E_DEFEATURE_JFH.usd
-- Up-to-date symlink: /home/george/ROS2/ros2_hoverboard/install/isaac_sim/share/isaac_sim//isaac_description/Robotiq/Hand-E/parts/toothed_lock_washer_metric_robotiq_11ROBOTIQ_HAND_E_DEFEATURE_JFv.usd
-- Up-to-date symlink: /home/george/ROS2/ros2_hoverboard/install/isaac_sim/share/isaac_sim//isaac_description/Robotiq/Hand-E/parts/toothed_lock_washer_metric_robotiq_12ROBOTIQ_HAND_E_DEFEATURE_JFD.usd
-- Up-to-date symlink: /home/george/ROS2/ros2_hoverboard/install/isaac_sim/share/isaac_sim//isaac_description/Robotiq/Hand-E/parts/toothed_lock_washer_metric_robotiq_13ROBOTIQ_HAND_E_DEFEATURE_JFz.usd
-- Up-to-date symlink: /home/george/ROS2/ros2_hoverboard/install/isaac_sim/share/isaac_sim//isaac_description/Robotiq/LICENSE
-- Up-to-date symlink: /home/george/ROS2/ros2_hoverboard/install/isaac_sim/share/isaac_sim//isaac_description/UR10/.thumbs/256x256/.ur10.usd.last_generated
-- Up-to-date symlink: /home/george/ROS2/ros2_hoverboard/install/isaac_sim/share/isaac_sim//isaac_description/UR10/.thumbs/256x256/.ur10_long_suction.usd.last_generated
-- Up-to-date symlink: /home/george/ROS2/ros2_hoverboard/install/isaac_sim/share/isaac_sim//isaac_description/UR10/.thumbs/256x256/.ur10_short_suction.usd.last_generated
-- Up-to-date symlink: /home/george/ROS2/ros2_hoverboard/install/isaac_sim/share/isaac_sim//isaac_description/UR10/.thumbs/256x256/.ur10e_robotiq2f-140.usd.last_generated
-- Up-to-date symlink: /home/george/ROS2/ros2_hoverboard/install/isaac_sim/share/isaac_sim//isaac_description/UR10/.thumbs/256x256/bkp_ur10.usd.png
-- Up-to-date symlink: /home/george/ROS2/ros2_hoverboard/install/isaac_sim/share/isaac_sim//isaac_description/UR10/.thumbs/256x256/ur10.usd.png
-- Up-to-date symlink: /home/george/ROS2/ros2_hoverboard/install/isaac_sim/share/isaac_sim//isaac_description/UR10/.thumbs/256x256/ur10_long_suction.usd.png
-- Up-to-date symlink: /home/george/ROS2/ros2_hoverboard/install/isaac_sim/share/isaac_sim//isaac_description/UR10/.thumbs/256x256/ur10_short_suction.usd.png
-- Up-to-date symlink: /home/george/ROS2/ros2_hoverboard/install/isaac_sim/share/isaac_sim//isaac_description/UR10/.thumbs/256x256/ur10e.usd.png
-- Up-to-date symlink: /home/george/ROS2/ros2_hoverboard/install/isaac_sim/share/isaac_sim//isaac_description/UR10/.thumbs/256x256/ur10e_ROS.usd.png
-- Up-to-date symlink: /home/george/ROS2/ros2_hoverboard/install/isaac_sim/share/isaac_sim//isaac_description/UR10/.thumbs/256x256/ur10e_robotiq2f-140.usd.png
-- Up-to-date symlink: /home/george/ROS2/ros2_hoverboard/install/isaac_sim/share/isaac_sim//isaac_description/UR10/.thumbs/256x256/ur10e_robotiq2f-140_ROS.usd.png
-- Up-to-date symlink: /home/george/ROS2/ros2_hoverboard/install/isaac_sim/share/isaac_sim//isaac_description/UR10/.thumbs/ur10.thumb.usd
-- Up-to-date symlink: /home/george/ROS2/ros2_hoverboard/install/isaac_sim/share/isaac_sim//isaac_description/UR10/.thumbs/ur10_long_suction.thumb.usd
-- Up-to-date symlink: /home/george/ROS2/ros2_hoverboard/install/isaac_sim/share/isaac_sim//isaac_description/UR10/.thumbs/ur10_short_suction.thumb.usd
-- Up-to-date symlink: /home/george/ROS2/ros2_hoverboard/install/isaac_sim/share/isaac_sim//isaac_description/UR10/.thumbs/ur10e_robotiq2f-140.thumb.usd
-- Up-to-date symlink: /home/george/ROS2/ros2_hoverboard/install/isaac_sim/share/isaac_sim//isaac_description/UR10/Props/Materials/material_library.usd
-- Up-to-date symlink: /home/george/ROS2/ros2_hoverboard/install/isaac_sim/share/isaac_sim//isaac_description/UR10/Props/long_gripper.usd
-- Up-to-date symlink: /home/george/ROS2/ros2_hoverboard/install/isaac_sim/share/isaac_sim//isaac_description/UR10/Props/short_gripper.usd
-- Up-to-date symlink: /home/george/ROS2/ros2_hoverboard/install/isaac_sim/share/isaac_sim//isaac_description/UR10/Props/ur10_base.usd
-- Up-to-date symlink: /home/george/ROS2/ros2_hoverboard/install/isaac_sim/share/isaac_sim//isaac_description/UR10/Props/ur10_elbow.usd
-- Up-to-date symlink: /home/george/ROS2/ros2_hoverboard/install/isaac_sim/share/isaac_sim//isaac_description/UR10/Props/ur10_forearm.usd
-- Up-to-date symlink: /home/george/ROS2/ros2_hoverboard/install/isaac_sim/share/isaac_sim//isaac_description/UR10/Props/ur10_shoulder.usd
-- Up-to-date symlink: /home/george/ROS2/ros2_hoverboard/install/isaac_sim/share/isaac_sim//isaac_description/UR10/Props/ur10_tool.usd
-- Up-to-date symlink: /home/george/ROS2/ros2_hoverboard/install/isaac_sim/share/isaac_sim//isaac_description/UR10/Props/ur10_upper_arm.usd
-- Up-to-date symlink: /home/george/ROS2/ros2_hoverboard/install/isaac_sim/share/isaac_sim//isaac_description/UR10/Props/ur10_wrist_1.usd
-- Up-to-date symlink: /home/george/ROS2/ros2_hoverboard/install/isaac_sim/share/isaac_sim//isaac_description/UR10/Props/ur10_wrist_2.usd
-- Up-to-date symlink: /home/george/ROS2/ros2_hoverboard/install/isaac_sim/share/isaac_sim//isaac_description/UR10/Props/ur10_wrist_3.usd
-- Up-to-date symlink: /home/george/ROS2/ros2_hoverboard/install/isaac_sim/share/isaac_sim//isaac_description/UR10/ur10.usd
-- Up-to-date symlink: /home/george/ROS2/ros2_hoverboard/install/isaac_sim/share/isaac_sim//isaac_description/UR10/ur10_long_suction.usd
-- Up-to-date symlink: /home/george/ROS2/ros2_hoverboard/install/isaac_sim/share/isaac_sim//isaac_description/UR10/ur10_short_suction.usd
-- Up-to-date symlink: /home/george/ROS2/ros2_hoverboard/install/isaac_sim/share/isaac_sim//isaac_description/UR10/ur10e.usd
-- Up-to-date symlink: /home/george/ROS2/ros2_hoverboard/install/isaac_sim/share/isaac_sim//isaac_description/UR10/ur10e_ROS.usd
-- Up-to-date symlink: /home/george/ROS2/ros2_hoverboard/install/isaac_sim/share/isaac_sim//isaac_description/UR10/ur10e_robotiq2f-140.usd
-- Up-to-date symlink: /home/george/ROS2/ros2_hoverboard/install/isaac_sim/share/isaac_sim//isaac_description/UR10/ur10e_robotiq2f-140_ROS.usd
-- Up-to-date symlink: /home/george/ROS2/ros2_hoverboard/install/isaac_sim/share/isaac_sim//isaac_description/swerveBOT.usda
-- Up-to-date symlink: /home/george/ROS2/ros2_hoverboard/install/isaac_sim/share/isaac_sim//isaac_description/swerveBOT2.usda
-- Up-to-date symlink: /home/george/ROS2/ros2_hoverboard/install/isaac_sim/share/isaac_sim//isaac_description/swerveBOT_910.usda
-- Up-to-date symlink: /home/george/ROS2/ros2_hoverboard/install/isaac_sim/share/isaac_sim//isaac_description/swerveBOT_910_UR10.usda
-- Up-to-date symlink: /home/george/ROS2/ros2_hoverboard/install/isaac_sim/share/isaac_sim//isaac_description/swerveBOT_910_UR10_ROS.usda
-- Up-to-date symlink: /home/george/ROS2/ros2_hoverboard/install/isaac_sim/share/isaac_sim//isaac_description/swerveBOT_910x1350.usda
-- Up-to-date symlink: /home/george/ROS2/ros2_hoverboard/install/isaac_sim/lib/isaac_sim/test_wheel_command
-- Up-to-date symlink: /home/george/ROS2/ros2_hoverboard/install/isaac_sim/share/ament_index/resource_index/package_run_dependencies/isaac_sim
-- Up-to-date symlink: /home/george/ROS2/ros2_hoverboard/install/isaac_sim/share/ament_index/resource_index/parent_prefix_path/isaac_sim
-- Up-to-date symlink: /home/george/ROS2/ros2_hoverboard/install/isaac_sim/share/isaac_sim/environment/ament_prefix_path.sh
-- Up-to-date symlink: /home/george/ROS2/ros2_hoverboard/install/isaac_sim/share/isaac_sim/environment/ament_prefix_path.dsv
-- Up-to-date symlink: /home/george/ROS2/ros2_hoverboard/install/isaac_sim/share/isaac_sim/environment/path.sh
-- Up-to-date symlink: /home/george/ROS2/ros2_hoverboard/install/isaac_sim/share/isaac_sim/environment/path.dsv
-- Up-to-date symlink: /home/george/ROS2/ros2_hoverboard/install/isaac_sim/share/isaac_sim/local_setup.bash
-- Up-to-date symlink: /home/george/ROS2/ros2_hoverboard/install/isaac_sim/share/isaac_sim/local_setup.sh
-- Up-to-date symlink: /home/george/ROS2/ros2_hoverboard/install/isaac_sim/share/isaac_sim/local_setup.zsh
-- Up-to-date symlink: /home/george/ROS2/ros2_hoverboard/install/isaac_sim/share/isaac_sim/local_setup.dsv
-- Symlinking: /home/george/ROS2/ros2_hoverboard/install/isaac_sim/share/isaac_sim/package.dsv
-- Up-to-date symlink: /home/george/ROS2/ros2_hoverboard/install/isaac_sim/share/ament_index/resource_index/packages/isaac_sim
-- Up-to-date symlink: /home/george/ROS2/ros2_hoverboard/install/isaac_sim/share/isaac_sim/cmake/isaac_simConfig.cmake
-- Up-to-date symlink: /home/george/ROS2/ros2_hoverboard/install/isaac_sim/share/isaac_sim/cmake/isaac_simConfig-version.cmake
-- Up-to-date symlink: /home/george/ROS2/ros2_hoverboard/install/isaac_sim/share/isaac_sim/package.xml
