-- The C compiler identification is GNU 11.4.0
-- The CXX compiler identification is GNU 11.4.0
-- Detecting C compiler ABI info
-- Detecting C compiler ABI info - done
-- Check for working C compiler: /usr/bin/cc - skipped
-- Detecting C compile features
-- Detecting C compile features - done
-- Detecting CXX compiler ABI info
-- Detecting CXX compiler ABI info - done
-- Check for working CXX compiler: /usr/bin/c++ - skipped
-- Detecting CXX compile features
-- Detecting CXX compile features - done
-- Found ament_cmake: 1.3.11 (/opt/ros/humble/share/ament_cmake/cmake)
-- Found Python3: /usr/bin/python3 (found version "3.10.12") found components: Interpreter 
-- Override CMake install command with custom implementation using symlinks instead of copying resources
-- Found controller_interface: 2.48.0 (/opt/ros/humble/share/controller_interface/cmake)
-- Found rosidl_generator_c: 3.1.6 (/opt/ros/humble/share/rosidl_generator_c/cmake)
-- Found rosidl_adapter: 3.1.6 (/opt/ros/humble/share/rosidl_adapter/cmake)
-- Found rosidl_generator_cpp: 3.1.6 (/opt/ros/humble/share/rosidl_generator_cpp/cmake)
-- Using all available rosidl_typesupport_c: rosidl_typesupport_fastrtps_c;rosidl_typesupport_introspection_c
-- Using all available rosidl_typesupport_cpp: rosidl_typesupport_fastrtps_cpp;rosidl_typesupport_introspection_cpp
-- Found rmw_implementation_cmake: 6.1.2 (/opt/ros/humble/share/rmw_implementation_cmake/cmake)
-- Found rmw_cyclonedds_cpp: 1.3.4 (/opt/ros/humble/share/rmw_cyclonedds_cpp/cmake)
-- Using RMW implementation 'rmw_cyclonedds_cpp' as default
-- Looking for pthread.h
-- Looking for pthread.h - found
-- Performing Test CMAKE_HAVE_LIBC_PTHREAD
-- Performing Test CMAKE_HAVE_LIBC_PTHREAD - Success
-- Found Threads: TRUE  
-- Found nav_msgs: 4.2.4 (/opt/ros/humble/share/nav_msgs/cmake)
-- Found realtime_tools: 2.11.0 (/opt/ros/humble/share/realtime_tools/cmake)
-- Found tf2: 0.25.12 (/opt/ros/humble/share/tf2/cmake)
-- Found tf2_msgs: 0.25.12 (/opt/ros/humble/share/tf2_msgs/cmake)
-- Found ament_lint_auto: 0.12.11 (/opt/ros/humble/share/ament_lint_auto/cmake)
-- Added test 'copyright' to check source files copyright and LICENSE
-- Added test 'cppcheck' to perform static code analysis on C / C++ code
-- Configured cppcheck include dirs: /home/george/ROS2/ros2_hoverboard/src/mobile_robot/swerve_controller/include
-- Configured cppcheck exclude dirs and/or files: 
-- Added test 'cpplint' to check C / C++ code against the Google style
-- Configured cpplint exclude dirs and/or files: 
-- Added test 'lint_cmake' to check CMake code style
-- Added test 'uncrustify' to check C / C++ code style
-- Configured uncrustify additional arguments: 
-- Added test 'xmllint' to check XML markup files
-- Configuring done
-- Generating done
-- Build files have been written to: /home/george/ROS2/ros2_hoverboard/build/swerve_controller
[ 33%] [32mBuilding CXX object CMakeFiles/swerve_controller.dir/src/swerve_controller.cpp.o[0m
[ 66%] [32mBuilding CXX object CMakeFiles/swerve_controller.dir/src/speed_limiter.cpp.o[0m
[100%] [32m[1mLinking CXX shared library libswerve_controller.so[0m
[100%] Built target swerve_controller
-- Install configuration: ""
-- Execute custom install script
-- Symlinking: /home/george/ROS2/ros2_hoverboard/install/swerve_controller/share/swerve_controller//swerve_plugin.xml
-- Symlinking: /home/george/ROS2/ros2_hoverboard/install/swerve_controller/include/swerve_controller/speed_limiter.hpp
-- Symlinking: /home/george/ROS2/ros2_hoverboard/install/swerve_controller/include/swerve_controller/swerve_controller.hpp
-- Symlinking: /home/george/ROS2/ros2_hoverboard/install/swerve_controller/include/swerve_controller/visibility_control.h
-- Symlinking: /home/george/ROS2/ros2_hoverboard/install/swerve_controller/lib/libswerve_controller.so
-- Symlinking: /home/george/ROS2/ros2_hoverboard/install/swerve_controller/share/ament_index/resource_index/package_run_dependencies/swerve_controller
-- Symlinking: /home/george/ROS2/ros2_hoverboard/install/swerve_controller/share/ament_index/resource_index/parent_prefix_path/swerve_controller
-- Symlinking: /home/george/ROS2/ros2_hoverboard/install/swerve_controller/share/swerve_controller/environment/ament_prefix_path.sh
-- Symlinking: /home/george/ROS2/ros2_hoverboard/install/swerve_controller/share/swerve_controller/environment/ament_prefix_path.dsv
-- Symlinking: /home/george/ROS2/ros2_hoverboard/install/swerve_controller/share/swerve_controller/environment/path.sh
-- Symlinking: /home/george/ROS2/ros2_hoverboard/install/swerve_controller/share/swerve_controller/environment/path.dsv
-- Symlinking: /home/george/ROS2/ros2_hoverboard/install/swerve_controller/share/swerve_controller/local_setup.bash
-- Symlinking: /home/george/ROS2/ros2_hoverboard/install/swerve_controller/share/swerve_controller/local_setup.sh
-- Symlinking: /home/george/ROS2/ros2_hoverboard/install/swerve_controller/share/swerve_controller/local_setup.zsh
-- Symlinking: /home/george/ROS2/ros2_hoverboard/install/swerve_controller/share/swerve_controller/local_setup.dsv
-- Symlinking: /home/george/ROS2/ros2_hoverboard/install/swerve_controller/share/swerve_controller/package.dsv
-- Symlinking: /home/george/ROS2/ros2_hoverboard/install/swerve_controller/share/ament_index/resource_index/packages/swerve_controller
-- Symlinking: /home/george/ROS2/ros2_hoverboard/install/swerve_controller/share/ament_index/resource_index/controller_interface__pluginlib__plugin/swerve_controller
-- Symlinking: /home/george/ROS2/ros2_hoverboard/install/swerve_controller/share/swerve_controller/cmake/swerve_controllerConfig.cmake
-- Symlinking: /home/george/ROS2/ros2_hoverboard/install/swerve_controller/share/swerve_controller/cmake/swerve_controllerConfig-version.cmake
-- Symlinking: /home/george/ROS2/ros2_hoverboard/install/swerve_controller/share/swerve_controller/package.xml
