[0.027s] Invoking command in '/home/george/ROS2/ros2_hoverboard/build/swerve_controller': CMAKE_PREFIX_PATH=${CMAKE_PREFIX_PATH}:/opt/ros/humble /usr/bin/cmake /home/george/ROS2/ros2_hoverboard/src/mobile_robot/swerve_controller -DAMENT_CMAKE_SYMLINK_INSTALL=1 -DCMAKE_INSTALL_PREFIX=/home/george/ROS2/ros2_hoverboard/install/swerve_controller
[0.098s] -- The C compiler identification is GNU 11.4.0
[0.159s] -- The CXX compiler identification is GNU 11.4.0
[0.167s] -- Detecting C compiler ABI info
[0.249s] -- Detecting C compiler ABI info - done
[0.263s] -- Check for working C compiler: /usr/bin/cc - skipped
[0.263s] -- Detecting C compile features
[0.265s] -- Detecting C compile features - done
[0.267s] -- Detecting CXX compiler ABI info
[0.355s] -- Detecting CXX compiler ABI info - done
[0.368s] -- Check for working CXX compiler: /usr/bin/c++ - skipped
[0.368s] -- Detecting CXX compile features
[0.369s] -- Detecting CXX compile features - done
[0.375s] -- Found ament_cmake: 1.3.11 (/opt/ros/humble/share/ament_cmake/cmake)
[0.758s] -- Found Python3: /usr/bin/python3 (found version "3.10.12") found components: Interpreter 
[0.829s] -- Override CMake install command with custom implementation using symlinks instead of copying resources
[0.875s] -- Found controller_interface: 2.48.0 (/opt/ros/humble/share/controller_interface/cmake)
[0.926s] -- Found rosidl_generator_c: 3.1.6 (/opt/ros/humble/share/rosidl_generator_c/cmake)
[0.931s] -- Found rosidl_adapter: 3.1.6 (/opt/ros/humble/share/rosidl_adapter/cmake)
[0.941s] -- Found rosidl_generator_cpp: 3.1.6 (/opt/ros/humble/share/rosidl_generator_cpp/cmake)
[0.955s] -- Using all available rosidl_typesupport_c: rosidl_typesupport_fastrtps_c;rosidl_typesupport_introspection_c
[0.973s] -- Using all available rosidl_typesupport_cpp: rosidl_typesupport_fastrtps_cpp;rosidl_typesupport_introspection_cpp
[1.204s] -- Found rmw_implementation_cmake: 6.1.2 (/opt/ros/humble/share/rmw_implementation_cmake/cmake)
[1.208s] -- Found rmw_cyclonedds_cpp: 1.3.4 (/opt/ros/humble/share/rmw_cyclonedds_cpp/cmake)
[1.233s] -- Using RMW implementation 'rmw_cyclonedds_cpp' as default
[1.244s] -- Looking for pthread.h
[1.322s] -- Looking for pthread.h - found
[1.322s] -- Performing Test CMAKE_HAVE_LIBC_PTHREAD
[1.402s] -- Performing Test CMAKE_HAVE_LIBC_PTHREAD - Success
[1.409s] -- Found Threads: TRUE  
[1.467s] -- Found nav_msgs: 4.2.4 (/opt/ros/humble/share/nav_msgs/cmake)
[1.485s] -- Found realtime_tools: 2.11.0 (/opt/ros/humble/share/realtime_tools/cmake)
[1.504s] -- Found tf2: 0.25.12 (/opt/ros/humble/share/tf2/cmake)
[1.509s] -- Found tf2_msgs: 0.25.12 (/opt/ros/humble/share/tf2_msgs/cmake)
[1.581s] -- Found ament_lint_auto: 0.12.11 (/opt/ros/humble/share/ament_lint_auto/cmake)
[1.785s] -- Added test 'copyright' to check source files copyright and LICENSE
[1.787s] -- Added test 'cppcheck' to perform static code analysis on C / C++ code
[1.787s] -- Configured cppcheck include dirs: /home/george/ROS2/ros2_hoverboard/src/mobile_robot/swerve_controller/include
[1.787s] -- Configured cppcheck exclude dirs and/or files: 
[1.793s] -- Added test 'cpplint' to check C / C++ code against the Google style
[1.793s] -- Configured cpplint exclude dirs and/or files: 
[1.794s] -- Added test 'lint_cmake' to check CMake code style
[1.798s] -- Added test 'uncrustify' to check C / C++ code style
[1.798s] -- Configured uncrustify additional arguments: 
[1.799s] -- Added test 'xmllint' to check XML markup files
[1.804s] -- Configuring done
[1.888s] -- Generating done
[1.895s] -- Build files have been written to: /home/george/ROS2/ros2_hoverboard/build/swerve_controller
[1.919s] Invoked command in '/home/george/ROS2/ros2_hoverboard/build/swerve_controller' returned '0': CMAKE_PREFIX_PATH=${CMAKE_PREFIX_PATH}:/opt/ros/humble /usr/bin/cmake /home/george/ROS2/ros2_hoverboard/src/mobile_robot/swerve_controller -DAMENT_CMAKE_SYMLINK_INSTALL=1 -DCMAKE_INSTALL_PREFIX=/home/george/ROS2/ros2_hoverboard/install/swerve_controller
[1.925s] Invoking command in '/home/george/ROS2/ros2_hoverboard/build/swerve_controller': CMAKE_PREFIX_PATH=${CMAKE_PREFIX_PATH}:/opt/ros/humble /usr/bin/cmake --build /home/george/ROS2/ros2_hoverboard/build/swerve_controller -- -j6 -l6
[2.038s] [ 33%] [32mBuilding CXX object CMakeFiles/swerve_controller.dir/src/swerve_controller.cpp.o[0m
[2.045s] [ 66%] [32mBuilding CXX object CMakeFiles/swerve_controller.dir/src/speed_limiter.cpp.o[0m
[18.950s] [100%] [32m[1mLinking CXX shared library libswerve_controller.so[0m
[20.109s] [100%] Built target swerve_controller
[20.127s] Invoked command in '/home/george/ROS2/ros2_hoverboard/build/swerve_controller' returned '0': CMAKE_PREFIX_PATH=${CMAKE_PREFIX_PATH}:/opt/ros/humble /usr/bin/cmake --build /home/george/ROS2/ros2_hoverboard/build/swerve_controller -- -j6 -l6
[20.129s] Invoking command in '/home/george/ROS2/ros2_hoverboard/build/swerve_controller': CMAKE_PREFIX_PATH=${CMAKE_PREFIX_PATH}:/opt/ros/humble /usr/bin/cmake --install /home/george/ROS2/ros2_hoverboard/build/swerve_controller
[20.137s] -- Install configuration: ""
[20.138s] -- Execute custom install script
[20.138s] -- Symlinking: /home/george/ROS2/ros2_hoverboard/install/swerve_controller/share/swerve_controller//swerve_plugin.xml
[20.149s] -- Symlinking: /home/george/ROS2/ros2_hoverboard/install/swerve_controller/include/swerve_controller/speed_limiter.hpp
[20.159s] -- Symlinking: /home/george/ROS2/ros2_hoverboard/install/swerve_controller/include/swerve_controller/swerve_controller.hpp
[20.169s] -- Symlinking: /home/george/ROS2/ros2_hoverboard/install/swerve_controller/include/swerve_controller/visibility_control.h
[20.179s] -- Symlinking: /home/george/ROS2/ros2_hoverboard/install/swerve_controller/lib/libswerve_controller.so
[20.188s] -- Symlinking: /home/george/ROS2/ros2_hoverboard/install/swerve_controller/share/ament_index/resource_index/package_run_dependencies/swerve_controller
[20.199s] -- Symlinking: /home/george/ROS2/ros2_hoverboard/install/swerve_controller/share/ament_index/resource_index/parent_prefix_path/swerve_controller
[20.207s] -- Symlinking: /home/george/ROS2/ros2_hoverboard/install/swerve_controller/share/swerve_controller/environment/ament_prefix_path.sh
[20.217s] -- Symlinking: /home/george/ROS2/ros2_hoverboard/install/swerve_controller/share/swerve_controller/environment/ament_prefix_path.dsv
[20.227s] -- Symlinking: /home/george/ROS2/ros2_hoverboard/install/swerve_controller/share/swerve_controller/environment/path.sh
[20.237s] -- Symlinking: /home/george/ROS2/ros2_hoverboard/install/swerve_controller/share/swerve_controller/environment/path.dsv
[20.247s] -- Symlinking: /home/george/ROS2/ros2_hoverboard/install/swerve_controller/share/swerve_controller/local_setup.bash
[20.256s] -- Symlinking: /home/george/ROS2/ros2_hoverboard/install/swerve_controller/share/swerve_controller/local_setup.sh
[20.266s] -- Symlinking: /home/george/ROS2/ros2_hoverboard/install/swerve_controller/share/swerve_controller/local_setup.zsh
[20.274s] -- Symlinking: /home/george/ROS2/ros2_hoverboard/install/swerve_controller/share/swerve_controller/local_setup.dsv
[20.285s] -- Symlinking: /home/george/ROS2/ros2_hoverboard/install/swerve_controller/share/swerve_controller/package.dsv
[20.296s] -- Symlinking: /home/george/ROS2/ros2_hoverboard/install/swerve_controller/share/ament_index/resource_index/packages/swerve_controller
[20.306s] -- Symlinking: /home/george/ROS2/ros2_hoverboard/install/swerve_controller/share/ament_index/resource_index/controller_interface__pluginlib__plugin/swerve_controller
[20.315s] -- Symlinking: /home/george/ROS2/ros2_hoverboard/install/swerve_controller/share/swerve_controller/cmake/swerve_controllerConfig.cmake
[20.325s] -- Symlinking: /home/george/ROS2/ros2_hoverboard/install/swerve_controller/share/swerve_controller/cmake/swerve_controllerConfig-version.cmake
[20.335s] -- Symlinking: /home/george/ROS2/ros2_hoverboard/install/swerve_controller/share/swerve_controller/package.xml
[20.348s] Invoked command in '/home/george/ROS2/ros2_hoverboard/build/swerve_controller' returned '0': CMAKE_PREFIX_PATH=${CMAKE_PREFIX_PATH}:/opt/ros/humble /usr/bin/cmake --install /home/george/ROS2/ros2_hoverboard/build/swerve_controller
