[0.056s] Invoking command in '/home/george/ROS2/ros2_hoverboard/build/swerve_controller': CMAKE_PREFIX_PATH=${CMAKE_PREFIX_PATH}:/opt/ros/humble /usr/bin/cmake --build /home/george/ROS2/ros2_hoverboard/build/swerve_controller -- -j6 -l6
[0.134s] [100%] Built target swerve_controller
[0.155s] Invoked command in '/home/george/ROS2/ros2_hoverboard/build/swerve_controller' returned '0': CMAKE_PREFIX_PATH=${CMAKE_PREFIX_PATH}:/opt/ros/humble /usr/bin/cmake --build /home/george/ROS2/ros2_hoverboard/build/swerve_controller -- -j6 -l6
[0.155s] Invoking command in '/home/george/ROS2/ros2_hoverboard/build/swerve_controller': CMAKE_PREFIX_PATH=${CMAKE_PREFIX_PATH}:/opt/ros/humble /usr/bin/cmake --install /home/george/ROS2/ros2_hoverboard/build/swerve_controller
[0.176s] -- Install configuration: ""
[0.179s] -- Execute custom install script
[0.179s] -- Up-to-date symlink: /home/george/ROS2/ros2_hoverboard/install/swerve_controller/share/swerve_controller//swerve_plugin.xml
[0.179s] -- Up-to-date symlink: /home/george/ROS2/ros2_hoverboard/install/swerve_controller/include/swerve_controller/speed_limiter.hpp
[0.179s] -- Up-to-date symlink: /home/george/ROS2/ros2_hoverboard/install/swerve_controller/include/swerve_controller/swerve_controller.hpp
[0.179s] -- Up-to-date symlink: /home/george/ROS2/ros2_hoverboard/install/swerve_controller/include/swerve_controller/visibility_control.h
[0.180s] -- Up-to-date symlink: /home/george/ROS2/ros2_hoverboard/install/swerve_controller/lib/libswerve_controller.so
[0.181s] -- Up-to-date symlink: /home/george/ROS2/ros2_hoverboard/install/swerve_controller/share/ament_index/resource_index/package_run_dependencies/swerve_controller
[0.183s] -- Up-to-date symlink: /home/george/ROS2/ros2_hoverboard/install/swerve_controller/share/ament_index/resource_index/parent_prefix_path/swerve_controller
[0.183s] -- Up-to-date symlink: /home/george/ROS2/ros2_hoverboard/install/swerve_controller/share/swerve_controller/environment/ament_prefix_path.sh
[0.183s] -- Up-to-date symlink: /home/george/ROS2/ros2_hoverboard/install/swerve_controller/share/swerve_controller/environment/ament_prefix_path.dsv
[0.183s] -- Up-to-date symlink: /home/george/ROS2/ros2_hoverboard/install/swerve_controller/share/swerve_controller/environment/path.sh
[0.184s] -- Up-to-date symlink: /home/george/ROS2/ros2_hoverboard/install/swerve_controller/share/swerve_controller/environment/path.dsv
[0.184s] -- Up-to-date symlink: /home/george/ROS2/ros2_hoverboard/install/swerve_controller/share/swerve_controller/local_setup.bash
[0.187s] -- Up-to-date symlink: /home/george/ROS2/ros2_hoverboard/install/swerve_controller/share/swerve_controller/local_setup.sh
[0.188s] -- Up-to-date symlink: /home/george/ROS2/ros2_hoverboard/install/swerve_controller/share/swerve_controller/local_setup.zsh
[0.188s] -- Up-to-date symlink: /home/george/ROS2/ros2_hoverboard/install/swerve_controller/share/swerve_controller/local_setup.dsv
[0.188s] -- Symlinking: /home/george/ROS2/ros2_hoverboard/install/swerve_controller/share/swerve_controller/package.dsv
[0.221s] -- Up-to-date symlink: /home/george/ROS2/ros2_hoverboard/install/swerve_controller/share/ament_index/resource_index/packages/swerve_controller
[0.221s] -- Up-to-date symlink: /home/george/ROS2/ros2_hoverboard/install/swerve_controller/share/ament_index/resource_index/controller_interface__pluginlib__plugin/swerve_controller
[0.226s] -- Up-to-date symlink: /home/george/ROS2/ros2_hoverboard/install/swerve_controller/share/swerve_controller/cmake/swerve_controllerConfig.cmake
[0.226s] -- Up-to-date symlink: /home/george/ROS2/ros2_hoverboard/install/swerve_controller/share/swerve_controller/cmake/swerve_controllerConfig-version.cmake
[0.226s] -- Up-to-date symlink: /home/george/ROS2/ros2_hoverboard/install/swerve_controller/share/swerve_controller/package.xml
[0.278s] Invoked command in '/home/george/ROS2/ros2_hoverboard/build/swerve_controller' returned '0': CMAKE_PREFIX_PATH=${CMAKE_PREFIX_PATH}:/opt/ros/humble /usr/bin/cmake --install /home/george/ROS2/ros2_hoverboard/build/swerve_controller
