-- The C compiler identification is GNU 11.4.0
-- The CXX compiler identification is GNU 11.4.0
-- Detecting C compiler ABI info
-- Detecting C compiler ABI info - done
-- Check for working C compiler: /usr/bin/cc - skipped
-- Detecting C compile features
-- Detecting C compile features - done
-- Detecting CXX compiler ABI info
-- Detecting CXX compiler ABI info - done
-- Check for working CXX compiler: /usr/bin/c++ - skipped
-- Detecting CXX compile features
-- Detecting CXX compile features - done
-- Found ament_cmake: 1.3.11 (/opt/ros/humble/share/ament_cmake/cmake)
-- Found Python3: /usr/bin/python3 (found version "3.10.12") found components: Interpreter 
-- Override CMake install command with custom implementation using symlinks instead of copying resources
-- Found rclcpp: 16.0.11 (/opt/ros/humble/share/rclcpp/cmake)
-- Found rosidl_generator_c: 3.1.6 (/opt/ros/humble/share/rosidl_generator_c/cmake)
-- Found rosidl_adapter: 3.1.6 (/opt/ros/humble/share/rosidl_adapter/cmake)
-- Found rosidl_generator_cpp: 3.1.6 (/opt/ros/humble/share/rosidl_generator_cpp/cmake)
-- Using all available rosidl_typesupport_c: rosidl_typesupport_fastrtps_c;rosidl_typesupport_introspection_c
-- Using all available rosidl_typesupport_cpp: rosidl_typesupport_fastrtps_cpp;rosidl_typesupport_introspection_cpp
-- Found rmw_implementation_cmake: 6.1.2 (/opt/ros/humble/share/rmw_implementation_cmake/cmake)
-- Found rmw_cyclonedds_cpp: 1.3.4 (/opt/ros/humble/share/rmw_cyclonedds_cpp/cmake)
-- Using RMW implementation 'rmw_cyclonedds_cpp' as default
-- Looking for pthread.h
-- Looking for pthread.h - found
-- Performing Test CMAKE_HAVE_LIBC_PTHREAD
-- Performing Test CMAKE_HAVE_LIBC_PTHREAD - Success
-- Found Threads: TRUE  
-- Found rclpy: 3.3.15 (/opt/ros/humble/share/rclpy/cmake)
-- Found sensor_msgs: 4.2.4 (/opt/ros/humble/share/sensor_msgs/cmake)
-- Found xacro: 2.0.8 (/opt/ros/humble/share/xacro/cmake)
-- Found controller_manager: 2.48.0 (/opt/ros/humble/share/controller_manager/cmake)
-- Found ros2_control: 2.48.0 (/opt/ros/humble/share/ros2_control/cmake)
-- Found joint_state_broadcaster: 2.41.0 (/opt/ros/humble/share/joint_state_broadcaster/cmake)
-- Found twist_mux: 4.4.0 (/home/george/ROS2/ros2_hoverboard/install/twist_mux/share/twist_mux/cmake)
-- Found diff_drive_controller: 2.41.0 (/opt/ros/humble/share/diff_drive_controller/cmake)
-- Found topic_based_ros2_control: 0.2.0 (/home/george/ROS2/ros2_hoverboard/install/topic_based_ros2_control/share/topic_based_ros2_control/cmake)
-- Found ackermann_steering_controller: 2.41.0 (/opt/ros/humble/share/ackermann_steering_controller/cmake)
-- Found eigen3_cmake_module: 0.1.1 (/opt/ros/humble/share/eigen3_cmake_module/cmake)
-- Found Eigen3: TRUE (found version "3.4.0") 
-- Ensuring Eigen3 include directory is part of orocos-kdl CMake target
-- Found bringup_mobile: 0.0.1 (/home/george/ROS2/ros2_hoverboard/install/bringup_mobile/share/bringup_mobile/cmake)
-- Found description_mobile: 0.0.0 (/home/george/ROS2/ros2_hoverboard/install/description_mobile/share/description_mobile/cmake)
-- Found mm_moveit_config: 2.5.2 (/home/george/ROS2/ros2_hoverboard/install/mm_moveit_config/share/mm_moveit_config/cmake)
-- Found description: 0.0.0 (/home/george/ROS2/ros2_hoverboard/install/description/share/description/cmake)
-- Found swerve_controller: 0.0.0 (/home/george/ROS2/ros2_hoverboard/install/swerve_controller/share/swerve_controller/cmake)
-- Found joint_trajectory_controller: 2.41.0 (/opt/ros/humble/share/joint_trajectory_controller/cmake)
-- Found ament_lint_auto: 0.12.11 (/opt/ros/humble/share/ament_lint_auto/cmake)
-- Added test 'copyright' to check source files copyright and LICENSE
-- Added test 'flake8' to check Python code syntax and style conventions
-- Added test 'lint_cmake' to check CMake code style
-- Added test 'pep257' to check Python code against some of the docstring style conventions in PEP 257
-- Added test 'xmllint' to check XML markup files
-- Configuring done
-- Generating done
-- Build files have been written to: /home/george/ROS2/ros2_hoverboard/build/bringup
-- Install configuration: ""
-- Execute custom install script
-- Symlinking: /home/george/ROS2/ros2_hoverboard/install/bringup/share/bringup/config/robot_sim_controllers.yaml
-- Symlinking: /home/george/ROS2/ros2_hoverboard/install/bringup/share/bringup/config/view.rviz
-- Symlinking: /home/george/ROS2/ros2_hoverboard/install/bringup/share/bringup/launch/control_Layer_sim.launch.py
-- Symlinking: /home/george/ROS2/ros2_hoverboard/install/bringup/share/bringup/launch/mobile_manipulator_sim.launch.py
-- Symlinking: /home/george/ROS2/ros2_hoverboard/install/bringup/share/bringup/scripts/parseRviz.py
-- Symlinking: /home/george/ROS2/ros2_hoverboard/install/bringup/share/bringup/scripts/scan_filter.py
-- Symlinking: /home/george/ROS2/ros2_hoverboard/install/bringup/share/ament_index/resource_index/package_run_dependencies/bringup
-- Symlinking: /home/george/ROS2/ros2_hoverboard/install/bringup/share/ament_index/resource_index/parent_prefix_path/bringup
-- Symlinking: /home/george/ROS2/ros2_hoverboard/install/bringup/share/bringup/environment/ament_prefix_path.sh
-- Symlinking: /home/george/ROS2/ros2_hoverboard/install/bringup/share/bringup/environment/ament_prefix_path.dsv
-- Symlinking: /home/george/ROS2/ros2_hoverboard/install/bringup/share/bringup/environment/path.sh
-- Symlinking: /home/george/ROS2/ros2_hoverboard/install/bringup/share/bringup/environment/path.dsv
-- Symlinking: /home/george/ROS2/ros2_hoverboard/install/bringup/share/bringup/local_setup.bash
-- Symlinking: /home/george/ROS2/ros2_hoverboard/install/bringup/share/bringup/local_setup.sh
-- Symlinking: /home/george/ROS2/ros2_hoverboard/install/bringup/share/bringup/local_setup.zsh
-- Symlinking: /home/george/ROS2/ros2_hoverboard/install/bringup/share/bringup/local_setup.dsv
-- Symlinking: /home/george/ROS2/ros2_hoverboard/install/bringup/share/bringup/package.dsv
-- Symlinking: /home/george/ROS2/ros2_hoverboard/install/bringup/share/ament_index/resource_index/packages/bringup
-- Symlinking: /home/george/ROS2/ros2_hoverboard/install/bringup/share/bringup/cmake/bringupConfig.cmake
-- Symlinking: /home/george/ROS2/ros2_hoverboard/install/bringup/share/bringup/cmake/bringupConfig-version.cmake
-- Symlinking: /home/george/ROS2/ros2_hoverboard/install/bringup/share/bringup/package.xml
