[0.017s] Invoking command in '/home/george/ROS2/ros2_hoverboard/build/bringup': CMAKE_PREFIX_PATH=/home/george/ROS2/ros2_hoverboard/install/mm_moveit_config:/home/george/ROS2/ros2_hoverboard/install/bringup_mobile:/home/george/ROS2/ros2_hoverboard/install/ur_description:/home/george/ROS2/ros2_hoverboard/install/twist_mux:/home/george/ROS2/ros2_hoverboard/install/topic_based_ros2_control:/home/george/ROS2/ros2_hoverboard/install/swerve_controller:/home/george/ROS2/ros2_hoverboard/install/description_mobile:/home/george/ROS2/ros2_hoverboard/install/description:/home/george/ROS2/ros2_hoverboard/install/ros_components_description:/home/george/ROS2/ros2_hoverboard/install/bringup:/home/george/ROS2/ros2_hoverboard/install/rplidar_ros2:/home/george/ROS2/ros2_hoverboard/install/nav2:/home/george/ROS2/ros2_hoverboard/install/isaac_sim:/home/george/ROS2/ws_rmw_zenoh/install/rmw_zenoh_cpp:/home/george/ROS2/ws_rmw_zenoh/install/zenoh_cpp_vendor:/opt/ros/humble LD_LIBRARY_PATH=/home/george/ROS2/ros2_hoverboard/install/topic_based_ros2_control/lib:/home/george/ROS2/ros2_hoverboard/install/swerve_controller/lib:/usr/local/cuda-12.6/lib64:/home/george/ROS2/ros2_hoverboard/install/rplidar_ros2/lib:/home/george/ROS2/ws_rmw_zenoh/install/rmw_zenoh_cpp/lib:/home/george/ROS2/ws_rmw_zenoh/install/zenoh_cpp_vendor/opt/zenoh_cpp_vendor/lib:/usr/lib/x86_64-linux-gnu/gazebo-11/plugins:/opt/ros/humble/opt/rviz_ogre_vendor/lib:/opt/ros/humble/lib/x86_64-linux-gnu:/opt/ros/humble/lib /usr/bin/cmake /home/george/ROS2/ros2_hoverboard/src/mobile_manipulator/bringup -DAMENT_CMAKE_SYMLINK_INSTALL=1 -DCMAKE_INSTALL_PREFIX=/home/george/ROS2/ros2_hoverboard/install/bringup
[0.068s] -- The C compiler identification is GNU 11.4.0
[0.120s] -- The CXX compiler identification is GNU 11.4.0
[0.127s] -- Detecting C compiler ABI info
[0.192s] -- Detecting C compiler ABI info - done
[0.199s] -- Check for working C compiler: /usr/bin/cc - skipped
[0.199s] -- Detecting C compile features
[0.199s] -- Detecting C compile features - done
[0.202s] -- Detecting CXX compiler ABI info
[0.285s] -- Detecting CXX compiler ABI info - done
[0.294s] -- Check for working CXX compiler: /usr/bin/c++ - skipped
[0.294s] -- Detecting CXX compile features
[0.295s] -- Detecting CXX compile features - done
[0.300s] -- Found ament_cmake: 1.3.11 (/opt/ros/humble/share/ament_cmake/cmake)
[0.646s] -- Found Python3: /usr/bin/python3 (found version "3.10.12") found components: Interpreter 
[0.707s] -- Override CMake install command with custom implementation using symlinks instead of copying resources
[0.757s] -- Found rclcpp: 16.0.11 (/opt/ros/humble/share/rclcpp/cmake)
[0.816s] -- Found rosidl_generator_c: 3.1.6 (/opt/ros/humble/share/rosidl_generator_c/cmake)
[0.824s] -- Found rosidl_adapter: 3.1.6 (/opt/ros/humble/share/rosidl_adapter/cmake)
[0.836s] -- Found rosidl_generator_cpp: 3.1.6 (/opt/ros/humble/share/rosidl_generator_cpp/cmake)
[0.851s] -- Using all available rosidl_typesupport_c: rosidl_typesupport_fastrtps_c;rosidl_typesupport_introspection_c
[0.872s] -- Using all available rosidl_typesupport_cpp: rosidl_typesupport_fastrtps_cpp;rosidl_typesupport_introspection_cpp
[0.931s] -- Found rmw_implementation_cmake: 6.1.2 (/opt/ros/humble/share/rmw_implementation_cmake/cmake)
[0.936s] -- Found rmw_cyclonedds_cpp: 1.3.4 (/opt/ros/humble/share/rmw_cyclonedds_cpp/cmake)
[0.966s] -- Using RMW implementation 'rmw_cyclonedds_cpp' as default
[0.979s] -- Looking for pthread.h
[1.047s] -- Looking for pthread.h - found
[1.048s] -- Performing Test CMAKE_HAVE_LIBC_PTHREAD
[1.118s] -- Performing Test CMAKE_HAVE_LIBC_PTHREAD - Success
[1.118s] -- Found Threads: TRUE  
[1.177s] -- Found rclpy: 3.3.15 (/opt/ros/humble/share/rclpy/cmake)
[1.180s] -- Found sensor_msgs: 4.2.4 (/opt/ros/humble/share/sensor_msgs/cmake)
[1.214s] -- Found xacro: 2.0.8 (/opt/ros/humble/share/xacro/cmake)
[1.217s] -- Found controller_manager: 2.48.0 (/opt/ros/humble/share/controller_manager/cmake)
[1.410s] -- Found ros2_control: 2.48.0 (/opt/ros/humble/share/ros2_control/cmake)
[1.413s] -- Found joint_state_broadcaster: 2.41.0 (/opt/ros/humble/share/joint_state_broadcaster/cmake)
[1.456s] -- Found twist_mux: 4.4.0 (/home/george/ROS2/ros2_hoverboard/install/twist_mux/share/twist_mux/cmake)
[1.506s] -- Found diff_drive_controller: 2.41.0 (/opt/ros/humble/share/diff_drive_controller/cmake)
[1.566s] -- Found topic_based_ros2_control: 0.2.0 (/home/george/ROS2/ros2_hoverboard/install/topic_based_ros2_control/share/topic_based_ros2_control/cmake)
[1.577s] -- Found ackermann_steering_controller: 2.41.0 (/opt/ros/humble/share/ackermann_steering_controller/cmake)
[1.633s] -- Found eigen3_cmake_module: 0.1.1 (/opt/ros/humble/share/eigen3_cmake_module/cmake)
[1.634s] -- Found Eigen3: TRUE (found version "3.4.0") 
[1.635s] -- Ensuring Eigen3 include directory is part of orocos-kdl CMake target
[1.693s] -- Found bringup_mobile: 0.0.1 (/home/george/ROS2/ros2_hoverboard/install/bringup_mobile/share/bringup_mobile/cmake)
[1.694s] -- Found description_mobile: 0.0.0 (/home/george/ROS2/ros2_hoverboard/install/description_mobile/share/description_mobile/cmake)
[1.694s] -- Found mm_moveit_config: 2.5.2 (/home/george/ROS2/ros2_hoverboard/install/mm_moveit_config/share/mm_moveit_config/cmake)
[1.695s] -- Found description: 0.0.0 (/home/george/ROS2/ros2_hoverboard/install/description/share/description/cmake)
[1.696s] -- Found swerve_controller: 0.0.0 (/home/george/ROS2/ros2_hoverboard/install/swerve_controller/share/swerve_controller/cmake)
[1.699s] -- Found joint_trajectory_controller: 2.41.0 (/opt/ros/humble/share/joint_trajectory_controller/cmake)
[1.737s] -- Found ament_lint_auto: 0.12.11 (/opt/ros/humble/share/ament_lint_auto/cmake)
[1.849s] -- Added test 'copyright' to check source files copyright and LICENSE
[1.852s] -- Added test 'flake8' to check Python code syntax and style conventions
[1.853s] -- Added test 'lint_cmake' to check CMake code style
[1.853s] -- Added test 'pep257' to check Python code against some of the docstring style conventions in PEP 257
[1.855s] -- Added test 'xmllint' to check XML markup files
[1.857s] -- Configuring done
[1.863s] -- Generating done
[1.865s] -- Build files have been written to: /home/george/ROS2/ros2_hoverboard/build/bringup
[1.876s] Invoked command in '/home/george/ROS2/ros2_hoverboard/build/bringup' returned '0': CMAKE_PREFIX_PATH=/home/george/ROS2/ros2_hoverboard/install/mm_moveit_config:/home/george/ROS2/ros2_hoverboard/install/bringup_mobile:/home/george/ROS2/ros2_hoverboard/install/ur_description:/home/george/ROS2/ros2_hoverboard/install/twist_mux:/home/george/ROS2/ros2_hoverboard/install/topic_based_ros2_control:/home/george/ROS2/ros2_hoverboard/install/swerve_controller:/home/george/ROS2/ros2_hoverboard/install/description_mobile:/home/george/ROS2/ros2_hoverboard/install/description:/home/george/ROS2/ros2_hoverboard/install/ros_components_description:/home/george/ROS2/ros2_hoverboard/install/bringup:/home/george/ROS2/ros2_hoverboard/install/rplidar_ros2:/home/george/ROS2/ros2_hoverboard/install/nav2:/home/george/ROS2/ros2_hoverboard/install/isaac_sim:/home/george/ROS2/ws_rmw_zenoh/install/rmw_zenoh_cpp:/home/george/ROS2/ws_rmw_zenoh/install/zenoh_cpp_vendor:/opt/ros/humble LD_LIBRARY_PATH=/home/george/ROS2/ros2_hoverboard/install/topic_based_ros2_control/lib:/home/george/ROS2/ros2_hoverboard/install/swerve_controller/lib:/usr/local/cuda-12.6/lib64:/home/george/ROS2/ros2_hoverboard/install/rplidar_ros2/lib:/home/george/ROS2/ws_rmw_zenoh/install/rmw_zenoh_cpp/lib:/home/george/ROS2/ws_rmw_zenoh/install/zenoh_cpp_vendor/opt/zenoh_cpp_vendor/lib:/usr/lib/x86_64-linux-gnu/gazebo-11/plugins:/opt/ros/humble/opt/rviz_ogre_vendor/lib:/opt/ros/humble/lib/x86_64-linux-gnu:/opt/ros/humble/lib /usr/bin/cmake /home/george/ROS2/ros2_hoverboard/src/mobile_manipulator/bringup -DAMENT_CMAKE_SYMLINK_INSTALL=1 -DCMAKE_INSTALL_PREFIX=/home/george/ROS2/ros2_hoverboard/install/bringup
[1.877s] Invoking command in '/home/george/ROS2/ros2_hoverboard/build/bringup': CMAKE_PREFIX_PATH=/home/george/ROS2/ros2_hoverboard/install/mm_moveit_config:/home/george/ROS2/ros2_hoverboard/install/bringup_mobile:/home/george/ROS2/ros2_hoverboard/install/ur_description:/home/george/ROS2/ros2_hoverboard/install/twist_mux:/home/george/ROS2/ros2_hoverboard/install/topic_based_ros2_control:/home/george/ROS2/ros2_hoverboard/install/swerve_controller:/home/george/ROS2/ros2_hoverboard/install/description_mobile:/home/george/ROS2/ros2_hoverboard/install/description:/home/george/ROS2/ros2_hoverboard/install/ros_components_description:/home/george/ROS2/ros2_hoverboard/install/bringup:/home/george/ROS2/ros2_hoverboard/install/rplidar_ros2:/home/george/ROS2/ros2_hoverboard/install/nav2:/home/george/ROS2/ros2_hoverboard/install/isaac_sim:/home/george/ROS2/ws_rmw_zenoh/install/rmw_zenoh_cpp:/home/george/ROS2/ws_rmw_zenoh/install/zenoh_cpp_vendor:/opt/ros/humble LD_LIBRARY_PATH=/home/george/ROS2/ros2_hoverboard/install/topic_based_ros2_control/lib:/home/george/ROS2/ros2_hoverboard/install/swerve_controller/lib:/usr/local/cuda-12.6/lib64:/home/george/ROS2/ros2_hoverboard/install/rplidar_ros2/lib:/home/george/ROS2/ws_rmw_zenoh/install/rmw_zenoh_cpp/lib:/home/george/ROS2/ws_rmw_zenoh/install/zenoh_cpp_vendor/opt/zenoh_cpp_vendor/lib:/usr/lib/x86_64-linux-gnu/gazebo-11/plugins:/opt/ros/humble/opt/rviz_ogre_vendor/lib:/opt/ros/humble/lib/x86_64-linux-gnu:/opt/ros/humble/lib /usr/bin/cmake --build /home/george/ROS2/ros2_hoverboard/build/bringup -- -j6 -l6
[1.918s] Invoked command in '/home/george/ROS2/ros2_hoverboard/build/bringup' returned '0': CMAKE_PREFIX_PATH=/home/george/ROS2/ros2_hoverboard/install/mm_moveit_config:/home/george/ROS2/ros2_hoverboard/install/bringup_mobile:/home/george/ROS2/ros2_hoverboard/install/ur_description:/home/george/ROS2/ros2_hoverboard/install/twist_mux:/home/george/ROS2/ros2_hoverboard/install/topic_based_ros2_control:/home/george/ROS2/ros2_hoverboard/install/swerve_controller:/home/george/ROS2/ros2_hoverboard/install/description_mobile:/home/george/ROS2/ros2_hoverboard/install/description:/home/george/ROS2/ros2_hoverboard/install/ros_components_description:/home/george/ROS2/ros2_hoverboard/install/bringup:/home/george/ROS2/ros2_hoverboard/install/rplidar_ros2:/home/george/ROS2/ros2_hoverboard/install/nav2:/home/george/ROS2/ros2_hoverboard/install/isaac_sim:/home/george/ROS2/ws_rmw_zenoh/install/rmw_zenoh_cpp:/home/george/ROS2/ws_rmw_zenoh/install/zenoh_cpp_vendor:/opt/ros/humble LD_LIBRARY_PATH=/home/george/ROS2/ros2_hoverboard/install/topic_based_ros2_control/lib:/home/george/ROS2/ros2_hoverboard/install/swerve_controller/lib:/usr/local/cuda-12.6/lib64:/home/george/ROS2/ros2_hoverboard/install/rplidar_ros2/lib:/home/george/ROS2/ws_rmw_zenoh/install/rmw_zenoh_cpp/lib:/home/george/ROS2/ws_rmw_zenoh/install/zenoh_cpp_vendor/opt/zenoh_cpp_vendor/lib:/usr/lib/x86_64-linux-gnu/gazebo-11/plugins:/opt/ros/humble/opt/rviz_ogre_vendor/lib:/opt/ros/humble/lib/x86_64-linux-gnu:/opt/ros/humble/lib /usr/bin/cmake --build /home/george/ROS2/ros2_hoverboard/build/bringup -- -j6 -l6
[1.920s] Invoking command in '/home/george/ROS2/ros2_hoverboard/build/bringup': CMAKE_PREFIX_PATH=/home/george/ROS2/ros2_hoverboard/install/mm_moveit_config:/home/george/ROS2/ros2_hoverboard/install/bringup_mobile:/home/george/ROS2/ros2_hoverboard/install/ur_description:/home/george/ROS2/ros2_hoverboard/install/twist_mux:/home/george/ROS2/ros2_hoverboard/install/topic_based_ros2_control:/home/george/ROS2/ros2_hoverboard/install/swerve_controller:/home/george/ROS2/ros2_hoverboard/install/description_mobile:/home/george/ROS2/ros2_hoverboard/install/description:/home/george/ROS2/ros2_hoverboard/install/ros_components_description:/home/george/ROS2/ros2_hoverboard/install/bringup:/home/george/ROS2/ros2_hoverboard/install/rplidar_ros2:/home/george/ROS2/ros2_hoverboard/install/nav2:/home/george/ROS2/ros2_hoverboard/install/isaac_sim:/home/george/ROS2/ws_rmw_zenoh/install/rmw_zenoh_cpp:/home/george/ROS2/ws_rmw_zenoh/install/zenoh_cpp_vendor:/opt/ros/humble LD_LIBRARY_PATH=/home/george/ROS2/ros2_hoverboard/install/topic_based_ros2_control/lib:/home/george/ROS2/ros2_hoverboard/install/swerve_controller/lib:/usr/local/cuda-12.6/lib64:/home/george/ROS2/ros2_hoverboard/install/rplidar_ros2/lib:/home/george/ROS2/ws_rmw_zenoh/install/rmw_zenoh_cpp/lib:/home/george/ROS2/ws_rmw_zenoh/install/zenoh_cpp_vendor/opt/zenoh_cpp_vendor/lib:/usr/lib/x86_64-linux-gnu/gazebo-11/plugins:/opt/ros/humble/opt/rviz_ogre_vendor/lib:/opt/ros/humble/lib/x86_64-linux-gnu:/opt/ros/humble/lib /usr/bin/cmake --install /home/george/ROS2/ros2_hoverboard/build/bringup
[1.927s] -- Install configuration: ""
[1.927s] -- Execute custom install script
[1.928s] -- Symlinking: /home/george/ROS2/ros2_hoverboard/install/bringup/share/bringup/config/robot_sim_controllers.yaml
[1.936s] -- Symlinking: /home/george/ROS2/ros2_hoverboard/install/bringup/share/bringup/config/view.rviz
[1.944s] -- Symlinking: /home/george/ROS2/ros2_hoverboard/install/bringup/share/bringup/launch/control_Layer_sim.launch.py
[1.953s] -- Symlinking: /home/george/ROS2/ros2_hoverboard/install/bringup/share/bringup/launch/mobile_manipulator_sim.launch.py
[1.962s] -- Symlinking: /home/george/ROS2/ros2_hoverboard/install/bringup/share/bringup/scripts/parseRviz.py
[1.970s] -- Symlinking: /home/george/ROS2/ros2_hoverboard/install/bringup/share/bringup/scripts/scan_filter.py
[1.979s] -- Symlinking: /home/george/ROS2/ros2_hoverboard/install/bringup/share/ament_index/resource_index/package_run_dependencies/bringup
[1.987s] -- Symlinking: /home/george/ROS2/ros2_hoverboard/install/bringup/share/ament_index/resource_index/parent_prefix_path/bringup
[1.996s] -- Symlinking: /home/george/ROS2/ros2_hoverboard/install/bringup/share/bringup/environment/ament_prefix_path.sh
[2.005s] -- Symlinking: /home/george/ROS2/ros2_hoverboard/install/bringup/share/bringup/environment/ament_prefix_path.dsv
[2.013s] -- Symlinking: /home/george/ROS2/ros2_hoverboard/install/bringup/share/bringup/environment/path.sh
[2.021s] -- Symlinking: /home/george/ROS2/ros2_hoverboard/install/bringup/share/bringup/environment/path.dsv
[2.030s] -- Symlinking: /home/george/ROS2/ros2_hoverboard/install/bringup/share/bringup/local_setup.bash
[2.038s] -- Symlinking: /home/george/ROS2/ros2_hoverboard/install/bringup/share/bringup/local_setup.sh
[2.047s] -- Symlinking: /home/george/ROS2/ros2_hoverboard/install/bringup/share/bringup/local_setup.zsh
[2.055s] -- Symlinking: /home/george/ROS2/ros2_hoverboard/install/bringup/share/bringup/local_setup.dsv
[2.064s] -- Symlinking: /home/george/ROS2/ros2_hoverboard/install/bringup/share/bringup/package.dsv
[2.073s] -- Symlinking: /home/george/ROS2/ros2_hoverboard/install/bringup/share/ament_index/resource_index/packages/bringup
[2.081s] -- Symlinking: /home/george/ROS2/ros2_hoverboard/install/bringup/share/bringup/cmake/bringupConfig.cmake
[2.090s] -- Symlinking: /home/george/ROS2/ros2_hoverboard/install/bringup/share/bringup/cmake/bringupConfig-version.cmake
[2.098s] -- Symlinking: /home/george/ROS2/ros2_hoverboard/install/bringup/share/bringup/package.xml
[2.108s] Invoked command in '/home/george/ROS2/ros2_hoverboard/build/bringup' returned '0': CMAKE_PREFIX_PATH=/home/george/ROS2/ros2_hoverboard/install/mm_moveit_config:/home/george/ROS2/ros2_hoverboard/install/bringup_mobile:/home/george/ROS2/ros2_hoverboard/install/ur_description:/home/george/ROS2/ros2_hoverboard/install/twist_mux:/home/george/ROS2/ros2_hoverboard/install/topic_based_ros2_control:/home/george/ROS2/ros2_hoverboard/install/swerve_controller:/home/george/ROS2/ros2_hoverboard/install/description_mobile:/home/george/ROS2/ros2_hoverboard/install/description:/home/george/ROS2/ros2_hoverboard/install/ros_components_description:/home/george/ROS2/ros2_hoverboard/install/bringup:/home/george/ROS2/ros2_hoverboard/install/rplidar_ros2:/home/george/ROS2/ros2_hoverboard/install/nav2:/home/george/ROS2/ros2_hoverboard/install/isaac_sim:/home/george/ROS2/ws_rmw_zenoh/install/rmw_zenoh_cpp:/home/george/ROS2/ws_rmw_zenoh/install/zenoh_cpp_vendor:/opt/ros/humble LD_LIBRARY_PATH=/home/george/ROS2/ros2_hoverboard/install/topic_based_ros2_control/lib:/home/george/ROS2/ros2_hoverboard/install/swerve_controller/lib:/usr/local/cuda-12.6/lib64:/home/george/ROS2/ros2_hoverboard/install/rplidar_ros2/lib:/home/george/ROS2/ws_rmw_zenoh/install/rmw_zenoh_cpp/lib:/home/george/ROS2/ws_rmw_zenoh/install/zenoh_cpp_vendor/opt/zenoh_cpp_vendor/lib:/usr/lib/x86_64-linux-gnu/gazebo-11/plugins:/opt/ros/humble/opt/rviz_ogre_vendor/lib:/opt/ros/humble/lib/x86_64-linux-gnu:/opt/ros/humble/lib /usr/bin/cmake --install /home/george/ROS2/ros2_hoverboard/build/bringup
