[0.051s] Invoking command in '/home/george/ROS2/ros2_hoverboard/build/description': CMAKE_PREFIX_PATH=${CMAKE_PREFIX_PATH}:/opt/ros/humble /usr/bin/cmake /home/george/ROS2/ros2_hoverboard/src/mobile_manipulator/description -DAMENT_CMAKE_SYMLINK_INSTALL=1 -DCMAKE_INSTALL_PREFIX=/home/george/ROS2/ros2_hoverboard/install/description
[0.071s] -- Found ament_cmake: 1.3.11 (/opt/ros/humble/share/ament_cmake/cmake)
[0.282s] -- Override CMake install command with custom implementation using symlinks instead of copying resources
[0.292s] -- Found ament_lint_auto: 0.12.11 (/opt/ros/humble/share/ament_lint_auto/cmake)
[0.411s] -- Added test 'flake8' to check Python code syntax and style conventions
[0.411s] -- Added test 'lint_cmake' to check CMake code style
[0.411s] -- Added test 'pep257' to check Python code against some of the docstring style conventions in PEP 257
[0.413s] -- Added test 'xmllint' to check XML markup files
[0.415s] -- Configuring done
[0.418s] -- Generating done
[0.420s] -- Build files have been written to: /home/george/ROS2/ros2_hoverboard/build/description
[0.432s] Invoked command in '/home/george/ROS2/ros2_hoverboard/build/description' returned '0': CMAKE_PREFIX_PATH=${CMAKE_PREFIX_PATH}:/opt/ros/humble /usr/bin/cmake /home/george/ROS2/ros2_hoverboard/src/mobile_manipulator/description -DAMENT_CMAKE_SYMLINK_INSTALL=1 -DCMAKE_INSTALL_PREFIX=/home/george/ROS2/ros2_hoverboard/install/description
[0.432s] Invoking command in '/home/george/ROS2/ros2_hoverboard/build/description': CMAKE_PREFIX_PATH=${CMAKE_PREFIX_PATH}:/opt/ros/humble /usr/bin/cmake --build /home/george/ROS2/ros2_hoverboard/build/description -- -j6 -l6
[0.587s] Invoked command in '/home/george/ROS2/ros2_hoverboard/build/description' returned '0': CMAKE_PREFIX_PATH=${CMAKE_PREFIX_PATH}:/opt/ros/humble /usr/bin/cmake --build /home/george/ROS2/ros2_hoverboard/build/description -- -j6 -l6
[0.610s] Invoking command in '/home/george/ROS2/ros2_hoverboard/build/description': CMAKE_PREFIX_PATH=${CMAKE_PREFIX_PATH}:/opt/ros/humble /usr/bin/cmake --install /home/george/ROS2/ros2_hoverboard/build/description
[0.667s] -- Install configuration: ""
[0.668s] -- Execute custom install script
[0.668s] -- Up-to-date symlink: /home/george/ROS2/ros2_hoverboard/install/description/share/description/launch/__pycache__/view_robot_ackermann.launch.cpython-310.pyc
[0.668s] -- Up-to-date symlink: /home/george/ROS2/ros2_hoverboard/install/description/share/description/launch/__pycache__/view_robot_ackermann_2BOT.launch.cpython-310.pyc
[0.668s] -- Up-to-date symlink: /home/george/ROS2/ros2_hoverboard/install/description/share/description/launch/__pycache__/view_robot_swerve.launch.cpython-310.pyc
[0.668s] -- Up-to-date symlink: /home/george/ROS2/ros2_hoverboard/install/description/share/description/launch/view_robot.launch.py
[0.669s] -- Up-to-date symlink: /home/george/ROS2/ros2_hoverboard/install/description/share/description/rviz/amr_view.rviz
[0.669s] -- Up-to-date symlink: /home/george/ROS2/ros2_hoverboard/install/description/share/description/rviz/display.rviz
[0.669s] -- Up-to-date symlink: /home/george/ROS2/ros2_hoverboard/install/description/share/description/rviz/view.rviz
[0.671s] -- Up-to-date symlink: /home/george/ROS2/ros2_hoverboard/install/description/share/description/urdf/mobile_manipulator.urdf.xacro
[0.671s] -- Up-to-date symlink: /home/george/ROS2/ros2_hoverboard/install/description/share/ament_index/resource_index/package_run_dependencies/description
[0.671s] -- Up-to-date symlink: /home/george/ROS2/ros2_hoverboard/install/description/share/ament_index/resource_index/parent_prefix_path/description
[0.671s] -- Up-to-date symlink: /home/george/ROS2/ros2_hoverboard/install/description/share/description/environment/ament_prefix_path.sh
[0.671s] -- Up-to-date symlink: /home/george/ROS2/ros2_hoverboard/install/description/share/description/environment/ament_prefix_path.dsv
[0.676s] -- Up-to-date symlink: /home/george/ROS2/ros2_hoverboard/install/description/share/description/environment/path.sh
[0.677s] -- Up-to-date symlink: /home/george/ROS2/ros2_hoverboard/install/description/share/description/environment/path.dsv
[0.677s] -- Up-to-date symlink: /home/george/ROS2/ros2_hoverboard/install/description/share/description/local_setup.bash
[0.677s] -- Up-to-date symlink: /home/george/ROS2/ros2_hoverboard/install/description/share/description/local_setup.sh
[0.677s] -- Up-to-date symlink: /home/george/ROS2/ros2_hoverboard/install/description/share/description/local_setup.zsh
[0.677s] -- Up-to-date symlink: /home/george/ROS2/ros2_hoverboard/install/description/share/description/local_setup.dsv
[0.677s] -- Symlinking: /home/george/ROS2/ros2_hoverboard/install/description/share/description/package.dsv
[0.682s] -- Up-to-date symlink: /home/george/ROS2/ros2_hoverboard/install/description/share/ament_index/resource_index/packages/description
[0.682s] -- Up-to-date symlink: /home/george/ROS2/ros2_hoverboard/install/description/share/description/cmake/descriptionConfig.cmake
[0.682s] -- Up-to-date symlink: /home/george/ROS2/ros2_hoverboard/install/description/share/description/cmake/descriptionConfig-version.cmake
[0.682s] -- Up-to-date symlink: /home/george/ROS2/ros2_hoverboard/install/description/share/description/package.xml
[0.684s] Invoked command in '/home/george/ROS2/ros2_hoverboard/build/description' returned '0': CMAKE_PREFIX_PATH=${CMAKE_PREFIX_PATH}:/opt/ros/humble /usr/bin/cmake --install /home/george/ROS2/ros2_hoverboard/build/description
