[0.050s] Invoking command in '/home/george/ROS2/ros2_hoverboard/build/bringup_mobile': CMAKE_PREFIX_PATH=/home/george/ROS2/ros2_hoverboard/install/twist_mux:/home/george/ROS2/ros2_hoverboard/install/topic_based_ros2_control:/home/george/ROS2/ros2_hoverboard/install/swerve_controller:/home/george/ROS2/BehaviorTree/install/mtc_samples:/home/george/ROS2/BehaviorTree/install/mtc_bt:/home/george/ROS2/BehaviorTree/install/moveit_task_constructor_visualization:/home/george/ROS2/BehaviorTree/install/moveit_task_constructor_demo:/home/george/ROS2/BehaviorTree/install/moveit_task_constructor_capabilities:/home/george/ROS2/BehaviorTree/install/moveit_task_constructor_core:/home/george/ROS2/BehaviorTree/install/rviz_marker_tools:/home/george/ROS2/BehaviorTree/install/moveit_task_constructor_msgs:/home/george/ROS2/BehaviorTree/install/btcpp_ros2_samples:/home/george/ROS2/BehaviorTree/install/behaviortree_ros2:/home/george/ROS2/BehaviorTree/install/btcpp_ros2_interfaces:/home/george/ROS2/ros2_hoverboard/install/ros_components_description:/home/george/ROS2/ros2_hoverboard/install/bringup:/home/george/ROS2/ros2_hoverboard/install/mm_moveit_config:/home/george/ROS2/ros2_hoverboard/install/ur_description:/home/george/ROS2/ros2_hoverboard/install/bringup_mobile:/home/george/ROS2/ros2_hoverboard/install/rplidar_ros2:/home/george/ROS2/ros2_hoverboard/install/nav2:/home/george/ROS2/ros2_hoverboard/install/isaac_sim:/home/george/ROS2/ros2_hoverboard/install/description_mobile:/home/george/ROS2/ros2_hoverboard/install/description:/home/george/ROS2/ws_rmw_zenoh/install/rmw_zenoh_cpp:/home/george/ROS2/ws_rmw_zenoh/install/zenoh_cpp_vendor:/opt/ros/humble LD_LIBRARY_PATH=/home/george/ROS2/ros2_hoverboard/install/topic_based_ros2_control/lib:/home/george/ROS2/ros2_hoverboard/install/swerve_controller/lib:/usr/local/cuda-12.6/lib64:/home/george/ROS2/BehaviorTree/install/moveit_task_constructor_visualization/lib:/home/george/ROS2/BehaviorTree/install/moveit_task_constructor_demo/lib:/home/george/ROS2/BehaviorTree/install/moveit_task_constructor_capabilities/lib:/home/george/ROS2/BehaviorTree/install/moveit_task_constructor_core/lib:/home/george/ROS2/BehaviorTree/install/rviz_marker_tools/lib:/home/george/ROS2/BehaviorTree/install/moveit_task_constructor_msgs/lib:/home/george/ROS2/BehaviorTree/install/behaviortree_ros2/lib:/home/george/ROS2/BehaviorTree/install/btcpp_ros2_interfaces/lib:/home/george/ROS2/ros2_hoverboard/install/rplidar_ros2/lib:/home/george/ROS2/ws_rmw_zenoh/install/rmw_zenoh_cpp/lib:/home/george/ROS2/ws_rmw_zenoh/install/zenoh_cpp_vendor/opt/zenoh_cpp_vendor/lib:/usr/lib/x86_64-linux-gnu/gazebo-11/plugins:/opt/ros/humble/opt/rviz_ogre_vendor/lib:/opt/ros/humble/lib/x86_64-linux-gnu:/opt/ros/humble/lib /usr/bin/cmake /home/george/ROS2/ros2_hoverboard/src/mobile_robot/bringup_mobile -DAMENT_CMAKE_SYMLINK_INSTALL=1 -DCMAKE_INSTALL_PREFIX=/home/george/ROS2/ros2_hoverboard/install/bringup_mobile
[0.073s] -- Found ament_cmake: 1.3.11 (/opt/ros/humble/share/ament_cmake/cmake)
[0.258s] -- Override CMake install command with custom implementation using symlinks instead of copying resources
[0.287s] -- Found rclcpp: 16.0.11 (/opt/ros/humble/share/rclcpp/cmake)
[0.331s] -- Found rosidl_generator_c: 3.1.6 (/opt/ros/humble/share/rosidl_generator_c/cmake)
[0.334s] -- Found rosidl_adapter: 3.1.6 (/opt/ros/humble/share/rosidl_adapter/cmake)
[0.341s] -- Found rosidl_generator_cpp: 3.1.6 (/opt/ros/humble/share/rosidl_generator_cpp/cmake)
[0.353s] -- Using all available rosidl_typesupport_c: rosidl_typesupport_fastrtps_c;rosidl_typesupport_introspection_c
[0.370s] -- Using all available rosidl_typesupport_cpp: rosidl_typesupport_fastrtps_cpp;rosidl_typesupport_introspection_cpp
[0.413s] -- Found rmw_implementation_cmake: 6.1.2 (/opt/ros/humble/share/rmw_implementation_cmake/cmake)
[0.415s] -- Found rmw_cyclonedds_cpp: 1.3.4 (/opt/ros/humble/share/rmw_cyclonedds_cpp/cmake)
[0.439s] -- Using RMW implementation 'rmw_cyclonedds_cpp' as default
[0.505s] -- Found rclpy: 3.3.15 (/opt/ros/humble/share/rclpy/cmake)
[0.506s] -- Found sensor_msgs: 4.2.4 (/opt/ros/humble/share/sensor_msgs/cmake)
[0.550s] -- Found xacro: 2.0.8 (/opt/ros/humble/share/xacro/cmake)
[0.550s] -- Found controller_manager: 2.48.0 (/opt/ros/humble/share/controller_manager/cmake)
[0.777s] -- Found ros2_control: 2.48.0 (/opt/ros/humble/share/ros2_control/cmake)
[0.777s] -- Found joint_state_broadcaster: 2.41.0 (/opt/ros/humble/share/joint_state_broadcaster/cmake)
[0.800s] -- Found twist_mux: 4.4.0 (/home/george/ROS2/ros2_hoverboard/install/twist_mux/share/twist_mux/cmake)
[0.855s] -- Found diff_drive_controller: 2.41.0 (/opt/ros/humble/share/diff_drive_controller/cmake)
[0.922s] -- Found joint_trajectory_controller: 2.41.0 (/opt/ros/humble/share/joint_trajectory_controller/cmake)
[0.958s] -- Found topic_based_ros2_control: 0.2.0 (/home/george/ROS2/ros2_hoverboard/install/topic_based_ros2_control/share/topic_based_ros2_control/cmake)
[0.965s] -- Found ackermann_steering_controller: 2.41.0 (/opt/ros/humble/share/ackermann_steering_controller/cmake)
[1.007s] -- Found eigen3_cmake_module: 0.1.1 (/opt/ros/humble/share/eigen3_cmake_module/cmake)
[1.009s] -- Ensuring Eigen3 include directory is part of orocos-kdl CMake target
[1.055s] -- Found bicycle_steering_controller: 2.41.0 (/opt/ros/humble/share/bicycle_steering_controller/cmake)
[1.070s] -- Found swerve_controller: 0.0.0 (/home/george/ROS2/ros2_hoverboard/install/swerve_controller/share/swerve_controller/cmake)
[1.090s] -- Found ament_lint_auto: 0.12.11 (/opt/ros/humble/share/ament_lint_auto/cmake)
[1.211s] -- Added test 'copyright' to check source files copyright and LICENSE
[1.214s] -- Added test 'cppcheck' to perform static code analysis on C / C++ code
[1.214s] -- Configured cppcheck include dirs: 
[1.214s] -- Configured cppcheck exclude dirs and/or files: 
[1.216s] -- Added test 'cpplint' to check C / C++ code against the Google style
[1.216s] -- Configured cpplint exclude dirs and/or files: 
[1.217s] -- Added test 'flake8' to check Python code syntax and style conventions
[1.218s] -- Added test 'lint_cmake' to check CMake code style
[1.218s] -- Added test 'pep257' to check Python code against some of the docstring style conventions in PEP 257
[1.221s] -- Added test 'uncrustify' to check C / C++ code style
[1.221s] -- Configured uncrustify additional arguments: 
[1.221s] -- Added test 'xmllint' to check XML markup files
[1.222s] -- Configuring done
[1.267s] -- Generating done
[1.286s] -- Build files have been written to: /home/george/ROS2/ros2_hoverboard/build/bringup_mobile
[1.299s] Invoked command in '/home/george/ROS2/ros2_hoverboard/build/bringup_mobile' returned '0': CMAKE_PREFIX_PATH=/home/george/ROS2/ros2_hoverboard/install/twist_mux:/home/george/ROS2/ros2_hoverboard/install/topic_based_ros2_control:/home/george/ROS2/ros2_hoverboard/install/swerve_controller:/home/george/ROS2/BehaviorTree/install/mtc_samples:/home/george/ROS2/BehaviorTree/install/mtc_bt:/home/george/ROS2/BehaviorTree/install/moveit_task_constructor_visualization:/home/george/ROS2/BehaviorTree/install/moveit_task_constructor_demo:/home/george/ROS2/BehaviorTree/install/moveit_task_constructor_capabilities:/home/george/ROS2/BehaviorTree/install/moveit_task_constructor_core:/home/george/ROS2/BehaviorTree/install/rviz_marker_tools:/home/george/ROS2/BehaviorTree/install/moveit_task_constructor_msgs:/home/george/ROS2/BehaviorTree/install/btcpp_ros2_samples:/home/george/ROS2/BehaviorTree/install/behaviortree_ros2:/home/george/ROS2/BehaviorTree/install/btcpp_ros2_interfaces:/home/george/ROS2/ros2_hoverboard/install/ros_components_description:/home/george/ROS2/ros2_hoverboard/install/bringup:/home/george/ROS2/ros2_hoverboard/install/mm_moveit_config:/home/george/ROS2/ros2_hoverboard/install/ur_description:/home/george/ROS2/ros2_hoverboard/install/bringup_mobile:/home/george/ROS2/ros2_hoverboard/install/rplidar_ros2:/home/george/ROS2/ros2_hoverboard/install/nav2:/home/george/ROS2/ros2_hoverboard/install/isaac_sim:/home/george/ROS2/ros2_hoverboard/install/description_mobile:/home/george/ROS2/ros2_hoverboard/install/description:/home/george/ROS2/ws_rmw_zenoh/install/rmw_zenoh_cpp:/home/george/ROS2/ws_rmw_zenoh/install/zenoh_cpp_vendor:/opt/ros/humble LD_LIBRARY_PATH=/home/george/ROS2/ros2_hoverboard/install/topic_based_ros2_control/lib:/home/george/ROS2/ros2_hoverboard/install/swerve_controller/lib:/usr/local/cuda-12.6/lib64:/home/george/ROS2/BehaviorTree/install/moveit_task_constructor_visualization/lib:/home/george/ROS2/BehaviorTree/install/moveit_task_constructor_demo/lib:/home/george/ROS2/BehaviorTree/install/moveit_task_constructor_capabilities/lib:/home/george/ROS2/BehaviorTree/install/moveit_task_constructor_core/lib:/home/george/ROS2/BehaviorTree/install/rviz_marker_tools/lib:/home/george/ROS2/BehaviorTree/install/moveit_task_constructor_msgs/lib:/home/george/ROS2/BehaviorTree/install/behaviortree_ros2/lib:/home/george/ROS2/BehaviorTree/install/btcpp_ros2_interfaces/lib:/home/george/ROS2/ros2_hoverboard/install/rplidar_ros2/lib:/home/george/ROS2/ws_rmw_zenoh/install/rmw_zenoh_cpp/lib:/home/george/ROS2/ws_rmw_zenoh/install/zenoh_cpp_vendor/opt/zenoh_cpp_vendor/lib:/usr/lib/x86_64-linux-gnu/gazebo-11/plugins:/opt/ros/humble/opt/rviz_ogre_vendor/lib:/opt/ros/humble/lib/x86_64-linux-gnu:/opt/ros/humble/lib /usr/bin/cmake /home/george/ROS2/ros2_hoverboard/src/mobile_robot/bringup_mobile -DAMENT_CMAKE_SYMLINK_INSTALL=1 -DCMAKE_INSTALL_PREFIX=/home/george/ROS2/ros2_hoverboard/install/bringup_mobile
[1.302s] Invoking command in '/home/george/ROS2/ros2_hoverboard/build/bringup_mobile': CMAKE_PREFIX_PATH=/home/george/ROS2/ros2_hoverboard/install/twist_mux:/home/george/ROS2/ros2_hoverboard/install/topic_based_ros2_control:/home/george/ROS2/ros2_hoverboard/install/swerve_controller:/home/george/ROS2/BehaviorTree/install/mtc_samples:/home/george/ROS2/BehaviorTree/install/mtc_bt:/home/george/ROS2/BehaviorTree/install/moveit_task_constructor_visualization:/home/george/ROS2/BehaviorTree/install/moveit_task_constructor_demo:/home/george/ROS2/BehaviorTree/install/moveit_task_constructor_capabilities:/home/george/ROS2/BehaviorTree/install/moveit_task_constructor_core:/home/george/ROS2/BehaviorTree/install/rviz_marker_tools:/home/george/ROS2/BehaviorTree/install/moveit_task_constructor_msgs:/home/george/ROS2/BehaviorTree/install/btcpp_ros2_samples:/home/george/ROS2/BehaviorTree/install/behaviortree_ros2:/home/george/ROS2/BehaviorTree/install/btcpp_ros2_interfaces:/home/george/ROS2/ros2_hoverboard/install/ros_components_description:/home/george/ROS2/ros2_hoverboard/install/bringup:/home/george/ROS2/ros2_hoverboard/install/mm_moveit_config:/home/george/ROS2/ros2_hoverboard/install/ur_description:/home/george/ROS2/ros2_hoverboard/install/bringup_mobile:/home/george/ROS2/ros2_hoverboard/install/rplidar_ros2:/home/george/ROS2/ros2_hoverboard/install/nav2:/home/george/ROS2/ros2_hoverboard/install/isaac_sim:/home/george/ROS2/ros2_hoverboard/install/description_mobile:/home/george/ROS2/ros2_hoverboard/install/description:/home/george/ROS2/ws_rmw_zenoh/install/rmw_zenoh_cpp:/home/george/ROS2/ws_rmw_zenoh/install/zenoh_cpp_vendor:/opt/ros/humble LD_LIBRARY_PATH=/home/george/ROS2/ros2_hoverboard/install/topic_based_ros2_control/lib:/home/george/ROS2/ros2_hoverboard/install/swerve_controller/lib:/usr/local/cuda-12.6/lib64:/home/george/ROS2/BehaviorTree/install/moveit_task_constructor_visualization/lib:/home/george/ROS2/BehaviorTree/install/moveit_task_constructor_demo/lib:/home/george/ROS2/BehaviorTree/install/moveit_task_constructor_capabilities/lib:/home/george/ROS2/BehaviorTree/install/moveit_task_constructor_core/lib:/home/george/ROS2/BehaviorTree/install/rviz_marker_tools/lib:/home/george/ROS2/BehaviorTree/install/moveit_task_constructor_msgs/lib:/home/george/ROS2/BehaviorTree/install/behaviortree_ros2/lib:/home/george/ROS2/BehaviorTree/install/btcpp_ros2_interfaces/lib:/home/george/ROS2/ros2_hoverboard/install/rplidar_ros2/lib:/home/george/ROS2/ws_rmw_zenoh/install/rmw_zenoh_cpp/lib:/home/george/ROS2/ws_rmw_zenoh/install/zenoh_cpp_vendor/opt/zenoh_cpp_vendor/lib:/usr/lib/x86_64-linux-gnu/gazebo-11/plugins:/opt/ros/humble/opt/rviz_ogre_vendor/lib:/opt/ros/humble/lib/x86_64-linux-gnu:/opt/ros/humble/lib /usr/bin/cmake --build /home/george/ROS2/ros2_hoverboard/build/bringup_mobile -- -j6 -l6
[1.355s] [35m[1mConsolidate compiler generated dependencies of target jointstate_to_twist_2[0m
[1.382s] [ 11%] Built target jointstate_to_twist_2
[1.401s] [35m[1mConsolidate compiler generated dependencies of target jointstate_aggregator_2[0m
[1.429s] [ 22%] Built target jointstate_aggregator_2
[1.443s] [35m[1mConsolidate compiler generated dependencies of target jointstate_aggregator_2_swerve[0m
[1.462s] [ 33%] Built target jointstate_aggregator_2_swerve
[1.483s] [35m[1mConsolidate compiler generated dependencies of target jointstate_aggregator_2_ackermann[0m
[1.505s] [ 44%] Built target jointstate_aggregator_2_ackermann
[1.522s] [35m[1mConsolidate compiler generated dependencies of target jointstate_aggregator_4[0m
[1.549s] [ 55%] Built target jointstate_aggregator_4
[1.566s] [35m[1mConsolidate compiler generated dependencies of target jointstate_to_twist_2_ackermann[0m
[1.588s] [ 66%] Built target jointstate_to_twist_2_ackermann
[1.604s] [35m[1mConsolidate compiler generated dependencies of target jointstate_sim_aggregator_4[0m
[1.624s] [ 77%] Built target jointstate_sim_aggregator_4
[1.641s] [35m[1mConsolidate compiler generated dependencies of target jointstate_to_twist_4[0m
[1.666s] [ 88%] Built target jointstate_to_twist_4
[1.681s] [35m[1mConsolidate compiler generated dependencies of target jointstate_sim_aggregator_2[0m
[1.703s] [100%] Built target jointstate_sim_aggregator_2
[1.720s] Invoked command in '/home/george/ROS2/ros2_hoverboard/build/bringup_mobile' returned '0': CMAKE_PREFIX_PATH=/home/george/ROS2/ros2_hoverboard/install/twist_mux:/home/george/ROS2/ros2_hoverboard/install/topic_based_ros2_control:/home/george/ROS2/ros2_hoverboard/install/swerve_controller:/home/george/ROS2/BehaviorTree/install/mtc_samples:/home/george/ROS2/BehaviorTree/install/mtc_bt:/home/george/ROS2/BehaviorTree/install/moveit_task_constructor_visualization:/home/george/ROS2/BehaviorTree/install/moveit_task_constructor_demo:/home/george/ROS2/BehaviorTree/install/moveit_task_constructor_capabilities:/home/george/ROS2/BehaviorTree/install/moveit_task_constructor_core:/home/george/ROS2/BehaviorTree/install/rviz_marker_tools:/home/george/ROS2/BehaviorTree/install/moveit_task_constructor_msgs:/home/george/ROS2/BehaviorTree/install/btcpp_ros2_samples:/home/george/ROS2/BehaviorTree/install/behaviortree_ros2:/home/george/ROS2/BehaviorTree/install/btcpp_ros2_interfaces:/home/george/ROS2/ros2_hoverboard/install/ros_components_description:/home/george/ROS2/ros2_hoverboard/install/bringup:/home/george/ROS2/ros2_hoverboard/install/mm_moveit_config:/home/george/ROS2/ros2_hoverboard/install/ur_description:/home/george/ROS2/ros2_hoverboard/install/bringup_mobile:/home/george/ROS2/ros2_hoverboard/install/rplidar_ros2:/home/george/ROS2/ros2_hoverboard/install/nav2:/home/george/ROS2/ros2_hoverboard/install/isaac_sim:/home/george/ROS2/ros2_hoverboard/install/description_mobile:/home/george/ROS2/ros2_hoverboard/install/description:/home/george/ROS2/ws_rmw_zenoh/install/rmw_zenoh_cpp:/home/george/ROS2/ws_rmw_zenoh/install/zenoh_cpp_vendor:/opt/ros/humble LD_LIBRARY_PATH=/home/george/ROS2/ros2_hoverboard/install/topic_based_ros2_control/lib:/home/george/ROS2/ros2_hoverboard/install/swerve_controller/lib:/usr/local/cuda-12.6/lib64:/home/george/ROS2/BehaviorTree/install/moveit_task_constructor_visualization/lib:/home/george/ROS2/BehaviorTree/install/moveit_task_constructor_demo/lib:/home/george/ROS2/BehaviorTree/install/moveit_task_constructor_capabilities/lib:/home/george/ROS2/BehaviorTree/install/moveit_task_constructor_core/lib:/home/george/ROS2/BehaviorTree/install/rviz_marker_tools/lib:/home/george/ROS2/BehaviorTree/install/moveit_task_constructor_msgs/lib:/home/george/ROS2/BehaviorTree/install/behaviortree_ros2/lib:/home/george/ROS2/BehaviorTree/install/btcpp_ros2_interfaces/lib:/home/george/ROS2/ros2_hoverboard/install/rplidar_ros2/lib:/home/george/ROS2/ws_rmw_zenoh/install/rmw_zenoh_cpp/lib:/home/george/ROS2/ws_rmw_zenoh/install/zenoh_cpp_vendor/opt/zenoh_cpp_vendor/lib:/usr/lib/x86_64-linux-gnu/gazebo-11/plugins:/opt/ros/humble/opt/rviz_ogre_vendor/lib:/opt/ros/humble/lib/x86_64-linux-gnu:/opt/ros/humble/lib /usr/bin/cmake --build /home/george/ROS2/ros2_hoverboard/build/bringup_mobile -- -j6 -l6
[1.721s] Invoking command in '/home/george/ROS2/ros2_hoverboard/build/bringup_mobile': CMAKE_PREFIX_PATH=/home/george/ROS2/ros2_hoverboard/install/twist_mux:/home/george/ROS2/ros2_hoverboard/install/topic_based_ros2_control:/home/george/ROS2/ros2_hoverboard/install/swerve_controller:/home/george/ROS2/BehaviorTree/install/mtc_samples:/home/george/ROS2/BehaviorTree/install/mtc_bt:/home/george/ROS2/BehaviorTree/install/moveit_task_constructor_visualization:/home/george/ROS2/BehaviorTree/install/moveit_task_constructor_demo:/home/george/ROS2/BehaviorTree/install/moveit_task_constructor_capabilities:/home/george/ROS2/BehaviorTree/install/moveit_task_constructor_core:/home/george/ROS2/BehaviorTree/install/rviz_marker_tools:/home/george/ROS2/BehaviorTree/install/moveit_task_constructor_msgs:/home/george/ROS2/BehaviorTree/install/btcpp_ros2_samples:/home/george/ROS2/BehaviorTree/install/behaviortree_ros2:/home/george/ROS2/BehaviorTree/install/btcpp_ros2_interfaces:/home/george/ROS2/ros2_hoverboard/install/ros_components_description:/home/george/ROS2/ros2_hoverboard/install/bringup:/home/george/ROS2/ros2_hoverboard/install/mm_moveit_config:/home/george/ROS2/ros2_hoverboard/install/ur_description:/home/george/ROS2/ros2_hoverboard/install/bringup_mobile:/home/george/ROS2/ros2_hoverboard/install/rplidar_ros2:/home/george/ROS2/ros2_hoverboard/install/nav2:/home/george/ROS2/ros2_hoverboard/install/isaac_sim:/home/george/ROS2/ros2_hoverboard/install/description_mobile:/home/george/ROS2/ros2_hoverboard/install/description:/home/george/ROS2/ws_rmw_zenoh/install/rmw_zenoh_cpp:/home/george/ROS2/ws_rmw_zenoh/install/zenoh_cpp_vendor:/opt/ros/humble LD_LIBRARY_PATH=/home/george/ROS2/ros2_hoverboard/install/topic_based_ros2_control/lib:/home/george/ROS2/ros2_hoverboard/install/swerve_controller/lib:/usr/local/cuda-12.6/lib64:/home/george/ROS2/BehaviorTree/install/moveit_task_constructor_visualization/lib:/home/george/ROS2/BehaviorTree/install/moveit_task_constructor_demo/lib:/home/george/ROS2/BehaviorTree/install/moveit_task_constructor_capabilities/lib:/home/george/ROS2/BehaviorTree/install/moveit_task_constructor_core/lib:/home/george/ROS2/BehaviorTree/install/rviz_marker_tools/lib:/home/george/ROS2/BehaviorTree/install/moveit_task_constructor_msgs/lib:/home/george/ROS2/BehaviorTree/install/behaviortree_ros2/lib:/home/george/ROS2/BehaviorTree/install/btcpp_ros2_interfaces/lib:/home/george/ROS2/ros2_hoverboard/install/rplidar_ros2/lib:/home/george/ROS2/ws_rmw_zenoh/install/rmw_zenoh_cpp/lib:/home/george/ROS2/ws_rmw_zenoh/install/zenoh_cpp_vendor/opt/zenoh_cpp_vendor/lib:/usr/lib/x86_64-linux-gnu/gazebo-11/plugins:/opt/ros/humble/opt/rviz_ogre_vendor/lib:/opt/ros/humble/lib/x86_64-linux-gnu:/opt/ros/humble/lib /usr/bin/cmake --install /home/george/ROS2/ros2_hoverboard/build/bringup_mobile
[1.731s] -- Install configuration: ""
[1.732s] -- Execute custom install script
[1.732s] -- Up-to-date symlink: /home/george/ROS2/ros2_hoverboard/install/bringup_mobile/share/bringup_mobile/config/F710_sim.yaml
[1.732s] -- Up-to-date symlink: /home/george/ROS2/ros2_hoverboard/install/bringup_mobile/share/bringup_mobile/config/ackermannBOT_controllers.yaml
[1.732s] -- Up-to-date symlink: /home/george/ROS2/ros2_hoverboard/install/bringup_mobile/share/bringup_mobile/config/ackermann_2BOT_controllers.yaml
[1.732s] -- Up-to-date symlink: /home/george/ROS2/ros2_hoverboard/install/bringup_mobile/share/bringup_mobile/config/amr_view.rviz
[1.732s] -- Up-to-date symlink: /home/george/ROS2/ros2_hoverboard/install/bringup_mobile/share/bringup_mobile/config/angular_filter_scan.yaml
[1.732s] -- Up-to-date symlink: /home/george/ROS2/ros2_hoverboard/install/bringup_mobile/share/bringup_mobile/config/joy-params.yaml
[1.732s] -- Up-to-date symlink: /home/george/ROS2/ros2_hoverboard/install/bringup_mobile/share/bringup_mobile/config/joystick.yaml
[1.732s] -- Up-to-date symlink: /home/george/ROS2/ros2_hoverboard/install/bringup_mobile/share/bringup_mobile/config/navigation_namespaced.rviz
[1.734s] -- Up-to-date symlink: /home/george/ROS2/ros2_hoverboard/install/bringup_mobile/share/bringup_mobile/config/swerveBOT_2_controllers.yaml
[1.734s] -- Up-to-date symlink: /home/george/ROS2/ros2_hoverboard/install/bringup_mobile/share/bringup_mobile/config/swerveBOT_controllers.yaml
[1.734s] -- Up-to-date symlink: /home/george/ROS2/ros2_hoverboard/install/bringup_mobile/share/bringup_mobile/config/swerveBOT_controllers_stamped.yaml
[1.737s] -- Up-to-date symlink: /home/george/ROS2/ros2_hoverboard/install/bringup_mobile/share/bringup_mobile/config/swerve_2BOT_controllers.yaml
[1.737s] -- Up-to-date symlink: /home/george/ROS2/ros2_hoverboard/install/bringup_mobile/share/bringup_mobile/config/tricycleBOT_controllers.yaml
[1.738s] -- Up-to-date symlink: /home/george/ROS2/ros2_hoverboard/install/bringup_mobile/share/bringup_mobile/config/twist_mux_locks.yaml
[1.738s] -- Up-to-date symlink: /home/george/ROS2/ros2_hoverboard/install/bringup_mobile/share/bringup_mobile/config/twist_mux_topics.yaml
[1.738s] -- Up-to-date symlink: /home/george/ROS2/ros2_hoverboard/install/bringup_mobile/share/bringup_mobile/config/view.rviz
[1.738s] -- Up-to-date symlink: /home/george/ROS2/ros2_hoverboard/install/bringup_mobile/share/bringup_mobile/launch/ackermannBOT_launch.py
[1.738s] -- Up-to-date symlink: /home/george/ROS2/ros2_hoverboard/install/bringup_mobile/share/bringup_mobile/launch/ackermann_2BOT_launch.py
[1.739s] -- Up-to-date symlink: /home/george/ROS2/ros2_hoverboard/install/bringup_mobile/share/bringup_mobile/launch/control_Layer.launch.py
[1.739s] -- Up-to-date symlink: /home/george/ROS2/ros2_hoverboard/install/bringup_mobile/share/bringup_mobile/launch/control_Layer.launch_2.py
[1.739s] -- Up-to-date symlink: /home/george/ROS2/ros2_hoverboard/install/bringup_mobile/share/bringup_mobile/launch/debug_Layer.launch.py
[1.739s] -- Up-to-date symlink: /home/george/ROS2/ros2_hoverboard/install/bringup_mobile/share/bringup_mobile/launch/drive_module_launch.py
[1.739s] -- Up-to-date symlink: /home/george/ROS2/ros2_hoverboard/install/bringup_mobile/share/bringup_mobile/launch/swerveBOT_launch.py
[1.739s] -- Up-to-date symlink: /home/george/ROS2/ros2_hoverboard/install/bringup_mobile/share/bringup_mobile/launch/swerveBOT_sim.launch.py
[1.739s] -- Up-to-date symlink: /home/george/ROS2/ros2_hoverboard/install/bringup_mobile/share/bringup_mobile/launch/swerveBOT_sim.launch_2.py
[1.739s] -- Up-to-date symlink: /home/george/ROS2/ros2_hoverboard/install/bringup_mobile/share/bringup_mobile/launch/swerve_2BOT_launch.py
[1.739s] -- Up-to-date symlink: /home/george/ROS2/ros2_hoverboard/install/bringup_mobile/share/bringup_mobile/launch/teleop_Layer.launch.py
[1.739s] -- Up-to-date symlink: /home/george/ROS2/ros2_hoverboard/install/bringup_mobile/share/bringup_mobile/launch/tricycleBOT_launch.py
[1.739s] -- Up-to-date symlink: /home/george/ROS2/ros2_hoverboard/install/bringup_mobile/share/bringup_mobile/launch/twist_mux_launch.py
[1.742s] -- Up-to-date symlink: /home/george/ROS2/ros2_hoverboard/install/bringup_mobile/share/bringup_mobile/scripts/parseRviz.py
[1.742s] -- Up-to-date symlink: /home/george/ROS2/ros2_hoverboard/install/bringup_mobile/share/bringup_mobile/scripts/scan_filter.py
[1.742s] -- Up-to-date symlink: /home/george/ROS2/ros2_hoverboard/install/bringup_mobile/lib/bringup_mobile/jointstate_to_twist_2
[1.743s] -- Up-to-date symlink: /home/george/ROS2/ros2_hoverboard/install/bringup_mobile/lib/bringup_mobile/jointstate_sim_aggregator_2
[1.743s] -- Up-to-date symlink: /home/george/ROS2/ros2_hoverboard/install/bringup_mobile/lib/bringup_mobile/jointstate_to_twist_4
[1.743s] -- Up-to-date symlink: /home/george/ROS2/ros2_hoverboard/install/bringup_mobile/lib/bringup_mobile/jointstate_sim_aggregator_4
[1.743s] -- Up-to-date symlink: /home/george/ROS2/ros2_hoverboard/install/bringup_mobile/lib/bringup_mobile/jointstate_aggregator_2
[1.743s] -- Up-to-date symlink: /home/george/ROS2/ros2_hoverboard/install/bringup_mobile/lib/bringup_mobile/jointstate_aggregator_2_swerve
[1.743s] -- Up-to-date symlink: /home/george/ROS2/ros2_hoverboard/install/bringup_mobile/lib/bringup_mobile/jointstate_to_twist_2_ackermann
[1.744s] -- Up-to-date symlink: /home/george/ROS2/ros2_hoverboard/install/bringup_mobile/lib/bringup_mobile/jointstate_aggregator_2_ackermann
[1.744s] -- Up-to-date symlink: /home/george/ROS2/ros2_hoverboard/install/bringup_mobile/lib/bringup_mobile/jointstate_aggregator_4
[1.744s] -- Up-to-date symlink: /home/george/ROS2/ros2_hoverboard/install/bringup_mobile/share/ament_index/resource_index/package_run_dependencies/bringup_mobile
[1.744s] -- Up-to-date symlink: /home/george/ROS2/ros2_hoverboard/install/bringup_mobile/share/ament_index/resource_index/parent_prefix_path/bringup_mobile
[1.744s] -- Up-to-date symlink: /home/george/ROS2/ros2_hoverboard/install/bringup_mobile/share/bringup_mobile/environment/ament_prefix_path.sh
[1.744s] -- Up-to-date symlink: /home/george/ROS2/ros2_hoverboard/install/bringup_mobile/share/bringup_mobile/environment/ament_prefix_path.dsv
[1.744s] -- Up-to-date symlink: /home/george/ROS2/ros2_hoverboard/install/bringup_mobile/share/bringup_mobile/environment/path.sh
[1.744s] -- Up-to-date symlink: /home/george/ROS2/ros2_hoverboard/install/bringup_mobile/share/bringup_mobile/environment/path.dsv
[1.744s] -- Up-to-date symlink: /home/george/ROS2/ros2_hoverboard/install/bringup_mobile/share/bringup_mobile/local_setup.bash
[1.744s] -- Up-to-date symlink: /home/george/ROS2/ros2_hoverboard/install/bringup_mobile/share/bringup_mobile/local_setup.sh
[1.744s] -- Up-to-date symlink: /home/george/ROS2/ros2_hoverboard/install/bringup_mobile/share/bringup_mobile/local_setup.zsh
[1.744s] -- Up-to-date symlink: /home/george/ROS2/ros2_hoverboard/install/bringup_mobile/share/bringup_mobile/local_setup.dsv
[1.744s] -- Symlinking: /home/george/ROS2/ros2_hoverboard/install/bringup_mobile/share/bringup_mobile/package.dsv
[1.757s] -- Up-to-date symlink: /home/george/ROS2/ros2_hoverboard/install/bringup_mobile/share/ament_index/resource_index/packages/bringup_mobile
[1.757s] -- Up-to-date symlink: /home/george/ROS2/ros2_hoverboard/install/bringup_mobile/share/bringup_mobile/cmake/bringup_mobileConfig.cmake
[1.757s] -- Up-to-date symlink: /home/george/ROS2/ros2_hoverboard/install/bringup_mobile/share/bringup_mobile/cmake/bringup_mobileConfig-version.cmake
[1.757s] -- Up-to-date symlink: /home/george/ROS2/ros2_hoverboard/install/bringup_mobile/share/bringup_mobile/package.xml
[1.764s] Invoked command in '/home/george/ROS2/ros2_hoverboard/build/bringup_mobile' returned '0': CMAKE_PREFIX_PATH=/home/george/ROS2/ros2_hoverboard/install/twist_mux:/home/george/ROS2/ros2_hoverboard/install/topic_based_ros2_control:/home/george/ROS2/ros2_hoverboard/install/swerve_controller:/home/george/ROS2/BehaviorTree/install/mtc_samples:/home/george/ROS2/BehaviorTree/install/mtc_bt:/home/george/ROS2/BehaviorTree/install/moveit_task_constructor_visualization:/home/george/ROS2/BehaviorTree/install/moveit_task_constructor_demo:/home/george/ROS2/BehaviorTree/install/moveit_task_constructor_capabilities:/home/george/ROS2/BehaviorTree/install/moveit_task_constructor_core:/home/george/ROS2/BehaviorTree/install/rviz_marker_tools:/home/george/ROS2/BehaviorTree/install/moveit_task_constructor_msgs:/home/george/ROS2/BehaviorTree/install/btcpp_ros2_samples:/home/george/ROS2/BehaviorTree/install/behaviortree_ros2:/home/george/ROS2/BehaviorTree/install/btcpp_ros2_interfaces:/home/george/ROS2/ros2_hoverboard/install/ros_components_description:/home/george/ROS2/ros2_hoverboard/install/bringup:/home/george/ROS2/ros2_hoverboard/install/mm_moveit_config:/home/george/ROS2/ros2_hoverboard/install/ur_description:/home/george/ROS2/ros2_hoverboard/install/bringup_mobile:/home/george/ROS2/ros2_hoverboard/install/rplidar_ros2:/home/george/ROS2/ros2_hoverboard/install/nav2:/home/george/ROS2/ros2_hoverboard/install/isaac_sim:/home/george/ROS2/ros2_hoverboard/install/description_mobile:/home/george/ROS2/ros2_hoverboard/install/description:/home/george/ROS2/ws_rmw_zenoh/install/rmw_zenoh_cpp:/home/george/ROS2/ws_rmw_zenoh/install/zenoh_cpp_vendor:/opt/ros/humble LD_LIBRARY_PATH=/home/george/ROS2/ros2_hoverboard/install/topic_based_ros2_control/lib:/home/george/ROS2/ros2_hoverboard/install/swerve_controller/lib:/usr/local/cuda-12.6/lib64:/home/george/ROS2/BehaviorTree/install/moveit_task_constructor_visualization/lib:/home/george/ROS2/BehaviorTree/install/moveit_task_constructor_demo/lib:/home/george/ROS2/BehaviorTree/install/moveit_task_constructor_capabilities/lib:/home/george/ROS2/BehaviorTree/install/moveit_task_constructor_core/lib:/home/george/ROS2/BehaviorTree/install/rviz_marker_tools/lib:/home/george/ROS2/BehaviorTree/install/moveit_task_constructor_msgs/lib:/home/george/ROS2/BehaviorTree/install/behaviortree_ros2/lib:/home/george/ROS2/BehaviorTree/install/btcpp_ros2_interfaces/lib:/home/george/ROS2/ros2_hoverboard/install/rplidar_ros2/lib:/home/george/ROS2/ws_rmw_zenoh/install/rmw_zenoh_cpp/lib:/home/george/ROS2/ws_rmw_zenoh/install/zenoh_cpp_vendor/opt/zenoh_cpp_vendor/lib:/usr/lib/x86_64-linux-gnu/gazebo-11/plugins:/opt/ros/humble/opt/rviz_ogre_vendor/lib:/opt/ros/humble/lib/x86_64-linux-gnu:/opt/ros/humble/lib /usr/bin/cmake --install /home/george/ROS2/ros2_hoverboard/build/bringup_mobile
