[0.049s] Invoking command in '/home/george/ROS2/ros2_hoverboard/build/description': CMAKE_PREFIX_PATH=${CMAKE_PREFIX_PATH}:/opt/ros/humble /usr/bin/cmake --build /home/george/ROS2/ros2_hoverboard/build/description -- -j6 -l6
[0.138s] Invoked command in '/home/george/ROS2/ros2_hoverboard/build/description' returned '0': CMAKE_PREFIX_PATH=${CMAKE_PREFIX_PATH}:/opt/ros/humble /usr/bin/cmake --build /home/george/ROS2/ros2_hoverboard/build/description -- -j6 -l6
[0.143s] Invoking command in '/home/george/ROS2/ros2_hoverboard/build/description': CMAKE_PREFIX_PATH=${CMAKE_PREFIX_PATH}:/opt/ros/humble /usr/bin/cmake --install /home/george/ROS2/ros2_hoverboard/build/description
[0.161s] -- Install configuration: ""
[0.161s] -- Execute custom install script
[0.161s] -- Up-to-date symlink: /home/george/ROS2/ros2_hoverboard/install/description/share/description/launch/__pycache__/view_robot_ackermann.launch.cpython-310.pyc
[0.161s] -- Up-to-date symlink: /home/george/ROS2/ros2_hoverboard/install/description/share/description/launch/__pycache__/view_robot_ackermann_2BOT.launch.cpython-310.pyc
[0.161s] -- Up-to-date symlink: /home/george/ROS2/ros2_hoverboard/install/description/share/description/launch/__pycache__/view_robot_swerve.launch.cpython-310.pyc
[0.161s] -- Up-to-date symlink: /home/george/ROS2/ros2_hoverboard/install/description/share/description/launch/view_robot.launch.py
[0.161s] -- Up-to-date symlink: /home/george/ROS2/ros2_hoverboard/install/description/share/description/rviz/amr_view.rviz
[0.161s] -- Up-to-date symlink: /home/george/ROS2/ros2_hoverboard/install/description/share/description/rviz/display.rviz
[0.166s] -- Up-to-date symlink: /home/george/ROS2/ros2_hoverboard/install/description/share/description/rviz/view.rviz
[0.166s] -- Up-to-date symlink: /home/george/ROS2/ros2_hoverboard/install/description/share/description/urdf/mobile_manipulator.urdf.xacro
[0.166s] -- Up-to-date symlink: /home/george/ROS2/ros2_hoverboard/install/description/share/ament_index/resource_index/package_run_dependencies/description
[0.166s] -- Up-to-date symlink: /home/george/ROS2/ros2_hoverboard/install/description/share/ament_index/resource_index/parent_prefix_path/description
[0.166s] -- Up-to-date symlink: /home/george/ROS2/ros2_hoverboard/install/description/share/description/environment/ament_prefix_path.sh
[0.166s] -- Up-to-date symlink: /home/george/ROS2/ros2_hoverboard/install/description/share/description/environment/ament_prefix_path.dsv
[0.166s] -- Up-to-date symlink: /home/george/ROS2/ros2_hoverboard/install/description/share/description/environment/path.sh
[0.166s] -- Up-to-date symlink: /home/george/ROS2/ros2_hoverboard/install/description/share/description/environment/path.dsv
[0.166s] -- Up-to-date symlink: /home/george/ROS2/ros2_hoverboard/install/description/share/description/local_setup.bash
[0.166s] -- Up-to-date symlink: /home/george/ROS2/ros2_hoverboard/install/description/share/description/local_setup.sh
[0.166s] -- Up-to-date symlink: /home/george/ROS2/ros2_hoverboard/install/description/share/description/local_setup.zsh
[0.166s] -- Up-to-date symlink: /home/george/ROS2/ros2_hoverboard/install/description/share/description/local_setup.dsv
[0.167s] -- Symlinking: /home/george/ROS2/ros2_hoverboard/install/description/share/description/package.dsv
[0.199s] -- Up-to-date symlink: /home/george/ROS2/ros2_hoverboard/install/description/share/ament_index/resource_index/packages/description
[0.200s] -- Up-to-date symlink: /home/george/ROS2/ros2_hoverboard/install/description/share/description/cmake/descriptionConfig.cmake
[0.200s] -- Up-to-date symlink: /home/george/ROS2/ros2_hoverboard/install/description/share/description/cmake/descriptionConfig-version.cmake
[0.200s] -- Up-to-date symlink: /home/george/ROS2/ros2_hoverboard/install/description/share/description/package.xml
[0.202s] Invoked command in '/home/george/ROS2/ros2_hoverboard/build/description' returned '0': CMAKE_PREFIX_PATH=${CMAKE_PREFIX_PATH}:/opt/ros/humble /usr/bin/cmake --install /home/george/ROS2/ros2_hoverboard/build/description
