[0.035s] Invoking command in '/home/george/ROS2/ros2_hoverboard/build/swerve_controller': CMAKE_PREFIX_PATH=${CMAKE_PREFIX_PATH}:/opt/ros/humble /usr/bin/cmake /home/george/ROS2/ros2_hoverboard/src/mobile_robot/swerve_controller -DCMAKE_INSTALL_PREFIX=/home/george/ROS2/ros2_hoverboard/install/swerve_controller
[0.050s] -- Found ament_cmake: 1.3.11 (/opt/ros/humble/share/ament_cmake/cmake)
[0.187s] -- Override CMake install command with custom implementation using symlinks instead of copying resources
[0.203s] -- Found controller_interface: 2.48.0 (/opt/ros/humble/share/controller_interface/cmake)
[0.248s] -- Found rosidl_generator_c: 3.1.6 (/opt/ros/humble/share/rosidl_generator_c/cmake)
[0.249s] -- Found rosidl_adapter: 3.1.6 (/opt/ros/humble/share/rosidl_adapter/cmake)
[0.260s] -- Found rosidl_generator_cpp: 3.1.6 (/opt/ros/humble/share/rosidl_generator_cpp/cmake)
[0.272s] -- Using all available rosidl_typesupport_c: rosidl_typesupport_fastrtps_c;rosidl_typesupport_introspection_c
[0.288s] -- Using all available rosidl_typesupport_cpp: rosidl_typesupport_fastrtps_cpp;rosidl_typesupport_introspection_cpp
[0.533s] -- Found rmw_implementation_cmake: 6.1.2 (/opt/ros/humble/share/rmw_implementation_cmake/cmake)
[0.534s] -- Found rmw_cyclonedds_cpp: 1.3.4 (/opt/ros/humble/share/rmw_cyclonedds_cpp/cmake)
[0.552s] -- Using RMW implementation 'rmw_cyclonedds_cpp' as default
[0.605s] -- Found nav_msgs: 4.2.4 (/opt/ros/humble/share/nav_msgs/cmake)
[0.633s] -- Found realtime_tools: 2.11.0 (/opt/ros/humble/share/realtime_tools/cmake)
[0.654s] -- Found tf2: 0.25.12 (/opt/ros/humble/share/tf2/cmake)
[0.658s] -- Found tf2_msgs: 0.25.12 (/opt/ros/humble/share/tf2_msgs/cmake)
[0.710s] -- Found ament_lint_auto: 0.12.11 (/opt/ros/humble/share/ament_lint_auto/cmake)
[0.858s] -- Added test 'copyright' to check source files copyright and LICENSE
[0.858s] -- Added test 'cppcheck' to perform static code analysis on C / C++ code
[0.858s] -- Configured cppcheck include dirs: /home/george/ROS2/ros2_hoverboard/src/mobile_robot/swerve_controller/include
[0.858s] -- Configured cppcheck exclude dirs and/or files: 
[0.859s] -- Added test 'cpplint' to check C / C++ code against the Google style
[0.859s] -- Configured cpplint exclude dirs and/or files: 
[0.860s] -- Added test 'lint_cmake' to check CMake code style
[0.861s] -- Added test 'uncrustify' to check C / C++ code style
[0.861s] -- Configured uncrustify additional arguments: 
[0.861s] -- Added test 'xmllint' to check XML markup files
[0.862s] -- Configuring done
[0.901s] -- Generating done
[0.906s] -- Build files have been written to: /home/george/ROS2/ros2_hoverboard/build/swerve_controller
[0.950s] Invoked command in '/home/george/ROS2/ros2_hoverboard/build/swerve_controller' returned '0': CMAKE_PREFIX_PATH=${CMAKE_PREFIX_PATH}:/opt/ros/humble /usr/bin/cmake /home/george/ROS2/ros2_hoverboard/src/mobile_robot/swerve_controller -DCMAKE_INSTALL_PREFIX=/home/george/ROS2/ros2_hoverboard/install/swerve_controller
[0.951s] Invoking command in '/home/george/ROS2/ros2_hoverboard/build/swerve_controller': CMAKE_PREFIX_PATH=${CMAKE_PREFIX_PATH}:/opt/ros/humble /usr/bin/cmake --build /home/george/ROS2/ros2_hoverboard/build/swerve_controller -- -j6 -l6
[1.028s] [35m[1mConsolidate compiler generated dependencies of target swerve_controller[0m
[1.053s] [100%] Built target swerve_controller
[1.070s] Invoked command in '/home/george/ROS2/ros2_hoverboard/build/swerve_controller' returned '0': CMAKE_PREFIX_PATH=${CMAKE_PREFIX_PATH}:/opt/ros/humble /usr/bin/cmake --build /home/george/ROS2/ros2_hoverboard/build/swerve_controller -- -j6 -l6
[1.074s] Invoking command in '/home/george/ROS2/ros2_hoverboard/build/swerve_controller': CMAKE_PREFIX_PATH=${CMAKE_PREFIX_PATH}:/opt/ros/humble /usr/bin/cmake --install /home/george/ROS2/ros2_hoverboard/build/swerve_controller
[1.104s] -- Install configuration: ""
[1.104s] -- Execute custom install script
[1.104s] -- Up-to-date symlink: /home/george/ROS2/ros2_hoverboard/install/swerve_controller/share/swerve_controller//swerve_plugin.xml
[1.104s] -- Up-to-date symlink: /home/george/ROS2/ros2_hoverboard/install/swerve_controller/include/swerve_controller/speed_limiter.hpp
[1.105s] -- Up-to-date symlink: /home/george/ROS2/ros2_hoverboard/install/swerve_controller/include/swerve_controller/swerve_controller.hpp
[1.105s] -- Up-to-date symlink: /home/george/ROS2/ros2_hoverboard/install/swerve_controller/include/swerve_controller/visibility_control.h
[1.105s] -- Up-to-date symlink: /home/george/ROS2/ros2_hoverboard/install/swerve_controller/lib/libswerve_controller.so
[1.105s] -- Up-to-date symlink: /home/george/ROS2/ros2_hoverboard/install/swerve_controller/share/ament_index/resource_index/package_run_dependencies/swerve_controller
[1.105s] -- Up-to-date symlink: /home/george/ROS2/ros2_hoverboard/install/swerve_controller/share/ament_index/resource_index/parent_prefix_path/swerve_controller
[1.105s] -- Up-to-date symlink: /home/george/ROS2/ros2_hoverboard/install/swerve_controller/share/swerve_controller/environment/ament_prefix_path.sh
[1.108s] -- Up-to-date symlink: /home/george/ROS2/ros2_hoverboard/install/swerve_controller/share/swerve_controller/environment/ament_prefix_path.dsv
[1.108s] -- Up-to-date symlink: /home/george/ROS2/ros2_hoverboard/install/swerve_controller/share/swerve_controller/environment/path.sh
[1.108s] -- Up-to-date symlink: /home/george/ROS2/ros2_hoverboard/install/swerve_controller/share/swerve_controller/environment/path.dsv
[1.108s] -- Up-to-date symlink: /home/george/ROS2/ros2_hoverboard/install/swerve_controller/share/swerve_controller/local_setup.bash
[1.108s] -- Up-to-date symlink: /home/george/ROS2/ros2_hoverboard/install/swerve_controller/share/swerve_controller/local_setup.sh
[1.108s] -- Up-to-date symlink: /home/george/ROS2/ros2_hoverboard/install/swerve_controller/share/swerve_controller/local_setup.zsh
[1.108s] -- Up-to-date symlink: /home/george/ROS2/ros2_hoverboard/install/swerve_controller/share/swerve_controller/local_setup.dsv
[1.108s] -- Symlinking: /home/george/ROS2/ros2_hoverboard/install/swerve_controller/share/swerve_controller/package.dsv
[1.109s] -- Up-to-date symlink: /home/george/ROS2/ros2_hoverboard/install/swerve_controller/share/ament_index/resource_index/packages/swerve_controller
[1.109s] -- Up-to-date symlink: /home/george/ROS2/ros2_hoverboard/install/swerve_controller/share/ament_index/resource_index/controller_interface__pluginlib__plugin/swerve_controller
[1.109s] -- Up-to-date symlink: /home/george/ROS2/ros2_hoverboard/install/swerve_controller/share/swerve_controller/cmake/swerve_controllerConfig.cmake
[1.109s] -- Up-to-date symlink: /home/george/ROS2/ros2_hoverboard/install/swerve_controller/share/swerve_controller/cmake/swerve_controllerConfig-version.cmake
[1.109s] -- Up-to-date symlink: /home/george/ROS2/ros2_hoverboard/install/swerve_controller/share/swerve_controller/package.xml
[1.130s] Invoked command in '/home/george/ROS2/ros2_hoverboard/build/swerve_controller' returned '0': CMAKE_PREFIX_PATH=${CMAKE_PREFIX_PATH}:/opt/ros/humble /usr/bin/cmake --install /home/george/ROS2/ros2_hoverboard/build/swerve_controller
