[0.013s] Invoking command in '/home/george/ROS2/ros2_hoverboard/build/nav2': CMAKE_PREFIX_PATH=${CMAKE_PREFIX_PATH}:/opt/ros/humble /usr/bin/cmake /home/george/ROS2/ros2_hoverboard/src/mobile_robot/navigation_ws/nav2 -DAMENT_CMAKE_SYMLINK_INSTALL=1 -DCMAKE_INSTALL_PREFIX=/home/george/ROS2/ros2_hoverboard/install/nav2
[0.298s] -- The C compiler identification is GNU 11.4.0
[0.298s] -- The CXX compiler identification is GNU 11.4.0
[0.298s] -- Detecting C compiler ABI info
[0.298s] -- Detecting C compiler ABI info - done
[0.304s] -- Check for working C compiler: /usr/bin/cc - skipped
[0.304s] -- Detecting C compile features
[0.304s] -- Detecting C compile features - done
[0.304s] -- Detecting CXX compiler ABI info
[0.437s] -- Detecting CXX compiler ABI info - done
[0.446s] -- Check for working CXX compiler: /usr/bin/c++ - skipped
[0.446s] -- Detecting CXX compile features
[0.447s] -- Detecting CXX compile features - done
[0.451s] -- Found ament_cmake: 1.3.11 (/opt/ros/humble/share/ament_cmake/cmake)
[1.120s] -- Found Python3: /usr/bin/python3 (found version "3.10.12") found components: Interpreter 
[1.273s] -- Override CMake install command with custom implementation using symlinks instead of copying resources
[1.348s] -- Found navigation2: 1.1.18 (/opt/ros/humble/share/navigation2/cmake)
[1.353s] -- Found nav2_map_server: 1.1.18 (/opt/ros/humble/share/nav2_map_server/cmake)
[1.471s] -- Found rosidl_generator_c: 3.1.6 (/opt/ros/humble/share/rosidl_generator_c/cmake)
[1.488s] -- Found rosidl_adapter: 3.1.6 (/opt/ros/humble/share/rosidl_adapter/cmake)
[1.507s] -- Found rosidl_generator_cpp: 3.1.6 (/opt/ros/humble/share/rosidl_generator_cpp/cmake)
[1.544s] -- Using all available rosidl_typesupport_c: rosidl_typesupport_fastrtps_c;rosidl_typesupport_introspection_c
[1.588s] -- Using all available rosidl_typesupport_cpp: rosidl_typesupport_fastrtps_cpp;rosidl_typesupport_introspection_cpp
[2.065s] -- Found rmw_implementation_cmake: 6.1.2 (/opt/ros/humble/share/rmw_implementation_cmake/cmake)
[2.075s] -- Found rmw_cyclonedds_cpp: 1.3.4 (/opt/ros/humble/share/rmw_cyclonedds_cpp/cmake)
[2.131s] -- Using RMW implementation 'rmw_cyclonedds_cpp' as default
[2.165s] -- Looking for pthread.h
[2.326s] -- Looking for pthread.h - found
[2.327s] -- Performing Test CMAKE_HAVE_LIBC_PTHREAD
[2.479s] -- Performing Test CMAKE_HAVE_LIBC_PTHREAD - Success
[2.481s] -- Found Threads: TRUE  
[2.728s] -- Found eigen3_cmake_module: 0.1.1 (/opt/ros/humble/share/eigen3_cmake_module/cmake)
[2.731s] -- Found Eigen3: TRUE (found version "3.4.0") 
[2.735s] -- Ensuring Eigen3 include directory is part of orocos-kdl CMake target
[2.915s] -- Found nav2_amcl: 1.1.18 (/opt/ros/humble/share/nav2_amcl/cmake)
[3.052s] -- Found nav2_controller: 1.1.18 (/opt/ros/humble/share/nav2_controller/cmake)
[3.375s] -- Found nav2_planner: 1.1.18 (/opt/ros/humble/share/nav2_planner/cmake)
[3.432s] -- Found nav2_behaviors: 1.1.18 (/opt/ros/humble/share/nav2_behaviors/cmake)
[3.548s] -- Found nav2_bt_navigator: 1.1.18 (/opt/ros/humble/share/nav2_bt_navigator/cmake)
[3.605s] -- Found nav2_waypoint_follower: 1.1.18 (/opt/ros/humble/share/nav2_waypoint_follower/cmake)
[3.687s] -- Found nav2_lifecycle_manager: 1.1.18 (/opt/ros/humble/share/nav2_lifecycle_manager/cmake)
[3.996s] -- Configuring done
[4.006s] -- Generating done
[4.015s] -- Build files have been written to: /home/george/ROS2/ros2_hoverboard/build/nav2
[4.045s] Invoked command in '/home/george/ROS2/ros2_hoverboard/build/nav2' returned '0': CMAKE_PREFIX_PATH=${CMAKE_PREFIX_PATH}:/opt/ros/humble /usr/bin/cmake /home/george/ROS2/ros2_hoverboard/src/mobile_robot/navigation_ws/nav2 -DAMENT_CMAKE_SYMLINK_INSTALL=1 -DCMAKE_INSTALL_PREFIX=/home/george/ROS2/ros2_hoverboard/install/nav2
[4.046s] Invoking command in '/home/george/ROS2/ros2_hoverboard/build/nav2': CMAKE_PREFIX_PATH=${CMAKE_PREFIX_PATH}:/opt/ros/humble /usr/bin/cmake --build /home/george/ROS2/ros2_hoverboard/build/nav2 -- -j6 -l6
[4.222s] Invoked command in '/home/george/ROS2/ros2_hoverboard/build/nav2' returned '0': CMAKE_PREFIX_PATH=${CMAKE_PREFIX_PATH}:/opt/ros/humble /usr/bin/cmake --build /home/george/ROS2/ros2_hoverboard/build/nav2 -- -j6 -l6
[4.222s] Invoking command in '/home/george/ROS2/ros2_hoverboard/build/nav2': CMAKE_PREFIX_PATH=${CMAKE_PREFIX_PATH}:/opt/ros/humble /usr/bin/cmake --install /home/george/ROS2/ros2_hoverboard/build/nav2
[4.235s] -- Install configuration: ""
[4.236s] -- Execute custom install script
[4.236s] -- Symlinking: /home/george/ROS2/ros2_hoverboard/install/nav2/share/nav2/launch/localization_amcl.launch.py
[4.259s] -- Symlinking: /home/george/ROS2/ros2_hoverboard/install/nav2/share/nav2/launch/localization_neo.launch.py
[4.272s] -- Symlinking: /home/george/ROS2/ros2_hoverboard/install/nav2/share/nav2/launch/mapping.launch.py
[4.292s] -- Symlinking: /home/george/ROS2/ros2_hoverboard/install/nav2/share/nav2/launch/navigation.launch.py
[4.311s] -- Symlinking: /home/george/ROS2/ros2_hoverboard/install/nav2/share/nav2/launch/navigation_wheelbot_sim.launch.py
[4.329s] -- Symlinking: /home/george/ROS2/ros2_hoverboard/install/nav2/share/nav2/launch/rviz_launch.py
[4.347s] -- Symlinking: /home/george/ROS2/ros2_hoverboard/install/nav2/share/nav2/config/amcl_sim.yaml
[4.368s] -- Symlinking: /home/george/ROS2/ros2_hoverboard/install/nav2/share/nav2/config/lattice_primitives/output_0085.json
[4.397s] -- Symlinking: /home/george/ROS2/ros2_hoverboard/install/nav2/share/nav2/config/lattice_primitives/output_01.json
[4.425s] -- Symlinking: /home/george/ROS2/ros2_hoverboard/install/nav2/share/nav2/config/lattice_primitives/output_05.json
[4.452s] -- Symlinking: /home/george/ROS2/ros2_hoverboard/install/nav2/share/nav2/config/lattice_primitives/output_05diff.json
[4.487s] -- Symlinking: /home/george/ROS2/ros2_hoverboard/install/nav2/share/nav2/config/lattice_primitives/trajectory.png/0.0.png
[4.512s] -- Symlinking: /home/george/ROS2/ros2_hoverboard/install/nav2/share/nav2/config/lattice_primitives/trajectory.png/26.56505117707799.png
[4.538s] -- Symlinking: /home/george/ROS2/ros2_hoverboard/install/nav2/share/nav2/config/lattice_primitives/trajectory.png/45.0.png
[4.562s] -- Symlinking: /home/george/ROS2/ros2_hoverboard/install/nav2/share/nav2/config/lattice_primitives/trajectory.png/63.43494882292201.png
[4.592s] -- Symlinking: /home/george/ROS2/ros2_hoverboard/install/nav2/share/nav2/config/lattice_primitives/trajectory.png/90.0.png
[4.617s] -- Symlinking: /home/george/ROS2/ros2_hoverboard/install/nav2/share/nav2/config/lattice_primitives/trajectory.png/all_trajectories.png
[4.646s] -- Symlinking: /home/george/ROS2/ros2_hoverboard/install/nav2/share/nav2/config/mapping.yaml
[4.670s] -- Symlinking: /home/george/ROS2/ros2_hoverboard/install/nav2/share/nav2/config/navigation_sim.yaml
[4.694s] -- Symlinking: /home/george/ROS2/ros2_hoverboard/install/nav2/share/nav2/rviz/multi_robot.rviz
[4.716s] -- Symlinking: /home/george/ROS2/ros2_hoverboard/install/nav2/share/nav2/rviz/single_robot.rviz
[4.751s] -- Symlinking: /home/george/ROS2/ros2_hoverboard/install/nav2/share/nav2/maps/cylinder_garden2_map.pgm
[4.780s] -- Symlinking: /home/george/ROS2/ros2_hoverboard/install/nav2/share/nav2/maps/cylinder_garden2_map.yaml
[4.814s] -- Symlinking: /home/george/ROS2/ros2_hoverboard/install/nav2/share/nav2/behavior_tree/manipulator_mobil_bt.xml
[4.843s] -- Symlinking: /home/george/ROS2/ros2_hoverboard/install/nav2/share/nav2/behavior_tree/navigate_through_poses_w_replanning_and_recovery.xml
[4.873s] -- Symlinking: /home/george/ROS2/ros2_hoverboard/install/nav2/share/nav2/behavior_tree/navigate_to_pose_w_replanning_and_recovery.xml
[4.905s] -- Symlinking: /home/george/ROS2/ros2_hoverboard/install/nav2/share/ament_index/resource_index/package_run_dependencies/nav2
[4.936s] -- Symlinking: /home/george/ROS2/ros2_hoverboard/install/nav2/share/ament_index/resource_index/parent_prefix_path/nav2
[4.963s] -- Symlinking: /home/george/ROS2/ros2_hoverboard/install/nav2/share/nav2/environment/ament_prefix_path.sh
[4.995s] -- Symlinking: /home/george/ROS2/ros2_hoverboard/install/nav2/share/nav2/environment/ament_prefix_path.dsv
[5.024s] -- Symlinking: /home/george/ROS2/ros2_hoverboard/install/nav2/share/nav2/environment/path.sh
[5.049s] -- Symlinking: /home/george/ROS2/ros2_hoverboard/install/nav2/share/nav2/environment/path.dsv
[5.081s] -- Symlinking: /home/george/ROS2/ros2_hoverboard/install/nav2/share/nav2/local_setup.bash
[5.107s] -- Symlinking: /home/george/ROS2/ros2_hoverboard/install/nav2/share/nav2/local_setup.sh
[5.128s] -- Symlinking: /home/george/ROS2/ros2_hoverboard/install/nav2/share/nav2/local_setup.zsh
[5.157s] -- Symlinking: /home/george/ROS2/ros2_hoverboard/install/nav2/share/nav2/local_setup.dsv
[5.189s] -- Symlinking: /home/george/ROS2/ros2_hoverboard/install/nav2/share/nav2/package.dsv
[5.215s] -- Symlinking: /home/george/ROS2/ros2_hoverboard/install/nav2/share/ament_index/resource_index/packages/nav2
[5.248s] -- Symlinking: /home/george/ROS2/ros2_hoverboard/install/nav2/share/nav2/cmake/nav2Config.cmake
[5.273s] -- Symlinking: /home/george/ROS2/ros2_hoverboard/install/nav2/share/nav2/cmake/nav2Config-version.cmake
[5.296s] -- Symlinking: /home/george/ROS2/ros2_hoverboard/install/nav2/share/nav2/package.xml
[5.337s] Invoked command in '/home/george/ROS2/ros2_hoverboard/build/nav2' returned '0': CMAKE_PREFIX_PATH=${CMAKE_PREFIX_PATH}:/opt/ros/humble /usr/bin/cmake --install /home/george/ROS2/ros2_hoverboard/build/nav2
