-- Found ament_cmake: 1.3.11 (/opt/ros/humble/share/ament_cmake/cmake)
-- Override CMake install command with custom implementation using symlinks instead of copying resources
-- Found angles: 1.15.0 (/opt/ros/humble/share/angles/cmake)
-- Found rclcpp: 16.0.11 (/opt/ros/humble/share/rclcpp/cmake)
-- Found rosidl_generator_c: 3.1.6 (/opt/ros/humble/share/rosidl_generator_c/cmake)
-- Found rosidl_adapter: 3.1.6 (/opt/ros/humble/share/rosidl_adapter/cmake)
-- Found rosidl_generator_cpp: 3.1.6 (/opt/ros/humble/share/rosidl_generator_cpp/cmake)
-- Using all available rosidl_typesupport_c: rosidl_typesupport_fastrtps_c;rosidl_typesupport_introspection_c
-- Using all available rosidl_typesupport_cpp: rosidl_typesupport_fastrtps_cpp;rosidl_typesupport_introspection_cpp
-- Found rmw_implementation_cmake: 6.1.2 (/opt/ros/humble/share/rmw_implementation_cmake/cmake)
-- Found rmw_cyclonedds_cpp: 1.3.4 (/opt/ros/humble/share/rmw_cyclonedds_cpp/cmake)
-- Using RMW implementation 'rmw_cyclonedds_cpp' as default
-- Found hardware_interface: 2.48.0 (/opt/ros/humble/share/hardware_interface/cmake)
-- Found ament_cmake_gtest: 1.3.11 (/opt/ros/humble/share/ament_cmake_gtest/cmake)
-- Found ament_lint_auto: 0.12.11 (/opt/ros/humble/share/ament_lint_auto/cmake)
-- Found ament_cmake_pytest: 1.3.11 (/opt/ros/humble/share/ament_cmake_pytest/cmake)
-- Found ros2_control_test_assets: 2.48.0 (/opt/ros/humble/share/ros2_control_test_assets/cmake)
-- Found gtest sources under '/opt/ros/humble/src/gtest_vendor': C++ tests using 'Google Test' will be built
-- Added test 'copyright' to check source files copyright and LICENSE
-- Added test 'cppcheck' to perform static code analysis on C / C++ code
-- Configured cppcheck include dirs: $<BUILD_INTERFACE:/home/george/ROS2/ros2_hoverboard/src/topic_based_ros2_control/include>
-- Configured cppcheck exclude dirs and/or files: 
-- Added test 'lint_cmake' to check CMake code style
-- Added test 'xmllint' to check XML markup files
-- Configuring done
-- Generating done
-- Build files have been written to: /home/george/ROS2/ros2_hoverboard/build/topic_based_ros2_control
[35m[1mConsolidate compiler generated dependencies of target topic_based_ros2_control[0m
[ 25%] Built target topic_based_ros2_control
[35m[1mConsolidate compiler generated dependencies of target gtest[0m
[ 50%] Built target gtest
[35m[1mConsolidate compiler generated dependencies of target gtest_main[0m
[ 75%] Built target gtest_main
[35m[1mConsolidate compiler generated dependencies of target topic_based_system_test[0m
[100%] Built target topic_based_system_test
-- Install configuration: ""
-- Execute custom install script
-- Up-to-date symlink: /home/george/ROS2/ros2_hoverboard/install/topic_based_ros2_control/share/topic_based_ros2_control//topic_based_ros2_control_plugin_description.xml
-- Up-to-date symlink: /home/george/ROS2/ros2_hoverboard/install/topic_based_ros2_control/share/topic_based_ros2_control/environment/library_path.sh
-- Up-to-date symlink: /home/george/ROS2/ros2_hoverboard/install/topic_based_ros2_control/share/topic_based_ros2_control/environment/library_path.dsv
-- Up-to-date symlink: /home/george/ROS2/ros2_hoverboard/install/topic_based_ros2_control/share/ament_index/resource_index/package_run_dependencies/topic_based_ros2_control
-- Up-to-date symlink: /home/george/ROS2/ros2_hoverboard/install/topic_based_ros2_control/share/ament_index/resource_index/parent_prefix_path/topic_based_ros2_control
-- Up-to-date symlink: /home/george/ROS2/ros2_hoverboard/install/topic_based_ros2_control/share/topic_based_ros2_control/environment/ament_prefix_path.sh
-- Up-to-date symlink: /home/george/ROS2/ros2_hoverboard/install/topic_based_ros2_control/share/topic_based_ros2_control/environment/ament_prefix_path.dsv
-- Up-to-date symlink: /home/george/ROS2/ros2_hoverboard/install/topic_based_ros2_control/share/topic_based_ros2_control/environment/path.sh
-- Up-to-date symlink: /home/george/ROS2/ros2_hoverboard/install/topic_based_ros2_control/share/topic_based_ros2_control/environment/path.dsv
-- Up-to-date symlink: /home/george/ROS2/ros2_hoverboard/install/topic_based_ros2_control/share/topic_based_ros2_control/local_setup.bash
-- Up-to-date symlink: /home/george/ROS2/ros2_hoverboard/install/topic_based_ros2_control/share/topic_based_ros2_control/local_setup.sh
-- Up-to-date symlink: /home/george/ROS2/ros2_hoverboard/install/topic_based_ros2_control/share/topic_based_ros2_control/local_setup.zsh
-- Up-to-date symlink: /home/george/ROS2/ros2_hoverboard/install/topic_based_ros2_control/share/topic_based_ros2_control/local_setup.dsv
-- Symlinking: /home/george/ROS2/ros2_hoverboard/install/topic_based_ros2_control/share/topic_based_ros2_control/package.dsv
-- Up-to-date symlink: /home/george/ROS2/ros2_hoverboard/install/topic_based_ros2_control/share/ament_index/resource_index/packages/topic_based_ros2_control
-- Up-to-date symlink: /home/george/ROS2/ros2_hoverboard/install/topic_based_ros2_control/share/ament_index/resource_index/hardware_interface__pluginlib__plugin/topic_based_ros2_control
-- Up-to-date symlink: /home/george/ROS2/ros2_hoverboard/install/topic_based_ros2_control/share/topic_based_ros2_control/cmake/ament_cmake_export_targets-extras.cmake
-- Up-to-date symlink: /home/george/ROS2/ros2_hoverboard/install/topic_based_ros2_control/share/topic_based_ros2_control/cmake/ament_cmake_export_dependencies-extras.cmake
-- Up-to-date symlink: /home/george/ROS2/ros2_hoverboard/install/topic_based_ros2_control/share/topic_based_ros2_control/cmake/topic_based_ros2_controlConfig.cmake
-- Up-to-date symlink: /home/george/ROS2/ros2_hoverboard/install/topic_based_ros2_control/share/topic_based_ros2_control/cmake/topic_based_ros2_controlConfig-version.cmake
-- Up-to-date symlink: /home/george/ROS2/ros2_hoverboard/install/topic_based_ros2_control/share/topic_based_ros2_control/package.xml
-- Up-to-date: /home/george/ROS2/ros2_hoverboard/install/topic_based_ros2_control/lib/libtopic_based_ros2_control.so
-- Up-to-date: /home/george/ROS2/ros2_hoverboard/install/topic_based_ros2_control/share/topic_based_ros2_control/cmake/topic_based_ros2_controlTargetsExport.cmake
-- Up-to-date: /home/george/ROS2/ros2_hoverboard/install/topic_based_ros2_control/share/topic_based_ros2_control/cmake/topic_based_ros2_controlTargetsExport-noconfig.cmake
